<?xml version="1.0" encoding="UTF-8"?>
<testsuites name="Test Kontrak Harga Satuan" time="1701.467" tests="25" failures="0" errors="0">
   <testsuite name="Test Kontrak Harga Satuan" tests="25" failures="0" errors="0" time="1701.467" skipped="0" timestamp="2024-07-17 09:39:22" hostname="PTI - DESKTOP-RE4FFTK" id="Test Suites/Test Kontrak Harga Satuan">
      <properties>
         <property name="deviceName" value=""/>
         <property name="devicePlatform" value=""/>
         <property name="logFolder" value="C:\\Users\\PTI\\Katalon Studio\\Testing-2-master\\Reports\\20240717_093915\\Test Kontrak Harga Satuan\\20240717_093915"/>
         <property name="logFiles" value="C:\\Users\\PTI\\Katalon Studio\\Testing-2-master\\Reports\\20240717_093915\\Test Kontrak Harga Satuan\\20240717_093915\\execution0.log"/>
         <property name="attachments" value="C:\\Users\\PTI\\Katalon Studio\\Testing-2-master\\Reports\\20240717_093915\\Test Kontrak Harga Satuan\\20240717_093915\\1721183975835.png, C:\\Users\\PTI\\Katalon Studio\\Testing-2-master\\Reports\\20240717_093915\\Test Kontrak Harga Satuan\\20240717_093915\\1721183977371.png, C:\\Users\\PTI\\Katalon Studio\\Testing-2-master\\Reports\\20240717_093915\\Test Kontrak Harga Satuan\\20240717_093915\\1721184019121.png, C:\\Users\\PTI\\Katalon Studio\\Testing-2-master\\Reports\\20240717_093915\\Test Kontrak Harga Satuan\\20240717_093915\\1721184029270.png, C:\\Users\\PTI\\Katalon Studio\\Testing-2-master\\Reports\\20240717_093915\\Test Kontrak Harga Satuan\\20240717_093915\\1721184030449.png, C:\\Users\\PTI\\Katalon Studio\\Testing-2-master\\Reports\\20240717_093915\\Test Kontrak Harga Satuan\\20240717_093915\\1721184072649.png, C:\\Users\\PTI\\Katalon Studio\\Testing-2-master\\Reports\\20240717_093915\\Test Kontrak Harga Satuan\\20240717_093915\\1721184074093.png, C:\\Users\\PTI\\Katalon Studio\\Testing-2-master\\Reports\\20240717_093915\\Test Kontrak Harga Satuan\\20240717_093915\\1721184075737.png, C:\\Users\\PTI\\Katalon Studio\\Testing-2-master\\Reports\\20240717_093915\\Test Kontrak Harga Satuan\\20240717_093915\\1721184077340.png, C:\\Users\\PTI\\Katalon Studio\\Testing-2-master\\Reports\\20240717_093915\\Test Kontrak Harga Satuan\\20240717_093915\\1721184078470.png, C:\\Users\\PTI\\Katalon Studio\\Testing-2-master\\Reports\\20240717_093915\\Test Kontrak Harga Satuan\\20240717_093915\\1721184079463.png, C:\\Users\\PTI\\Katalon Studio\\Testing-2-master\\Reports\\20240717_093915\\Test Kontrak Harga Satuan\\20240717_093915\\1721184080449.png, C:\\Users\\PTI\\Katalon Studio\\Testing-2-master\\Reports\\20240717_093915\\Test Kontrak Harga Satuan\\20240717_093915\\1721184081622.png, C:\\Users\\PTI\\Katalon Studio\\Testing-2-master\\Reports\\20240717_093915\\Test Kontrak Harga Satuan\\20240717_093915\\1721184082911.png, C:\\Users\\PTI\\Katalon Studio\\Testing-2-master\\Reports\\20240717_093915\\Test Kontrak Harga Satuan\\20240717_093915\\1721184084523.png, C:\\Users\\PTI\\Katalon Studio\\Testing-2-master\\Reports\\20240717_093915\\Test Kontrak Harga Satuan\\20240717_093915\\1721184085523.png, C:\\Users\\PTI\\Katalon Studio\\Testing-2-master\\Reports\\20240717_093915\\Test Kontrak Harga Satuan\\20240717_093915\\1721184086937.png, C:\\Users\\PTI\\Katalon Studio\\Testing-2-master\\Reports\\20240717_093915\\Test Kontrak Harga Satuan\\20240717_093915\\1721184088628.png, C:\\Users\\PTI\\Katalon Studio\\Testing-2-master\\Reports\\20240717_093915\\Test Kontrak Harga Satuan\\20240717_093915\\1721184089856.png, C:\\Users\\PTI\\Katalon Studio\\Testing-2-master\\Reports\\20240717_093915\\Test Kontrak Harga Satuan\\20240717_093915\\1721184091193.png, C:\\Users\\PTI\\Katalon Studio\\Testing-2-master\\Reports\\20240717_093915\\Test Kontrak Harga Satuan\\20240717_093915\\1721184092185.png, C:\\Users\\PTI\\Katalon Studio\\Testing-2-master\\Reports\\20240717_093915\\Test Kontrak Harga Satuan\\20240717_093915\\1721184093168.png, C:\\Users\\PTI\\Katalon Studio\\Testing-2-master\\Reports\\20240717_093915\\Test Kontrak Harga Satuan\\20240717_093915\\1721184094215.png, C:\\Users\\PTI\\Katalon Studio\\Testing-2-master\\Reports\\20240717_093915\\Test Kontrak Harga Satuan\\20240717_093915\\1721184095800.png, C:\\Users\\PTI\\Katalon Studio\\Testing-2-master\\Reports\\20240717_093915\\Test Kontrak Harga Satuan\\20240717_093915\\1721184097116.png, C:\\Users\\PTI\\Katalon Studio\\Testing-2-master\\Reports\\20240717_093915\\Test Kontrak Harga Satuan\\20240717_093915\\1721184098417.png, C:\\Users\\PTI\\Katalon Studio\\Testing-2-master\\Reports\\20240717_093915\\Test Kontrak Harga Satuan\\20240717_093915\\1721184099681.png, C:\\Users\\PTI\\Katalon Studio\\Testing-2-master\\Reports\\20240717_093915\\Test Kontrak Harga Satuan\\20240717_093915\\1721184100697.png, C:\\Users\\PTI\\Katalon Studio\\Testing-2-master\\Reports\\20240717_093915\\Test Kontrak Harga Satuan\\20240717_093915\\1721184101750.png, C:\\Users\\PTI\\Katalon Studio\\Testing-2-master\\Reports\\20240717_093915\\Test Kontrak Harga Satuan\\20240717_093915\\1721184102704.png, C:\\Users\\PTI\\Katalon Studio\\Testing-2-master\\Reports\\20240717_093915\\Test Kontrak Harga Satuan\\20240717_093915\\1721184111475.png, C:\\Users\\PTI\\Katalon Studio\\Testing-2-master\\Reports\\20240717_093915\\Test Kontrak Harga Satuan\\20240717_093915\\1721184112644.png, C:\\Users\\PTI\\Katalon Studio\\Testing-2-master\\Reports\\20240717_093915\\Test Kontrak Harga Satuan\\20240717_093915\\1721184154606.png, C:\\Users\\PTI\\Katalon Studio\\Testing-2-master\\Reports\\20240717_093915\\Test Kontrak Harga Satuan\\20240717_093915\\1721184156142.png, C:\\Users\\PTI\\Katalon Studio\\Testing-2-master\\Reports\\20240717_093915\\Test Kontrak Harga Satuan\\20240717_093915\\1721184158166.png, C:\\Users\\PTI\\Katalon Studio\\Testing-2-master\\Reports\\20240717_093915\\Test Kontrak Harga Satuan\\20240717_093915\\1721184159466.png, C:\\Users\\PTI\\Katalon Studio\\Testing-2-master\\Reports\\20240717_093915\\Test Kontrak Harga Satuan\\20240717_093915\\1721184160483.png, C:\\Users\\PTI\\Katalon Studio\\Testing-2-master\\Reports\\20240717_093915\\Test Kontrak Harga Satuan\\20240717_093915\\1721184162090.png, C:\\Users\\PTI\\Katalon Studio\\Testing-2-master\\Reports\\20240717_093915\\Test Kontrak Harga Satuan\\20240717_093915\\1721184163471.png, C:\\Users\\PTI\\Katalon Studio\\Testing-2-master\\Reports\\20240717_093915\\Test Kontrak Harga Satuan\\20240717_093915\\1721184164413.png, C:\\Users\\PTI\\Katalon Studio\\Testing-2-master\\Reports\\20240717_093915\\Test Kontrak Harga Satuan\\20240717_093915\\1721184165364.png, C:\\Users\\PTI\\Katalon Studio\\Testing-2-master\\Reports\\20240717_093915\\Test Kontrak Harga Satuan\\20240717_093915\\1721184166275.png, C:\\Users\\PTI\\Katalon Studio\\Testing-2-master\\Reports\\20240717_093915\\Test Kontrak Harga Satuan\\20240717_093915\\1721184173689.png, C:\\Users\\PTI\\Katalon Studio\\Testing-2-master\\Reports\\20240717_093915\\Test Kontrak Harga Satuan\\20240717_093915\\1721184174699.png, C:\\Users\\PTI\\Katalon Studio\\Testing-2-master\\Reports\\20240717_093915\\Test Kontrak Harga Satuan\\20240717_093915\\1721184216099.png, C:\\Users\\PTI\\Katalon Studio\\Testing-2-master\\Reports\\20240717_093915\\Test Kontrak Harga Satuan\\20240717_093915\\1721184217500.png, C:\\Users\\PTI\\Katalon Studio\\Testing-2-master\\Reports\\20240717_093915\\Test Kontrak Harga Satuan\\20240717_093915\\1721184219211.png, C:\\Users\\PTI\\Katalon Studio\\Testing-2-master\\Reports\\20240717_093915\\Test Kontrak Harga Satuan\\20240717_093915\\1721184220738.png, C:\\Users\\PTI\\Katalon Studio\\Testing-2-master\\Reports\\20240717_093915\\Test Kontrak Harga Satuan\\20240717_093915\\1721184221698.png, C:\\Users\\PTI\\Katalon Studio\\Testing-2-master\\Reports\\20240717_093915\\Test Kontrak Harga Satuan\\20240717_093915\\1721184222707.png, C:\\Users\\PTI\\Katalon Studio\\Testing-2-master\\Reports\\20240717_093915\\Test Kontrak Harga Satuan\\20240717_093915\\1721184230452.png, C:\\Users\\PTI\\Katalon Studio\\Testing-2-master\\Reports\\20240717_093915\\Test Kontrak Harga Satuan\\20240717_093915\\1721184232218.png, C:\\Users\\PTI\\Katalon Studio\\Testing-2-master\\Reports\\20240717_093915\\Test Kontrak Harga Satuan\\20240717_093915\\1721184274072.png, C:\\Users\\PTI\\Katalon Studio\\Testing-2-master\\Reports\\20240717_093915\\Test Kontrak Harga Satuan\\20240717_093915\\1721184275448.png, C:\\Users\\PTI\\Katalon Studio\\Testing-2-master\\Reports\\20240717_093915\\Test Kontrak Harga Satuan\\20240717_093915\\1721184277639.png, C:\\Users\\PTI\\Katalon Studio\\Testing-2-master\\Reports\\20240717_093915\\Test Kontrak Harga Satuan\\20240717_093915\\1721184278875.png, C:\\Users\\PTI\\Katalon Studio\\Testing-2-master\\Reports\\20240717_093915\\Test Kontrak Harga Satuan\\20240717_093915\\1721184279779.png, C:\\Users\\PTI\\Katalon Studio\\Testing-2-master\\Reports\\20240717_093915\\Test Kontrak Harga Satuan\\20240717_093915\\1721184281157.png, C:\\Users\\PTI\\Katalon Studio\\Testing-2-master\\Reports\\20240717_093915\\Test Kontrak Harga Satuan\\20240717_093915\\1721184282480.png, C:\\Users\\PTI\\Katalon Studio\\Testing-2-master\\Reports\\20240717_093915\\Test Kontrak Harga Satuan\\20240717_093915\\1721184283426.png, C:\\Users\\PTI\\Katalon Studio\\Testing-2-master\\Reports\\20240717_093915\\Test Kontrak Harga Satuan\\20240717_093915\\1721184284295.png, C:\\Users\\PTI\\Katalon Studio\\Testing-2-master\\Reports\\20240717_093915\\Test Kontrak Harga Satuan\\20240717_093915\\1721184291337.png, C:\\Users\\PTI\\Katalon Studio\\Testing-2-master\\Reports\\20240717_093915\\Test Kontrak Harga Satuan\\20240717_093915\\1721184292377.png, C:\\Users\\PTI\\Katalon Studio\\Testing-2-master\\Reports\\20240717_093915\\Test Kontrak Harga Satuan\\20240717_093915\\1721184334515.png, C:\\Users\\PTI\\Katalon Studio\\Testing-2-master\\Reports\\20240717_093915\\Test Kontrak Harga Satuan\\20240717_093915\\1721184335854.png, C:\\Users\\PTI\\Katalon Studio\\Testing-2-master\\Reports\\20240717_093915\\Test Kontrak Harga Satuan\\20240717_093915\\1721184337542.png, C:\\Users\\PTI\\Katalon Studio\\Testing-2-master\\Reports\\20240717_093915\\Test Kontrak Harga Satuan\\20240717_093915\\1721184338749.png, C:\\Users\\PTI\\Katalon Studio\\Testing-2-master\\Reports\\20240717_093915\\Test Kontrak Harga Satuan\\20240717_093915\\1721184339634.png, C:\\Users\\PTI\\Katalon Studio\\Testing-2-master\\Reports\\20240717_093915\\Test Kontrak Harga Satuan\\20240717_093915\\1721184340784.png, C:\\Users\\PTI\\Katalon Studio\\Testing-2-master\\Reports\\20240717_093915\\Test Kontrak Harga Satuan\\20240717_093915\\1721184342252.png, C:\\Users\\PTI\\Katalon Studio\\Testing-2-master\\Reports\\20240717_093915\\Test Kontrak Harga Satuan\\20240717_093915\\1721184343225.png, C:\\Users\\PTI\\Katalon Studio\\Testing-2-master\\Reports\\20240717_093915\\Test Kontrak Harga Satuan\\20240717_093915\\1721184344168.png, C:\\Users\\PTI\\Katalon Studio\\Testing-2-master\\Reports\\20240717_093915\\Test Kontrak Harga Satuan\\20240717_093915\\1721184351011.png, C:\\Users\\PTI\\Katalon Studio\\Testing-2-master\\Reports\\20240717_093915\\Test Kontrak Harga Satuan\\20240717_093915\\1721184352054.png, C:\\Users\\PTI\\Katalon Studio\\Testing-2-master\\Reports\\20240717_093915\\Test Kontrak Harga Satuan\\20240717_093915\\1721184384072.png, C:\\Users\\PTI\\Katalon Studio\\Testing-2-master\\Reports\\20240717_093915\\Test Kontrak Harga Satuan\\20240717_093915\\1721184385754.png, C:\\Users\\PTI\\Katalon Studio\\Testing-2-master\\Reports\\20240717_093915\\Test Kontrak Harga Satuan\\20240717_093915\\1721184387474.png, C:\\Users\\PTI\\Katalon Studio\\Testing-2-master\\Reports\\20240717_093915\\Test Kontrak Harga Satuan\\20240717_093915\\1721184388988.png, C:\\Users\\PTI\\Katalon Studio\\Testing-2-master\\Reports\\20240717_093915\\Test Kontrak Harga Satuan\\20240717_093915\\1721184390004.png, C:\\Users\\PTI\\Katalon Studio\\Testing-2-master\\Reports\\20240717_093915\\Test Kontrak Harga Satuan\\20240717_093915\\1721184391943.png, C:\\Users\\PTI\\Katalon Studio\\Testing-2-master\\Reports\\20240717_093915\\Test Kontrak Harga Satuan\\20240717_093915\\1721184393011.png, C:\\Users\\PTI\\Katalon Studio\\Testing-2-master\\Reports\\20240717_093915\\Test Kontrak Harga Satuan\\20240717_093915\\1721184393936.png, C:\\Users\\PTI\\Katalon Studio\\Testing-2-master\\Reports\\20240717_093915\\Test Kontrak Harga Satuan\\20240717_093915\\1721184402036.png, C:\\Users\\PTI\\Katalon Studio\\Testing-2-master\\Reports\\20240717_093915\\Test Kontrak Harga Satuan\\20240717_093915\\1721184403443.png, C:\\Users\\PTI\\Katalon Studio\\Testing-2-master\\Reports\\20240717_093915\\Test Kontrak Harga Satuan\\20240717_093915\\1721184445077.png, C:\\Users\\PTI\\Katalon Studio\\Testing-2-master\\Reports\\20240717_093915\\Test Kontrak Harga Satuan\\20240717_093915\\1721184446972.png, C:\\Users\\PTI\\Katalon Studio\\Testing-2-master\\Reports\\20240717_093915\\Test Kontrak Harga Satuan\\20240717_093915\\1721184449509.png, C:\\Users\\PTI\\Katalon Studio\\Testing-2-master\\Reports\\20240717_093915\\Test Kontrak Harga Satuan\\20240717_093915\\1721184451217.png, C:\\Users\\PTI\\Katalon Studio\\Testing-2-master\\Reports\\20240717_093915\\Test Kontrak Harga Satuan\\20240717_093915\\1721184452203.png, C:\\Users\\PTI\\Katalon Studio\\Testing-2-master\\Reports\\20240717_093915\\Test Kontrak Harga Satuan\\20240717_093915\\1721184453614.png, C:\\Users\\PTI\\Katalon Studio\\Testing-2-master\\Reports\\20240717_093915\\Test Kontrak Harga Satuan\\20240717_093915\\1721184454656.png, C:\\Users\\PTI\\Katalon Studio\\Testing-2-master\\Reports\\20240717_093915\\Test Kontrak Harga Satuan\\20240717_093915\\1721184455933.png, C:\\Users\\PTI\\Katalon Studio\\Testing-2-master\\Reports\\20240717_093915\\Test Kontrak Harga Satuan\\20240717_093915\\1721184457013.png, C:\\Users\\PTI\\Katalon Studio\\Testing-2-master\\Reports\\20240717_093915\\Test Kontrak Harga Satuan\\20240717_093915\\1721184468538.png, C:\\Users\\PTI\\Katalon Studio\\Testing-2-master\\Reports\\20240717_093915\\Test Kontrak Harga Satuan\\20240717_093915\\1721184469610.png, C:\\Users\\PTI\\Katalon Studio\\Testing-2-master\\Reports\\20240717_093915\\Test Kontrak Harga Satuan\\20240717_093915\\1721184511641.png, C:\\Users\\PTI\\Katalon Studio\\Testing-2-master\\Reports\\20240717_093915\\Test Kontrak Harga Satuan\\20240717_093915\\1721184513009.png, C:\\Users\\PTI\\Katalon Studio\\Testing-2-master\\Reports\\20240717_093915\\Test Kontrak Harga Satuan\\20240717_093915\\1721184514560.png, C:\\Users\\PTI\\Katalon Studio\\Testing-2-master\\Reports\\20240717_093915\\Test Kontrak Harga Satuan\\20240717_093915\\1721184515660.png, C:\\Users\\PTI\\Katalon Studio\\Testing-2-master\\Reports\\20240717_093915\\Test Kontrak Harga Satuan\\20240717_093915\\1721184516590.png, C:\\Users\\PTI\\Katalon Studio\\Testing-2-master\\Reports\\20240717_093915\\Test Kontrak Harga Satuan\\20240717_093915\\1721184517937.png, C:\\Users\\PTI\\Katalon Studio\\Testing-2-master\\Reports\\20240717_093915\\Test Kontrak Harga Satuan\\20240717_093915\\1721184518864.png, C:\\Users\\PTI\\Katalon Studio\\Testing-2-master\\Reports\\20240717_093915\\Test Kontrak Harga Satuan\\20240717_093915\\1721184519788.png, C:\\Users\\PTI\\Katalon Studio\\Testing-2-master\\Reports\\20240717_093915\\Test Kontrak Harga Satuan\\20240717_093915\\1721184520755.png, C:\\Users\\PTI\\Katalon Studio\\Testing-2-master\\Reports\\20240717_093915\\Test Kontrak Harga Satuan\\20240717_093915\\1721184521762.png, C:\\Users\\PTI\\Katalon Studio\\Testing-2-master\\Reports\\20240717_093915\\Test Kontrak Harga Satuan\\20240717_093915\\1721184522686.png, C:\\Users\\PTI\\Katalon Studio\\Testing-2-master\\Reports\\20240717_093915\\Test Kontrak Harga Satuan\\20240717_093915\\1721184523607.png, C:\\Users\\PTI\\Katalon Studio\\Testing-2-master\\Reports\\20240717_093915\\Test Kontrak Harga Satuan\\20240717_093915\\1721184524615.png, C:\\Users\\PTI\\Katalon Studio\\Testing-2-master\\Reports\\20240717_093915\\Test Kontrak Harga Satuan\\20240717_093915\\1721184532287.png, C:\\Users\\PTI\\Katalon Studio\\Testing-2-master\\Reports\\20240717_093915\\Test Kontrak Harga Satuan\\20240717_093915\\1721184533339.png, C:\\Users\\PTI\\Katalon Studio\\Testing-2-master\\Reports\\20240717_093915\\Test Kontrak Harga Satuan\\20240717_093915\\1721184575604.png, C:\\Users\\PTI\\Katalon Studio\\Testing-2-master\\Reports\\20240717_093915\\Test Kontrak Harga Satuan\\20240717_093915\\1721184576868.png, C:\\Users\\PTI\\Katalon Studio\\Testing-2-master\\Reports\\20240717_093915\\Test Kontrak Harga Satuan\\20240717_093915\\1721184578466.png, C:\\Users\\PTI\\Katalon Studio\\Testing-2-master\\Reports\\20240717_093915\\Test Kontrak Harga Satuan\\20240717_093915\\1721184579882.png, C:\\Users\\PTI\\Katalon Studio\\Testing-2-master\\Reports\\20240717_093915\\Test Kontrak Harga Satuan\\20240717_093915\\1721184580796.png, C:\\Users\\PTI\\Katalon Studio\\Testing-2-master\\Reports\\20240717_093915\\Test Kontrak Harga Satuan\\20240717_093915\\1721184581972.png, C:\\Users\\PTI\\Katalon Studio\\Testing-2-master\\Reports\\20240717_093915\\Test Kontrak Harga Satuan\\20240717_093915\\1721184597528.png, C:\\Users\\PTI\\Katalon Studio\\Testing-2-master\\Reports\\20240717_093915\\Test Kontrak Harga Satuan\\20240717_093915\\1721184598479.png, C:\\Users\\PTI\\Katalon Studio\\Testing-2-master\\Reports\\20240717_093915\\Test Kontrak Harga Satuan\\20240717_093915\\1721184599401.png, C:\\Users\\PTI\\Katalon Studio\\Testing-2-master\\Reports\\20240717_093915\\Test Kontrak Harga Satuan\\20240717_093915\\1721184600298.png, C:\\Users\\PTI\\Katalon Studio\\Testing-2-master\\Reports\\20240717_093915\\Test Kontrak Harga Satuan\\20240717_093915\\1721184607588.png, C:\\Users\\PTI\\Katalon Studio\\Testing-2-master\\Reports\\20240717_093915\\Test Kontrak Harga Satuan\\20240717_093915\\1721184608689.png, C:\\Users\\PTI\\Katalon Studio\\Testing-2-master\\Reports\\20240717_093915\\Test Kontrak Harga Satuan\\20240717_093915\\1721184650841.png, C:\\Users\\PTI\\Katalon Studio\\Testing-2-master\\Reports\\20240717_093915\\Test Kontrak Harga Satuan\\20240717_093915\\1721184652166.png, C:\\Users\\PTI\\Katalon Studio\\Testing-2-master\\Reports\\20240717_093915\\Test Kontrak Harga Satuan\\20240717_093915\\1721184653776.png, C:\\Users\\PTI\\Katalon Studio\\Testing-2-master\\Reports\\20240717_093915\\Test Kontrak Harga Satuan\\20240717_093915\\1721184655866.png, C:\\Users\\PTI\\Katalon Studio\\Testing-2-master\\Reports\\20240717_093915\\Test Kontrak Harga Satuan\\20240717_093915\\1721184656808.png, C:\\Users\\PTI\\Katalon Studio\\Testing-2-master\\Reports\\20240717_093915\\Test Kontrak Harga Satuan\\20240717_093915\\1721184658000.png, C:\\Users\\PTI\\Katalon Studio\\Testing-2-master\\Reports\\20240717_093915\\Test Kontrak Harga Satuan\\20240717_093915\\1721184659115.png, C:\\Users\\PTI\\Katalon Studio\\Testing-2-master\\Reports\\20240717_093915\\Test Kontrak Harga Satuan\\20240717_093915\\1721184660101.png, C:\\Users\\PTI\\Katalon Studio\\Testing-2-master\\Reports\\20240717_093915\\Test Kontrak Harga Satuan\\20240717_093915\\1721184661014.png, C:\\Users\\PTI\\Katalon Studio\\Testing-2-master\\Reports\\20240717_093915\\Test Kontrak Harga Satuan\\20240717_093915\\1721184662258.png, C:\\Users\\PTI\\Katalon Studio\\Testing-2-master\\Reports\\20240717_093915\\Test Kontrak Harga Satuan\\20240717_093915\\1721184663482.png, C:\\Users\\PTI\\Katalon Studio\\Testing-2-master\\Reports\\20240717_093915\\Test Kontrak Harga Satuan\\20240717_093915\\1721184664443.png, C:\\Users\\PTI\\Katalon Studio\\Testing-2-master\\Reports\\20240717_093915\\Test Kontrak Harga Satuan\\20240717_093915\\1721184665464.png, C:\\Users\\PTI\\Katalon Studio\\Testing-2-master\\Reports\\20240717_093915\\Test Kontrak Harga Satuan\\20240717_093915\\1721184666374.png, C:\\Users\\PTI\\Katalon Studio\\Testing-2-master\\Reports\\20240717_093915\\Test Kontrak Harga Satuan\\20240717_093915\\1721184674891.png, C:\\Users\\PTI\\Katalon Studio\\Testing-2-master\\Reports\\20240717_093915\\Test Kontrak Harga Satuan\\20240717_093915\\1721184677007.png, C:\\Users\\PTI\\Katalon Studio\\Testing-2-master\\Reports\\20240717_093915\\Test Kontrak Harga Satuan\\20240717_093915\\1721184718771.png, C:\\Users\\PTI\\Katalon Studio\\Testing-2-master\\Reports\\20240717_093915\\Test Kontrak Harga Satuan\\20240717_093915\\1721184720098.png, C:\\Users\\PTI\\Katalon Studio\\Testing-2-master\\Reports\\20240717_093915\\Test Kontrak Harga Satuan\\20240717_093915\\1721184721651.png, C:\\Users\\PTI\\Katalon Studio\\Testing-2-master\\Reports\\20240717_093915\\Test Kontrak Harga Satuan\\20240717_093915\\1721184722870.png, C:\\Users\\PTI\\Katalon Studio\\Testing-2-master\\Reports\\20240717_093915\\Test Kontrak Harga Satuan\\20240717_093915\\1721184723798.png, C:\\Users\\PTI\\Katalon Studio\\Testing-2-master\\Reports\\20240717_093915\\Test Kontrak Harga Satuan\\20240717_093915\\1721184725018.png, C:\\Users\\PTI\\Katalon Studio\\Testing-2-master\\Reports\\20240717_093915\\Test Kontrak Harga Satuan\\20240717_093915\\1721184725951.png, C:\\Users\\PTI\\Katalon Studio\\Testing-2-master\\Reports\\20240717_093915\\Test Kontrak Harga Satuan\\20240717_093915\\1721184726976.png, C:\\Users\\PTI\\Katalon Studio\\Testing-2-master\\Reports\\20240717_093915\\Test Kontrak Harga Satuan\\20240717_093915\\1721184727913.png, C:\\Users\\PTI\\Katalon Studio\\Testing-2-master\\Reports\\20240717_093915\\Test Kontrak Harga Satuan\\20240717_093915\\1721184728907.png, C:\\Users\\PTI\\Katalon Studio\\Testing-2-master\\Reports\\20240717_093915\\Test Kontrak Harga Satuan\\20240717_093915\\1721184730283.png, C:\\Users\\PTI\\Katalon Studio\\Testing-2-master\\Reports\\20240717_093915\\Test Kontrak Harga Satuan\\20240717_093915\\1721184731334.png, C:\\Users\\PTI\\Katalon Studio\\Testing-2-master\\Reports\\20240717_093915\\Test Kontrak Harga Satuan\\20240717_093915\\1721184732994.png, C:\\Users\\PTI\\Katalon Studio\\Testing-2-master\\Reports\\20240717_093915\\Test Kontrak Harga Satuan\\20240717_093915\\1721184739877.png, C:\\Users\\PTI\\Katalon Studio\\Testing-2-master\\Reports\\20240717_093915\\Test Kontrak Harga Satuan\\20240717_093915\\1721184740862.png, C:\\Users\\PTI\\Katalon Studio\\Testing-2-master\\Reports\\20240717_093915\\Test Kontrak Harga Satuan\\20240717_093915\\1721184782122.png, C:\\Users\\PTI\\Katalon Studio\\Testing-2-master\\Reports\\20240717_093915\\Test Kontrak Harga Satuan\\20240717_093915\\1721184784849.png, C:\\Users\\PTI\\Katalon Studio\\Testing-2-master\\Reports\\20240717_093915\\Test Kontrak Harga Satuan\\20240717_093915\\1721184786800.png, C:\\Users\\PTI\\Katalon Studio\\Testing-2-master\\Reports\\20240717_093915\\Test Kontrak Harga Satuan\\20240717_093915\\1721184788372.png, C:\\Users\\PTI\\Katalon Studio\\Testing-2-master\\Reports\\20240717_093915\\Test Kontrak Harga Satuan\\20240717_093915\\1721184789302.png, C:\\Users\\PTI\\Katalon Studio\\Testing-2-master\\Reports\\20240717_093915\\Test Kontrak Harga Satuan\\20240717_093915\\1721184790630.png, C:\\Users\\PTI\\Katalon Studio\\Testing-2-master\\Reports\\20240717_093915\\Test Kontrak Harga Satuan\\20240717_093915\\1721184791752.png, C:\\Users\\PTI\\Katalon Studio\\Testing-2-master\\Reports\\20240717_093915\\Test Kontrak Harga Satuan\\20240717_093915\\1721184792690.png, C:\\Users\\PTI\\Katalon Studio\\Testing-2-master\\Reports\\20240717_093915\\Test Kontrak Harga Satuan\\20240717_093915\\1721184794079.png, C:\\Users\\PTI\\Katalon Studio\\Testing-2-master\\Reports\\20240717_093915\\Test Kontrak Harga Satuan\\20240717_093915\\1721184795350.png, C:\\Users\\PTI\\Katalon Studio\\Testing-2-master\\Reports\\20240717_093915\\Test Kontrak Harga Satuan\\20240717_093915\\1721184796250.png, C:\\Users\\PTI\\Katalon Studio\\Testing-2-master\\Reports\\20240717_093915\\Test Kontrak Harga Satuan\\20240717_093915\\1721184797576.png, C:\\Users\\PTI\\Katalon Studio\\Testing-2-master\\Reports\\20240717_093915\\Test Kontrak Harga Satuan\\20240717_093915\\1721184806018.png, C:\\Users\\PTI\\Katalon Studio\\Testing-2-master\\Reports\\20240717_093915\\Test Kontrak Harga Satuan\\20240717_093915\\1721184807029.png, C:\\Users\\PTI\\Katalon Studio\\Testing-2-master\\Reports\\20240717_093915\\Test Kontrak Harga Satuan\\20240717_093915\\1721184848371.png, C:\\Users\\PTI\\Katalon Studio\\Testing-2-master\\Reports\\20240717_093915\\Test Kontrak Harga Satuan\\20240717_093915\\1721184849636.png, C:\\Users\\PTI\\Katalon Studio\\Testing-2-master\\Reports\\20240717_093915\\Test Kontrak Harga Satuan\\20240717_093915\\1721184851236.png, C:\\Users\\PTI\\Katalon Studio\\Testing-2-master\\Reports\\20240717_093915\\Test Kontrak Harga Satuan\\20240717_093915\\1721184852658.png, C:\\Users\\PTI\\Katalon Studio\\Testing-2-master\\Reports\\20240717_093915\\Test Kontrak Harga Satuan\\20240717_093915\\1721184853549.png, C:\\Users\\PTI\\Katalon Studio\\Testing-2-master\\Reports\\20240717_093915\\Test Kontrak Harga Satuan\\20240717_093915\\1721184855145.png, C:\\Users\\PTI\\Katalon Studio\\Testing-2-master\\Reports\\20240717_093915\\Test Kontrak Harga Satuan\\20240717_093915\\1721184856076.png, C:\\Users\\PTI\\Katalon Studio\\Testing-2-master\\Reports\\20240717_093915\\Test Kontrak Harga Satuan\\20240717_093915\\1721184857069.png, C:\\Users\\PTI\\Katalon Studio\\Testing-2-master\\Reports\\20240717_093915\\Test Kontrak Harga Satuan\\20240717_093915\\1721184858066.png, C:\\Users\\PTI\\Katalon Studio\\Testing-2-master\\Reports\\20240717_093915\\Test Kontrak Harga Satuan\\20240717_093915\\1721184859403.png, C:\\Users\\PTI\\Katalon Studio\\Testing-2-master\\Reports\\20240717_093915\\Test Kontrak Harga Satuan\\20240717_093915\\1721184860339.png, C:\\Users\\PTI\\Katalon Studio\\Testing-2-master\\Reports\\20240717_093915\\Test Kontrak Harga Satuan\\20240717_093915\\1721184862000.png, C:\\Users\\PTI\\Katalon Studio\\Testing-2-master\\Reports\\20240717_093915\\Test Kontrak Harga Satuan\\20240717_093915\\1721184871720.png, C:\\Users\\PTI\\Katalon Studio\\Testing-2-master\\Reports\\20240717_093915\\Test Kontrak Harga Satuan\\20240717_093915\\1721184873095.png, C:\\Users\\PTI\\Katalon Studio\\Testing-2-master\\Reports\\20240717_093915\\Test Kontrak Harga Satuan\\20240717_093915\\1721184914909.png, C:\\Users\\PTI\\Katalon Studio\\Testing-2-master\\Reports\\20240717_093915\\Test Kontrak Harga Satuan\\20240717_093915\\1721184916459.png, C:\\Users\\PTI\\Katalon Studio\\Testing-2-master\\Reports\\20240717_093915\\Test Kontrak Harga Satuan\\20240717_093915\\1721184918885.png, C:\\Users\\PTI\\Katalon Studio\\Testing-2-master\\Reports\\20240717_093915\\Test Kontrak Harga Satuan\\20240717_093915\\1721184919979.png, C:\\Users\\PTI\\Katalon Studio\\Testing-2-master\\Reports\\20240717_093915\\Test Kontrak Harga Satuan\\20240717_093915\\1721184920913.png, C:\\Users\\PTI\\Katalon Studio\\Testing-2-master\\Reports\\20240717_093915\\Test Kontrak Harga Satuan\\20240717_093915\\1721184922222.png, C:\\Users\\PTI\\Katalon Studio\\Testing-2-master\\Reports\\20240717_093915\\Test Kontrak Harga Satuan\\20240717_093915\\1721184932826.png, C:\\Users\\PTI\\Katalon Studio\\Testing-2-master\\Reports\\20240717_093915\\Test Kontrak Harga Satuan\\20240717_093915\\1721184934122.png, C:\\Users\\PTI\\Katalon Studio\\Testing-2-master\\Reports\\20240717_093915\\Test Kontrak Harga Satuan\\20240717_093915\\1721184935735.png, C:\\Users\\PTI\\Katalon Studio\\Testing-2-master\\Reports\\20240717_093915\\Test Kontrak Harga Satuan\\20240717_093915\\1721184937064.png, C:\\Users\\PTI\\Katalon Studio\\Testing-2-master\\Reports\\20240717_093915\\Test Kontrak Harga Satuan\\20240717_093915\\1721184945292.png, C:\\Users\\PTI\\Katalon Studio\\Testing-2-master\\Reports\\20240717_093915\\Test Kontrak Harga Satuan\\20240717_093915\\1721184946456.png, C:\\Users\\PTI\\Katalon Studio\\Testing-2-master\\Reports\\20240717_093915\\Test Kontrak Harga Satuan\\20240717_093915\\1721184988121.png, C:\\Users\\PTI\\Katalon Studio\\Testing-2-master\\Reports\\20240717_093915\\Test Kontrak Harga Satuan\\20240717_093915\\1721184989700.png, C:\\Users\\PTI\\Katalon Studio\\Testing-2-master\\Reports\\20240717_093915\\Test Kontrak Harga Satuan\\20240717_093915\\1721184991644.png, C:\\Users\\PTI\\Katalon Studio\\Testing-2-master\\Reports\\20240717_093915\\Test Kontrak Harga Satuan\\20240717_093915\\1721184992874.png, C:\\Users\\PTI\\Katalon Studio\\Testing-2-master\\Reports\\20240717_093915\\Test Kontrak Harga Satuan\\20240717_093915\\1721184994136.png, C:\\Users\\PTI\\Katalon Studio\\Testing-2-master\\Reports\\20240717_093915\\Test Kontrak Harga Satuan\\20240717_093915\\1721184995757.png, C:\\Users\\PTI\\Katalon Studio\\Testing-2-master\\Reports\\20240717_093915\\Test Kontrak Harga Satuan\\20240717_093915\\1721184996759.png, C:\\Users\\PTI\\Katalon Studio\\Testing-2-master\\Reports\\20240717_093915\\Test Kontrak Harga Satuan\\20240717_093915\\1721184997825.png, C:\\Users\\PTI\\Katalon Studio\\Testing-2-master\\Reports\\20240717_093915\\Test Kontrak Harga Satuan\\20240717_093915\\1721185013495.png, C:\\Users\\PTI\\Katalon Studio\\Testing-2-master\\Reports\\20240717_093915\\Test Kontrak Harga Satuan\\20240717_093915\\1721185024029.png, C:\\Users\\PTI\\Katalon Studio\\Testing-2-master\\Reports\\20240717_093915\\Test Kontrak Harga Satuan\\20240717_093915\\1721185032637.png, C:\\Users\\PTI\\Katalon Studio\\Testing-2-master\\Reports\\20240717_093915\\Test Kontrak Harga Satuan\\20240717_093915\\1721185034133.png, C:\\Users\\PTI\\Katalon Studio\\Testing-2-master\\Reports\\20240717_093915\\Test Kontrak Harga Satuan\\20240717_093915\\1721185075990.png, C:\\Users\\PTI\\Katalon Studio\\Testing-2-master\\Reports\\20240717_093915\\Test Kontrak Harga Satuan\\20240717_093915\\1721185077171.png, C:\\Users\\PTI\\Katalon Studio\\Testing-2-master\\Reports\\20240717_093915\\Test Kontrak Harga Satuan\\20240717_093915\\1721185078935.png, C:\\Users\\PTI\\Katalon Studio\\Testing-2-master\\Reports\\20240717_093915\\Test Kontrak Harga Satuan\\20240717_093915\\1721185080455.png, C:\\Users\\PTI\\Katalon Studio\\Testing-2-master\\Reports\\20240717_093915\\Test Kontrak Harga Satuan\\20240717_093915\\1721185081927.png, C:\\Users\\PTI\\Katalon Studio\\Testing-2-master\\Reports\\20240717_093915\\Test Kontrak Harga Satuan\\20240717_093915\\1721185083369.png, C:\\Users\\PTI\\Katalon Studio\\Testing-2-master\\Reports\\20240717_093915\\Test Kontrak Harga Satuan\\20240717_093915\\1721185086512.png, C:\\Users\\PTI\\Katalon Studio\\Testing-2-master\\Reports\\20240717_093915\\Test Kontrak Harga Satuan\\20240717_093915\\1721185087839.png, C:\\Users\\PTI\\Katalon Studio\\Testing-2-master\\Reports\\20240717_093915\\Test Kontrak Harga Satuan\\20240717_093915\\1721185088800.png, C:\\Users\\PTI\\Katalon Studio\\Testing-2-master\\Reports\\20240717_093915\\Test Kontrak Harga Satuan\\20240717_093915\\1721185107780.png, C:\\Users\\PTI\\Katalon Studio\\Testing-2-master\\Reports\\20240717_093915\\Test Kontrak Harga Satuan\\20240717_093915\\1721185108714.png, C:\\Users\\PTI\\Katalon Studio\\Testing-2-master\\Reports\\20240717_093915\\Test Kontrak Harga Satuan\\20240717_093915\\1721185110294.png, C:\\Users\\PTI\\Katalon Studio\\Testing-2-master\\Reports\\20240717_093915\\Test Kontrak Harga Satuan\\20240717_093915\\1721185111220.png, C:\\Users\\PTI\\Katalon Studio\\Testing-2-master\\Reports\\20240717_093915\\Test Kontrak Harga Satuan\\20240717_093915\\1721185112261.png, C:\\Users\\PTI\\Katalon Studio\\Testing-2-master\\Reports\\20240717_093915\\Test Kontrak Harga Satuan\\20240717_093915\\1721185113284.png, C:\\Users\\PTI\\Katalon Studio\\Testing-2-master\\Reports\\20240717_093915\\Test Kontrak Harga Satuan\\20240717_093915\\1721185114369.png, C:\\Users\\PTI\\Katalon Studio\\Testing-2-master\\Reports\\20240717_093915\\Test Kontrak Harga Satuan\\20240717_093915\\1721185115279.png, C:\\Users\\PTI\\Katalon Studio\\Testing-2-master\\Reports\\20240717_093915\\Test Kontrak Harga Satuan\\20240717_093915\\1721185116271.png, C:\\Users\\PTI\\Katalon Studio\\Testing-2-master\\Reports\\20240717_093915\\Test Kontrak Harga Satuan\\20240717_093915\\1721185117167.png, C:\\Users\\PTI\\Katalon Studio\\Testing-2-master\\Reports\\20240717_093915\\Test Kontrak Harga Satuan\\20240717_093915\\1721185125666.png, C:\\Users\\PTI\\Katalon Studio\\Testing-2-master\\Reports\\20240717_093915\\Test Kontrak Harga Satuan\\20240717_093915\\1721185128580.png, C:\\Users\\PTI\\Katalon Studio\\Testing-2-master\\Reports\\20240717_093915\\Test Kontrak Harga Satuan\\20240717_093915\\1721185171375.png, C:\\Users\\PTI\\Katalon Studio\\Testing-2-master\\Reports\\20240717_093915\\Test Kontrak Harga Satuan\\20240717_093915\\1721185173258.png, C:\\Users\\PTI\\Katalon Studio\\Testing-2-master\\Reports\\20240717_093915\\Test Kontrak Harga Satuan\\20240717_093915\\1721185175098.png, C:\\Users\\PTI\\Katalon Studio\\Testing-2-master\\Reports\\20240717_093915\\Test Kontrak Harga Satuan\\20240717_093915\\1721185176324.png, C:\\Users\\PTI\\Katalon Studio\\Testing-2-master\\Reports\\20240717_093915\\Test Kontrak Harga Satuan\\20240717_093915\\1721185177248.png, C:\\Users\\PTI\\Katalon Studio\\Testing-2-master\\Reports\\20240717_093915\\Test Kontrak Harga Satuan\\20240717_093915\\1721185178591.png, C:\\Users\\PTI\\Katalon Studio\\Testing-2-master\\Reports\\20240717_093915\\Test Kontrak Harga Satuan\\20240717_093915\\1721185179460.png, C:\\Users\\PTI\\Katalon Studio\\Testing-2-master\\Reports\\20240717_093915\\Test Kontrak Harga Satuan\\20240717_093915\\1721185187044.png, C:\\Users\\PTI\\Katalon Studio\\Testing-2-master\\Reports\\20240717_093915\\Test Kontrak Harga Satuan\\20240717_093915\\1721185188765.png, C:\\Users\\PTI\\Katalon Studio\\Testing-2-master\\Reports\\20240717_093915\\Test Kontrak Harga Satuan\\20240717_093915\\1721185190894.png, C:\\Users\\PTI\\Katalon Studio\\Testing-2-master\\Reports\\20240717_093915\\Test Kontrak Harga Satuan\\20240717_093915\\1721185191795.png, C:\\Users\\PTI\\Katalon Studio\\Testing-2-master\\Reports\\20240717_093915\\Test Kontrak Harga Satuan\\20240717_093915\\1721185193184.png, C:\\Users\\PTI\\Katalon Studio\\Testing-2-master\\Reports\\20240717_093915\\Test Kontrak Harga Satuan\\20240717_093915\\1721185194522.png, C:\\Users\\PTI\\Katalon Studio\\Testing-2-master\\Reports\\20240717_093915\\Test Kontrak Harga Satuan\\20240717_093915\\1721185195855.png, C:\\Users\\PTI\\Katalon Studio\\Testing-2-master\\Reports\\20240717_093915\\Test Kontrak Harga Satuan\\20240717_093915\\1721185196997.png, C:\\Users\\PTI\\Katalon Studio\\Testing-2-master\\Reports\\20240717_093915\\Test Kontrak Harga Satuan\\20240717_093915\\1721185198312.png, C:\\Users\\PTI\\Katalon Studio\\Testing-2-master\\Reports\\20240717_093915\\Test Kontrak Harga Satuan\\20240717_093915\\1721185199349.png, C:\\Users\\PTI\\Katalon Studio\\Testing-2-master\\Reports\\20240717_093915\\Test Kontrak Harga Satuan\\20240717_093915\\1721185200363.png, C:\\Users\\PTI\\Katalon Studio\\Testing-2-master\\Reports\\20240717_093915\\Test Kontrak Harga Satuan\\20240717_093915\\1721185201377.png, C:\\Users\\PTI\\Katalon Studio\\Testing-2-master\\Reports\\20240717_093915\\Test Kontrak Harga Satuan\\20240717_093915\\1721185208977.png, C:\\Users\\PTI\\Katalon Studio\\Testing-2-master\\Reports\\20240717_093915\\Test Kontrak Harga Satuan\\20240717_093915\\1721185210089.png, C:\\Users\\PTI\\Katalon Studio\\Testing-2-master\\Reports\\20240717_093915\\Test Kontrak Harga Satuan\\20240717_093915\\1721185252106.png, C:\\Users\\PTI\\Katalon Studio\\Testing-2-master\\Reports\\20240717_093915\\Test Kontrak Harga Satuan\\20240717_093915\\1721185253415.png, C:\\Users\\PTI\\Katalon Studio\\Testing-2-master\\Reports\\20240717_093915\\Test Kontrak Harga Satuan\\20240717_093915\\1721185255069.png, C:\\Users\\PTI\\Katalon Studio\\Testing-2-master\\Reports\\20240717_093915\\Test Kontrak Harga Satuan\\20240717_093915\\1721185256714.png, C:\\Users\\PTI\\Katalon Studio\\Testing-2-master\\Reports\\20240717_093915\\Test Kontrak Harga Satuan\\20240717_093915\\1721185257672.png, C:\\Users\\PTI\\Katalon Studio\\Testing-2-master\\Reports\\20240717_093915\\Test Kontrak Harga Satuan\\20240717_093915\\1721185258849.png, C:\\Users\\PTI\\Katalon Studio\\Testing-2-master\\Reports\\20240717_093915\\Test Kontrak Harga Satuan\\20240717_093915\\1721185259849.png, C:\\Users\\PTI\\Katalon Studio\\Testing-2-master\\Reports\\20240717_093915\\Test Kontrak Harga Satuan\\20240717_093915\\1721185260813.png, C:\\Users\\PTI\\Katalon Studio\\Testing-2-master\\Reports\\20240717_093915\\Test Kontrak Harga Satuan\\20240717_093915\\1721185262136.png, C:\\Users\\PTI\\Katalon Studio\\Testing-2-master\\Reports\\20240717_093915\\Test Kontrak Harga Satuan\\20240717_093915\\1721185272642.png, C:\\Users\\PTI\\Katalon Studio\\Testing-2-master\\Reports\\20240717_093915\\Test Kontrak Harga Satuan\\20240717_093915\\1721185274022.png, C:\\Users\\PTI\\Katalon Studio\\Testing-2-master\\Reports\\20240717_093915\\Test Kontrak Harga Satuan\\20240717_093915\\1721185274958.png, C:\\Users\\PTI\\Katalon Studio\\Testing-2-master\\Reports\\20240717_093915\\Test Kontrak Harga Satuan\\20240717_093915\\1721185276003.png, C:\\Users\\PTI\\Katalon Studio\\Testing-2-master\\Reports\\20240717_093915\\Test Kontrak Harga Satuan\\20240717_093915\\1721185357426.png, C:\\Users\\PTI\\Katalon Studio\\Testing-2-master\\Reports\\20240717_093915\\Test Kontrak Harga Satuan\\20240717_093915\\1721185359905.png, C:\\Users\\PTI\\Katalon Studio\\Testing-2-master\\Reports\\20240717_093915\\Test Kontrak Harga Satuan\\20240717_093915\\1721185401370.png, C:\\Users\\PTI\\Katalon Studio\\Testing-2-master\\Reports\\20240717_093915\\Test Kontrak Harga Satuan\\20240717_093915\\1721185402703.png, C:\\Users\\PTI\\Katalon Studio\\Testing-2-master\\Reports\\20240717_093915\\Test Kontrak Harga Satuan\\20240717_093915\\1721185404215.png, C:\\Users\\PTI\\Katalon Studio\\Testing-2-master\\Reports\\20240717_093915\\Test Kontrak Harga Satuan\\20240717_093915\\1721185405601.png, C:\\Users\\PTI\\Katalon Studio\\Testing-2-master\\Reports\\20240717_093915\\Test Kontrak Harga Satuan\\20240717_093915\\1721185406509.png, C:\\Users\\PTI\\Katalon Studio\\Testing-2-master\\Reports\\20240717_093915\\Test Kontrak Harga Satuan\\20240717_093915\\1721185407723.png, C:\\Users\\PTI\\Katalon Studio\\Testing-2-master\\Reports\\20240717_093915\\Test Kontrak Harga Satuan\\20240717_093915\\1721185408697.png, C:\\Users\\PTI\\Katalon Studio\\Testing-2-master\\Reports\\20240717_093915\\Test Kontrak Harga Satuan\\20240717_093915\\1721185409687.png, C:\\Users\\PTI\\Katalon Studio\\Testing-2-master\\Reports\\20240717_093915\\Test Kontrak Harga Satuan\\20240717_093915\\1721185410655.png, C:\\Users\\PTI\\Katalon Studio\\Testing-2-master\\Reports\\20240717_093915\\Test Kontrak Harga Satuan\\20240717_093915\\1721185411526.png, C:\\Users\\PTI\\Katalon Studio\\Testing-2-master\\Reports\\20240717_093915\\Test Kontrak Harga Satuan\\20240717_093915\\1721185412922.png, C:\\Users\\PTI\\Katalon Studio\\Testing-2-master\\Reports\\20240717_093915\\Test Kontrak Harga Satuan\\20240717_093915\\1721185419600.png, C:\\Users\\PTI\\Katalon Studio\\Testing-2-master\\Reports\\20240717_093915\\Test Kontrak Harga Satuan\\20240717_093915\\1721185420589.png, C:\\Users\\PTI\\Katalon Studio\\Testing-2-master\\Reports\\20240717_093915\\Test Kontrak Harga Satuan\\20240717_093915\\1721185462056.png, C:\\Users\\PTI\\Katalon Studio\\Testing-2-master\\Reports\\20240717_093915\\Test Kontrak Harga Satuan\\20240717_093915\\1721185463360.png, C:\\Users\\PTI\\Katalon Studio\\Testing-2-master\\Reports\\20240717_093915\\Test Kontrak Harga Satuan\\20240717_093915\\1721185464882.png, C:\\Users\\PTI\\Katalon Studio\\Testing-2-master\\Reports\\20240717_093915\\Test Kontrak Harga Satuan\\20240717_093915\\1721185465992.png, C:\\Users\\PTI\\Katalon Studio\\Testing-2-master\\Reports\\20240717_093915\\Test Kontrak Harga Satuan\\20240717_093915\\1721185466971.png, C:\\Users\\PTI\\Katalon Studio\\Testing-2-master\\Reports\\20240717_093915\\Test Kontrak Harga Satuan\\20240717_093915\\1721185468207.png, C:\\Users\\PTI\\Katalon Studio\\Testing-2-master\\Reports\\20240717_093915\\Test Kontrak Harga Satuan\\20240717_093915\\1721185469115.png, C:\\Users\\PTI\\Katalon Studio\\Testing-2-master\\Reports\\20240717_093915\\Test Kontrak Harga Satuan\\20240717_093915\\1721185470104.png, C:\\Users\\PTI\\Katalon Studio\\Testing-2-master\\Reports\\20240717_093915\\Test Kontrak Harga Satuan\\20240717_093915\\1721185470977.png, C:\\Users\\PTI\\Katalon Studio\\Testing-2-master\\Reports\\20240717_093915\\Test Kontrak Harga Satuan\\20240717_093915\\1721185472415.png, C:\\Users\\PTI\\Katalon Studio\\Testing-2-master\\Reports\\20240717_093915\\Test Kontrak Harga Satuan\\20240717_093915\\1721185473313.png, C:\\Users\\PTI\\Katalon Studio\\Testing-2-master\\Reports\\20240717_093915\\Test Kontrak Harga Satuan\\20240717_093915\\1721185481700.png, C:\\Users\\PTI\\Katalon Studio\\Testing-2-master\\Reports\\20240717_093915\\Test Kontrak Harga Satuan\\20240717_093915\\1721185482745.png, C:\\Users\\PTI\\Katalon Studio\\Testing-2-master\\Reports\\20240717_093915\\Test Kontrak Harga Satuan\\20240717_093915\\1721185524855.png, C:\\Users\\PTI\\Katalon Studio\\Testing-2-master\\Reports\\20240717_093915\\Test Kontrak Harga Satuan\\20240717_093915\\1721185526383.png, C:\\Users\\PTI\\Katalon Studio\\Testing-2-master\\Reports\\20240717_093915\\Test Kontrak Harga Satuan\\20240717_093915\\1721185528025.png, C:\\Users\\PTI\\Katalon Studio\\Testing-2-master\\Reports\\20240717_093915\\Test Kontrak Harga Satuan\\20240717_093915\\1721185529421.png, C:\\Users\\PTI\\Katalon Studio\\Testing-2-master\\Reports\\20240717_093915\\Test Kontrak Harga Satuan\\20240717_093915\\1721185530392.png, C:\\Users\\PTI\\Katalon Studio\\Testing-2-master\\Reports\\20240717_093915\\Test Kontrak Harga Satuan\\20240717_093915\\1721185531656.png, C:\\Users\\PTI\\Katalon Studio\\Testing-2-master\\Reports\\20240717_093915\\Test Kontrak Harga Satuan\\20240717_093915\\1721185532677.png, C:\\Users\\PTI\\Katalon Studio\\Testing-2-master\\Reports\\20240717_093915\\Test Kontrak Harga Satuan\\20240717_093915\\1721185533815.png, C:\\Users\\PTI\\Katalon Studio\\Testing-2-master\\Reports\\20240717_093915\\Test Kontrak Harga Satuan\\20240717_093915\\1721185534756.png, C:\\Users\\PTI\\Katalon Studio\\Testing-2-master\\Reports\\20240717_093915\\Test Kontrak Harga Satuan\\20240717_093915\\1721185535744.png, C:\\Users\\PTI\\Katalon Studio\\Testing-2-master\\Reports\\20240717_093915\\Test Kontrak Harga Satuan\\20240717_093915\\1721185536721.png, C:\\Users\\PTI\\Katalon Studio\\Testing-2-master\\Reports\\20240717_093915\\Test Kontrak Harga Satuan\\20240717_093915\\1721185538293.png, C:\\Users\\PTI\\Katalon Studio\\Testing-2-master\\Reports\\20240717_093915\\Test Kontrak Harga Satuan\\20240717_093915\\1721185539591.png, C:\\Users\\PTI\\Katalon Studio\\Testing-2-master\\Reports\\20240717_093915\\Test Kontrak Harga Satuan\\20240717_093915\\1721185547120.png, C:\\Users\\PTI\\Katalon Studio\\Testing-2-master\\Reports\\20240717_093915\\Test Kontrak Harga Satuan\\20240717_093915\\1721185548140.png, C:\\Users\\PTI\\Katalon Studio\\Testing-2-master\\Reports\\20240717_093915\\Test Kontrak Harga Satuan\\20240717_093915\\1721185589841.png, C:\\Users\\PTI\\Katalon Studio\\Testing-2-master\\Reports\\20240717_093915\\Test Kontrak Harga Satuan\\20240717_093915\\1721185591104.png, C:\\Users\\PTI\\Katalon Studio\\Testing-2-master\\Reports\\20240717_093915\\Test Kontrak Harga Satuan\\20240717_093915\\1721185593123.png, C:\\Users\\PTI\\Katalon Studio\\Testing-2-master\\Reports\\20240717_093915\\Test Kontrak Harga Satuan\\20240717_093915\\1721185594358.png, C:\\Users\\PTI\\Katalon Studio\\Testing-2-master\\Reports\\20240717_093915\\Test Kontrak Harga Satuan\\20240717_093915\\1721185595282.png, C:\\Users\\PTI\\Katalon Studio\\Testing-2-master\\Reports\\20240717_093915\\Test Kontrak Harga Satuan\\20240717_093915\\1721185596504.png, C:\\Users\\PTI\\Katalon Studio\\Testing-2-master\\Reports\\20240717_093915\\Test Kontrak Harga Satuan\\20240717_093915\\1721185597441.png, C:\\Users\\PTI\\Katalon Studio\\Testing-2-master\\Reports\\20240717_093915\\Test Kontrak Harga Satuan\\20240717_093915\\1721185598523.png, C:\\Users\\PTI\\Katalon Studio\\Testing-2-master\\Reports\\20240717_093915\\Test Kontrak Harga Satuan\\20240717_093915\\1721185603956.png, C:\\Users\\PTI\\Katalon Studio\\Testing-2-master\\Reports\\20240717_093915\\Test Kontrak Harga Satuan\\20240717_093915\\1721185604853.png, C:\\Users\\PTI\\Katalon Studio\\Testing-2-master\\Reports\\20240717_093915\\Test Kontrak Harga Satuan\\20240717_093915\\1721185611334.png, C:\\Users\\PTI\\Katalon Studio\\Testing-2-master\\Reports\\20240717_093915\\Test Kontrak Harga Satuan\\20240717_093915\\1721185612248.png, C:\\Users\\PTI\\Katalon Studio\\Testing-2-master\\Reports\\20240717_093915\\Test Kontrak Harga Satuan\\20240717_093915\\1721185653604.png, C:\\Users\\PTI\\Katalon Studio\\Testing-2-master\\Reports\\20240717_093915\\Test Kontrak Harga Satuan\\20240717_093915\\1721185656697.png, C:\\Users\\PTI\\Katalon Studio\\Testing-2-master\\Reports\\20240717_093915\\Test Kontrak Harga Satuan\\20240717_093915\\1721185658360.png, C:\\Users\\PTI\\Katalon Studio\\Testing-2-master\\Reports\\20240717_093915\\Test Kontrak Harga Satuan\\20240717_093915\\1721185659507.png, C:\\Users\\PTI\\Katalon Studio\\Testing-2-master\\Reports\\20240717_093915\\Test Kontrak Harga Satuan\\20240717_093915\\1721185660488.png, C:\\Users\\PTI\\Katalon Studio\\Testing-2-master\\Reports\\20240717_093915\\Test Kontrak Harga Satuan\\20240717_093915\\1721185661770.png, C:\\Users\\PTI\\Katalon Studio\\Testing-2-master\\Reports\\20240717_093915\\Test Kontrak Harga Satuan\\20240717_093915\\1721185662678.png, C:\\Users\\PTI\\Katalon Studio\\Testing-2-master\\Reports\\20240717_093915\\Test Kontrak Harga Satuan\\20240717_093915\\1721185663620.png"/>
         <property name="hostName" value="PTI - DESKTOP-RE4FFTK"/>
         <property name="os" value="Windows 10 64bit"/>
         <property name="katalonVersion" value="8.6.9.208"/>
         <property name="browser" value="Chrome 126.0.0.0"/>
         <property name="hostAddress" value="10.7.128.3"/>
         <property name="sessionId" value="85091a524e9300058f239328a878769a"/>
         <property name="seleniumVersion" value="3.141.59"/>
         <property name="proxyInformation" value="ProxyInformation { proxyOption=NO_PROXY, proxyServerType=HTTP, username=, password=********, proxyServerAddress=, proxyServerPort=0, executionList=&quot;&quot;, isApplyToDesiredCapabilities=true }"/>
         <property name="platform" value="Windows 10"/>
      </properties>
      <testcase name="Test Cases/Login" time="56.857" classname="Test Cases/Login" status="PASSED">
         <system-out><![CDATA[2024-07-17 09:39:23 - [TEST_CASE][PASSED] - Test Cases/Login: Test Cases/Login

2024-07-17 09:39:24 - [TEST_STEP][PASSED] - openBrowser(""): Browser is opened with url: ''

2024-07-17 09:39:25 - [MESSAGE][INFO] - Starting 'Chrome' driver

2024-07-17 09:39:25 - [MESSAGE][INFO] - Action delay is set to 0 milliseconds

2024-07-17 09:39:31 - [MESSAGE][PASSED] - Browser is opened with url: ''

2024-07-17 09:39:31 - [TEST_STEP][PASSED] - navigateToUrl("http://10.7.1.169/"): Navigate to 'http://10.7.1.169/' successfully

2024-07-17 09:39:34 - [MESSAGE][PASSED] - Navigate to 'http://10.7.1.169/' successfully

2024-07-17 09:39:34 - [TEST_STEP][PASSED] - setText(findTestObject("Object Repository/Login/Page_FinUP (Financial Integrated Applicatio_e626e9/input_Financial Integrated Applications - N_61d5e8"), "admin"): Text 'admin' is set on object 'Object Repository/Login/Page_FinUP (Financial Integrated Applicatio_e626e9/input_Financial Integrated Applications - N_61d5e8'

2024-07-17 09:39:35 - [MESSAGE][PASSED] - Text 'admin' is set on object 'Object Repository/Login/Page_FinUP (Financial Integrated Applicatio_e626e9/input_Financial Integrated Applications - N_61d5e8'

2024-07-17 09:39:35 - [TEST_STEP][PASSED] - takeFullPageScreenshot(): Taking screenshot successfully

2024-07-17 09:39:36 - [MESSAGE][INFO] - 0 hidden object(s)

2024-07-17 09:39:36 - [MESSAGE][PASSED] - Taking screenshot successfully
[[ATTACHMENT|C:\\Users\\PTI\\Katalon Studio\\Testing-2-master\\Reports\\20240717_093915\\Test Kontrak Harga Satuan\\20240717_093915\\1721183975835.png]]

2024-07-17 09:39:36 - [TEST_STEP][PASSED] - setEncryptedText(findTestObject("Object Repository/Login/Page_FinUP (Financial Integrated Applicatio_e626e9/input_Financial Integrated Applications - N_61d5e8_1"), "RAIVpflpDOg="): Text ****** has been set on object 'Object Repository/Login/Page_FinUP (Financial Integrated Applicatio_e626e9/input_Financial Integrated Applications - N_61d5e8_1'

2024-07-17 09:39:37 - [MESSAGE][PASSED] - Text ****** has been set on object 'Object Repository/Login/Page_FinUP (Financial Integrated Applicatio_e626e9/input_Financial Integrated Applications - N_61d5e8_1'

2024-07-17 09:39:37 - [TEST_STEP][PASSED] - takeFullPageScreenshot(): Taking screenshot successfully

2024-07-17 09:39:37 - [MESSAGE][INFO] - 0 hidden object(s)

2024-07-17 09:39:38 - [MESSAGE][PASSED] - Taking screenshot successfully
[[ATTACHMENT|C:\\Users\\PTI\\Katalon Studio\\Testing-2-master\\Reports\\20240717_093915\\Test Kontrak Harga Satuan\\20240717_093915\\1721183977371.png]]

2024-07-17 09:39:38 - [TEST_STEP][PASSED] - enhancedClick(findTestObject("Object Repository/Login/Page_FinUP (Financial Integrated Applicatio_e626e9/span_Sign In_p-ink p-ink-active")): Object: 'Object Repository/Login/Page_FinUP (Financial Integrated Applicatio_e626e9/span_Sign In_p-ink p-ink-active' is clicked on

2024-07-17 09:40:08 - [MESSAGE][PASSED] - Object: 'Object Repository/Login/Page_FinUP (Financial Integrated Applicatio_e626e9/span_Sign In_p-ink p-ink-active' is clicked on

2024-07-17 09:40:08 - [TEST_STEP][PASSED] - delay(10): Delayed 10 second(s)

2024-07-17 09:40:19 - [MESSAGE][PASSED] - Delayed 10 second(s)

2024-07-17 09:40:19 - [TEST_STEP][PASSED] - takeFullPageScreenshot(STOP_ON_FAILURE): Taking screenshot successfully

2024-07-17 09:40:19 - [MESSAGE][INFO] - 0 hidden object(s)

2024-07-17 09:40:20 - [MESSAGE][PASSED] - Taking screenshot successfully
[[ATTACHMENT|C:\\Users\\PTI\\Katalon Studio\\Testing-2-master\\Reports\\20240717_093915\\Test Kontrak Harga Satuan\\20240717_093915\\1721184019121.png]]]]></system-out>
         <system-err><![CDATA[]]></system-err>
      </testcase>
      <testcase name="Test Cases/Form Kontrak Payung/Test Tambah Daftar Kontrak Payung" time="82.923" classname="Test Cases/Form Kontrak Payung/Test Tambah Daftar Kontrak Payung" status="PASSED">
         <system-out><![CDATA[2024-07-17 09:40:20 - [TEST_CASE][PASSED] - Test Cases/Form Kontrak Payung/Test Tambah Daftar Kontrak Payung: Test Cases/Form Kontrak Payung/Test Tambah Daftar Kontrak Payung

2024-07-17 09:40:21 - [TEST_STEP][PASSED] - openBrowser(""): Browser is opened with url: ''

2024-07-17 09:40:21 - [MESSAGE][WARNING] - A browser is already opened. Closing browser and opening a new one

2024-07-17 09:40:22 - [MESSAGE][INFO] - Starting 'Chrome' driver

2024-07-17 09:40:22 - [MESSAGE][INFO] - Action delay is set to 0 milliseconds

2024-07-17 09:40:24 - [MESSAGE][PASSED] - Browser is opened with url: ''

2024-07-17 09:40:24 - [TEST_STEP][PASSED] - navigateToUrl("http://10.7.1.169/"): Navigate to 'http://10.7.1.169/' successfully

2024-07-17 09:40:26 - [MESSAGE][PASSED] - Navigate to 'http://10.7.1.169/' successfully

2024-07-17 09:40:26 - [TEST_STEP][PASSED] - setText(findTestObject("Object Repository/Test Tambah Daftfar Kontrak Payung/Page_FinUP (Financial Integrated Applicatio_e626e9/input_Financial Integrated Applications - N_61d5e8"), "admin"): Text 'admin' is set on object 'Object Repository/Test Tambah Daftfar Kontrak Payung/Page_FinUP (Financial Integrated Applicatio_e626e9/input_Financial Integrated Applications - N_61d5e8'

2024-07-17 09:40:29 - [MESSAGE][PASSED] - Text 'admin' is set on object 'Object Repository/Test Tambah Daftfar Kontrak Payung/Page_FinUP (Financial Integrated Applicatio_e626e9/input_Financial Integrated Applications - N_61d5e8'

2024-07-17 09:40:29 - [TEST_STEP][PASSED] - takeFullPageScreenshot(): Taking screenshot successfully

2024-07-17 09:40:29 - [MESSAGE][INFO] - 0 hidden object(s)

2024-07-17 09:40:29 - [MESSAGE][PASSED] - Taking screenshot successfully
[[ATTACHMENT|C:\\Users\\PTI\\Katalon Studio\\Testing-2-master\\Reports\\20240717_093915\\Test Kontrak Harga Satuan\\20240717_093915\\1721184029270.png]]

2024-07-17 09:40:29 - [TEST_STEP][PASSED] - setEncryptedText(findTestObject("Object Repository/Test Tambah Daftfar Kontrak Payung/Page_FinUP (Financial Integrated Applicatio_e626e9/input_Financial Integrated Applications - N_61d5e8_1"), "RAIVpflpDOg="): Text ****** has been set on object 'Object Repository/Test Tambah Daftfar Kontrak Payung/Page_FinUP (Financial Integrated Applicatio_e626e9/input_Financial Integrated Applications - N_61d5e8_1'

2024-07-17 09:40:30 - [MESSAGE][PASSED] - Text ****** has been set on object 'Object Repository/Test Tambah Daftfar Kontrak Payung/Page_FinUP (Financial Integrated Applicatio_e626e9/input_Financial Integrated Applications - N_61d5e8_1'

2024-07-17 09:40:30 - [TEST_STEP][PASSED] - takeFullPageScreenshot(): Taking screenshot successfully

2024-07-17 09:40:30 - [MESSAGE][INFO] - 0 hidden object(s)

2024-07-17 09:40:30 - [MESSAGE][PASSED] - Taking screenshot successfully
[[ATTACHMENT|C:\\Users\\PTI\\Katalon Studio\\Testing-2-master\\Reports\\20240717_093915\\Test Kontrak Harga Satuan\\20240717_093915\\1721184030449.png]]

2024-07-17 09:40:30 - [TEST_STEP][PASSED] - enhancedClick(findTestObject("Object Repository/Test Tambah Daftfar Kontrak Payung/Page_FinUP (Financial Integrated Applicatio_e626e9/span_Sign In_p-ink p-ink-active")): Object: 'Object Repository/Test Tambah Daftfar Kontrak Payung/Page_FinUP (Financial Integrated Applicatio_e626e9/span_Sign In_p-ink p-ink-active' is clicked on

2024-07-17 09:41:02 - [MESSAGE][PASSED] - Object: 'Object Repository/Test Tambah Daftfar Kontrak Payung/Page_FinUP (Financial Integrated Applicatio_e626e9/span_Sign In_p-ink p-ink-active' is clicked on

2024-07-17 09:41:02 - [TEST_STEP][PASSED] - delay(10): Delayed 10 second(s)

2024-07-17 09:41:12 - [MESSAGE][PASSED] - Delayed 10 second(s)

2024-07-17 09:41:12 - [TEST_STEP][PASSED] - takeFullPageScreenshot(): Taking screenshot successfully

2024-07-17 09:41:13 - [MESSAGE][INFO] - 0 hidden object(s)

2024-07-17 09:41:13 - [MESSAGE][PASSED] - Taking screenshot successfully
[[ATTACHMENT|C:\\Users\\PTI\\Katalon Studio\\Testing-2-master\\Reports\\20240717_093915\\Test Kontrak Harga Satuan\\20240717_093915\\1721184072649.png]]

2024-07-17 09:41:13 - [TEST_STEP][PASSED] - click(findTestObject("Object Repository/Test Tambah Daftfar Kontrak Payung/Page_FinUP (Financial Integrated Applicatio_e626e9/div_Contract Management")): Object: 'Object Repository/Test Tambah Daftfar Kontrak Payung/Page_FinUP (Financial Integrated Applicatio_e626e9/div_Contract Management' is clicked on

2024-07-17 09:41:14 - [MESSAGE][PASSED] - Object: 'Object Repository/Test Tambah Daftfar Kontrak Payung/Page_FinUP (Financial Integrated Applicatio_e626e9/div_Contract Management' is clicked on

2024-07-17 09:41:14 - [TEST_STEP][PASSED] - takeFullPageScreenshot(): Taking screenshot successfully

2024-07-17 09:41:15 - [MESSAGE][INFO] - 0 hidden object(s)

2024-07-17 09:41:15 - [MESSAGE][PASSED] - Taking screenshot successfully
[[ATTACHMENT|C:\\Users\\PTI\\Katalon Studio\\Testing-2-master\\Reports\\20240717_093915\\Test Kontrak Harga Satuan\\20240717_093915\\1721184074093.png]]

2024-07-17 09:41:15 - [TEST_STEP][PASSED] - enhancedClick(findTestObject("Object Repository/Test Tambah Daftfar Kontrak Payung/Page_FinUP (Financial Integrated Applicatio_e626e9/a_Kontrak Harga Satuan")): Object: 'Object Repository/Test Tambah Daftfar Kontrak Payung/Page_FinUP (Financial Integrated Applicatio_e626e9/a_Kontrak Harga Satuan' is clicked on

2024-07-17 09:41:15 - [MESSAGE][PASSED] - Object: 'Object Repository/Test Tambah Daftfar Kontrak Payung/Page_FinUP (Financial Integrated Applicatio_e626e9/a_Kontrak Harga Satuan' is clicked on

2024-07-17 09:41:15 - [TEST_STEP][PASSED] - takeFullPageScreenshot(): Taking screenshot successfully

2024-07-17 09:41:16 - [MESSAGE][INFO] - 0 hidden object(s)

2024-07-17 09:41:16 - [MESSAGE][PASSED] - Taking screenshot successfully
[[ATTACHMENT|C:\\Users\\PTI\\Katalon Studio\\Testing-2-master\\Reports\\20240717_093915\\Test Kontrak Harga Satuan\\20240717_093915\\1721184075737.png]]

2024-07-17 09:41:16 - [TEST_STEP][PASSED] - click(findTestObject("Object Repository/Test Tambah Daftfar Kontrak Payung/Page_FinUP (Financial Integrated Applicatio_e626e9/button_Baru")): Object: 'Object Repository/Test Tambah Daftfar Kontrak Payung/Page_FinUP (Financial Integrated Applicatio_e626e9/button_Baru' is clicked on

2024-07-17 09:41:17 - [MESSAGE][PASSED] - Object: 'Object Repository/Test Tambah Daftfar Kontrak Payung/Page_FinUP (Financial Integrated Applicatio_e626e9/button_Baru' is clicked on

2024-07-17 09:41:17 - [TEST_STEP][PASSED] - takeFullPageScreenshot(): Taking screenshot successfully

2024-07-17 09:41:17 - [MESSAGE][INFO] - 0 hidden object(s)

2024-07-17 09:41:17 - [MESSAGE][PASSED] - Taking screenshot successfully
[[ATTACHMENT|C:\\Users\\PTI\\Katalon Studio\\Testing-2-master\\Reports\\20240717_093915\\Test Kontrak Harga Satuan\\20240717_093915\\1721184077340.png]]

2024-07-17 09:41:17 - [TEST_STEP][PASSED] - click(findTestObject("Object Repository/Test Tambah Daftfar Kontrak Payung/Page_FinUP (Financial Integrated Applicatio_e626e9/div_-- Pilih --_p-dropdown-trigger ng-tns-c70-25")): Object: 'Object Repository/Test Tambah Daftfar Kontrak Payung/Page_FinUP (Financial Integrated Applicatio_e626e9/div_-- Pilih --_p-dropdown-trigger ng-tns-c70-25' is clicked on

2024-07-17 09:41:18 - [MESSAGE][PASSED] - Object: 'Object Repository/Test Tambah Daftfar Kontrak Payung/Page_FinUP (Financial Integrated Applicatio_e626e9/div_-- Pilih --_p-dropdown-trigger ng-tns-c70-25' is clicked on

2024-07-17 09:41:18 - [TEST_STEP][PASSED] - takeFullPageScreenshot(): Taking screenshot successfully

2024-07-17 09:41:18 - [MESSAGE][INFO] - 0 hidden object(s)

2024-07-17 09:41:18 - [MESSAGE][PASSED] - Taking screenshot successfully
[[ATTACHMENT|C:\\Users\\PTI\\Katalon Studio\\Testing-2-master\\Reports\\20240717_093915\\Test Kontrak Harga Satuan\\20240717_093915\\1721184078470.png]]

2024-07-17 09:41:18 - [TEST_STEP][PASSED] - enhancedClick(findTestObject("Object Repository/Test Tambah Daftfar Kontrak Payung/Page_FinUP (Financial Integrated Applicatio_e626e9/li_1 - Jenis 003")): Object: 'Object Repository/Test Tambah Daftfar Kontrak Payung/Page_FinUP (Financial Integrated Applicatio_e626e9/li_1 - Jenis 003' is clicked on

2024-07-17 09:41:19 - [MESSAGE][PASSED] - Object: 'Object Repository/Test Tambah Daftfar Kontrak Payung/Page_FinUP (Financial Integrated Applicatio_e626e9/li_1 - Jenis 003' is clicked on

2024-07-17 09:41:19 - [TEST_STEP][PASSED] - takeFullPageScreenshot(): Taking screenshot successfully

2024-07-17 09:41:19 - [MESSAGE][INFO] - 0 hidden object(s)

2024-07-17 09:41:19 - [MESSAGE][PASSED] - Taking screenshot successfully
[[ATTACHMENT|C:\\Users\\PTI\\Katalon Studio\\Testing-2-master\\Reports\\20240717_093915\\Test Kontrak Harga Satuan\\20240717_093915\\1721184079463.png]]

2024-07-17 09:41:19 - [TEST_STEP][PASSED] - click(findTestObject("Object Repository/Test Tambah Daftfar Kontrak Payung/Page_FinUP (Financial Integrated Applicatio_e626e9/button_")): Object: 'Object Repository/Test Tambah Daftfar Kontrak Payung/Page_FinUP (Financial Integrated Applicatio_e626e9/button_' is clicked on

2024-07-17 09:41:20 - [MESSAGE][PASSED] - Object: 'Object Repository/Test Tambah Daftfar Kontrak Payung/Page_FinUP (Financial Integrated Applicatio_e626e9/button_' is clicked on

2024-07-17 09:41:20 - [TEST_STEP][PASSED] - takeFullPageScreenshot(): Taking screenshot successfully

2024-07-17 09:41:20 - [MESSAGE][INFO] - 0 hidden object(s)

2024-07-17 09:41:20 - [MESSAGE][PASSED] - Taking screenshot successfully
[[ATTACHMENT|C:\\Users\\PTI\\Katalon Studio\\Testing-2-master\\Reports\\20240717_093915\\Test Kontrak Harga Satuan\\20240717_093915\\1721184080449.png]]

2024-07-17 09:41:20 - [TEST_STEP][PASSED] - click(findTestObject("Object Repository/Test Tambah Daftfar Kontrak Payung/Page_FinUP (Financial Integrated Applicatio_e626e9/span_17")): Object: 'Object Repository/Test Tambah Daftfar Kontrak Payung/Page_FinUP (Financial Integrated Applicatio_e626e9/span_17' is clicked on

2024-07-17 09:41:21 - [MESSAGE][PASSED] - Object: 'Object Repository/Test Tambah Daftfar Kontrak Payung/Page_FinUP (Financial Integrated Applicatio_e626e9/span_17' is clicked on

2024-07-17 09:41:21 - [TEST_STEP][PASSED] - takeFullPageScreenshot(): Taking screenshot successfully

2024-07-17 09:41:22 - [MESSAGE][INFO] - 0 hidden object(s)

2024-07-17 09:41:22 - [MESSAGE][PASSED] - Taking screenshot successfully
[[ATTACHMENT|C:\\Users\\PTI\\Katalon Studio\\Testing-2-master\\Reports\\20240717_093915\\Test Kontrak Harga Satuan\\20240717_093915\\1721184081622.png]]

2024-07-17 09:41:22 - [TEST_STEP][PASSED] - click(findTestObject("Object Repository/Test Tambah Daftfar Kontrak Payung/Page_FinUP (Financial Integrated Applicatio_e626e9/button_")): Object: 'Object Repository/Test Tambah Daftfar Kontrak Payung/Page_FinUP (Financial Integrated Applicatio_e626e9/button_' is clicked on

2024-07-17 09:41:22 - [MESSAGE][PASSED] - Object: 'Object Repository/Test Tambah Daftfar Kontrak Payung/Page_FinUP (Financial Integrated Applicatio_e626e9/button_' is clicked on

2024-07-17 09:41:22 - [TEST_STEP][PASSED] - takeFullPageScreenshot(): Taking screenshot successfully

2024-07-17 09:41:23 - [MESSAGE][INFO] - 0 hidden object(s)

2024-07-17 09:41:23 - [MESSAGE][PASSED] - Taking screenshot successfully
[[ATTACHMENT|C:\\Users\\PTI\\Katalon Studio\\Testing-2-master\\Reports\\20240717_093915\\Test Kontrak Harga Satuan\\20240717_093915\\1721184082911.png]]

2024-07-17 09:41:23 - [TEST_STEP][PASSED] - click(findTestObject("Object Repository/Test Tambah Daftfar Kontrak Payung/Page_FinUP (Financial Integrated Applicatio_e626e9/span_17")): Object: 'Object Repository/Test Tambah Daftfar Kontrak Payung/Page_FinUP (Financial Integrated Applicatio_e626e9/span_17' is clicked on

2024-07-17 09:41:24 - [MESSAGE][PASSED] - Object: 'Object Repository/Test Tambah Daftfar Kontrak Payung/Page_FinUP (Financial Integrated Applicatio_e626e9/span_17' is clicked on

2024-07-17 09:41:24 - [TEST_STEP][PASSED] - takeFullPageScreenshot(): Taking screenshot successfully

2024-07-17 09:41:24 - [MESSAGE][INFO] - 0 hidden object(s)

2024-07-17 09:41:25 - [MESSAGE][PASSED] - Taking screenshot successfully
[[ATTACHMENT|C:\\Users\\PTI\\Katalon Studio\\Testing-2-master\\Reports\\20240717_093915\\Test Kontrak Harga Satuan\\20240717_093915\\1721184084523.png]]

2024-07-17 09:41:25 - [TEST_STEP][PASSED] - click(findTestObject("Object Repository/Test Tambah Daftfar Kontrak Payung/Page_FinUP (Financial Integrated Applicatio_e626e9/button_")): Object: 'Object Repository/Test Tambah Daftfar Kontrak Payung/Page_FinUP (Financial Integrated Applicatio_e626e9/button_' is clicked on

2024-07-17 09:41:25 - [MESSAGE][PASSED] - Object: 'Object Repository/Test Tambah Daftfar Kontrak Payung/Page_FinUP (Financial Integrated Applicatio_e626e9/button_' is clicked on

2024-07-17 09:41:25 - [TEST_STEP][PASSED] - takeFullPageScreenshot(): Taking screenshot successfully

2024-07-17 09:41:26 - [MESSAGE][INFO] - 0 hidden object(s)

2024-07-17 09:41:26 - [MESSAGE][PASSED] - Taking screenshot successfully
[[ATTACHMENT|C:\\Users\\PTI\\Katalon Studio\\Testing-2-master\\Reports\\20240717_093915\\Test Kontrak Harga Satuan\\20240717_093915\\1721184085523.png]]

2024-07-17 09:41:26 - [TEST_STEP][PASSED] - setText(findTestObject("Object Repository/Test Tambah Daftfar Kontrak Payung/Page_FinUP (Financial Integrated Applicatio_e626e9/input_Cari Rekanan_p-inputtext p-component _4141d4"), "juanda"): Text 'juanda' is set on object 'Object Repository/Test Tambah Daftfar Kontrak Payung/Page_FinUP (Financial Integrated Applicatio_e626e9/input_Cari Rekanan_p-inputtext p-component _4141d4'

2024-07-17 09:41:26 - [MESSAGE][PASSED] - Text 'juanda' is set on object 'Object Repository/Test Tambah Daftfar Kontrak Payung/Page_FinUP (Financial Integrated Applicatio_e626e9/input_Cari Rekanan_p-inputtext p-component _4141d4'

2024-07-17 09:41:26 - [TEST_STEP][PASSED] - takeFullPageScreenshot(): Taking screenshot successfully

2024-07-17 09:41:27 - [MESSAGE][INFO] - 0 hidden object(s)

2024-07-17 09:41:27 - [MESSAGE][PASSED] - Taking screenshot successfully
[[ATTACHMENT|C:\\Users\\PTI\\Katalon Studio\\Testing-2-master\\Reports\\20240717_093915\\Test Kontrak Harga Satuan\\20240717_093915\\1721184086937.png]]

2024-07-17 09:41:27 - [TEST_STEP][PASSED] - doubleClick(findTestObject("Object Repository/Test Tambah Daftfar Kontrak Payung/Page_FinUP (Financial Integrated Applicatio_e626e9/td_BANDARA JUANDA")): Object: 'Object Repository/Test Tambah Daftfar Kontrak Payung/Page_FinUP (Financial Integrated Applicatio_e626e9/td_BANDARA JUANDA' is double clicked on

2024-07-17 09:41:28 - [MESSAGE][PASSED] - Object: 'Object Repository/Test Tambah Daftfar Kontrak Payung/Page_FinUP (Financial Integrated Applicatio_e626e9/td_BANDARA JUANDA' is double clicked on

2024-07-17 09:41:28 - [TEST_STEP][PASSED] - takeFullPageScreenshot(): Taking screenshot successfully

2024-07-17 09:41:28 - [MESSAGE][INFO] - 0 hidden object(s)

2024-07-17 09:41:29 - [MESSAGE][PASSED] - Taking screenshot successfully
[[ATTACHMENT|C:\\Users\\PTI\\Katalon Studio\\Testing-2-master\\Reports\\20240717_093915\\Test Kontrak Harga Satuan\\20240717_093915\\1721184088628.png]]

2024-07-17 09:41:29 - [TEST_STEP][PASSED] - setText(findTestObject("Object Repository/Test Tambah Daftfar Kontrak Payung/Page_FinUP (Financial Integrated Applicatio_e626e9/textarea_Judul Kontrak_judulKontrak"), "Test"): Text 'Test' is set on object 'Object Repository/Test Tambah Daftfar Kontrak Payung/Page_FinUP (Financial Integrated Applicatio_e626e9/textarea_Judul Kontrak_judulKontrak'

2024-07-17 09:41:29 - [MESSAGE][PASSED] - Text 'Test' is set on object 'Object Repository/Test Tambah Daftfar Kontrak Payung/Page_FinUP (Financial Integrated Applicatio_e626e9/textarea_Judul Kontrak_judulKontrak'

2024-07-17 09:41:29 - [TEST_STEP][PASSED] - takeFullPageScreenshot(): Taking screenshot successfully

2024-07-17 09:41:30 - [MESSAGE][INFO] - 0 hidden object(s)

2024-07-17 09:41:30 - [MESSAGE][PASSED] - Taking screenshot successfully
[[ATTACHMENT|C:\\Users\\PTI\\Katalon Studio\\Testing-2-master\\Reports\\20240717_093915\\Test Kontrak Harga Satuan\\20240717_093915\\1721184089856.png]]

2024-07-17 09:41:30 - [TEST_STEP][PASSED] - setText(findTestObject("Object Repository/Test Tambah Daftfar Kontrak Payung/Page_FinUP (Financial Integrated Applicatio_e626e9/input_No PJB_text-sm text-color p-2 border-_5e897b"), "0001"): Text '0001' is set on object 'Object Repository/Test Tambah Daftfar Kontrak Payung/Page_FinUP (Financial Integrated Applicatio_e626e9/input_No PJB_text-sm text-color p-2 border-_5e897b'

2024-07-17 09:41:31 - [MESSAGE][PASSED] - Text '0001' is set on object 'Object Repository/Test Tambah Daftfar Kontrak Payung/Page_FinUP (Financial Integrated Applicatio_e626e9/input_No PJB_text-sm text-color p-2 border-_5e897b'

2024-07-17 09:41:31 - [TEST_STEP][PASSED] - takeFullPageScreenshot(): Taking screenshot successfully

2024-07-17 09:41:31 - [MESSAGE][INFO] - 0 hidden object(s)

2024-07-17 09:41:31 - [MESSAGE][PASSED] - Taking screenshot successfully
[[ATTACHMENT|C:\\Users\\PTI\\Katalon Studio\\Testing-2-master\\Reports\\20240717_093915\\Test Kontrak Harga Satuan\\20240717_093915\\1721184091193.png]]

2024-07-17 09:41:31 - [TEST_STEP][PASSED] - click(findTestObject("Object Repository/Test Tambah Daftfar Kontrak Payung/Page_FinUP (Financial Integrated Applicatio_e626e9/button_")): Object: 'Object Repository/Test Tambah Daftfar Kontrak Payung/Page_FinUP (Financial Integrated Applicatio_e626e9/button_' is clicked on

2024-07-17 09:41:32 - [MESSAGE][PASSED] - Object: 'Object Repository/Test Tambah Daftfar Kontrak Payung/Page_FinUP (Financial Integrated Applicatio_e626e9/button_' is clicked on

2024-07-17 09:41:32 - [TEST_STEP][PASSED] - takeFullPageScreenshot(): Taking screenshot successfully

2024-07-17 09:41:32 - [MESSAGE][INFO] - 0 hidden object(s)

2024-07-17 09:41:32 - [MESSAGE][PASSED] - Taking screenshot successfully
[[ATTACHMENT|C:\\Users\\PTI\\Katalon Studio\\Testing-2-master\\Reports\\20240717_093915\\Test Kontrak Harga Satuan\\20240717_093915\\1721184092185.png]]

2024-07-17 09:41:32 - [TEST_STEP][PASSED] - click(findTestObject("Object Repository/Test Tambah Daftfar Kontrak Payung/Page_FinUP (Financial Integrated Applicatio_e626e9/span_17")): Object: 'Object Repository/Test Tambah Daftfar Kontrak Payung/Page_FinUP (Financial Integrated Applicatio_e626e9/span_17' is clicked on

2024-07-17 09:41:33 - [MESSAGE][PASSED] - Object: 'Object Repository/Test Tambah Daftfar Kontrak Payung/Page_FinUP (Financial Integrated Applicatio_e626e9/span_17' is clicked on

2024-07-17 09:41:33 - [TEST_STEP][PASSED] - takeFullPageScreenshot(): Taking screenshot successfully

2024-07-17 09:41:33 - [MESSAGE][INFO] - 0 hidden object(s)

2024-07-17 09:41:33 - [MESSAGE][PASSED] - Taking screenshot successfully
[[ATTACHMENT|C:\\Users\\PTI\\Katalon Studio\\Testing-2-master\\Reports\\20240717_093915\\Test Kontrak Harga Satuan\\20240717_093915\\1721184093168.png]]

2024-07-17 09:41:33 - [TEST_STEP][PASSED] - click(findTestObject("Object Repository/Test Tambah Daftfar Kontrak Payung/Page_FinUP (Financial Integrated Applicatio_e626e9/button_")): Object: 'Object Repository/Test Tambah Daftfar Kontrak Payung/Page_FinUP (Financial Integrated Applicatio_e626e9/button_' is clicked on

2024-07-17 09:41:34 - [MESSAGE][PASSED] - Object: 'Object Repository/Test Tambah Daftfar Kontrak Payung/Page_FinUP (Financial Integrated Applicatio_e626e9/button_' is clicked on

2024-07-17 09:41:34 - [TEST_STEP][PASSED] - takeFullPageScreenshot(): Taking screenshot successfully

2024-07-17 09:41:34 - [MESSAGE][INFO] - 0 hidden object(s)

2024-07-17 09:41:34 - [MESSAGE][PASSED] - Taking screenshot successfully
[[ATTACHMENT|C:\\Users\\PTI\\Katalon Studio\\Testing-2-master\\Reports\\20240717_093915\\Test Kontrak Harga Satuan\\20240717_093915\\1721184094215.png]]

2024-07-17 09:41:34 - [TEST_STEP][PASSED] - click(findTestObject("Object Repository/Test Tambah Daftfar Kontrak Payung/Page_FinUP (Financial Integrated Applicatio_e626e9/span_17")): Object: 'Object Repository/Test Tambah Daftfar Kontrak Payung/Page_FinUP (Financial Integrated Applicatio_e626e9/span_17' is clicked on

2024-07-17 09:41:35 - [MESSAGE][PASSED] - Object: 'Object Repository/Test Tambah Daftfar Kontrak Payung/Page_FinUP (Financial Integrated Applicatio_e626e9/span_17' is clicked on

2024-07-17 09:41:35 - [TEST_STEP][PASSED] - takeFullPageScreenshot(): Taking screenshot successfully

2024-07-17 09:41:36 - [MESSAGE][INFO] - 0 hidden object(s)

2024-07-17 09:41:36 - [MESSAGE][PASSED] - Taking screenshot successfully
[[ATTACHMENT|C:\\Users\\PTI\\Katalon Studio\\Testing-2-master\\Reports\\20240717_093915\\Test Kontrak Harga Satuan\\20240717_093915\\1721184095800.png]]

2024-07-17 09:41:36 - [TEST_STEP][PASSED] - click(findTestObject("Object Repository/Test Tambah Daftfar Kontrak Payung/Page_FinUP (Financial Integrated Applicatio_e626e9/div_-- Pilih --_p-dropdown-trigger ng-tns-c70-31")): Object: 'Object Repository/Test Tambah Daftfar Kontrak Payung/Page_FinUP (Financial Integrated Applicatio_e626e9/div_-- Pilih --_p-dropdown-trigger ng-tns-c70-31' is clicked on

2024-07-17 09:41:37 - [MESSAGE][PASSED] - Object: 'Object Repository/Test Tambah Daftfar Kontrak Payung/Page_FinUP (Financial Integrated Applicatio_e626e9/div_-- Pilih --_p-dropdown-trigger ng-tns-c70-31' is clicked on

2024-07-17 09:41:37 - [TEST_STEP][PASSED] - takeFullPageScreenshot(): Taking screenshot successfully

2024-07-17 09:41:37 - [MESSAGE][INFO] - 0 hidden object(s)

2024-07-17 09:41:37 - [MESSAGE][PASSED] - Taking screenshot successfully
[[ATTACHMENT|C:\\Users\\PTI\\Katalon Studio\\Testing-2-master\\Reports\\20240717_093915\\Test Kontrak Harga Satuan\\20240717_093915\\1721184097116.png]]

2024-07-17 09:41:37 - [TEST_STEP][PASSED] - enhancedClick(findTestObject("Object Repository/Test Tambah Daftfar Kontrak Payung/Page_FinUP (Financial Integrated Applicatio_e626e9/li_AUD - Australian Dollar")): Object: 'Object Repository/Test Tambah Daftfar Kontrak Payung/Page_FinUP (Financial Integrated Applicatio_e626e9/li_AUD - Australian Dollar' is clicked on

2024-07-17 09:41:38 - [MESSAGE][PASSED] - Object: 'Object Repository/Test Tambah Daftfar Kontrak Payung/Page_FinUP (Financial Integrated Applicatio_e626e9/li_AUD - Australian Dollar' is clicked on

2024-07-17 09:41:38 - [TEST_STEP][PASSED] - takeFullPageScreenshot(): Taking screenshot successfully

2024-07-17 09:41:38 - [MESSAGE][INFO] - 0 hidden object(s)

2024-07-17 09:41:38 - [MESSAGE][PASSED] - Taking screenshot successfully
[[ATTACHMENT|C:\\Users\\PTI\\Katalon Studio\\Testing-2-master\\Reports\\20240717_093915\\Test Kontrak Harga Satuan\\20240717_093915\\1721184098417.png]]

2024-07-17 09:41:38 - [TEST_STEP][PASSED] - setText(findTestObject("Object Repository/Test Tambah Daftfar Kontrak Payung/Page_FinUP (Financial Integrated Applicatio_e626e9/input_No PJB_text-sm text-color p-2 border-_5e897b"), "Test"): Text 'Test' is set on object 'Object Repository/Test Tambah Daftfar Kontrak Payung/Page_FinUP (Financial Integrated Applicatio_e626e9/input_No PJB_text-sm text-color p-2 border-_5e897b'

2024-07-17 09:41:39 - [MESSAGE][PASSED] - Text 'Test' is set on object 'Object Repository/Test Tambah Daftfar Kontrak Payung/Page_FinUP (Financial Integrated Applicatio_e626e9/input_No PJB_text-sm text-color p-2 border-_5e897b'

2024-07-17 09:41:39 - [TEST_STEP][PASSED] - takeFullPageScreenshot(): Taking screenshot successfully

2024-07-17 09:41:40 - [MESSAGE][INFO] - 0 hidden object(s)

2024-07-17 09:41:40 - [MESSAGE][PASSED] - Taking screenshot successfully
[[ATTACHMENT|C:\\Users\\PTI\\Katalon Studio\\Testing-2-master\\Reports\\20240717_093915\\Test Kontrak Harga Satuan\\20240717_093915\\1721184099681.png]]

2024-07-17 09:41:40 - [TEST_STEP][PASSED] - click(findTestObject("Object Repository/Test Tambah Daftfar Kontrak Payung/Page_FinUP (Financial Integrated Applicatio_e626e9/div_-- Pilih --_p-dropdown-trigger ng-tns-c70-32")): Object: 'Object Repository/Test Tambah Daftfar Kontrak Payung/Page_FinUP (Financial Integrated Applicatio_e626e9/div_-- Pilih --_p-dropdown-trigger ng-tns-c70-32' is clicked on

2024-07-17 09:41:40 - [MESSAGE][PASSED] - Object: 'Object Repository/Test Tambah Daftfar Kontrak Payung/Page_FinUP (Financial Integrated Applicatio_e626e9/div_-- Pilih --_p-dropdown-trigger ng-tns-c70-32' is clicked on

2024-07-17 09:41:40 - [TEST_STEP][PASSED] - takeFullPageScreenshot(): Taking screenshot successfully

2024-07-17 09:41:41 - [MESSAGE][INFO] - 0 hidden object(s)

2024-07-17 09:41:41 - [MESSAGE][PASSED] - Taking screenshot successfully
[[ATTACHMENT|C:\\Users\\PTI\\Katalon Studio\\Testing-2-master\\Reports\\20240717_093915\\Test Kontrak Harga Satuan\\20240717_093915\\1721184100697.png]]

2024-07-17 09:41:41 - [TEST_STEP][PASSED] - enhancedClick(findTestObject("Object Repository/Test Tambah Daftfar Kontrak Payung/Page_FinUP (Financial Integrated Applicatio_e626e9/li_pelaksana 1")): Object: 'Object Repository/Test Tambah Daftfar Kontrak Payung/Page_FinUP (Financial Integrated Applicatio_e626e9/li_pelaksana 1' is clicked on

2024-07-17 09:41:41 - [MESSAGE][PASSED] - Object: 'Object Repository/Test Tambah Daftfar Kontrak Payung/Page_FinUP (Financial Integrated Applicatio_e626e9/li_pelaksana 1' is clicked on

2024-07-17 09:41:41 - [TEST_STEP][PASSED] - takeFullPageScreenshot(): Taking screenshot successfully

2024-07-17 09:41:42 - [MESSAGE][INFO] - 0 hidden object(s)

2024-07-17 09:41:42 - [MESSAGE][PASSED] - Taking screenshot successfully
[[ATTACHMENT|C:\\Users\\PTI\\Katalon Studio\\Testing-2-master\\Reports\\20240717_093915\\Test Kontrak Harga Satuan\\20240717_093915\\1721184101750.png]]

2024-07-17 09:41:42 - [TEST_STEP][PASSED] - click(findTestObject("Object Repository/Test Tambah Daftfar Kontrak Payung/Page_FinUP (Financial Integrated Applicatio_e626e9/button_Simpan")): Object: 'Object Repository/Test Tambah Daftfar Kontrak Payung/Page_FinUP (Financial Integrated Applicatio_e626e9/button_Simpan' is clicked on

2024-07-17 09:41:42 - [MESSAGE][PASSED] - Object: 'Object Repository/Test Tambah Daftfar Kontrak Payung/Page_FinUP (Financial Integrated Applicatio_e626e9/button_Simpan' is clicked on

2024-07-17 09:41:42 - [TEST_STEP][PASSED] - takeFullPageScreenshot(): Taking screenshot successfully

2024-07-17 09:41:43 - [MESSAGE][INFO] - 0 hidden object(s)

2024-07-17 09:41:43 - [MESSAGE][PASSED] - Taking screenshot successfully
[[ATTACHMENT|C:\\Users\\PTI\\Katalon Studio\\Testing-2-master\\Reports\\20240717_093915\\Test Kontrak Harga Satuan\\20240717_093915\\1721184102704.png]]]]></system-out>
         <system-err><![CDATA[]]></system-err>
      </testcase>
      <testcase name="Test Cases/Form Kontrak Payung/Test Edit Daftar Kontrak Payung" time="63.682" classname="Test Cases/Form Kontrak Payung/Test Edit Daftar Kontrak Payung" status="PASSED">
         <system-out><![CDATA[2024-07-17 09:41:43 - [TEST_CASE][PASSED] - Test Cases/Form Kontrak Payung/Test Edit Daftar Kontrak Payung: Test Cases/Form Kontrak Payung/Test Edit Daftar Kontrak Payung

2024-07-17 09:41:43 - [TEST_STEP][PASSED] - openBrowser(""): Browser is opened with url: ''

2024-07-17 09:41:43 - [MESSAGE][WARNING] - A browser is already opened. Closing browser and opening a new one

2024-07-17 09:41:45 - [MESSAGE][INFO] - Starting 'Chrome' driver

2024-07-17 09:41:45 - [MESSAGE][INFO] - Action delay is set to 0 milliseconds

2024-07-17 09:41:47 - [MESSAGE][PASSED] - Browser is opened with url: ''

2024-07-17 09:41:47 - [TEST_STEP][PASSED] - navigateToUrl("http://10.7.1.169/"): Navigate to 'http://10.7.1.169/' successfully

2024-07-17 09:41:50 - [MESSAGE][PASSED] - Navigate to 'http://10.7.1.169/' successfully

2024-07-17 09:41:50 - [TEST_STEP][PASSED] - setText(findTestObject("Object Repository/Test Edit Daftar Kontra Payung/Page_FinUP (Financial Integrated Applicatio_e626e9/input_Financial Integrated Applications - N_61d5e8"), "admin"): Text 'admin' is set on object 'Object Repository/Test Edit Daftar Kontra Payung/Page_FinUP (Financial Integrated Applicatio_e626e9/input_Financial Integrated Applications - N_61d5e8'

2024-07-17 09:41:51 - [MESSAGE][PASSED] - Text 'admin' is set on object 'Object Repository/Test Edit Daftar Kontra Payung/Page_FinUP (Financial Integrated Applicatio_e626e9/input_Financial Integrated Applications - N_61d5e8'

2024-07-17 09:41:51 - [TEST_STEP][PASSED] - takeFullPageScreenshot(): Taking screenshot successfully

2024-07-17 09:41:51 - [MESSAGE][INFO] - 0 hidden object(s)

2024-07-17 09:41:51 - [MESSAGE][PASSED] - Taking screenshot successfully
[[ATTACHMENT|C:\\Users\\PTI\\Katalon Studio\\Testing-2-master\\Reports\\20240717_093915\\Test Kontrak Harga Satuan\\20240717_093915\\1721184111475.png]]

2024-07-17 09:41:51 - [TEST_STEP][PASSED] - setEncryptedText(findTestObject("Object Repository/Test Edit Daftar Kontra Payung/Page_FinUP (Financial Integrated Applicatio_e626e9/input_Financial Integrated Applications - N_61d5e8_1"), "RAIVpflpDOg="): Text ****** has been set on object 'Object Repository/Test Edit Daftar Kontra Payung/Page_FinUP (Financial Integrated Applicatio_e626e9/input_Financial Integrated Applications - N_61d5e8_1'

2024-07-17 09:41:52 - [MESSAGE][PASSED] - Text ****** has been set on object 'Object Repository/Test Edit Daftar Kontra Payung/Page_FinUP (Financial Integrated Applicatio_e626e9/input_Financial Integrated Applications - N_61d5e8_1'

2024-07-17 09:41:52 - [TEST_STEP][PASSED] - takeFullPageScreenshot(): Taking screenshot successfully

2024-07-17 09:41:53 - [MESSAGE][INFO] - 0 hidden object(s)

2024-07-17 09:41:53 - [MESSAGE][PASSED] - Taking screenshot successfully
[[ATTACHMENT|C:\\Users\\PTI\\Katalon Studio\\Testing-2-master\\Reports\\20240717_093915\\Test Kontrak Harga Satuan\\20240717_093915\\1721184112644.png]]

2024-07-17 09:41:53 - [TEST_STEP][PASSED] - enhancedClick(findTestObject("Object Repository/Test Edit Daftar Kontra Payung/Page_FinUP (Financial Integrated Applicatio_e626e9/span_Sign In_p-ink p-ink-active")): Object: 'Object Repository/Test Edit Daftar Kontra Payung/Page_FinUP (Financial Integrated Applicatio_e626e9/span_Sign In_p-ink p-ink-active' is clicked on

2024-07-17 09:42:24 - [MESSAGE][PASSED] - Object: 'Object Repository/Test Edit Daftar Kontra Payung/Page_FinUP (Financial Integrated Applicatio_e626e9/span_Sign In_p-ink p-ink-active' is clicked on

2024-07-17 09:42:24 - [TEST_STEP][PASSED] - delay(10): Delayed 10 second(s)

2024-07-17 09:42:34 - [MESSAGE][PASSED] - Delayed 10 second(s)

2024-07-17 09:42:34 - [TEST_STEP][PASSED] - takeFullPageScreenshot(): Taking screenshot successfully

2024-07-17 09:42:35 - [MESSAGE][INFO] - 0 hidden object(s)

2024-07-17 09:42:35 - [MESSAGE][PASSED] - Taking screenshot successfully
[[ATTACHMENT|C:\\Users\\PTI\\Katalon Studio\\Testing-2-master\\Reports\\20240717_093915\\Test Kontrak Harga Satuan\\20240717_093915\\1721184154606.png]]

2024-07-17 09:42:35 - [TEST_STEP][PASSED] - click(findTestObject("Object Repository/Test Edit Daftar Kontra Payung/Page_FinUP (Financial Integrated Applicatio_e626e9/div_Contract Management")): Object: 'Object Repository/Test Edit Daftar Kontra Payung/Page_FinUP (Financial Integrated Applicatio_e626e9/div_Contract Management' is clicked on

2024-07-17 09:42:36 - [MESSAGE][PASSED] - Object: 'Object Repository/Test Edit Daftar Kontra Payung/Page_FinUP (Financial Integrated Applicatio_e626e9/div_Contract Management' is clicked on

2024-07-17 09:42:36 - [TEST_STEP][PASSED] - takeFullPageScreenshot(): Taking screenshot successfully

2024-07-17 09:42:37 - [MESSAGE][INFO] - 0 hidden object(s)

2024-07-17 09:42:37 - [MESSAGE][PASSED] - Taking screenshot successfully
[[ATTACHMENT|C:\\Users\\PTI\\Katalon Studio\\Testing-2-master\\Reports\\20240717_093915\\Test Kontrak Harga Satuan\\20240717_093915\\1721184156142.png]]

2024-07-17 09:42:37 - [TEST_STEP][PASSED] - enhancedClick(findTestObject("Object Repository/Test Edit Daftar Kontra Payung/Page_FinUP (Financial Integrated Applicatio_e626e9/a_Kontrak Harga Satuan")): Object: 'Object Repository/Test Edit Daftar Kontra Payung/Page_FinUP (Financial Integrated Applicatio_e626e9/a_Kontrak Harga Satuan' is clicked on

2024-07-17 09:42:38 - [MESSAGE][PASSED] - Object: 'Object Repository/Test Edit Daftar Kontra Payung/Page_FinUP (Financial Integrated Applicatio_e626e9/a_Kontrak Harga Satuan' is clicked on

2024-07-17 09:42:38 - [TEST_STEP][PASSED] - takeFullPageScreenshot(): Taking screenshot successfully

2024-07-17 09:42:38 - [MESSAGE][INFO] - 0 hidden object(s)

2024-07-17 09:42:38 - [MESSAGE][PASSED] - Taking screenshot successfully
[[ATTACHMENT|C:\\Users\\PTI\\Katalon Studio\\Testing-2-master\\Reports\\20240717_093915\\Test Kontrak Harga Satuan\\20240717_093915\\1721184158166.png]]

2024-07-17 09:42:38 - [TEST_STEP][PASSED] - enhancedClick(findTestObject("Object Repository/Test Edit Daftar Kontra Payung/Page_FinUP (Financial Integrated Applicatio_e626e9/td")): Object: 'Object Repository/Test Edit Daftar Kontra Payung/Page_FinUP (Financial Integrated Applicatio_e626e9/td' is clicked on

2024-07-17 09:42:39 - [MESSAGE][PASSED] - Object: 'Object Repository/Test Edit Daftar Kontra Payung/Page_FinUP (Financial Integrated Applicatio_e626e9/td' is clicked on

2024-07-17 09:42:39 - [TEST_STEP][PASSED] - takeFullPageScreenshot(): Taking screenshot successfully

2024-07-17 09:42:39 - [MESSAGE][INFO] - 0 hidden object(s)

2024-07-17 09:42:40 - [MESSAGE][PASSED] - Taking screenshot successfully
[[ATTACHMENT|C:\\Users\\PTI\\Katalon Studio\\Testing-2-master\\Reports\\20240717_093915\\Test Kontrak Harga Satuan\\20240717_093915\\1721184159466.png]]

2024-07-17 09:42:40 - [TEST_STEP][PASSED] - click(findTestObject("Object Repository/Test Edit Daftar Kontra Payung/Page_FinUP (Financial Integrated Applicatio_e626e9/button_Edit")): Object: 'Object Repository/Test Edit Daftar Kontra Payung/Page_FinUP (Financial Integrated Applicatio_e626e9/button_Edit' is clicked on

2024-07-17 09:42:40 - [MESSAGE][PASSED] - Object: 'Object Repository/Test Edit Daftar Kontra Payung/Page_FinUP (Financial Integrated Applicatio_e626e9/button_Edit' is clicked on

2024-07-17 09:42:40 - [TEST_STEP][PASSED] - takeFullPageScreenshot(): Taking screenshot successfully

2024-07-17 09:42:41 - [MESSAGE][INFO] - 0 hidden object(s)

2024-07-17 09:42:41 - [MESSAGE][PASSED] - Taking screenshot successfully
[[ATTACHMENT|C:\\Users\\PTI\\Katalon Studio\\Testing-2-master\\Reports\\20240717_093915\\Test Kontrak Harga Satuan\\20240717_093915\\1721184160483.png]]

2024-07-17 09:42:41 - [TEST_STEP][PASSED] - setText(findTestObject("Object Repository/Test Edit Daftar Kontra Payung/Page_FinUP (Financial Integrated Applicatio_e626e9/input_No PJB_text-sm text-color p-2 border-_38856d"), "Test"): Text 'Test' is set on object 'Object Repository/Test Edit Daftar Kontra Payung/Page_FinUP (Financial Integrated Applicatio_e626e9/input_No PJB_text-sm text-color p-2 border-_38856d'

2024-07-17 09:42:42 - [MESSAGE][PASSED] - Text 'Test' is set on object 'Object Repository/Test Edit Daftar Kontra Payung/Page_FinUP (Financial Integrated Applicatio_e626e9/input_No PJB_text-sm text-color p-2 border-_38856d'

2024-07-17 09:42:42 - [TEST_STEP][PASSED] - takeFullPageScreenshot(): Taking screenshot successfully

2024-07-17 09:42:42 - [MESSAGE][INFO] - 0 hidden object(s)

2024-07-17 09:42:42 - [MESSAGE][PASSED] - Taking screenshot successfully
[[ATTACHMENT|C:\\Users\\PTI\\Katalon Studio\\Testing-2-master\\Reports\\20240717_093915\\Test Kontrak Harga Satuan\\20240717_093915\\1721184162090.png]]

2024-07-17 09:42:42 - [TEST_STEP][PASSED] - setText(findTestObject("Object Repository/Test Edit Daftar Kontra Payung/Page_FinUP (Financial Integrated Applicatio_e626e9/input_Limit Kuota_integeronly"), "2"): Text '2' is set on object 'Object Repository/Test Edit Daftar Kontra Payung/Page_FinUP (Financial Integrated Applicatio_e626e9/input_Limit Kuota_integeronly'

2024-07-17 09:42:43 - [MESSAGE][PASSED] - Text '2' is set on object 'Object Repository/Test Edit Daftar Kontra Payung/Page_FinUP (Financial Integrated Applicatio_e626e9/input_Limit Kuota_integeronly'

2024-07-17 09:42:43 - [TEST_STEP][PASSED] - takeFullPageScreenshot(): Taking screenshot successfully

2024-07-17 09:42:43 - [MESSAGE][INFO] - 0 hidden object(s)

2024-07-17 09:42:43 - [MESSAGE][PASSED] - Taking screenshot successfully
[[ATTACHMENT|C:\\Users\\PTI\\Katalon Studio\\Testing-2-master\\Reports\\20240717_093915\\Test Kontrak Harga Satuan\\20240717_093915\\1721184163471.png]]

2024-07-17 09:42:43 - [TEST_STEP][PASSED] - click(findTestObject("Object Repository/Test Edit Daftar Kontra Payung/Page_FinUP (Financial Integrated Applicatio_e626e9/input_Limit Kuota_integeronly")): Object: 'Object Repository/Test Edit Daftar Kontra Payung/Page_FinUP (Financial Integrated Applicatio_e626e9/input_Limit Kuota_integeronly' is clicked on

2024-07-17 09:42:44 - [MESSAGE][PASSED] - Object: 'Object Repository/Test Edit Daftar Kontra Payung/Page_FinUP (Financial Integrated Applicatio_e626e9/input_Limit Kuota_integeronly' is clicked on

2024-07-17 09:42:44 - [TEST_STEP][PASSED] - takeFullPageScreenshot(): Taking screenshot successfully

2024-07-17 09:42:44 - [MESSAGE][INFO] - 0 hidden object(s)

2024-07-17 09:42:44 - [MESSAGE][PASSED] - Taking screenshot successfully
[[ATTACHMENT|C:\\Users\\PTI\\Katalon Studio\\Testing-2-master\\Reports\\20240717_093915\\Test Kontrak Harga Satuan\\20240717_093915\\1721184164413.png]]

2024-07-17 09:42:44 - [TEST_STEP][PASSED] - click(findTestObject("Object Repository/Test Edit Daftar Kontra Payung/Page_FinUP (Financial Integrated Applicatio_e626e9/button_Simpan")): Object: 'Object Repository/Test Edit Daftar Kontra Payung/Page_FinUP (Financial Integrated Applicatio_e626e9/button_Simpan' is clicked on

2024-07-17 09:42:45 - [MESSAGE][PASSED] - Object: 'Object Repository/Test Edit Daftar Kontra Payung/Page_FinUP (Financial Integrated Applicatio_e626e9/button_Simpan' is clicked on

2024-07-17 09:42:45 - [TEST_STEP][PASSED] - takeFullPageScreenshot(): Taking screenshot successfully

2024-07-17 09:42:45 - [MESSAGE][INFO] - 0 hidden object(s)

2024-07-17 09:42:45 - [MESSAGE][PASSED] - Taking screenshot successfully
[[ATTACHMENT|C:\\Users\\PTI\\Katalon Studio\\Testing-2-master\\Reports\\20240717_093915\\Test Kontrak Harga Satuan\\20240717_093915\\1721184165364.png]]

2024-07-17 09:42:45 - [TEST_STEP][PASSED] - click(findTestObject("Object Repository/Test Edit Daftar Kontra Payung/Page_FinUP (Financial Integrated Applicatio_e626e9/button_Simpan dan Keluar")): Object: 'Object Repository/Test Edit Daftar Kontra Payung/Page_FinUP (Financial Integrated Applicatio_e626e9/button_Simpan dan Keluar' is clicked on

2024-07-17 09:42:46 - [MESSAGE][PASSED] - Object: 'Object Repository/Test Edit Daftar Kontra Payung/Page_FinUP (Financial Integrated Applicatio_e626e9/button_Simpan dan Keluar' is clicked on

2024-07-17 09:42:46 - [TEST_STEP][PASSED] - takeFullPageScreenshot(): Taking screenshot successfully

2024-07-17 09:42:46 - [MESSAGE][INFO] - 0 hidden object(s)

2024-07-17 09:42:46 - [MESSAGE][PASSED] - Taking screenshot successfully
[[ATTACHMENT|C:\\Users\\PTI\\Katalon Studio\\Testing-2-master\\Reports\\20240717_093915\\Test Kontrak Harga Satuan\\20240717_093915\\1721184166275.png]]]]></system-out>
         <system-err><![CDATA[]]></system-err>
      </testcase>
      <testcase name="Test Cases/Form Kontrak Payung/Test Hapus Daftar Kontrak Payung" time="56.373" classname="Test Cases/Form Kontrak Payung/Test Hapus Daftar Kontrak Payung" status="PASSED">
         <system-out><![CDATA[2024-07-17 09:42:46 - [TEST_CASE][PASSED] - Test Cases/Form Kontrak Payung/Test Hapus Daftar Kontrak Payung: Test Cases/Form Kontrak Payung/Test Hapus Daftar Kontrak Payung

2024-07-17 09:42:47 - [TEST_STEP][PASSED] - openBrowser(""): Browser is opened with url: ''

2024-07-17 09:42:47 - [MESSAGE][WARNING] - A browser is already opened. Closing browser and opening a new one

2024-07-17 09:42:48 - [MESSAGE][INFO] - Starting 'Chrome' driver

2024-07-17 09:42:48 - [MESSAGE][INFO] - Action delay is set to 0 milliseconds

2024-07-17 09:42:51 - [MESSAGE][PASSED] - Browser is opened with url: ''

2024-07-17 09:42:51 - [TEST_STEP][PASSED] - navigateToUrl("http://10.7.1.169/"): Navigate to 'http://10.7.1.169/' successfully

2024-07-17 09:42:52 - [MESSAGE][PASSED] - Navigate to 'http://10.7.1.169/' successfully

2024-07-17 09:42:52 - [TEST_STEP][PASSED] - setText(findTestObject("Object Repository/Test Hapus Daftar Kontrak Payung/Page_FinUP (Financial Integrated Applicatio_e626e9/input_Financial Integrated Applications - N_61d5e8"), "admin"): Text 'admin' is set on object 'Object Repository/Test Hapus Daftar Kontrak Payung/Page_FinUP (Financial Integrated Applicatio_e626e9/input_Financial Integrated Applications - N_61d5e8'

2024-07-17 09:42:53 - [MESSAGE][PASSED] - Text 'admin' is set on object 'Object Repository/Test Hapus Daftar Kontrak Payung/Page_FinUP (Financial Integrated Applicatio_e626e9/input_Financial Integrated Applications - N_61d5e8'

2024-07-17 09:42:53 - [TEST_STEP][PASSED] - takeFullPageScreenshot(): Taking screenshot successfully

2024-07-17 09:42:54 - [MESSAGE][INFO] - 0 hidden object(s)

2024-07-17 09:42:54 - [MESSAGE][PASSED] - Taking screenshot successfully
[[ATTACHMENT|C:\\Users\\PTI\\Katalon Studio\\Testing-2-master\\Reports\\20240717_093915\\Test Kontrak Harga Satuan\\20240717_093915\\1721184173689.png]]

2024-07-17 09:42:54 - [TEST_STEP][PASSED] - setEncryptedText(findTestObject("Object Repository/Test Hapus Daftar Kontrak Payung/Page_FinUP (Financial Integrated Applicatio_e626e9/input_Financial Integrated Applications - N_61d5e8_1"), "RAIVpflpDOg="): Text ****** has been set on object 'Object Repository/Test Hapus Daftar Kontrak Payung/Page_FinUP (Financial Integrated Applicatio_e626e9/input_Financial Integrated Applications - N_61d5e8_1'

2024-07-17 09:42:54 - [MESSAGE][PASSED] - Text ****** has been set on object 'Object Repository/Test Hapus Daftar Kontrak Payung/Page_FinUP (Financial Integrated Applicatio_e626e9/input_Financial Integrated Applications - N_61d5e8_1'

2024-07-17 09:42:54 - [TEST_STEP][PASSED] - takeFullPageScreenshot(): Taking screenshot successfully

2024-07-17 09:42:55 - [MESSAGE][INFO] - 0 hidden object(s)

2024-07-17 09:42:55 - [MESSAGE][PASSED] - Taking screenshot successfully
[[ATTACHMENT|C:\\Users\\PTI\\Katalon Studio\\Testing-2-master\\Reports\\20240717_093915\\Test Kontrak Harga Satuan\\20240717_093915\\1721184174699.png]]

2024-07-17 09:42:55 - [TEST_STEP][PASSED] - enhancedClick(findTestObject("Object Repository/Test Hapus Daftar Kontrak Payung/Page_FinUP (Financial Integrated Applicatio_e626e9/span_Sign In_p-ink p-ink-active")): Object: 'Object Repository/Test Hapus Daftar Kontrak Payung/Page_FinUP (Financial Integrated Applicatio_e626e9/span_Sign In_p-ink p-ink-active' is clicked on

2024-07-17 09:43:26 - [MESSAGE][PASSED] - Object: 'Object Repository/Test Hapus Daftar Kontrak Payung/Page_FinUP (Financial Integrated Applicatio_e626e9/span_Sign In_p-ink p-ink-active' is clicked on

2024-07-17 09:43:26 - [TEST_STEP][PASSED] - delay(10): Delayed 10 second(s)

2024-07-17 09:43:36 - [MESSAGE][PASSED] - Delayed 10 second(s)

2024-07-17 09:43:36 - [TEST_STEP][PASSED] - takeFullPageScreenshot(): Taking screenshot successfully

2024-07-17 09:43:36 - [MESSAGE][INFO] - 0 hidden object(s)

2024-07-17 09:43:37 - [MESSAGE][PASSED] - Taking screenshot successfully
[[ATTACHMENT|C:\\Users\\PTI\\Katalon Studio\\Testing-2-master\\Reports\\20240717_093915\\Test Kontrak Harga Satuan\\20240717_093915\\1721184216099.png]]

2024-07-17 09:43:37 - [TEST_STEP][PASSED] - click(findTestObject("Object Repository/Test Hapus Daftar Kontrak Payung/Page_FinUP (Financial Integrated Applicatio_e626e9/div_Contract Management")): Object: 'Object Repository/Test Hapus Daftar Kontrak Payung/Page_FinUP (Financial Integrated Applicatio_e626e9/div_Contract Management' is clicked on

2024-07-17 09:43:37 - [MESSAGE][PASSED] - Object: 'Object Repository/Test Hapus Daftar Kontrak Payung/Page_FinUP (Financial Integrated Applicatio_e626e9/div_Contract Management' is clicked on

2024-07-17 09:43:37 - [TEST_STEP][PASSED] - takeFullPageScreenshot(): Taking screenshot successfully

2024-07-17 09:43:38 - [MESSAGE][INFO] - 0 hidden object(s)

2024-07-17 09:43:38 - [MESSAGE][PASSED] - Taking screenshot successfully
[[ATTACHMENT|C:\\Users\\PTI\\Katalon Studio\\Testing-2-master\\Reports\\20240717_093915\\Test Kontrak Harga Satuan\\20240717_093915\\1721184217500.png]]

2024-07-17 09:43:38 - [TEST_STEP][PASSED] - enhancedClick(findTestObject("Object Repository/Test Hapus Daftar Kontrak Payung/Page_FinUP (Financial Integrated Applicatio_e626e9/a_Kontrak Harga Satuan")): Object: 'Object Repository/Test Hapus Daftar Kontrak Payung/Page_FinUP (Financial Integrated Applicatio_e626e9/a_Kontrak Harga Satuan' is clicked on

2024-07-17 09:43:39 - [MESSAGE][PASSED] - Object: 'Object Repository/Test Hapus Daftar Kontrak Payung/Page_FinUP (Financial Integrated Applicatio_e626e9/a_Kontrak Harga Satuan' is clicked on

2024-07-17 09:43:39 - [TEST_STEP][PASSED] - takeFullPageScreenshot(): Taking screenshot successfully

2024-07-17 09:43:39 - [MESSAGE][INFO] - 0 hidden object(s)

2024-07-17 09:43:39 - [MESSAGE][PASSED] - Taking screenshot successfully
[[ATTACHMENT|C:\\Users\\PTI\\Katalon Studio\\Testing-2-master\\Reports\\20240717_093915\\Test Kontrak Harga Satuan\\20240717_093915\\1721184219211.png]]

2024-07-17 09:43:39 - [TEST_STEP][PASSED] - enhancedClick(findTestObject("Object Repository/Test Hapus Daftar Kontrak Payung/Page_FinUP (Financial Integrated Applicatio_e626e9/td")): Object: 'Object Repository/Test Hapus Daftar Kontrak Payung/Page_FinUP (Financial Integrated Applicatio_e626e9/td' is clicked on

2024-07-17 09:43:40 - [MESSAGE][PASSED] - Object: 'Object Repository/Test Hapus Daftar Kontrak Payung/Page_FinUP (Financial Integrated Applicatio_e626e9/td' is clicked on

2024-07-17 09:43:40 - [TEST_STEP][PASSED] - takeFullPageScreenshot(): Taking screenshot successfully

2024-07-17 09:43:41 - [MESSAGE][INFO] - 0 hidden object(s)

2024-07-17 09:43:41 - [MESSAGE][PASSED] - Taking screenshot successfully
[[ATTACHMENT|C:\\Users\\PTI\\Katalon Studio\\Testing-2-master\\Reports\\20240717_093915\\Test Kontrak Harga Satuan\\20240717_093915\\1721184220738.png]]

2024-07-17 09:43:41 - [TEST_STEP][PASSED] - click(findTestObject("Object Repository/Test Hapus Daftar Kontrak Payung/Page_FinUP (Financial Integrated Applicatio_e626e9/button_Hapus")): Object: 'Object Repository/Test Hapus Daftar Kontrak Payung/Page_FinUP (Financial Integrated Applicatio_e626e9/button_Hapus' is clicked on

2024-07-17 09:43:41 - [MESSAGE][PASSED] - Object: 'Object Repository/Test Hapus Daftar Kontrak Payung/Page_FinUP (Financial Integrated Applicatio_e626e9/button_Hapus' is clicked on

2024-07-17 09:43:41 - [TEST_STEP][PASSED] - takeFullPageScreenshot(): Taking screenshot successfully

2024-07-17 09:43:42 - [MESSAGE][INFO] - 0 hidden object(s)

2024-07-17 09:43:42 - [MESSAGE][PASSED] - Taking screenshot successfully
[[ATTACHMENT|C:\\Users\\PTI\\Katalon Studio\\Testing-2-master\\Reports\\20240717_093915\\Test Kontrak Harga Satuan\\20240717_093915\\1721184221698.png]]

2024-07-17 09:43:42 - [TEST_STEP][PASSED] - click(findTestObject("Object Repository/Test Hapus Daftar Kontrak Payung/Page_FinUP (Financial Integrated Applicatio_e626e9/button_Yes")): Object: 'Object Repository/Test Hapus Daftar Kontrak Payung/Page_FinUP (Financial Integrated Applicatio_e626e9/button_Yes' is clicked on

2024-07-17 09:43:42 - [MESSAGE][PASSED] - Object: 'Object Repository/Test Hapus Daftar Kontrak Payung/Page_FinUP (Financial Integrated Applicatio_e626e9/button_Yes' is clicked on

2024-07-17 09:43:42 - [TEST_STEP][PASSED] - takeFullPageScreenshot(): Taking screenshot successfully

2024-07-17 09:43:43 - [MESSAGE][INFO] - 0 hidden object(s)

2024-07-17 09:43:43 - [MESSAGE][PASSED] - Taking screenshot successfully
[[ATTACHMENT|C:\\Users\\PTI\\Katalon Studio\\Testing-2-master\\Reports\\20240717_093915\\Test Kontrak Harga Satuan\\20240717_093915\\1721184222707.png]]]]></system-out>
         <system-err><![CDATA[]]></system-err>
      </testcase>
      <testcase name="Test Cases/Form Direksi/Test Tambah Daftar Direksi Pekerjaan (Form Kontrak Harga Satuan)" time="61.54" classname="Test Cases/Form Direksi/Test Tambah Daftar Direksi Pekerjaan (Form Kontrak Harga Satuan)" status="PASSED">
         <system-out><![CDATA[2024-07-17 09:43:43 - [TEST_CASE][PASSED] - Test Cases/Form Direksi/Test Tambah Daftar Direksi Pekerjaan (Form Kontrak Harga Satuan): Test Cases/Form Direksi/Test Tambah Daftar Direksi Pekerjaan (Form Kontrak Harga Satuan)

2024-07-17 09:43:43 - [TEST_STEP][PASSED] - openBrowser(""): Browser is opened with url: ''

2024-07-17 09:43:43 - [MESSAGE][WARNING] - A browser is already opened. Closing browser and opening a new one

2024-07-17 09:43:44 - [MESSAGE][INFO] - Starting 'Chrome' driver

2024-07-17 09:43:44 - [MESSAGE][INFO] - Action delay is set to 0 milliseconds

2024-07-17 09:43:46 - [MESSAGE][PASSED] - Browser is opened with url: ''

2024-07-17 09:43:46 - [TEST_STEP][PASSED] - navigateToUrl("http://10.7.1.169/"): Navigate to 'http://10.7.1.169/' successfully

2024-07-17 09:43:49 - [MESSAGE][PASSED] - Navigate to 'http://10.7.1.169/' successfully

2024-07-17 09:43:49 - [TEST_STEP][PASSED] - setText(findTestObject("Object Repository/Test Tambah Daftar Direksi Pekerjaan (Form Kontrak Harga Satuan)/Page_FinUP (Financial Integrated Applicatio_e626e9/input_Financial Integrated Applications - N_61d5e8"), "admin"): Text 'admin' is set on object 'Object Repository/Test Tambah Daftar Direksi Pekerjaan (Form Kontrak Harga Satuan)/Page_FinUP (Financial Integrated Applicatio_e626e9/input_Financial Integrated Applications - N_61d5e8'

2024-07-17 09:43:50 - [MESSAGE][PASSED] - Text 'admin' is set on object 'Object Repository/Test Tambah Daftar Direksi Pekerjaan (Form Kontrak Harga Satuan)/Page_FinUP (Financial Integrated Applicatio_e626e9/input_Financial Integrated Applications - N_61d5e8'

2024-07-17 09:43:50 - [TEST_STEP][PASSED] - takeFullPageScreenshot(): Taking screenshot successfully

2024-07-17 09:43:51 - [MESSAGE][INFO] - 0 hidden object(s)

2024-07-17 09:43:51 - [MESSAGE][PASSED] - Taking screenshot successfully
[[ATTACHMENT|C:\\Users\\PTI\\Katalon Studio\\Testing-2-master\\Reports\\20240717_093915\\Test Kontrak Harga Satuan\\20240717_093915\\1721184230452.png]]

2024-07-17 09:43:51 - [TEST_STEP][PASSED] - setEncryptedText(findTestObject("Object Repository/Test Tambah Daftar Direksi Pekerjaan (Form Kontrak Harga Satuan)/Page_FinUP (Financial Integrated Applicatio_e626e9/input_Financial Integrated Applications - N_61d5e8_1"), "RAIVpflpDOg="): Text ****** has been set on object 'Object Repository/Test Tambah Daftar Direksi Pekerjaan (Form Kontrak Harga Satuan)/Page_FinUP (Financial Integrated Applicatio_e626e9/input_Financial Integrated Applications - N_61d5e8_1'

2024-07-17 09:43:52 - [MESSAGE][PASSED] - Text ****** has been set on object 'Object Repository/Test Tambah Daftar Direksi Pekerjaan (Form Kontrak Harga Satuan)/Page_FinUP (Financial Integrated Applicatio_e626e9/input_Financial Integrated Applications - N_61d5e8_1'

2024-07-17 09:43:52 - [TEST_STEP][PASSED] - takeFullPageScreenshot(): Taking screenshot successfully

2024-07-17 09:43:52 - [MESSAGE][INFO] - 0 hidden object(s)

2024-07-17 09:43:53 - [MESSAGE][PASSED] - Taking screenshot successfully
[[ATTACHMENT|C:\\Users\\PTI\\Katalon Studio\\Testing-2-master\\Reports\\20240717_093915\\Test Kontrak Harga Satuan\\20240717_093915\\1721184232218.png]]

2024-07-17 09:43:53 - [TEST_STEP][PASSED] - enhancedClick(findTestObject("Object Repository/Test Tambah Daftar Direksi Pekerjaan (Form Kontrak Harga Satuan)/Page_FinUP (Financial Integrated Applicatio_e626e9/span_Sign In_p-ink p-ink-active")): Object: 'Object Repository/Test Tambah Daftar Direksi Pekerjaan (Form Kontrak Harga Satuan)/Page_FinUP (Financial Integrated Applicatio_e626e9/span_Sign In_p-ink p-ink-active' is clicked on

2024-07-17 09:44:24 - [MESSAGE][PASSED] - Object: 'Object Repository/Test Tambah Daftar Direksi Pekerjaan (Form Kontrak Harga Satuan)/Page_FinUP (Financial Integrated Applicatio_e626e9/span_Sign In_p-ink p-ink-active' is clicked on

2024-07-17 09:44:24 - [TEST_STEP][PASSED] - delay(10): Delayed 10 second(s)

2024-07-17 09:44:34 - [MESSAGE][PASSED] - Delayed 10 second(s)

2024-07-17 09:44:34 - [TEST_STEP][PASSED] - takeFullPageScreenshot(): Taking screenshot successfully

2024-07-17 09:44:34 - [MESSAGE][INFO] - 0 hidden object(s)

2024-07-17 09:44:34 - [MESSAGE][PASSED] - Taking screenshot successfully
[[ATTACHMENT|C:\\Users\\PTI\\Katalon Studio\\Testing-2-master\\Reports\\20240717_093915\\Test Kontrak Harga Satuan\\20240717_093915\\1721184274072.png]]

2024-07-17 09:44:34 - [TEST_STEP][PASSED] - click(findTestObject("Object Repository/Test Tambah Daftar Direksi Pekerjaan (Form Kontrak Harga Satuan)/Page_FinUP (Financial Integrated Applicatio_e626e9/div_Contract Management")): Object: 'Object Repository/Test Tambah Daftar Direksi Pekerjaan (Form Kontrak Harga Satuan)/Page_FinUP (Financial Integrated Applicatio_e626e9/div_Contract Management' is clicked on

2024-07-17 09:44:35 - [MESSAGE][PASSED] - Object: 'Object Repository/Test Tambah Daftar Direksi Pekerjaan (Form Kontrak Harga Satuan)/Page_FinUP (Financial Integrated Applicatio_e626e9/div_Contract Management' is clicked on

2024-07-17 09:44:35 - [TEST_STEP][PASSED] - takeFullPageScreenshot(): Taking screenshot successfully

2024-07-17 09:44:36 - [MESSAGE][INFO] - 0 hidden object(s)

2024-07-17 09:44:37 - [MESSAGE][PASSED] - Taking screenshot successfully
[[ATTACHMENT|C:\\Users\\PTI\\Katalon Studio\\Testing-2-master\\Reports\\20240717_093915\\Test Kontrak Harga Satuan\\20240717_093915\\1721184275448.png]]

2024-07-17 09:44:37 - [TEST_STEP][PASSED] - enhancedClick(findTestObject("Object Repository/Test Tambah Daftar Direksi Pekerjaan (Form Kontrak Harga Satuan)/Page_FinUP (Financial Integrated Applicatio_e626e9/a_Kontrak Harga Satuan")): Object: 'Object Repository/Test Tambah Daftar Direksi Pekerjaan (Form Kontrak Harga Satuan)/Page_FinUP (Financial Integrated Applicatio_e626e9/a_Kontrak Harga Satuan' is clicked on

2024-07-17 09:44:37 - [MESSAGE][PASSED] - Object: 'Object Repository/Test Tambah Daftar Direksi Pekerjaan (Form Kontrak Harga Satuan)/Page_FinUP (Financial Integrated Applicatio_e626e9/a_Kontrak Harga Satuan' is clicked on

2024-07-17 09:44:37 - [TEST_STEP][PASSED] - takeFullPageScreenshot(): Taking screenshot successfully

2024-07-17 09:44:38 - [MESSAGE][INFO] - 0 hidden object(s)

2024-07-17 09:44:38 - [MESSAGE][PASSED] - Taking screenshot successfully
[[ATTACHMENT|C:\\Users\\PTI\\Katalon Studio\\Testing-2-master\\Reports\\20240717_093915\\Test Kontrak Harga Satuan\\20240717_093915\\1721184277639.png]]

2024-07-17 09:44:38 - [TEST_STEP][PASSED] - enhancedClick(findTestObject("Object Repository/Test Tambah Daftar Direksi Pekerjaan (Form Kontrak Harga Satuan)/Page_FinUP (Financial Integrated Applicatio_e626e9/td_Test")): Object: 'Object Repository/Test Tambah Daftar Direksi Pekerjaan (Form Kontrak Harga Satuan)/Page_FinUP (Financial Integrated Applicatio_e626e9/td_Test' is clicked on

2024-07-17 09:44:38 - [MESSAGE][PASSED] - Object: 'Object Repository/Test Tambah Daftar Direksi Pekerjaan (Form Kontrak Harga Satuan)/Page_FinUP (Financial Integrated Applicatio_e626e9/td_Test' is clicked on

2024-07-17 09:44:38 - [TEST_STEP][PASSED] - takeFullPageScreenshot(): Taking screenshot successfully

2024-07-17 09:44:39 - [MESSAGE][INFO] - 0 hidden object(s)

2024-07-17 09:44:39 - [MESSAGE][PASSED] - Taking screenshot successfully
[[ATTACHMENT|C:\\Users\\PTI\\Katalon Studio\\Testing-2-master\\Reports\\20240717_093915\\Test Kontrak Harga Satuan\\20240717_093915\\1721184278875.png]]

2024-07-17 09:44:39 - [TEST_STEP][PASSED] - click(findTestObject("Object Repository/Test Tambah Daftar Direksi Pekerjaan (Form Kontrak Harga Satuan)/Page_FinUP (Financial Integrated Applicatio_e626e9/button_Edit")): Object: 'Object Repository/Test Tambah Daftar Direksi Pekerjaan (Form Kontrak Harga Satuan)/Page_FinUP (Financial Integrated Applicatio_e626e9/button_Edit' is clicked on

2024-07-17 09:44:39 - [MESSAGE][PASSED] - Object: 'Object Repository/Test Tambah Daftar Direksi Pekerjaan (Form Kontrak Harga Satuan)/Page_FinUP (Financial Integrated Applicatio_e626e9/button_Edit' is clicked on

2024-07-17 09:44:39 - [TEST_STEP][PASSED] - takeFullPageScreenshot(): Taking screenshot successfully

2024-07-17 09:44:40 - [MESSAGE][INFO] - 0 hidden object(s)

2024-07-17 09:44:40 - [MESSAGE][PASSED] - Taking screenshot successfully
[[ATTACHMENT|C:\\Users\\PTI\\Katalon Studio\\Testing-2-master\\Reports\\20240717_093915\\Test Kontrak Harga Satuan\\20240717_093915\\1721184279779.png]]

2024-07-17 09:44:40 - [TEST_STEP][PASSED] - click(findTestObject("Object Repository/Test Tambah Daftar Direksi Pekerjaan (Form Kontrak Harga Satuan)/Page_FinUP (Financial Integrated Applicatio_e626e9/button_Baru")): Object: 'Object Repository/Test Tambah Daftar Direksi Pekerjaan (Form Kontrak Harga Satuan)/Page_FinUP (Financial Integrated Applicatio_e626e9/button_Baru' is clicked on

2024-07-17 09:44:41 - [MESSAGE][PASSED] - Object: 'Object Repository/Test Tambah Daftar Direksi Pekerjaan (Form Kontrak Harga Satuan)/Page_FinUP (Financial Integrated Applicatio_e626e9/button_Baru' is clicked on

2024-07-17 09:44:41 - [TEST_STEP][PASSED] - takeFullPageScreenshot(): Taking screenshot successfully

2024-07-17 09:44:41 - [MESSAGE][INFO] - 0 hidden object(s)

2024-07-17 09:44:41 - [MESSAGE][PASSED] - Taking screenshot successfully
[[ATTACHMENT|C:\\Users\\PTI\\Katalon Studio\\Testing-2-master\\Reports\\20240717_093915\\Test Kontrak Harga Satuan\\20240717_093915\\1721184281157.png]]

2024-07-17 09:44:41 - [TEST_STEP][PASSED] - setText(findTestObject("Object Repository/Test Tambah Daftar Direksi Pekerjaan (Form Kontrak Harga Satuan)/Page_FinUP (Financial Integrated Applicatio_e626e9/input_Direksi Pekerjaan_text-sm text-color _d6e632"), "Test"): Text 'Test' is set on object 'Object Repository/Test Tambah Daftar Direksi Pekerjaan (Form Kontrak Harga Satuan)/Page_FinUP (Financial Integrated Applicatio_e626e9/input_Direksi Pekerjaan_text-sm text-color _d6e632'

2024-07-17 09:44:42 - [MESSAGE][PASSED] - Text 'Test' is set on object 'Object Repository/Test Tambah Daftar Direksi Pekerjaan (Form Kontrak Harga Satuan)/Page_FinUP (Financial Integrated Applicatio_e626e9/input_Direksi Pekerjaan_text-sm text-color _d6e632'

2024-07-17 09:44:42 - [TEST_STEP][PASSED] - takeFullPageScreenshot(): Taking screenshot successfully

2024-07-17 09:44:42 - [MESSAGE][INFO] - 0 hidden object(s)

2024-07-17 09:44:42 - [MESSAGE][PASSED] - Taking screenshot successfully
[[ATTACHMENT|C:\\Users\\PTI\\Katalon Studio\\Testing-2-master\\Reports\\20240717_093915\\Test Kontrak Harga Satuan\\20240717_093915\\1721184282480.png]]

2024-07-17 09:44:42 - [TEST_STEP][PASSED] - click(findTestObject("Object Repository/Test Tambah Daftar Direksi Pekerjaan (Form Kontrak Harga Satuan)/Page_FinUP (Financial Integrated Applicatio_e626e9/button_")): Object: 'Object Repository/Test Tambah Daftar Direksi Pekerjaan (Form Kontrak Harga Satuan)/Page_FinUP (Financial Integrated Applicatio_e626e9/button_' is clicked on

2024-07-17 09:44:43 - [MESSAGE][PASSED] - Object: 'Object Repository/Test Tambah Daftar Direksi Pekerjaan (Form Kontrak Harga Satuan)/Page_FinUP (Financial Integrated Applicatio_e626e9/button_' is clicked on

2024-07-17 09:44:43 - [TEST_STEP][PASSED] - takeFullPageScreenshot(): Taking screenshot successfully

2024-07-17 09:44:43 - [MESSAGE][INFO] - 0 hidden object(s)

2024-07-17 09:44:43 - [MESSAGE][PASSED] - Taking screenshot successfully
[[ATTACHMENT|C:\\Users\\PTI\\Katalon Studio\\Testing-2-master\\Reports\\20240717_093915\\Test Kontrak Harga Satuan\\20240717_093915\\1721184283426.png]]

2024-07-17 09:44:43 - [TEST_STEP][PASSED] - click(findTestObject("Object Repository/Test Tambah Daftar Direksi Pekerjaan (Form Kontrak Harga Satuan)/Page_FinUP (Financial Integrated Applicatio_e626e9/button_Simpan")): Object: 'Object Repository/Test Tambah Daftar Direksi Pekerjaan (Form Kontrak Harga Satuan)/Page_FinUP (Financial Integrated Applicatio_e626e9/button_Simpan' is clicked on

2024-07-17 09:44:44 - [MESSAGE][PASSED] - Object: 'Object Repository/Test Tambah Daftar Direksi Pekerjaan (Form Kontrak Harga Satuan)/Page_FinUP (Financial Integrated Applicatio_e626e9/button_Simpan' is clicked on

2024-07-17 09:44:44 - [TEST_STEP][PASSED] - takeFullPageScreenshot(): Taking screenshot successfully

2024-07-17 09:44:44 - [MESSAGE][INFO] - 0 hidden object(s)

2024-07-17 09:44:44 - [MESSAGE][PASSED] - Taking screenshot successfully
[[ATTACHMENT|C:\\Users\\PTI\\Katalon Studio\\Testing-2-master\\Reports\\20240717_093915\\Test Kontrak Harga Satuan\\20240717_093915\\1721184284295.png]]]]></system-out>
         <system-err><![CDATA[]]></system-err>
      </testcase>
      <testcase name="Test Cases/Form Direksi/Test Edit Daftar Direksi Pekerjaan (Form Kontrak Harga Satuan)" time="59.85" classname="Test Cases/Form Direksi/Test Edit Daftar Direksi Pekerjaan (Form Kontrak Harga Satuan)" status="PASSED">
         <system-out><![CDATA[2024-07-17 09:44:44 - [TEST_CASE][PASSED] - Test Cases/Form Direksi/Test Edit Daftar Direksi Pekerjaan (Form Kontrak Harga Satuan): Test Cases/Form Direksi/Test Edit Daftar Direksi Pekerjaan (Form Kontrak Harga Satuan)

2024-07-17 09:44:45 - [TEST_STEP][PASSED] - openBrowser(""): Browser is opened with url: ''

2024-07-17 09:44:45 - [MESSAGE][WARNING] - A browser is already opened. Closing browser and opening a new one

2024-07-17 09:44:46 - [MESSAGE][INFO] - Starting 'Chrome' driver

2024-07-17 09:44:46 - [MESSAGE][INFO] - Action delay is set to 0 milliseconds

2024-07-17 09:44:48 - [MESSAGE][PASSED] - Browser is opened with url: ''

2024-07-17 09:44:48 - [TEST_STEP][PASSED] - navigateToUrl("http://10.7.1.169/"): Navigate to 'http://10.7.1.169/' successfully

2024-07-17 09:44:50 - [MESSAGE][PASSED] - Navigate to 'http://10.7.1.169/' successfully

2024-07-17 09:44:50 - [TEST_STEP][PASSED] - setText(findTestObject("Object Repository/Test Edit Daftar Direksi Pekerjaan (Form Kontrak Harga Satuan)/Page_FinUP (Financial Integrated Applicatio_e626e9/input_Financial Integrated Applications - N_61d5e8"), "admin"): Text 'admin' is set on object 'Object Repository/Test Edit Daftar Direksi Pekerjaan (Form Kontrak Harga Satuan)/Page_FinUP (Financial Integrated Applicatio_e626e9/input_Financial Integrated Applications - N_61d5e8'

2024-07-17 09:44:51 - [MESSAGE][PASSED] - Text 'admin' is set on object 'Object Repository/Test Edit Daftar Direksi Pekerjaan (Form Kontrak Harga Satuan)/Page_FinUP (Financial Integrated Applicatio_e626e9/input_Financial Integrated Applications - N_61d5e8'

2024-07-17 09:44:51 - [TEST_STEP][PASSED] - takeFullPageScreenshot(): Taking screenshot successfully

2024-07-17 09:44:51 - [MESSAGE][INFO] - 0 hidden object(s)

2024-07-17 09:44:51 - [MESSAGE][PASSED] - Taking screenshot successfully
[[ATTACHMENT|C:\\Users\\PTI\\Katalon Studio\\Testing-2-master\\Reports\\20240717_093915\\Test Kontrak Harga Satuan\\20240717_093915\\1721184291337.png]]

2024-07-17 09:44:51 - [TEST_STEP][PASSED] - setEncryptedText(findTestObject("Object Repository/Test Edit Daftar Direksi Pekerjaan (Form Kontrak Harga Satuan)/Page_FinUP (Financial Integrated Applicatio_e626e9/input_Financial Integrated Applications - N_141562"), "RAIVpflpDOg="): Text ****** has been set on object 'Object Repository/Test Edit Daftar Direksi Pekerjaan (Form Kontrak Harga Satuan)/Page_FinUP (Financial Integrated Applicatio_e626e9/input_Financial Integrated Applications - N_141562'

2024-07-17 09:44:52 - [MESSAGE][PASSED] - Text ****** has been set on object 'Object Repository/Test Edit Daftar Direksi Pekerjaan (Form Kontrak Harga Satuan)/Page_FinUP (Financial Integrated Applicatio_e626e9/input_Financial Integrated Applications - N_141562'

2024-07-17 09:44:52 - [TEST_STEP][PASSED] - takeFullPageScreenshot(): Taking screenshot successfully

2024-07-17 09:44:52 - [MESSAGE][INFO] - 0 hidden object(s)

2024-07-17 09:44:52 - [MESSAGE][PASSED] - Taking screenshot successfully
[[ATTACHMENT|C:\\Users\\PTI\\Katalon Studio\\Testing-2-master\\Reports\\20240717_093915\\Test Kontrak Harga Satuan\\20240717_093915\\1721184292377.png]]

2024-07-17 09:44:52 - [TEST_STEP][PASSED] - enhancedClick(findTestObject("Object Repository/Test Edit Daftar Direksi Pekerjaan (Form Kontrak Harga Satuan)/Page_FinUP (Financial Integrated Applicatio_e626e9/span_Sign In_p-ink p-ink-active")): Object: 'Object Repository/Test Edit Daftar Direksi Pekerjaan (Form Kontrak Harga Satuan)/Page_FinUP (Financial Integrated Applicatio_e626e9/span_Sign In_p-ink p-ink-active' is clicked on

2024-07-17 09:45:24 - [MESSAGE][PASSED] - Object: 'Object Repository/Test Edit Daftar Direksi Pekerjaan (Form Kontrak Harga Satuan)/Page_FinUP (Financial Integrated Applicatio_e626e9/span_Sign In_p-ink p-ink-active' is clicked on

2024-07-17 09:45:24 - [TEST_STEP][PASSED] - delay(10): Delayed 10 second(s)

2024-07-17 09:45:34 - [MESSAGE][PASSED] - Delayed 10 second(s)

2024-07-17 09:45:34 - [TEST_STEP][PASSED] - takeFullPageScreenshot(): Taking screenshot successfully

2024-07-17 09:45:35 - [MESSAGE][INFO] - 0 hidden object(s)

2024-07-17 09:45:35 - [MESSAGE][PASSED] - Taking screenshot successfully
[[ATTACHMENT|C:\\Users\\PTI\\Katalon Studio\\Testing-2-master\\Reports\\20240717_093915\\Test Kontrak Harga Satuan\\20240717_093915\\1721184334515.png]]

2024-07-17 09:45:35 - [TEST_STEP][PASSED] - click(findTestObject("Object Repository/Test Edit Daftar Direksi Pekerjaan (Form Kontrak Harga Satuan)/Page_FinUP (Financial Integrated Applicatio_e626e9/div_Contract Management")): Object: 'Object Repository/Test Edit Daftar Direksi Pekerjaan (Form Kontrak Harga Satuan)/Page_FinUP (Financial Integrated Applicatio_e626e9/div_Contract Management' is clicked on

2024-07-17 09:45:35 - [MESSAGE][PASSED] - Object: 'Object Repository/Test Edit Daftar Direksi Pekerjaan (Form Kontrak Harga Satuan)/Page_FinUP (Financial Integrated Applicatio_e626e9/div_Contract Management' is clicked on

2024-07-17 09:45:35 - [TEST_STEP][PASSED] - takeFullPageScreenshot(): Taking screenshot successfully

2024-07-17 09:45:36 - [MESSAGE][INFO] - 0 hidden object(s)

2024-07-17 09:45:37 - [MESSAGE][PASSED] - Taking screenshot successfully
[[ATTACHMENT|C:\\Users\\PTI\\Katalon Studio\\Testing-2-master\\Reports\\20240717_093915\\Test Kontrak Harga Satuan\\20240717_093915\\1721184335854.png]]

2024-07-17 09:45:37 - [TEST_STEP][PASSED] - enhancedClick(findTestObject("Object Repository/Test Edit Daftar Direksi Pekerjaan (Form Kontrak Harga Satuan)/Page_FinUP (Financial Integrated Applicatio_e626e9/a_Kontrak Harga Satuan")): Object: 'Object Repository/Test Edit Daftar Direksi Pekerjaan (Form Kontrak Harga Satuan)/Page_FinUP (Financial Integrated Applicatio_e626e9/a_Kontrak Harga Satuan' is clicked on

2024-07-17 09:45:37 - [MESSAGE][PASSED] - Object: 'Object Repository/Test Edit Daftar Direksi Pekerjaan (Form Kontrak Harga Satuan)/Page_FinUP (Financial Integrated Applicatio_e626e9/a_Kontrak Harga Satuan' is clicked on

2024-07-17 09:45:37 - [TEST_STEP][PASSED] - takeFullPageScreenshot(): Taking screenshot successfully

2024-07-17 09:45:37 - [MESSAGE][INFO] - 0 hidden object(s)

2024-07-17 09:45:38 - [MESSAGE][PASSED] - Taking screenshot successfully
[[ATTACHMENT|C:\\Users\\PTI\\Katalon Studio\\Testing-2-master\\Reports\\20240717_093915\\Test Kontrak Harga Satuan\\20240717_093915\\1721184337542.png]]

2024-07-17 09:45:38 - [TEST_STEP][PASSED] - enhancedClick(findTestObject("Object Repository/Test Edit Daftar Direksi Pekerjaan (Form Kontrak Harga Satuan)/Page_FinUP (Financial Integrated Applicatio_e626e9/td")): Object: 'Object Repository/Test Edit Daftar Direksi Pekerjaan (Form Kontrak Harga Satuan)/Page_FinUP (Financial Integrated Applicatio_e626e9/td' is clicked on

2024-07-17 09:45:38 - [MESSAGE][PASSED] - Object: 'Object Repository/Test Edit Daftar Direksi Pekerjaan (Form Kontrak Harga Satuan)/Page_FinUP (Financial Integrated Applicatio_e626e9/td' is clicked on

2024-07-17 09:45:38 - [TEST_STEP][PASSED] - takeFullPageScreenshot(): Taking screenshot successfully

2024-07-17 09:45:39 - [MESSAGE][INFO] - 0 hidden object(s)

2024-07-17 09:45:39 - [MESSAGE][PASSED] - Taking screenshot successfully
[[ATTACHMENT|C:\\Users\\PTI\\Katalon Studio\\Testing-2-master\\Reports\\20240717_093915\\Test Kontrak Harga Satuan\\20240717_093915\\1721184338749.png]]

2024-07-17 09:45:39 - [TEST_STEP][PASSED] - click(findTestObject("Object Repository/Test Edit Daftar Direksi Pekerjaan (Form Kontrak Harga Satuan)/Page_FinUP (Financial Integrated Applicatio_e626e9/button_Edit")): Object: 'Object Repository/Test Edit Daftar Direksi Pekerjaan (Form Kontrak Harga Satuan)/Page_FinUP (Financial Integrated Applicatio_e626e9/button_Edit' is clicked on

2024-07-17 09:45:39 - [MESSAGE][PASSED] - Object: 'Object Repository/Test Edit Daftar Direksi Pekerjaan (Form Kontrak Harga Satuan)/Page_FinUP (Financial Integrated Applicatio_e626e9/button_Edit' is clicked on

2024-07-17 09:45:39 - [TEST_STEP][PASSED] - takeFullPageScreenshot(): Taking screenshot successfully

2024-07-17 09:45:40 - [MESSAGE][INFO] - 0 hidden object(s)

2024-07-17 09:45:40 - [MESSAGE][PASSED] - Taking screenshot successfully
[[ATTACHMENT|C:\\Users\\PTI\\Katalon Studio\\Testing-2-master\\Reports\\20240717_093915\\Test Kontrak Harga Satuan\\20240717_093915\\1721184339634.png]]

2024-07-17 09:45:40 - [TEST_STEP][PASSED] - click(findTestObject("Object Repository/Test Edit Daftar Direksi Pekerjaan (Form Kontrak Harga Satuan)/Page_FinUP (Financial Integrated Applicatio_e626e9/button_")): Object: 'Object Repository/Test Edit Daftar Direksi Pekerjaan (Form Kontrak Harga Satuan)/Page_FinUP (Financial Integrated Applicatio_e626e9/button_' is clicked on

2024-07-17 09:45:40 - [MESSAGE][PASSED] - Object: 'Object Repository/Test Edit Daftar Direksi Pekerjaan (Form Kontrak Harga Satuan)/Page_FinUP (Financial Integrated Applicatio_e626e9/button_' is clicked on

2024-07-17 09:45:40 - [TEST_STEP][PASSED] - takeFullPageScreenshot(): Taking screenshot successfully

2024-07-17 09:45:41 - [MESSAGE][INFO] - 0 hidden object(s)

2024-07-17 09:45:41 - [MESSAGE][PASSED] - Taking screenshot successfully
[[ATTACHMENT|C:\\Users\\PTI\\Katalon Studio\\Testing-2-master\\Reports\\20240717_093915\\Test Kontrak Harga Satuan\\20240717_093915\\1721184340784.png]]

2024-07-17 09:45:41 - [TEST_STEP][PASSED] - setText(findTestObject("Object Repository/Test Edit Daftar Direksi Pekerjaan (Form Kontrak Harga Satuan)/Page_FinUP (Financial Integrated Applicatio_e626e9/input_Direksi Pekerjaan_text-sm text-color _ecc456"), "Test Direksi Pekerjaan"): Text 'Test Direksi Pekerjaan' is set on object 'Object Repository/Test Edit Daftar Direksi Pekerjaan (Form Kontrak Harga Satuan)/Page_FinUP (Financial Integrated Applicatio_e626e9/input_Direksi Pekerjaan_text-sm text-color _ecc456'

2024-07-17 09:45:42 - [MESSAGE][PASSED] - Text 'Test Direksi Pekerjaan' is set on object 'Object Repository/Test Edit Daftar Direksi Pekerjaan (Form Kontrak Harga Satuan)/Page_FinUP (Financial Integrated Applicatio_e626e9/input_Direksi Pekerjaan_text-sm text-color _ecc456'

2024-07-17 09:45:42 - [TEST_STEP][PASSED] - takeFullPageScreenshot(): Taking screenshot successfully

2024-07-17 09:45:42 - [MESSAGE][INFO] - 0 hidden object(s)

2024-07-17 09:45:42 - [MESSAGE][PASSED] - Taking screenshot successfully
[[ATTACHMENT|C:\\Users\\PTI\\Katalon Studio\\Testing-2-master\\Reports\\20240717_093915\\Test Kontrak Harga Satuan\\20240717_093915\\1721184342252.png]]

2024-07-17 09:45:42 - [TEST_STEP][PASSED] - click(findTestObject("Object Repository/Test Edit Daftar Direksi Pekerjaan (Form Kontrak Harga Satuan)/Page_FinUP (Financial Integrated Applicatio_e626e9/button_")): Object: 'Object Repository/Test Edit Daftar Direksi Pekerjaan (Form Kontrak Harga Satuan)/Page_FinUP (Financial Integrated Applicatio_e626e9/button_' is clicked on

2024-07-17 09:45:43 - [MESSAGE][PASSED] - Object: 'Object Repository/Test Edit Daftar Direksi Pekerjaan (Form Kontrak Harga Satuan)/Page_FinUP (Financial Integrated Applicatio_e626e9/button_' is clicked on

2024-07-17 09:45:43 - [TEST_STEP][PASSED] - takeFullPageScreenshot(): Taking screenshot successfully

2024-07-17 09:45:43 - [MESSAGE][INFO] - 0 hidden object(s)

2024-07-17 09:45:43 - [MESSAGE][PASSED] - Taking screenshot successfully
[[ATTACHMENT|C:\\Users\\PTI\\Katalon Studio\\Testing-2-master\\Reports\\20240717_093915\\Test Kontrak Harga Satuan\\20240717_093915\\1721184343225.png]]

2024-07-17 09:45:43 - [TEST_STEP][PASSED] - click(findTestObject("Object Repository/Test Edit Daftar Direksi Pekerjaan (Form Kontrak Harga Satuan)/Page_FinUP (Financial Integrated Applicatio_e626e9/button_Simpan")): Object: 'Object Repository/Test Edit Daftar Direksi Pekerjaan (Form Kontrak Harga Satuan)/Page_FinUP (Financial Integrated Applicatio_e626e9/button_Simpan' is clicked on

2024-07-17 09:45:44 - [MESSAGE][PASSED] - Object: 'Object Repository/Test Edit Daftar Direksi Pekerjaan (Form Kontrak Harga Satuan)/Page_FinUP (Financial Integrated Applicatio_e626e9/button_Simpan' is clicked on

2024-07-17 09:45:44 - [TEST_STEP][PASSED] - takeFullPageScreenshot(): Taking screenshot successfully

2024-07-17 09:45:44 - [MESSAGE][INFO] - 0 hidden object(s)

2024-07-17 09:45:44 - [MESSAGE][PASSED] - Taking screenshot successfully
[[ATTACHMENT|C:\\Users\\PTI\\Katalon Studio\\Testing-2-master\\Reports\\20240717_093915\\Test Kontrak Harga Satuan\\20240717_093915\\1721184344168.png]]]]></system-out>
         <system-err><![CDATA[]]></system-err>
      </testcase>
      <testcase name="Test Cases/Form Direksi/Test Hapus Daftar Direksi Pekerjaan (Form Kontrak Harga Satuan)" time="49.748" classname="Test Cases/Form Direksi/Test Hapus Daftar Direksi Pekerjaan (Form Kontrak Harga Satuan)" status="PASSED">
         <system-out><![CDATA[2024-07-17 09:45:44 - [TEST_CASE][PASSED] - Test Cases/Form Direksi/Test Hapus Daftar Direksi Pekerjaan (Form Kontrak Harga Satuan): Test Cases/Form Direksi/Test Hapus Daftar Direksi Pekerjaan (Form Kontrak Harga Satuan)

2024-07-17 09:45:45 - [TEST_STEP][PASSED] - openBrowser(""): Browser is opened with url: ''

2024-07-17 09:45:45 - [MESSAGE][WARNING] - A browser is already opened. Closing browser and opening a new one

2024-07-17 09:45:46 - [MESSAGE][INFO] - Starting 'Chrome' driver

2024-07-17 09:45:46 - [MESSAGE][INFO] - Action delay is set to 0 milliseconds

2024-07-17 09:45:47 - [MESSAGE][PASSED] - Browser is opened with url: ''

2024-07-17 09:45:47 - [TEST_STEP][PASSED] - navigateToUrl("http://10.7.1.169/"): Navigate to 'http://10.7.1.169/' successfully

2024-07-17 09:45:49 - [MESSAGE][PASSED] - Navigate to 'http://10.7.1.169/' successfully

2024-07-17 09:45:49 - [TEST_STEP][PASSED] - setText(findTestObject("Object Repository/Test Hapus Daftar Direksi Pekerjaan (Form Kontrak Harga Satuan)/Page_FinUP (Financial Integrated Applicatio_e626e9/input_Financial Integrated Applications - N_61d5e8"), "admin"): Text 'admin' is set on object 'Object Repository/Test Hapus Daftar Direksi Pekerjaan (Form Kontrak Harga Satuan)/Page_FinUP (Financial Integrated Applicatio_e626e9/input_Financial Integrated Applications - N_61d5e8'

2024-07-17 09:45:51 - [MESSAGE][PASSED] - Text 'admin' is set on object 'Object Repository/Test Hapus Daftar Direksi Pekerjaan (Form Kontrak Harga Satuan)/Page_FinUP (Financial Integrated Applicatio_e626e9/input_Financial Integrated Applications - N_61d5e8'

2024-07-17 09:45:51 - [TEST_STEP][PASSED] - takeFullPageScreenshot(): Taking screenshot successfully

2024-07-17 09:45:51 - [MESSAGE][INFO] - 0 hidden object(s)

2024-07-17 09:45:51 - [MESSAGE][PASSED] - Taking screenshot successfully
[[ATTACHMENT|C:\\Users\\PTI\\Katalon Studio\\Testing-2-master\\Reports\\20240717_093915\\Test Kontrak Harga Satuan\\20240717_093915\\1721184351011.png]]

2024-07-17 09:45:51 - [TEST_STEP][PASSED] - setEncryptedText(findTestObject("Object Repository/Test Hapus Daftar Direksi Pekerjaan (Form Kontrak Harga Satuan)/Page_FinUP (Financial Integrated Applicatio_e626e9/input_Financial Integrated Applications - N_61d5e8_1"), "RAIVpflpDOg="): Text ****** has been set on object 'Object Repository/Test Hapus Daftar Direksi Pekerjaan (Form Kontrak Harga Satuan)/Page_FinUP (Financial Integrated Applicatio_e626e9/input_Financial Integrated Applications - N_61d5e8_1'

2024-07-17 09:45:52 - [MESSAGE][PASSED] - Text ****** has been set on object 'Object Repository/Test Hapus Daftar Direksi Pekerjaan (Form Kontrak Harga Satuan)/Page_FinUP (Financial Integrated Applicatio_e626e9/input_Financial Integrated Applications - N_61d5e8_1'

2024-07-17 09:45:52 - [TEST_STEP][PASSED] - takeFullPageScreenshot(): Taking screenshot successfully

2024-07-17 09:45:52 - [MESSAGE][INFO] - 0 hidden object(s)

2024-07-17 09:45:52 - [MESSAGE][PASSED] - Taking screenshot successfully
[[ATTACHMENT|C:\\Users\\PTI\\Katalon Studio\\Testing-2-master\\Reports\\20240717_093915\\Test Kontrak Harga Satuan\\20240717_093915\\1721184352054.png]]

2024-07-17 09:45:52 - [TEST_STEP][PASSED] - enhancedClick(findTestObject("Object Repository/Test Hapus Daftar Direksi Pekerjaan (Form Kontrak Harga Satuan)/Page_FinUP (Financial Integrated Applicatio_e626e9/span_Sign In_p-ink p-ink-active")): Object: 'Object Repository/Test Hapus Daftar Direksi Pekerjaan (Form Kontrak Harga Satuan)/Page_FinUP (Financial Integrated Applicatio_e626e9/span_Sign In_p-ink p-ink-active' is clicked on

2024-07-17 09:46:24 - [MESSAGE][PASSED] - Object: 'Object Repository/Test Hapus Daftar Direksi Pekerjaan (Form Kontrak Harga Satuan)/Page_FinUP (Financial Integrated Applicatio_e626e9/span_Sign In_p-ink p-ink-active' is clicked on

2024-07-17 09:46:24 - [TEST_STEP][PASSED] - takeFullPageScreenshot(): Taking screenshot successfully

2024-07-17 09:46:24 - [MESSAGE][INFO] - 0 hidden object(s)

2024-07-17 09:46:24 - [MESSAGE][PASSED] - Taking screenshot successfully
[[ATTACHMENT|C:\\Users\\PTI\\Katalon Studio\\Testing-2-master\\Reports\\20240717_093915\\Test Kontrak Harga Satuan\\20240717_093915\\1721184384072.png]]

2024-07-17 09:46:24 - [TEST_STEP][PASSED] - click(findTestObject("Object Repository/Test Hapus Daftar Direksi Pekerjaan (Form Kontrak Harga Satuan)/Page_FinUP (Financial Integrated Applicatio_e626e9/div_Contract Management")): Object: 'Object Repository/Test Hapus Daftar Direksi Pekerjaan (Form Kontrak Harga Satuan)/Page_FinUP (Financial Integrated Applicatio_e626e9/div_Contract Management' is clicked on

2024-07-17 09:46:25 - [MESSAGE][PASSED] - Object: 'Object Repository/Test Hapus Daftar Direksi Pekerjaan (Form Kontrak Harga Satuan)/Page_FinUP (Financial Integrated Applicatio_e626e9/div_Contract Management' is clicked on

2024-07-17 09:46:25 - [TEST_STEP][PASSED] - takeFullPageScreenshot(): Taking screenshot successfully

2024-07-17 09:46:26 - [MESSAGE][INFO] - 0 hidden object(s)

2024-07-17 09:46:26 - [MESSAGE][PASSED] - Taking screenshot successfully
[[ATTACHMENT|C:\\Users\\PTI\\Katalon Studio\\Testing-2-master\\Reports\\20240717_093915\\Test Kontrak Harga Satuan\\20240717_093915\\1721184385754.png]]

2024-07-17 09:46:26 - [TEST_STEP][PASSED] - enhancedClick(findTestObject("Object Repository/Test Hapus Daftar Direksi Pekerjaan (Form Kontrak Harga Satuan)/Page_FinUP (Financial Integrated Applicatio_e626e9/a_Kontrak Harga Satuan")): Object: 'Object Repository/Test Hapus Daftar Direksi Pekerjaan (Form Kontrak Harga Satuan)/Page_FinUP (Financial Integrated Applicatio_e626e9/a_Kontrak Harga Satuan' is clicked on

2024-07-17 09:46:27 - [MESSAGE][PASSED] - Object: 'Object Repository/Test Hapus Daftar Direksi Pekerjaan (Form Kontrak Harga Satuan)/Page_FinUP (Financial Integrated Applicatio_e626e9/a_Kontrak Harga Satuan' is clicked on

2024-07-17 09:46:27 - [TEST_STEP][PASSED] - takeFullPageScreenshot(): Taking screenshot successfully

2024-07-17 09:46:27 - [MESSAGE][INFO] - 0 hidden object(s)

2024-07-17 09:46:28 - [MESSAGE][PASSED] - Taking screenshot successfully
[[ATTACHMENT|C:\\Users\\PTI\\Katalon Studio\\Testing-2-master\\Reports\\20240717_093915\\Test Kontrak Harga Satuan\\20240717_093915\\1721184387474.png]]

2024-07-17 09:46:28 - [TEST_STEP][PASSED] - enhancedClick(findTestObject("Object Repository/Test Hapus Daftar Direksi Pekerjaan (Form Kontrak Harga Satuan)/Page_FinUP (Financial Integrated Applicatio_e626e9/td_Test")): Object: 'Object Repository/Test Hapus Daftar Direksi Pekerjaan (Form Kontrak Harga Satuan)/Page_FinUP (Financial Integrated Applicatio_e626e9/td_Test' is clicked on

2024-07-17 09:46:28 - [MESSAGE][PASSED] - Object: 'Object Repository/Test Hapus Daftar Direksi Pekerjaan (Form Kontrak Harga Satuan)/Page_FinUP (Financial Integrated Applicatio_e626e9/td_Test' is clicked on

2024-07-17 09:46:28 - [TEST_STEP][PASSED] - takeFullPageScreenshot(): Taking screenshot successfully

2024-07-17 09:46:29 - [MESSAGE][INFO] - 0 hidden object(s)

2024-07-17 09:46:29 - [MESSAGE][PASSED] - Taking screenshot successfully
[[ATTACHMENT|C:\\Users\\PTI\\Katalon Studio\\Testing-2-master\\Reports\\20240717_093915\\Test Kontrak Harga Satuan\\20240717_093915\\1721184388988.png]]

2024-07-17 09:46:29 - [TEST_STEP][PASSED] - click(findTestObject("Object Repository/Test Hapus Daftar Direksi Pekerjaan (Form Kontrak Harga Satuan)/Page_FinUP (Financial Integrated Applicatio_e626e9/button_Edit")): Object: 'Object Repository/Test Hapus Daftar Direksi Pekerjaan (Form Kontrak Harga Satuan)/Page_FinUP (Financial Integrated Applicatio_e626e9/button_Edit' is clicked on

2024-07-17 09:46:29 - [MESSAGE][PASSED] - Object: 'Object Repository/Test Hapus Daftar Direksi Pekerjaan (Form Kontrak Harga Satuan)/Page_FinUP (Financial Integrated Applicatio_e626e9/button_Edit' is clicked on

2024-07-17 09:46:29 - [TEST_STEP][PASSED] - takeFullPageScreenshot(): Taking screenshot successfully

2024-07-17 09:46:30 - [MESSAGE][INFO] - 0 hidden object(s)

2024-07-17 09:46:31 - [MESSAGE][PASSED] - Taking screenshot successfully
[[ATTACHMENT|C:\\Users\\PTI\\Katalon Studio\\Testing-2-master\\Reports\\20240717_093915\\Test Kontrak Harga Satuan\\20240717_093915\\1721184390004.png]]

2024-07-17 09:46:31 - [TEST_STEP][PASSED] - click(findTestObject("Object Repository/Test Hapus Daftar Direksi Pekerjaan (Form Kontrak Harga Satuan)/Page_FinUP (Financial Integrated Applicatio_e626e9/body_Back to Landing Page                  _0071a5")): Object: 'Object Repository/Test Hapus Daftar Direksi Pekerjaan (Form Kontrak Harga Satuan)/Page_FinUP (Financial Integrated Applicatio_e626e9/body_Back to Landing Page                  _0071a5' is clicked on

2024-07-17 09:46:31 - [MESSAGE][PASSED] - Object: 'Object Repository/Test Hapus Daftar Direksi Pekerjaan (Form Kontrak Harga Satuan)/Page_FinUP (Financial Integrated Applicatio_e626e9/body_Back to Landing Page                  _0071a5' is clicked on

2024-07-17 09:46:31 - [TEST_STEP][PASSED] - takeFullPageScreenshot(): Taking screenshot successfully

2024-07-17 09:46:32 - [MESSAGE][INFO] - 0 hidden object(s)

2024-07-17 09:46:32 - [MESSAGE][PASSED] - Taking screenshot successfully
[[ATTACHMENT|C:\\Users\\PTI\\Katalon Studio\\Testing-2-master\\Reports\\20240717_093915\\Test Kontrak Harga Satuan\\20240717_093915\\1721184391943.png]]

2024-07-17 09:46:32 - [TEST_STEP][PASSED] - click(findTestObject("Object Repository/Test Hapus Daftar Direksi Pekerjaan (Form Kontrak Harga Satuan)/Page_FinUP (Financial Integrated Applicatio_e626e9/button_Hapus")): Object: 'Object Repository/Test Hapus Daftar Direksi Pekerjaan (Form Kontrak Harga Satuan)/Page_FinUP (Financial Integrated Applicatio_e626e9/button_Hapus' is clicked on

2024-07-17 09:46:33 - [MESSAGE][PASSED] - Object: 'Object Repository/Test Hapus Daftar Direksi Pekerjaan (Form Kontrak Harga Satuan)/Page_FinUP (Financial Integrated Applicatio_e626e9/button_Hapus' is clicked on

2024-07-17 09:46:33 - [TEST_STEP][PASSED] - takeFullPageScreenshot(): Taking screenshot successfully

2024-07-17 09:46:33 - [MESSAGE][INFO] - 0 hidden object(s)

2024-07-17 09:46:33 - [MESSAGE][PASSED] - Taking screenshot successfully
[[ATTACHMENT|C:\\Users\\PTI\\Katalon Studio\\Testing-2-master\\Reports\\20240717_093915\\Test Kontrak Harga Satuan\\20240717_093915\\1721184393011.png]]

2024-07-17 09:46:33 - [TEST_STEP][PASSED] - click(findTestObject("Object Repository/Test Hapus Daftar Direksi Pekerjaan (Form Kontrak Harga Satuan)/Page_FinUP (Financial Integrated Applicatio_e626e9/button_Simpan")): Object: 'Object Repository/Test Hapus Daftar Direksi Pekerjaan (Form Kontrak Harga Satuan)/Page_FinUP (Financial Integrated Applicatio_e626e9/button_Simpan' is clicked on

2024-07-17 09:46:33 - [MESSAGE][PASSED] - Object: 'Object Repository/Test Hapus Daftar Direksi Pekerjaan (Form Kontrak Harga Satuan)/Page_FinUP (Financial Integrated Applicatio_e626e9/button_Simpan' is clicked on

2024-07-17 09:46:33 - [TEST_STEP][PASSED] - takeFullPageScreenshot(): Taking screenshot successfully

2024-07-17 09:46:34 - [MESSAGE][INFO] - 0 hidden object(s)

2024-07-17 09:46:34 - [MESSAGE][PASSED] - Taking screenshot successfully
[[ATTACHMENT|C:\\Users\\PTI\\Katalon Studio\\Testing-2-master\\Reports\\20240717_093915\\Test Kontrak Harga Satuan\\20240717_093915\\1721184393936.png]]]]></system-out>
         <system-err><![CDATA[]]></system-err>
      </testcase>
      <testcase name="Test Cases/Form Syarat Pembayaran/Test Tambah Daftar Syarat Pembayaran" time="63.043" classname="Test Cases/Form Syarat Pembayaran/Test Tambah Daftar Syarat Pembayaran" status="PASSED">
         <system-out><![CDATA[2024-07-17 09:46:34 - [TEST_CASE][PASSED] - Test Cases/Form Syarat Pembayaran/Test Tambah Daftar Syarat Pembayaran: Test Cases/Form Syarat Pembayaran/Test Tambah Daftar Syarat Pembayaran

2024-07-17 09:46:34 - [TEST_STEP][PASSED] - openBrowser(""): Browser is opened with url: ''

2024-07-17 09:46:35 - [MESSAGE][WARNING] - A browser is already opened. Closing browser and opening a new one

2024-07-17 09:46:36 - [MESSAGE][INFO] - Starting 'Chrome' driver

2024-07-17 09:46:36 - [MESSAGE][INFO] - Action delay is set to 0 milliseconds

2024-07-17 09:46:38 - [MESSAGE][PASSED] - Browser is opened with url: ''

2024-07-17 09:46:38 - [TEST_STEP][PASSED] - navigateToUrl("http://10.7.1.169/"): Navigate to 'http://10.7.1.169/' successfully

2024-07-17 09:46:40 - [MESSAGE][PASSED] - Navigate to 'http://10.7.1.169/' successfully

2024-07-17 09:46:40 - [TEST_STEP][PASSED] - setText(findTestObject("Object Repository/Test Tambah Daftar Syarat Pembayaran/Page_FinUP (Financial Integrated Applicatio_e626e9/input_Financial Integrated Applications - N_61d5e8"), "admin"): Text 'admin' is set on object 'Object Repository/Test Tambah Daftar Syarat Pembayaran/Page_FinUP (Financial Integrated Applicatio_e626e9/input_Financial Integrated Applications - N_61d5e8'

2024-07-17 09:46:42 - [MESSAGE][PASSED] - Text 'admin' is set on object 'Object Repository/Test Tambah Daftar Syarat Pembayaran/Page_FinUP (Financial Integrated Applicatio_e626e9/input_Financial Integrated Applications - N_61d5e8'

2024-07-17 09:46:42 - [TEST_STEP][PASSED] - takeFullPageScreenshot(): Taking screenshot successfully

2024-07-17 09:46:42 - [MESSAGE][INFO] - 0 hidden object(s)

2024-07-17 09:46:42 - [MESSAGE][PASSED] - Taking screenshot successfully
[[ATTACHMENT|C:\\Users\\PTI\\Katalon Studio\\Testing-2-master\\Reports\\20240717_093915\\Test Kontrak Harga Satuan\\20240717_093915\\1721184402036.png]]

2024-07-17 09:46:42 - [TEST_STEP][PASSED] - setEncryptedText(findTestObject("Object Repository/Test Tambah Daftar Syarat Pembayaran/Page_FinUP (Financial Integrated Applicatio_e626e9/input_Financial Integrated Applications - N_61d5e8_1"), "RAIVpflpDOg="): Text ****** has been set on object 'Object Repository/Test Tambah Daftar Syarat Pembayaran/Page_FinUP (Financial Integrated Applicatio_e626e9/input_Financial Integrated Applications - N_61d5e8_1'

2024-07-17 09:46:43 - [MESSAGE][PASSED] - Text ****** has been set on object 'Object Repository/Test Tambah Daftar Syarat Pembayaran/Page_FinUP (Financial Integrated Applicatio_e626e9/input_Financial Integrated Applications - N_61d5e8_1'

2024-07-17 09:46:43 - [TEST_STEP][PASSED] - takeFullPageScreenshot(): Taking screenshot successfully

2024-07-17 09:46:44 - [MESSAGE][INFO] - 0 hidden object(s)

2024-07-17 09:46:44 - [MESSAGE][PASSED] - Taking screenshot successfully
[[ATTACHMENT|C:\\Users\\PTI\\Katalon Studio\\Testing-2-master\\Reports\\20240717_093915\\Test Kontrak Harga Satuan\\20240717_093915\\1721184403443.png]]

2024-07-17 09:46:44 - [TEST_STEP][PASSED] - enhancedClick(findTestObject("Object Repository/Test Tambah Daftar Syarat Pembayaran/Page_FinUP (Financial Integrated Applicatio_e626e9/span_Sign In_p-ink p-ink-active")): Object: 'Object Repository/Test Tambah Daftar Syarat Pembayaran/Page_FinUP (Financial Integrated Applicatio_e626e9/span_Sign In_p-ink p-ink-active' is clicked on

2024-07-17 09:47:15 - [MESSAGE][PASSED] - Object: 'Object Repository/Test Tambah Daftar Syarat Pembayaran/Page_FinUP (Financial Integrated Applicatio_e626e9/span_Sign In_p-ink p-ink-active' is clicked on

2024-07-17 09:47:15 - [TEST_STEP][PASSED] - delay(10): Delayed 10 second(s)

2024-07-17 09:47:25 - [MESSAGE][PASSED] - Delayed 10 second(s)

2024-07-17 09:47:25 - [TEST_STEP][PASSED] - takeFullPageScreenshot(): Taking screenshot successfully

2024-07-17 09:47:25 - [MESSAGE][INFO] - 0 hidden object(s)

2024-07-17 09:47:26 - [MESSAGE][PASSED] - Taking screenshot successfully
[[ATTACHMENT|C:\\Users\\PTI\\Katalon Studio\\Testing-2-master\\Reports\\20240717_093915\\Test Kontrak Harga Satuan\\20240717_093915\\1721184445077.png]]

2024-07-17 09:47:26 - [TEST_STEP][PASSED] - click(findTestObject("Object Repository/Test Tambah Daftar Syarat Pembayaran/Page_FinUP (Financial Integrated Applicatio_e626e9/div_Contract Management")): Object: 'Object Repository/Test Tambah Daftar Syarat Pembayaran/Page_FinUP (Financial Integrated Applicatio_e626e9/div_Contract Management' is clicked on

2024-07-17 09:47:26 - [MESSAGE][PASSED] - Object: 'Object Repository/Test Tambah Daftar Syarat Pembayaran/Page_FinUP (Financial Integrated Applicatio_e626e9/div_Contract Management' is clicked on

2024-07-17 09:47:26 - [TEST_STEP][PASSED] - takeFullPageScreenshot(): Taking screenshot successfully

2024-07-17 09:47:28 - [MESSAGE][INFO] - 0 hidden object(s)

2024-07-17 09:47:29 - [MESSAGE][PASSED] - Taking screenshot successfully
[[ATTACHMENT|C:\\Users\\PTI\\Katalon Studio\\Testing-2-master\\Reports\\20240717_093915\\Test Kontrak Harga Satuan\\20240717_093915\\1721184446972.png]]

2024-07-17 09:47:29 - [TEST_STEP][PASSED] - enhancedClick(findTestObject("Object Repository/Test Tambah Daftar Syarat Pembayaran/Page_FinUP (Financial Integrated Applicatio_e626e9/a_Kontrak Harga Satuan")): Object: 'Object Repository/Test Tambah Daftar Syarat Pembayaran/Page_FinUP (Financial Integrated Applicatio_e626e9/a_Kontrak Harga Satuan' is clicked on

2024-07-17 09:47:29 - [MESSAGE][PASSED] - Object: 'Object Repository/Test Tambah Daftar Syarat Pembayaran/Page_FinUP (Financial Integrated Applicatio_e626e9/a_Kontrak Harga Satuan' is clicked on

2024-07-17 09:47:29 - [TEST_STEP][PASSED] - takeFullPageScreenshot(): Taking screenshot successfully

2024-07-17 09:47:29 - [MESSAGE][INFO] - 0 hidden object(s)

2024-07-17 09:47:30 - [MESSAGE][PASSED] - Taking screenshot successfully
[[ATTACHMENT|C:\\Users\\PTI\\Katalon Studio\\Testing-2-master\\Reports\\20240717_093915\\Test Kontrak Harga Satuan\\20240717_093915\\1721184449509.png]]

2024-07-17 09:47:30 - [TEST_STEP][PASSED] - enhancedClick(findTestObject("Object Repository/Test Tambah Daftar Syarat Pembayaran/Page_FinUP (Financial Integrated Applicatio_e626e9/td_Test")): Object: 'Object Repository/Test Tambah Daftar Syarat Pembayaran/Page_FinUP (Financial Integrated Applicatio_e626e9/td_Test' is clicked on

2024-07-17 09:47:31 - [MESSAGE][PASSED] - Object: 'Object Repository/Test Tambah Daftar Syarat Pembayaran/Page_FinUP (Financial Integrated Applicatio_e626e9/td_Test' is clicked on

2024-07-17 09:47:31 - [TEST_STEP][PASSED] - takeFullPageScreenshot(): Taking screenshot successfully

2024-07-17 09:47:31 - [MESSAGE][INFO] - 0 hidden object(s)

2024-07-17 09:47:31 - [MESSAGE][PASSED] - Taking screenshot successfully
[[ATTACHMENT|C:\\Users\\PTI\\Katalon Studio\\Testing-2-master\\Reports\\20240717_093915\\Test Kontrak Harga Satuan\\20240717_093915\\1721184451217.png]]

2024-07-17 09:47:31 - [TEST_STEP][PASSED] - click(findTestObject("Object Repository/Test Tambah Daftar Syarat Pembayaran/Page_FinUP (Financial Integrated Applicatio_e626e9/button_Edit")): Object: 'Object Repository/Test Tambah Daftar Syarat Pembayaran/Page_FinUP (Financial Integrated Applicatio_e626e9/button_Edit' is clicked on

2024-07-17 09:47:32 - [MESSAGE][PASSED] - Object: 'Object Repository/Test Tambah Daftar Syarat Pembayaran/Page_FinUP (Financial Integrated Applicatio_e626e9/button_Edit' is clicked on

2024-07-17 09:47:32 - [TEST_STEP][PASSED] - takeFullPageScreenshot(): Taking screenshot successfully

2024-07-17 09:47:32 - [MESSAGE][INFO] - 0 hidden object(s)

2024-07-17 09:47:32 - [MESSAGE][PASSED] - Taking screenshot successfully
[[ATTACHMENT|C:\\Users\\PTI\\Katalon Studio\\Testing-2-master\\Reports\\20240717_093915\\Test Kontrak Harga Satuan\\20240717_093915\\1721184452203.png]]

2024-07-17 09:47:32 - [TEST_STEP][PASSED] - enhancedClick(findTestObject("Object Repository/Test Tambah Daftar Syarat Pembayaran/Page_FinUP (Financial Integrated Applicatio_e626e9/a_Daftar Syarat Pembayaran")): Object: 'Object Repository/Test Tambah Daftar Syarat Pembayaran/Page_FinUP (Financial Integrated Applicatio_e626e9/a_Daftar Syarat Pembayaran' is clicked on

2024-07-17 09:47:33 - [MESSAGE][PASSED] - Object: 'Object Repository/Test Tambah Daftar Syarat Pembayaran/Page_FinUP (Financial Integrated Applicatio_e626e9/a_Daftar Syarat Pembayaran' is clicked on

2024-07-17 09:47:33 - [TEST_STEP][PASSED] - takeFullPageScreenshot(): Taking screenshot successfully

2024-07-17 09:47:34 - [MESSAGE][INFO] - 0 hidden object(s)

2024-07-17 09:47:34 - [MESSAGE][PASSED] - Taking screenshot successfully
[[ATTACHMENT|C:\\Users\\PTI\\Katalon Studio\\Testing-2-master\\Reports\\20240717_093915\\Test Kontrak Harga Satuan\\20240717_093915\\1721184453614.png]]

2024-07-17 09:47:34 - [TEST_STEP][PASSED] - click(findTestObject("Object Repository/Test Tambah Daftar Syarat Pembayaran/Page_FinUP (Financial Integrated Applicatio_e626e9/button_Baru")): Object: 'Object Repository/Test Tambah Daftar Syarat Pembayaran/Page_FinUP (Financial Integrated Applicatio_e626e9/button_Baru' is clicked on

2024-07-17 09:47:34 - [MESSAGE][PASSED] - Object: 'Object Repository/Test Tambah Daftar Syarat Pembayaran/Page_FinUP (Financial Integrated Applicatio_e626e9/button_Baru' is clicked on

2024-07-17 09:47:34 - [TEST_STEP][PASSED] - takeFullPageScreenshot(): Taking screenshot successfully

2024-07-17 09:47:35 - [MESSAGE][INFO] - 0 hidden object(s)

2024-07-17 09:47:35 - [MESSAGE][PASSED] - Taking screenshot successfully
[[ATTACHMENT|C:\\Users\\PTI\\Katalon Studio\\Testing-2-master\\Reports\\20240717_093915\\Test Kontrak Harga Satuan\\20240717_093915\\1721184454656.png]]

2024-07-17 09:47:35 - [TEST_STEP][PASSED] - setText(findTestObject("Object Repository/Test Tambah Daftar Syarat Pembayaran/Page_FinUP (Financial Integrated Applicatio_e626e9/input_Syarat Pembayaran_text-sm text-color _bc71e6"), "Test"): Text 'Test' is set on object 'Object Repository/Test Tambah Daftar Syarat Pembayaran/Page_FinUP (Financial Integrated Applicatio_e626e9/input_Syarat Pembayaran_text-sm text-color _bc71e6'

2024-07-17 09:47:35 - [MESSAGE][PASSED] - Text 'Test' is set on object 'Object Repository/Test Tambah Daftar Syarat Pembayaran/Page_FinUP (Financial Integrated Applicatio_e626e9/input_Syarat Pembayaran_text-sm text-color _bc71e6'

2024-07-17 09:47:35 - [TEST_STEP][PASSED] - takeFullPageScreenshot(): Taking screenshot successfully

2024-07-17 09:47:36 - [MESSAGE][INFO] - 0 hidden object(s)

2024-07-17 09:47:36 - [MESSAGE][PASSED] - Taking screenshot successfully
[[ATTACHMENT|C:\\Users\\PTI\\Katalon Studio\\Testing-2-master\\Reports\\20240717_093915\\Test Kontrak Harga Satuan\\20240717_093915\\1721184455933.png]]

2024-07-17 09:47:36 - [TEST_STEP][PASSED] - doubleClick(findTestObject("Object Repository/Test Tambah Daftar Syarat Pembayaran/Page_FinUP (Financial Integrated Applicatio_e626e9/button_Simpan")): Object: 'Object Repository/Test Tambah Daftar Syarat Pembayaran/Page_FinUP (Financial Integrated Applicatio_e626e9/button_Simpan' is double clicked on

2024-07-17 09:47:37 - [MESSAGE][PASSED] - Object: 'Object Repository/Test Tambah Daftar Syarat Pembayaran/Page_FinUP (Financial Integrated Applicatio_e626e9/button_Simpan' is double clicked on

2024-07-17 09:47:37 - [TEST_STEP][PASSED] - takeFullPageScreenshot(): Taking screenshot successfully

2024-07-17 09:47:37 - [MESSAGE][INFO] - 0 hidden object(s)

2024-07-17 09:47:37 - [MESSAGE][PASSED] - Taking screenshot successfully
[[ATTACHMENT|C:\\Users\\PTI\\Katalon Studio\\Testing-2-master\\Reports\\20240717_093915\\Test Kontrak Harga Satuan\\20240717_093915\\1721184457013.png]]]]></system-out>
         <system-err><![CDATA[]]></system-err>
      </testcase>
      <testcase name="Test Cases/Form Syarat Pembayaran/Test Tambah Template Daftar Syarat Pembayaran" time="67.635" classname="Test Cases/Form Syarat Pembayaran/Test Tambah Template Daftar Syarat Pembayaran" status="PASSED">
         <system-out><![CDATA[2024-07-17 09:47:37 - [TEST_CASE][PASSED] - Test Cases/Form Syarat Pembayaran/Test Tambah Template Daftar Syarat Pembayaran: Test Cases/Form Syarat Pembayaran/Test Tambah Template Daftar Syarat Pembayaran

2024-07-17 09:47:38 - [TEST_STEP][PASSED] - openBrowser(""): Browser is opened with url: ''

2024-07-17 09:47:38 - [MESSAGE][WARNING] - A browser is already opened. Closing browser and opening a new one

2024-07-17 09:47:38 - [MESSAGE][INFO] - Starting 'Chrome' driver

2024-07-17 09:47:38 - [MESSAGE][INFO] - Action delay is set to 0 milliseconds

2024-07-17 09:47:41 - [MESSAGE][PASSED] - Browser is opened with url: ''

2024-07-17 09:47:41 - [TEST_STEP][PASSED] - navigateToUrl("http://10.7.1.169/"): Navigate to 'http://10.7.1.169/' successfully

2024-07-17 09:47:47 - [MESSAGE][PASSED] - Navigate to 'http://10.7.1.169/' successfully

2024-07-17 09:47:47 - [TEST_STEP][PASSED] - setText(findTestObject("Object Repository/Test Tambah Template Daftar Syarat Pembayaran/Page_FinUP (Financial Integrated Applicatio_e626e9/input_Financial Integrated Applications - N_61d5e8"), "admin"): Text 'admin' is set on object 'Object Repository/Test Tambah Template Daftar Syarat Pembayaran/Page_FinUP (Financial Integrated Applicatio_e626e9/input_Financial Integrated Applications - N_61d5e8'

2024-07-17 09:47:48 - [MESSAGE][PASSED] - Text 'admin' is set on object 'Object Repository/Test Tambah Template Daftar Syarat Pembayaran/Page_FinUP (Financial Integrated Applicatio_e626e9/input_Financial Integrated Applications - N_61d5e8'

2024-07-17 09:47:48 - [TEST_STEP][PASSED] - takeFullPageScreenshot(): Taking screenshot successfully

2024-07-17 09:47:48 - [MESSAGE][INFO] - 0 hidden object(s)

2024-07-17 09:47:49 - [MESSAGE][PASSED] - Taking screenshot successfully
[[ATTACHMENT|C:\\Users\\PTI\\Katalon Studio\\Testing-2-master\\Reports\\20240717_093915\\Test Kontrak Harga Satuan\\20240717_093915\\1721184468538.png]]

2024-07-17 09:47:49 - [TEST_STEP][PASSED] - setEncryptedText(findTestObject("Object Repository/Test Tambah Template Daftar Syarat Pembayaran/Page_FinUP (Financial Integrated Applicatio_e626e9/input_Financial Integrated Applications - N_61d5e8_1"), "RAIVpflpDOg="): Text ****** has been set on object 'Object Repository/Test Tambah Template Daftar Syarat Pembayaran/Page_FinUP (Financial Integrated Applicatio_e626e9/input_Financial Integrated Applications - N_61d5e8_1'

2024-07-17 09:47:49 - [MESSAGE][PASSED] - Text ****** has been set on object 'Object Repository/Test Tambah Template Daftar Syarat Pembayaran/Page_FinUP (Financial Integrated Applicatio_e626e9/input_Financial Integrated Applications - N_61d5e8_1'

2024-07-17 09:47:49 - [TEST_STEP][PASSED] - takeFullPageScreenshot(): Taking screenshot successfully

2024-07-17 09:47:50 - [MESSAGE][INFO] - 0 hidden object(s)

2024-07-17 09:47:50 - [MESSAGE][PASSED] - Taking screenshot successfully
[[ATTACHMENT|C:\\Users\\PTI\\Katalon Studio\\Testing-2-master\\Reports\\20240717_093915\\Test Kontrak Harga Satuan\\20240717_093915\\1721184469610.png]]

2024-07-17 09:47:50 - [TEST_STEP][PASSED] - enhancedClick(findTestObject("Object Repository/Test Tambah Template Daftar Syarat Pembayaran/Page_FinUP (Financial Integrated Applicatio_e626e9/span_Sign In_p-ink p-ink-active")): Object: 'Object Repository/Test Tambah Template Daftar Syarat Pembayaran/Page_FinUP (Financial Integrated Applicatio_e626e9/span_Sign In_p-ink p-ink-active' is clicked on

2024-07-17 09:48:21 - [MESSAGE][PASSED] - Object: 'Object Repository/Test Tambah Template Daftar Syarat Pembayaran/Page_FinUP (Financial Integrated Applicatio_e626e9/span_Sign In_p-ink p-ink-active' is clicked on

2024-07-17 09:48:21 - [TEST_STEP][PASSED] - delay(10): Delayed 10 second(s)

2024-07-17 09:48:31 - [MESSAGE][PASSED] - Delayed 10 second(s)

2024-07-17 09:48:31 - [TEST_STEP][PASSED] - takeFullPageScreenshot(): Taking screenshot successfully

2024-07-17 09:48:32 - [MESSAGE][INFO] - 0 hidden object(s)

2024-07-17 09:48:32 - [MESSAGE][PASSED] - Taking screenshot successfully
[[ATTACHMENT|C:\\Users\\PTI\\Katalon Studio\\Testing-2-master\\Reports\\20240717_093915\\Test Kontrak Harga Satuan\\20240717_093915\\1721184511641.png]]

2024-07-17 09:48:32 - [TEST_STEP][PASSED] - click(findTestObject("Object Repository/Test Tambah Template Daftar Syarat Pembayaran/Page_FinUP (Financial Integrated Applicatio_e626e9/div_Contract Management")): Object: 'Object Repository/Test Tambah Template Daftar Syarat Pembayaran/Page_FinUP (Financial Integrated Applicatio_e626e9/div_Contract Management' is clicked on

2024-07-17 09:48:33 - [MESSAGE][PASSED] - Object: 'Object Repository/Test Tambah Template Daftar Syarat Pembayaran/Page_FinUP (Financial Integrated Applicatio_e626e9/div_Contract Management' is clicked on

2024-07-17 09:48:33 - [TEST_STEP][PASSED] - takeFullPageScreenshot(): Taking screenshot successfully

2024-07-17 09:48:33 - [MESSAGE][INFO] - 0 hidden object(s)

2024-07-17 09:48:34 - [MESSAGE][PASSED] - Taking screenshot successfully
[[ATTACHMENT|C:\\Users\\PTI\\Katalon Studio\\Testing-2-master\\Reports\\20240717_093915\\Test Kontrak Harga Satuan\\20240717_093915\\1721184513009.png]]

2024-07-17 09:48:34 - [TEST_STEP][PASSED] - enhancedClick(findTestObject("Object Repository/Test Tambah Template Daftar Syarat Pembayaran/Page_FinUP (Financial Integrated Applicatio_e626e9/a_Kontrak Harga Satuan")): Object: 'Object Repository/Test Tambah Template Daftar Syarat Pembayaran/Page_FinUP (Financial Integrated Applicatio_e626e9/a_Kontrak Harga Satuan' is clicked on

2024-07-17 09:48:34 - [MESSAGE][PASSED] - Object: 'Object Repository/Test Tambah Template Daftar Syarat Pembayaran/Page_FinUP (Financial Integrated Applicatio_e626e9/a_Kontrak Harga Satuan' is clicked on

2024-07-17 09:48:34 - [TEST_STEP][PASSED] - takeFullPageScreenshot(): Taking screenshot successfully

2024-07-17 09:48:35 - [MESSAGE][INFO] - 0 hidden object(s)

2024-07-17 09:48:35 - [MESSAGE][PASSED] - Taking screenshot successfully
[[ATTACHMENT|C:\\Users\\PTI\\Katalon Studio\\Testing-2-master\\Reports\\20240717_093915\\Test Kontrak Harga Satuan\\20240717_093915\\1721184514560.png]]

2024-07-17 09:48:35 - [TEST_STEP][PASSED] - enhancedClick(findTestObject("Object Repository/Test Tambah Template Daftar Syarat Pembayaran/Page_FinUP (Financial Integrated Applicatio_e626e9/td_Test")): Object: 'Object Repository/Test Tambah Template Daftar Syarat Pembayaran/Page_FinUP (Financial Integrated Applicatio_e626e9/td_Test' is clicked on

2024-07-17 09:48:35 - [MESSAGE][PASSED] - Object: 'Object Repository/Test Tambah Template Daftar Syarat Pembayaran/Page_FinUP (Financial Integrated Applicatio_e626e9/td_Test' is clicked on

2024-07-17 09:48:35 - [TEST_STEP][PASSED] - takeFullPageScreenshot(): Taking screenshot successfully

2024-07-17 09:48:36 - [MESSAGE][INFO] - 0 hidden object(s)

2024-07-17 09:48:36 - [MESSAGE][PASSED] - Taking screenshot successfully
[[ATTACHMENT|C:\\Users\\PTI\\Katalon Studio\\Testing-2-master\\Reports\\20240717_093915\\Test Kontrak Harga Satuan\\20240717_093915\\1721184515660.png]]

2024-07-17 09:48:36 - [TEST_STEP][PASSED] - click(findTestObject("Object Repository/Test Tambah Template Daftar Syarat Pembayaran/Page_FinUP (Financial Integrated Applicatio_e626e9/button_Edit")): Object: 'Object Repository/Test Tambah Template Daftar Syarat Pembayaran/Page_FinUP (Financial Integrated Applicatio_e626e9/button_Edit' is clicked on

2024-07-17 09:48:36 - [MESSAGE][PASSED] - Object: 'Object Repository/Test Tambah Template Daftar Syarat Pembayaran/Page_FinUP (Financial Integrated Applicatio_e626e9/button_Edit' is clicked on

2024-07-17 09:48:36 - [TEST_STEP][PASSED] - takeFullPageScreenshot(): Taking screenshot successfully

2024-07-17 09:48:37 - [MESSAGE][INFO] - 0 hidden object(s)

2024-07-17 09:48:37 - [MESSAGE][PASSED] - Taking screenshot successfully
[[ATTACHMENT|C:\\Users\\PTI\\Katalon Studio\\Testing-2-master\\Reports\\20240717_093915\\Test Kontrak Harga Satuan\\20240717_093915\\1721184516590.png]]

2024-07-17 09:48:37 - [TEST_STEP][PASSED] - enhancedClick(findTestObject("Object Repository/Test Tambah Template Daftar Syarat Pembayaran/Page_FinUP (Financial Integrated Applicatio_e626e9/a_Daftar Syarat Pembayaran")): Object: 'Object Repository/Test Tambah Template Daftar Syarat Pembayaran/Page_FinUP (Financial Integrated Applicatio_e626e9/a_Daftar Syarat Pembayaran' is clicked on

2024-07-17 09:48:37 - [MESSAGE][PASSED] - Object: 'Object Repository/Test Tambah Template Daftar Syarat Pembayaran/Page_FinUP (Financial Integrated Applicatio_e626e9/a_Daftar Syarat Pembayaran' is clicked on

2024-07-17 09:48:37 - [TEST_STEP][PASSED] - takeFullPageScreenshot(): Taking screenshot successfully

2024-07-17 09:48:38 - [MESSAGE][INFO] - 0 hidden object(s)

2024-07-17 09:48:38 - [MESSAGE][PASSED] - Taking screenshot successfully
[[ATTACHMENT|C:\\Users\\PTI\\Katalon Studio\\Testing-2-master\\Reports\\20240717_093915\\Test Kontrak Harga Satuan\\20240717_093915\\1721184517937.png]]

2024-07-17 09:48:38 - [TEST_STEP][PASSED] - click(findTestObject("Object Repository/Test Tambah Template Daftar Syarat Pembayaran/Page_FinUP (Financial Integrated Applicatio_e626e9/button_Baru Template")): Object: 'Object Repository/Test Tambah Template Daftar Syarat Pembayaran/Page_FinUP (Financial Integrated Applicatio_e626e9/button_Baru Template' is clicked on

2024-07-17 09:48:38 - [MESSAGE][PASSED] - Object: 'Object Repository/Test Tambah Template Daftar Syarat Pembayaran/Page_FinUP (Financial Integrated Applicatio_e626e9/button_Baru Template' is clicked on

2024-07-17 09:48:38 - [TEST_STEP][PASSED] - takeFullPageScreenshot(): Taking screenshot successfully

2024-07-17 09:48:39 - [MESSAGE][INFO] - 0 hidden object(s)

2024-07-17 09:48:39 - [MESSAGE][PASSED] - Taking screenshot successfully
[[ATTACHMENT|C:\\Users\\PTI\\Katalon Studio\\Testing-2-master\\Reports\\20240717_093915\\Test Kontrak Harga Satuan\\20240717_093915\\1721184518864.png]]

2024-07-17 09:48:39 - [TEST_STEP][PASSED] - enhancedClick(findTestObject("Object Repository/Test Tambah Template Daftar Syarat Pembayaran/Page_FinUP (Financial Integrated Applicatio_e626e9/div_-- Pilih --_p-dropdown-trigger ng-tns-c70-59")): Object: 'Object Repository/Test Tambah Template Daftar Syarat Pembayaran/Page_FinUP (Financial Integrated Applicatio_e626e9/div_-- Pilih --_p-dropdown-trigger ng-tns-c70-59' is clicked on

2024-07-17 09:48:39 - [MESSAGE][PASSED] - Object: 'Object Repository/Test Tambah Template Daftar Syarat Pembayaran/Page_FinUP (Financial Integrated Applicatio_e626e9/div_-- Pilih --_p-dropdown-trigger ng-tns-c70-59' is clicked on

2024-07-17 09:48:39 - [TEST_STEP][PASSED] - takeFullPageScreenshot(): Taking screenshot successfully

2024-07-17 09:48:40 - [MESSAGE][INFO] - 0 hidden object(s)

2024-07-17 09:48:40 - [MESSAGE][PASSED] - Taking screenshot successfully
[[ATTACHMENT|C:\\Users\\PTI\\Katalon Studio\\Testing-2-master\\Reports\\20240717_093915\\Test Kontrak Harga Satuan\\20240717_093915\\1721184519788.png]]

2024-07-17 09:48:40 - [TEST_STEP][PASSED] - enhancedClick(findTestObject("Object Repository/Test Tambah Template Daftar Syarat Pembayaran/Page_FinUP (Financial Integrated Applicatio_e626e9/li_JENIS BARU")): Object: 'Object Repository/Test Tambah Template Daftar Syarat Pembayaran/Page_FinUP (Financial Integrated Applicatio_e626e9/li_JENIS BARU' is clicked on

2024-07-17 09:48:40 - [MESSAGE][PASSED] - Object: 'Object Repository/Test Tambah Template Daftar Syarat Pembayaran/Page_FinUP (Financial Integrated Applicatio_e626e9/li_JENIS BARU' is clicked on

2024-07-17 09:48:40 - [TEST_STEP][PASSED] - takeFullPageScreenshot(): Taking screenshot successfully

2024-07-17 09:48:41 - [MESSAGE][INFO] - 0 hidden object(s)

2024-07-17 09:48:41 - [MESSAGE][PASSED] - Taking screenshot successfully
[[ATTACHMENT|C:\\Users\\PTI\\Katalon Studio\\Testing-2-master\\Reports\\20240717_093915\\Test Kontrak Harga Satuan\\20240717_093915\\1721184520755.png]]

2024-07-17 09:48:41 - [TEST_STEP][PASSED] - enhancedClick(findTestObject("Object Repository/Test Tambah Template Daftar Syarat Pembayaran/Page_FinUP (Financial Integrated Applicatio_e626e9/td_Dokumen Baru")): Object: 'Object Repository/Test Tambah Template Daftar Syarat Pembayaran/Page_FinUP (Financial Integrated Applicatio_e626e9/td_Dokumen Baru' is clicked on

2024-07-17 09:48:41 - [MESSAGE][PASSED] - Object: 'Object Repository/Test Tambah Template Daftar Syarat Pembayaran/Page_FinUP (Financial Integrated Applicatio_e626e9/td_Dokumen Baru' is clicked on

2024-07-17 09:48:41 - [TEST_STEP][PASSED] - takeFullPageScreenshot(): Taking screenshot successfully

2024-07-17 09:48:42 - [MESSAGE][INFO] - 0 hidden object(s)

2024-07-17 09:48:42 - [MESSAGE][PASSED] - Taking screenshot successfully
[[ATTACHMENT|C:\\Users\\PTI\\Katalon Studio\\Testing-2-master\\Reports\\20240717_093915\\Test Kontrak Harga Satuan\\20240717_093915\\1721184521762.png]]

2024-07-17 09:48:42 - [TEST_STEP][PASSED] - enhancedClick(findTestObject("Object Repository/Test Tambah Template Daftar Syarat Pembayaran/Page_FinUP (Financial Integrated Applicatio_e626e9/div_Dokumen_p-checkbox-box p-component")): Object: 'Object Repository/Test Tambah Template Daftar Syarat Pembayaran/Page_FinUP (Financial Integrated Applicatio_e626e9/div_Dokumen_p-checkbox-box p-component' is clicked on

2024-07-17 09:48:42 - [MESSAGE][PASSED] - Object: 'Object Repository/Test Tambah Template Daftar Syarat Pembayaran/Page_FinUP (Financial Integrated Applicatio_e626e9/div_Dokumen_p-checkbox-box p-component' is clicked on

2024-07-17 09:48:42 - [TEST_STEP][PASSED] - takeFullPageScreenshot(): Taking screenshot successfully

2024-07-17 09:48:43 - [MESSAGE][INFO] - 0 hidden object(s)

2024-07-17 09:48:43 - [MESSAGE][PASSED] - Taking screenshot successfully
[[ATTACHMENT|C:\\Users\\PTI\\Katalon Studio\\Testing-2-master\\Reports\\20240717_093915\\Test Kontrak Harga Satuan\\20240717_093915\\1721184522686.png]]

2024-07-17 09:48:43 - [TEST_STEP][PASSED] - click(findTestObject("Object Repository/Test Tambah Template Daftar Syarat Pembayaran/Page_FinUP (Financial Integrated Applicatio_e626e9/button_Pilih")): Object: 'Object Repository/Test Tambah Template Daftar Syarat Pembayaran/Page_FinUP (Financial Integrated Applicatio_e626e9/button_Pilih' is clicked on

2024-07-17 09:48:43 - [MESSAGE][PASSED] - Object: 'Object Repository/Test Tambah Template Daftar Syarat Pembayaran/Page_FinUP (Financial Integrated Applicatio_e626e9/button_Pilih' is clicked on

2024-07-17 09:48:43 - [TEST_STEP][PASSED] - takeFullPageScreenshot(): Taking screenshot successfully

2024-07-17 09:48:44 - [MESSAGE][INFO] - 0 hidden object(s)

2024-07-17 09:48:44 - [MESSAGE][PASSED] - Taking screenshot successfully
[[ATTACHMENT|C:\\Users\\PTI\\Katalon Studio\\Testing-2-master\\Reports\\20240717_093915\\Test Kontrak Harga Satuan\\20240717_093915\\1721184523607.png]]

2024-07-17 09:48:44 - [TEST_STEP][PASSED] - click(findTestObject("Object Repository/Test Tambah Template Daftar Syarat Pembayaran/Page_FinUP (Financial Integrated Applicatio_e626e9/button_Simpan")): Object: 'Object Repository/Test Tambah Template Daftar Syarat Pembayaran/Page_FinUP (Financial Integrated Applicatio_e626e9/button_Simpan' is clicked on

2024-07-17 09:48:44 - [MESSAGE][PASSED] - Object: 'Object Repository/Test Tambah Template Daftar Syarat Pembayaran/Page_FinUP (Financial Integrated Applicatio_e626e9/button_Simpan' is clicked on

2024-07-17 09:48:44 - [TEST_STEP][PASSED] - takeFullPageScreenshot(): Taking screenshot successfully

2024-07-17 09:48:45 - [MESSAGE][INFO] - 0 hidden object(s)

2024-07-17 09:48:45 - [MESSAGE][PASSED] - Taking screenshot successfully
[[ATTACHMENT|C:\\Users\\PTI\\Katalon Studio\\Testing-2-master\\Reports\\20240717_093915\\Test Kontrak Harga Satuan\\20240717_093915\\1721184524615.png]]]]></system-out>
         <system-err><![CDATA[]]></system-err>
      </testcase>
      <testcase name="Test Cases/Form Syarat Pembayaran/Test Hapus Daftar Syarat Pembayaran" time="75.658" classname="Test Cases/Form Syarat Pembayaran/Test Hapus Daftar Syarat Pembayaran" status="PASSED">
         <system-out><![CDATA[2024-07-17 09:48:45 - [TEST_CASE][PASSED] - Test Cases/Form Syarat Pembayaran/Test Hapus Daftar Syarat Pembayaran: Test Cases/Form Syarat Pembayaran/Test Hapus Daftar Syarat Pembayaran

2024-07-17 09:48:45 - [TEST_STEP][PASSED] - openBrowser(""): Browser is opened with url: ''

2024-07-17 09:48:45 - [MESSAGE][WARNING] - A browser is already opened. Closing browser and opening a new one

2024-07-17 09:48:46 - [MESSAGE][INFO] - Starting 'Chrome' driver

2024-07-17 09:48:46 - [MESSAGE][INFO] - Action delay is set to 0 milliseconds

2024-07-17 09:48:49 - [MESSAGE][PASSED] - Browser is opened with url: ''

2024-07-17 09:48:49 - [TEST_STEP][PASSED] - navigateToUrl("http://10.7.1.169/"): Navigate to 'http://10.7.1.169/' successfully

2024-07-17 09:48:51 - [MESSAGE][PASSED] - Navigate to 'http://10.7.1.169/' successfully

2024-07-17 09:48:51 - [TEST_STEP][PASSED] - setText(findTestObject("Object Repository/Test Hapus Daftar Syarat Pembayaran/Page_FinUP (Financial Integrated Applicatio_e626e9/input_Financial Integrated Applications - N_61d5e8"), "admin"): Text 'admin' is set on object 'Object Repository/Test Hapus Daftar Syarat Pembayaran/Page_FinUP (Financial Integrated Applicatio_e626e9/input_Financial Integrated Applications - N_61d5e8'

2024-07-17 09:48:52 - [MESSAGE][PASSED] - Text 'admin' is set on object 'Object Repository/Test Hapus Daftar Syarat Pembayaran/Page_FinUP (Financial Integrated Applicatio_e626e9/input_Financial Integrated Applications - N_61d5e8'

2024-07-17 09:48:52 - [TEST_STEP][PASSED] - takeFullPageScreenshot(): Taking screenshot successfully

2024-07-17 09:48:52 - [MESSAGE][INFO] - 0 hidden object(s)

2024-07-17 09:48:52 - [MESSAGE][PASSED] - Taking screenshot successfully
[[ATTACHMENT|C:\\Users\\PTI\\Katalon Studio\\Testing-2-master\\Reports\\20240717_093915\\Test Kontrak Harga Satuan\\20240717_093915\\1721184532287.png]]

2024-07-17 09:48:52 - [TEST_STEP][PASSED] - setEncryptedText(findTestObject("Object Repository/Test Hapus Daftar Syarat Pembayaran/Page_FinUP (Financial Integrated Applicatio_e626e9/input_Financial Integrated Applications - N_61d5e8_1"), "RAIVpflpDOg="): Text ****** has been set on object 'Object Repository/Test Hapus Daftar Syarat Pembayaran/Page_FinUP (Financial Integrated Applicatio_e626e9/input_Financial Integrated Applications - N_61d5e8_1'

2024-07-17 09:48:53 - [MESSAGE][PASSED] - Text ****** has been set on object 'Object Repository/Test Hapus Daftar Syarat Pembayaran/Page_FinUP (Financial Integrated Applicatio_e626e9/input_Financial Integrated Applications - N_61d5e8_1'

2024-07-17 09:48:53 - [TEST_STEP][PASSED] - takeFullPageScreenshot(): Taking screenshot successfully

2024-07-17 09:48:53 - [MESSAGE][INFO] - 0 hidden object(s)

2024-07-17 09:48:54 - [MESSAGE][PASSED] - Taking screenshot successfully
[[ATTACHMENT|C:\\Users\\PTI\\Katalon Studio\\Testing-2-master\\Reports\\20240717_093915\\Test Kontrak Harga Satuan\\20240717_093915\\1721184533339.png]]

2024-07-17 09:48:54 - [TEST_STEP][PASSED] - enhancedClick(findTestObject("Object Repository/Test Hapus Daftar Syarat Pembayaran/Page_FinUP (Financial Integrated Applicatio_e626e9/span_Sign In_p-ink p-ink-active")): Object: 'Object Repository/Test Hapus Daftar Syarat Pembayaran/Page_FinUP (Financial Integrated Applicatio_e626e9/span_Sign In_p-ink p-ink-active' is clicked on

2024-07-17 09:49:25 - [MESSAGE][PASSED] - Object: 'Object Repository/Test Hapus Daftar Syarat Pembayaran/Page_FinUP (Financial Integrated Applicatio_e626e9/span_Sign In_p-ink p-ink-active' is clicked on

2024-07-17 09:49:25 - [TEST_STEP][PASSED] - delay(10): Delayed 10 second(s)

2024-07-17 09:49:35 - [MESSAGE][PASSED] - Delayed 10 second(s)

2024-07-17 09:49:35 - [TEST_STEP][PASSED] - takeFullPageScreenshot(): Taking screenshot successfully

2024-07-17 09:49:36 - [MESSAGE][INFO] - 0 hidden object(s)

2024-07-17 09:49:36 - [MESSAGE][PASSED] - Taking screenshot successfully
[[ATTACHMENT|C:\\Users\\PTI\\Katalon Studio\\Testing-2-master\\Reports\\20240717_093915\\Test Kontrak Harga Satuan\\20240717_093915\\1721184575604.png]]

2024-07-17 09:49:36 - [TEST_STEP][PASSED] - click(findTestObject("Object Repository/Test Hapus Daftar Syarat Pembayaran/Page_FinUP (Financial Integrated Applicatio_e626e9/div_Contract Management")): Object: 'Object Repository/Test Hapus Daftar Syarat Pembayaran/Page_FinUP (Financial Integrated Applicatio_e626e9/div_Contract Management' is clicked on

2024-07-17 09:49:36 - [MESSAGE][PASSED] - Object: 'Object Repository/Test Hapus Daftar Syarat Pembayaran/Page_FinUP (Financial Integrated Applicatio_e626e9/div_Contract Management' is clicked on

2024-07-17 09:49:36 - [TEST_STEP][PASSED] - takeFullPageScreenshot(): Taking screenshot successfully

2024-07-17 09:49:37 - [MESSAGE][INFO] - 0 hidden object(s)

2024-07-17 09:49:37 - [MESSAGE][PASSED] - Taking screenshot successfully
[[ATTACHMENT|C:\\Users\\PTI\\Katalon Studio\\Testing-2-master\\Reports\\20240717_093915\\Test Kontrak Harga Satuan\\20240717_093915\\1721184576868.png]]

2024-07-17 09:49:37 - [TEST_STEP][PASSED] - enhancedClick(findTestObject("Object Repository/Test Hapus Daftar Syarat Pembayaran/Page_FinUP (Financial Integrated Applicatio_e626e9/a_Kontrak Harga Satuan")): Object: 'Object Repository/Test Hapus Daftar Syarat Pembayaran/Page_FinUP (Financial Integrated Applicatio_e626e9/a_Kontrak Harga Satuan' is clicked on

2024-07-17 09:49:38 - [MESSAGE][PASSED] - Object: 'Object Repository/Test Hapus Daftar Syarat Pembayaran/Page_FinUP (Financial Integrated Applicatio_e626e9/a_Kontrak Harga Satuan' is clicked on

2024-07-17 09:49:38 - [TEST_STEP][PASSED] - takeFullPageScreenshot(): Taking screenshot successfully

2024-07-17 09:49:38 - [MESSAGE][INFO] - 0 hidden object(s)

2024-07-17 09:49:38 - [MESSAGE][PASSED] - Taking screenshot successfully
[[ATTACHMENT|C:\\Users\\PTI\\Katalon Studio\\Testing-2-master\\Reports\\20240717_093915\\Test Kontrak Harga Satuan\\20240717_093915\\1721184578466.png]]

2024-07-17 09:49:38 - [TEST_STEP][PASSED] - enhancedClick(findTestObject("Object Repository/Test Hapus Daftar Syarat Pembayaran/Page_FinUP (Financial Integrated Applicatio_e626e9/td_Test")): Object: 'Object Repository/Test Hapus Daftar Syarat Pembayaran/Page_FinUP (Financial Integrated Applicatio_e626e9/td_Test' is clicked on

2024-07-17 09:49:39 - [MESSAGE][PASSED] - Object: 'Object Repository/Test Hapus Daftar Syarat Pembayaran/Page_FinUP (Financial Integrated Applicatio_e626e9/td_Test' is clicked on

2024-07-17 09:49:39 - [TEST_STEP][PASSED] - takeFullPageScreenshot(): Taking screenshot successfully

2024-07-17 09:49:40 - [MESSAGE][INFO] - 0 hidden object(s)

2024-07-17 09:49:40 - [MESSAGE][PASSED] - Taking screenshot successfully
[[ATTACHMENT|C:\\Users\\PTI\\Katalon Studio\\Testing-2-master\\Reports\\20240717_093915\\Test Kontrak Harga Satuan\\20240717_093915\\1721184579882.png]]

2024-07-17 09:49:40 - [TEST_STEP][PASSED] - click(findTestObject("Object Repository/Test Hapus Daftar Syarat Pembayaran/Page_FinUP (Financial Integrated Applicatio_e626e9/button_Edit")): Object: 'Object Repository/Test Hapus Daftar Syarat Pembayaran/Page_FinUP (Financial Integrated Applicatio_e626e9/button_Edit' is clicked on

2024-07-17 09:49:40 - [MESSAGE][PASSED] - Object: 'Object Repository/Test Hapus Daftar Syarat Pembayaran/Page_FinUP (Financial Integrated Applicatio_e626e9/button_Edit' is clicked on

2024-07-17 09:49:40 - [TEST_STEP][PASSED] - takeFullPageScreenshot(): Taking screenshot successfully

2024-07-17 09:49:41 - [MESSAGE][INFO] - 0 hidden object(s)

2024-07-17 09:49:41 - [MESSAGE][PASSED] - Taking screenshot successfully
[[ATTACHMENT|C:\\Users\\PTI\\Katalon Studio\\Testing-2-master\\Reports\\20240717_093915\\Test Kontrak Harga Satuan\\20240717_093915\\1721184580796.png]]

2024-07-17 09:49:41 - [TEST_STEP][PASSED] - enhancedClick(findTestObject("Object Repository/Test Hapus Daftar Syarat Pembayaran/Page_FinUP (Financial Integrated Applicatio_e626e9/a_Daftar Syarat Pembayaran")): Object: 'Object Repository/Test Hapus Daftar Syarat Pembayaran/Page_FinUP (Financial Integrated Applicatio_e626e9/a_Daftar Syarat Pembayaran' is clicked on

2024-07-17 09:49:41 - [MESSAGE][PASSED] - Object: 'Object Repository/Test Hapus Daftar Syarat Pembayaran/Page_FinUP (Financial Integrated Applicatio_e626e9/a_Daftar Syarat Pembayaran' is clicked on

2024-07-17 09:49:41 - [TEST_STEP][PASSED] - takeFullPageScreenshot(): Taking screenshot successfully

2024-07-17 09:49:42 - [MESSAGE][INFO] - 0 hidden object(s)

2024-07-17 09:49:42 - [MESSAGE][PASSED] - Taking screenshot successfully
[[ATTACHMENT|C:\\Users\\PTI\\Katalon Studio\\Testing-2-master\\Reports\\20240717_093915\\Test Kontrak Harga Satuan\\20240717_093915\\1721184581972.png]]

2024-07-17 09:49:42 - [TEST_STEP][PASSED] - delay(15): Delayed 15 second(s)

2024-07-17 09:49:57 - [MESSAGE][PASSED] - Delayed 15 second(s)

2024-07-17 09:49:57 - [TEST_STEP][PASSED] - takeFullPageScreenshot(): Taking screenshot successfully

2024-07-17 09:49:57 - [MESSAGE][INFO] - 0 hidden object(s)

2024-07-17 09:49:57 - [MESSAGE][PASSED] - Taking screenshot successfully
[[ATTACHMENT|C:\\Users\\PTI\\Katalon Studio\\Testing-2-master\\Reports\\20240717_093915\\Test Kontrak Harga Satuan\\20240717_093915\\1721184597528.png]]

2024-07-17 09:49:57 - [TEST_STEP][PASSED] - click(findTestObject("Object Repository/Test Hapus Daftar Syarat Pembayaran/Page_FinUP (Financial Integrated Applicatio_e626e9/button_Hapus")): Object: 'Object Repository/Test Hapus Daftar Syarat Pembayaran/Page_FinUP (Financial Integrated Applicatio_e626e9/button_Hapus' is clicked on

2024-07-17 09:49:58 - [MESSAGE][PASSED] - Object: 'Object Repository/Test Hapus Daftar Syarat Pembayaran/Page_FinUP (Financial Integrated Applicatio_e626e9/button_Hapus' is clicked on

2024-07-17 09:49:58 - [TEST_STEP][PASSED] - takeFullPageScreenshot(): Taking screenshot successfully

2024-07-17 09:49:58 - [MESSAGE][INFO] - 0 hidden object(s)

2024-07-17 09:49:58 - [MESSAGE][PASSED] - Taking screenshot successfully
[[ATTACHMENT|C:\\Users\\PTI\\Katalon Studio\\Testing-2-master\\Reports\\20240717_093915\\Test Kontrak Harga Satuan\\20240717_093915\\1721184598479.png]]

2024-07-17 09:49:58 - [TEST_STEP][PASSED] - click(findTestObject("Object Repository/Test Hapus Daftar Syarat Pembayaran/Page_FinUP (Financial Integrated Applicatio_e626e9/button_Yes")): Object: 'Object Repository/Test Hapus Daftar Syarat Pembayaran/Page_FinUP (Financial Integrated Applicatio_e626e9/button_Yes' is clicked on

2024-07-17 09:49:59 - [MESSAGE][PASSED] - Object: 'Object Repository/Test Hapus Daftar Syarat Pembayaran/Page_FinUP (Financial Integrated Applicatio_e626e9/button_Yes' is clicked on

2024-07-17 09:49:59 - [TEST_STEP][PASSED] - takeFullPageScreenshot(): Taking screenshot successfully

2024-07-17 09:49:59 - [MESSAGE][INFO] - 0 hidden object(s)

2024-07-17 09:49:59 - [MESSAGE][PASSED] - Taking screenshot successfully
[[ATTACHMENT|C:\\Users\\PTI\\Katalon Studio\\Testing-2-master\\Reports\\20240717_093915\\Test Kontrak Harga Satuan\\20240717_093915\\1721184599401.png]]

2024-07-17 09:49:59 - [TEST_STEP][PASSED] - click(findTestObject("Object Repository/Test Hapus Daftar Syarat Pembayaran/Page_FinUP (Financial Integrated Applicatio_e626e9/button_Simpan")): Object: 'Object Repository/Test Hapus Daftar Syarat Pembayaran/Page_FinUP (Financial Integrated Applicatio_e626e9/button_Simpan' is clicked on

2024-07-17 09:50:00 - [MESSAGE][PASSED] - Object: 'Object Repository/Test Hapus Daftar Syarat Pembayaran/Page_FinUP (Financial Integrated Applicatio_e626e9/button_Simpan' is clicked on

2024-07-17 09:50:00 - [TEST_STEP][PASSED] - takeFullPageScreenshot(): Taking screenshot successfully

2024-07-17 09:50:00 - [MESSAGE][INFO] - 0 hidden object(s)

2024-07-17 09:50:00 - [MESSAGE][PASSED] - Taking screenshot successfully
[[ATTACHMENT|C:\\Users\\PTI\\Katalon Studio\\Testing-2-master\\Reports\\20240717_093915\\Test Kontrak Harga Satuan\\20240717_093915\\1721184600298.png]]]]></system-out>
         <system-err><![CDATA[]]></system-err>
      </testcase>
      <testcase name="Test Cases/Form Daftar Dokumen Post Kontrak/Test Tambah Daftar Dokumen Post Kontrak (Form Kontrak Harga Satuan)" time="66.073" classname="Test Cases/Form Daftar Dokumen Post Kontrak/Test Tambah Daftar Dokumen Post Kontrak (Form Kontrak Harga Satuan)" status="PASSED">
         <system-out><![CDATA[2024-07-17 09:50:00 - [TEST_CASE][PASSED] - Test Cases/Form Daftar Dokumen Post Kontrak/Test Tambah Daftar Dokumen Post Kontrak (Form Kontrak Harga Satuan): Test Cases/Form Daftar Dokumen Post Kontrak/Test Tambah Daftar Dokumen Post Kontrak (Form Kontrak Harga Satuan)

2024-07-17 09:50:01 - [TEST_STEP][PASSED] - openBrowser(""): Browser is opened with url: ''

2024-07-17 09:50:01 - [MESSAGE][WARNING] - A browser is already opened. Closing browser and opening a new one

2024-07-17 09:50:02 - [MESSAGE][INFO] - Starting 'Chrome' driver

2024-07-17 09:50:02 - [MESSAGE][INFO] - Action delay is set to 0 milliseconds

2024-07-17 09:50:04 - [MESSAGE][PASSED] - Browser is opened with url: ''

2024-07-17 09:50:04 - [TEST_STEP][PASSED] - navigateToUrl("http://10.7.1.169/"): Navigate to 'http://10.7.1.169/' successfully

2024-07-17 09:50:06 - [MESSAGE][PASSED] - Navigate to 'http://10.7.1.169/' successfully

2024-07-17 09:50:06 - [TEST_STEP][PASSED] - setText(findTestObject("Object Repository/Test Tambah Daftar Dokumen Post Kontrak (Kontrak Harga Satuan)/Page_FinUP (Financial Integrated Applicatio_e626e9/input_Financial Integrated Applications - N_61d5e8"), "admin"): Text 'admin' is set on object 'Object Repository/Test Tambah Daftar Dokumen Post Kontrak (Kontrak Harga Satuan)/Page_FinUP (Financial Integrated Applicatio_e626e9/input_Financial Integrated Applications - N_61d5e8'

2024-07-17 09:50:07 - [MESSAGE][PASSED] - Text 'admin' is set on object 'Object Repository/Test Tambah Daftar Dokumen Post Kontrak (Kontrak Harga Satuan)/Page_FinUP (Financial Integrated Applicatio_e626e9/input_Financial Integrated Applications - N_61d5e8'

2024-07-17 09:50:07 - [TEST_STEP][PASSED] - takeFullPageScreenshot(): Taking screenshot successfully

2024-07-17 09:50:07 - [MESSAGE][INFO] - 0 hidden object(s)

2024-07-17 09:50:08 - [MESSAGE][PASSED] - Taking screenshot successfully
[[ATTACHMENT|C:\\Users\\PTI\\Katalon Studio\\Testing-2-master\\Reports\\20240717_093915\\Test Kontrak Harga Satuan\\20240717_093915\\1721184607588.png]]

2024-07-17 09:50:08 - [TEST_STEP][PASSED] - setEncryptedText(findTestObject("Object Repository/Test Tambah Daftar Dokumen Post Kontrak (Kontrak Harga Satuan)/Page_FinUP (Financial Integrated Applicatio_e626e9/input_Financial Integrated Applications - N_61d5e8_1"), "RAIVpflpDOg="): Text ****** has been set on object 'Object Repository/Test Tambah Daftar Dokumen Post Kontrak (Kontrak Harga Satuan)/Page_FinUP (Financial Integrated Applicatio_e626e9/input_Financial Integrated Applications - N_61d5e8_1'

2024-07-17 09:50:08 - [MESSAGE][PASSED] - Text ****** has been set on object 'Object Repository/Test Tambah Daftar Dokumen Post Kontrak (Kontrak Harga Satuan)/Page_FinUP (Financial Integrated Applicatio_e626e9/input_Financial Integrated Applications - N_61d5e8_1'

2024-07-17 09:50:08 - [TEST_STEP][PASSED] - takeFullPageScreenshot(): Taking screenshot successfully

2024-07-17 09:50:09 - [MESSAGE][INFO] - 0 hidden object(s)

2024-07-17 09:50:09 - [MESSAGE][PASSED] - Taking screenshot successfully
[[ATTACHMENT|C:\\Users\\PTI\\Katalon Studio\\Testing-2-master\\Reports\\20240717_093915\\Test Kontrak Harga Satuan\\20240717_093915\\1721184608689.png]]

2024-07-17 09:50:09 - [TEST_STEP][PASSED] - enhancedClick(findTestObject("Object Repository/Test Tambah Daftar Dokumen Post Kontrak (Kontrak Harga Satuan)/Page_FinUP (Financial Integrated Applicatio_e626e9/span_Sign In_p-ink p-ink-active")): Object: 'Object Repository/Test Tambah Daftar Dokumen Post Kontrak (Kontrak Harga Satuan)/Page_FinUP (Financial Integrated Applicatio_e626e9/span_Sign In_p-ink p-ink-active' is clicked on

2024-07-17 09:50:40 - [MESSAGE][PASSED] - Object: 'Object Repository/Test Tambah Daftar Dokumen Post Kontrak (Kontrak Harga Satuan)/Page_FinUP (Financial Integrated Applicatio_e626e9/span_Sign In_p-ink p-ink-active' is clicked on

2024-07-17 09:50:40 - [TEST_STEP][PASSED] - delay(10): Delayed 10 second(s)

2024-07-17 09:50:50 - [MESSAGE][PASSED] - Delayed 10 second(s)

2024-07-17 09:50:50 - [TEST_STEP][PASSED] - takeFullPageScreenshot(): Taking screenshot successfully

2024-07-17 09:50:51 - [MESSAGE][INFO] - 0 hidden object(s)

2024-07-17 09:50:51 - [MESSAGE][PASSED] - Taking screenshot successfully
[[ATTACHMENT|C:\\Users\\PTI\\Katalon Studio\\Testing-2-master\\Reports\\20240717_093915\\Test Kontrak Harga Satuan\\20240717_093915\\1721184650841.png]]

2024-07-17 09:50:51 - [TEST_STEP][PASSED] - click(findTestObject("Object Repository/Test Tambah Daftar Dokumen Post Kontrak (Kontrak Harga Satuan)/Page_FinUP (Financial Integrated Applicatio_e626e9/div_Contract Management")): Object: 'Object Repository/Test Tambah Daftar Dokumen Post Kontrak (Kontrak Harga Satuan)/Page_FinUP (Financial Integrated Applicatio_e626e9/div_Contract Management' is clicked on

2024-07-17 09:50:52 - [MESSAGE][PASSED] - Object: 'Object Repository/Test Tambah Daftar Dokumen Post Kontrak (Kontrak Harga Satuan)/Page_FinUP (Financial Integrated Applicatio_e626e9/div_Contract Management' is clicked on

2024-07-17 09:50:52 - [TEST_STEP][PASSED] - takeFullPageScreenshot(): Taking screenshot successfully

2024-07-17 09:50:52 - [MESSAGE][INFO] - 0 hidden object(s)

2024-07-17 09:50:53 - [MESSAGE][PASSED] - Taking screenshot successfully
[[ATTACHMENT|C:\\Users\\PTI\\Katalon Studio\\Testing-2-master\\Reports\\20240717_093915\\Test Kontrak Harga Satuan\\20240717_093915\\1721184652166.png]]

2024-07-17 09:50:53 - [TEST_STEP][PASSED] - enhancedClick(findTestObject("Object Repository/Test Tambah Daftar Dokumen Post Kontrak (Kontrak Harga Satuan)/Page_FinUP (Financial Integrated Applicatio_e626e9/a_Kontrak Harga Satuan")): Object: 'Object Repository/Test Tambah Daftar Dokumen Post Kontrak (Kontrak Harga Satuan)/Page_FinUP (Financial Integrated Applicatio_e626e9/a_Kontrak Harga Satuan' is clicked on

2024-07-17 09:50:53 - [MESSAGE][PASSED] - Object: 'Object Repository/Test Tambah Daftar Dokumen Post Kontrak (Kontrak Harga Satuan)/Page_FinUP (Financial Integrated Applicatio_e626e9/a_Kontrak Harga Satuan' is clicked on

2024-07-17 09:50:53 - [TEST_STEP][PASSED] - takeFullPageScreenshot(): Taking screenshot successfully

2024-07-17 09:50:54 - [MESSAGE][INFO] - 0 hidden object(s)

2024-07-17 09:50:54 - [MESSAGE][PASSED] - Taking screenshot successfully
[[ATTACHMENT|C:\\Users\\PTI\\Katalon Studio\\Testing-2-master\\Reports\\20240717_093915\\Test Kontrak Harga Satuan\\20240717_093915\\1721184653776.png]]

2024-07-17 09:50:54 - [TEST_STEP][PASSED] - enhancedClick(findTestObject("Test Hapus Daftar Syarat Pembayaran/Page_FinUP (Financial Integrated Applicatio_e626e9/td_Test")): Object: 'Object Repository/Test Hapus Daftar Syarat Pembayaran/Page_FinUP (Financial Integrated Applicatio_e626e9/td_Test' is clicked on

2024-07-17 09:50:55 - [MESSAGE][PASSED] - Object: 'Object Repository/Test Hapus Daftar Syarat Pembayaran/Page_FinUP (Financial Integrated Applicatio_e626e9/td_Test' is clicked on

2024-07-17 09:50:55 - [TEST_STEP][PASSED] - takeFullPageScreenshot(): Taking screenshot successfully

2024-07-17 09:50:56 - [MESSAGE][INFO] - 0 hidden object(s)

2024-07-17 09:50:56 - [MESSAGE][PASSED] - Taking screenshot successfully
[[ATTACHMENT|C:\\Users\\PTI\\Katalon Studio\\Testing-2-master\\Reports\\20240717_093915\\Test Kontrak Harga Satuan\\20240717_093915\\1721184655866.png]]

2024-07-17 09:50:56 - [TEST_STEP][PASSED] - click(findTestObject("Object Repository/Test Tambah Daftar Dokumen Post Kontrak (Kontrak Harga Satuan)/Page_FinUP (Financial Integrated Applicatio_e626e9/button_Edit")): Object: 'Object Repository/Test Tambah Daftar Dokumen Post Kontrak (Kontrak Harga Satuan)/Page_FinUP (Financial Integrated Applicatio_e626e9/button_Edit' is clicked on

2024-07-17 09:50:56 - [MESSAGE][PASSED] - Object: 'Object Repository/Test Tambah Daftar Dokumen Post Kontrak (Kontrak Harga Satuan)/Page_FinUP (Financial Integrated Applicatio_e626e9/button_Edit' is clicked on

2024-07-17 09:50:56 - [TEST_STEP][PASSED] - takeFullPageScreenshot(): Taking screenshot successfully

2024-07-17 09:50:57 - [MESSAGE][INFO] - 0 hidden object(s)

2024-07-17 09:50:57 - [MESSAGE][PASSED] - Taking screenshot successfully
[[ATTACHMENT|C:\\Users\\PTI\\Katalon Studio\\Testing-2-master\\Reports\\20240717_093915\\Test Kontrak Harga Satuan\\20240717_093915\\1721184656808.png]]

2024-07-17 09:50:57 - [TEST_STEP][PASSED] - enhancedClick(findTestObject("Object Repository/Test Tambah Daftar Dokumen Post Kontrak (Kontrak Harga Satuan)/Page_FinUP (Financial Integrated Applicatio_e626e9/a_Daftar Dokumen Post Kontrak")): Object: 'Object Repository/Test Tambah Daftar Dokumen Post Kontrak (Kontrak Harga Satuan)/Page_FinUP (Financial Integrated Applicatio_e626e9/a_Daftar Dokumen Post Kontrak' is clicked on

2024-07-17 09:50:57 - [MESSAGE][PASSED] - Object: 'Object Repository/Test Tambah Daftar Dokumen Post Kontrak (Kontrak Harga Satuan)/Page_FinUP (Financial Integrated Applicatio_e626e9/a_Daftar Dokumen Post Kontrak' is clicked on

2024-07-17 09:50:57 - [TEST_STEP][PASSED] - takeFullPageScreenshot(): Taking screenshot successfully

2024-07-17 09:50:58 - [MESSAGE][INFO] - 0 hidden object(s)

2024-07-17 09:50:58 - [MESSAGE][PASSED] - Taking screenshot successfully
[[ATTACHMENT|C:\\Users\\PTI\\Katalon Studio\\Testing-2-master\\Reports\\20240717_093915\\Test Kontrak Harga Satuan\\20240717_093915\\1721184658000.png]]

2024-07-17 09:50:58 - [TEST_STEP][PASSED] - click(findTestObject("Object Repository/Test Tambah Daftar Dokumen Post Kontrak (Kontrak Harga Satuan)/Page_FinUP (Financial Integrated Applicatio_e626e9/button_Baru")): Object: 'Object Repository/Test Tambah Daftar Dokumen Post Kontrak (Kontrak Harga Satuan)/Page_FinUP (Financial Integrated Applicatio_e626e9/button_Baru' is clicked on

2024-07-17 09:50:59 - [MESSAGE][PASSED] - Object: 'Object Repository/Test Tambah Daftar Dokumen Post Kontrak (Kontrak Harga Satuan)/Page_FinUP (Financial Integrated Applicatio_e626e9/button_Baru' is clicked on

2024-07-17 09:50:59 - [TEST_STEP][PASSED] - takeFullPageScreenshot(): Taking screenshot successfully

2024-07-17 09:50:59 - [MESSAGE][INFO] - 0 hidden object(s)

2024-07-17 09:50:59 - [MESSAGE][PASSED] - Taking screenshot successfully
[[ATTACHMENT|C:\\Users\\PTI\\Katalon Studio\\Testing-2-master\\Reports\\20240717_093915\\Test Kontrak Harga Satuan\\20240717_093915\\1721184659115.png]]

2024-07-17 09:50:59 - [TEST_STEP][PASSED] - click(findTestObject("Object Repository/Test Tambah Daftar Dokumen Post Kontrak (Kontrak Harga Satuan)/Page_FinUP (Financial Integrated Applicatio_e626e9/button_")): Object: 'Object Repository/Test Tambah Daftar Dokumen Post Kontrak (Kontrak Harga Satuan)/Page_FinUP (Financial Integrated Applicatio_e626e9/button_' is clicked on

2024-07-17 09:51:00 - [MESSAGE][PASSED] - Object: 'Object Repository/Test Tambah Daftar Dokumen Post Kontrak (Kontrak Harga Satuan)/Page_FinUP (Financial Integrated Applicatio_e626e9/button_' is clicked on

2024-07-17 09:51:00 - [TEST_STEP][PASSED] - takeFullPageScreenshot(): Taking screenshot successfully

2024-07-17 09:51:00 - [MESSAGE][INFO] - 0 hidden object(s)

2024-07-17 09:51:00 - [MESSAGE][PASSED] - Taking screenshot successfully
[[ATTACHMENT|C:\\Users\\PTI\\Katalon Studio\\Testing-2-master\\Reports\\20240717_093915\\Test Kontrak Harga Satuan\\20240717_093915\\1721184660101.png]]

2024-07-17 09:51:00 - [TEST_STEP][PASSED] - click(findTestObject("Object Repository/Test Tambah Daftar Dokumen Post Kontrak (Kontrak Harga Satuan)/Page_FinUP (Financial Integrated Applicatio_e626e9/span_8")): Object: 'Object Repository/Test Tambah Daftar Dokumen Post Kontrak (Kontrak Harga Satuan)/Page_FinUP (Financial Integrated Applicatio_e626e9/span_8' is clicked on

2024-07-17 09:51:01 - [MESSAGE][PASSED] - Object: 'Object Repository/Test Tambah Daftar Dokumen Post Kontrak (Kontrak Harga Satuan)/Page_FinUP (Financial Integrated Applicatio_e626e9/span_8' is clicked on

2024-07-17 09:51:01 - [TEST_STEP][PASSED] - takeFullPageScreenshot(): Taking screenshot successfully

2024-07-17 09:51:01 - [MESSAGE][INFO] - 0 hidden object(s)

2024-07-17 09:51:01 - [MESSAGE][PASSED] - Taking screenshot successfully
[[ATTACHMENT|C:\\Users\\PTI\\Katalon Studio\\Testing-2-master\\Reports\\20240717_093915\\Test Kontrak Harga Satuan\\20240717_093915\\1721184661014.png]]

2024-07-17 09:51:01 - [TEST_STEP][PASSED] - setText(findTestObject("Object Repository/Test Tambah Daftar Dokumen Post Kontrak (Kontrak Harga Satuan)/Page_FinUP (Financial Integrated Applicatio_e626e9/input_Nama_namaDok"), "test"): Text 'test' is set on object 'Object Repository/Test Tambah Daftar Dokumen Post Kontrak (Kontrak Harga Satuan)/Page_FinUP (Financial Integrated Applicatio_e626e9/input_Nama_namaDok'

2024-07-17 09:51:02 - [MESSAGE][PASSED] - Text 'test' is set on object 'Object Repository/Test Tambah Daftar Dokumen Post Kontrak (Kontrak Harga Satuan)/Page_FinUP (Financial Integrated Applicatio_e626e9/input_Nama_namaDok'

2024-07-17 09:51:02 - [TEST_STEP][PASSED] - takeFullPageScreenshot(): Taking screenshot successfully

2024-07-17 09:51:02 - [MESSAGE][INFO] - 0 hidden object(s)

2024-07-17 09:51:02 - [MESSAGE][PASSED] - Taking screenshot successfully
[[ATTACHMENT|C:\\Users\\PTI\\Katalon Studio\\Testing-2-master\\Reports\\20240717_093915\\Test Kontrak Harga Satuan\\20240717_093915\\1721184662258.png]]

2024-07-17 09:51:02 - [TEST_STEP][PASSED] - setText(findTestObject("Object Repository/Test Tambah Daftar Dokumen Post Kontrak (Kontrak Harga Satuan)/Page_FinUP (Financial Integrated Applicatio_e626e9/textarea_Keterangan_keterangan"), "testing"): Text 'testing' is set on object 'Object Repository/Test Tambah Daftar Dokumen Post Kontrak (Kontrak Harga Satuan)/Page_FinUP (Financial Integrated Applicatio_e626e9/textarea_Keterangan_keterangan'

2024-07-17 09:51:03 - [MESSAGE][PASSED] - Text 'testing' is set on object 'Object Repository/Test Tambah Daftar Dokumen Post Kontrak (Kontrak Harga Satuan)/Page_FinUP (Financial Integrated Applicatio_e626e9/textarea_Keterangan_keterangan'

2024-07-17 09:51:03 - [TEST_STEP][PASSED] - takeFullPageScreenshot(): Taking screenshot successfully

2024-07-17 09:51:03 - [MESSAGE][INFO] - 0 hidden object(s)

2024-07-17 09:51:03 - [MESSAGE][PASSED] - Taking screenshot successfully
[[ATTACHMENT|C:\\Users\\PTI\\Katalon Studio\\Testing-2-master\\Reports\\20240717_093915\\Test Kontrak Harga Satuan\\20240717_093915\\1721184663482.png]]

2024-07-17 09:51:03 - [TEST_STEP][PASSED] - click(findTestObject("Object Repository/Test Tambah Daftar Dokumen Post Kontrak (Kontrak Harga Satuan)/Page_FinUP (Financial Integrated Applicatio_e626e9/button_Simpan")): Object: 'Object Repository/Test Tambah Daftar Dokumen Post Kontrak (Kontrak Harga Satuan)/Page_FinUP (Financial Integrated Applicatio_e626e9/button_Simpan' is clicked on

2024-07-17 09:51:04 - [MESSAGE][PASSED] - Object: 'Object Repository/Test Tambah Daftar Dokumen Post Kontrak (Kontrak Harga Satuan)/Page_FinUP (Financial Integrated Applicatio_e626e9/button_Simpan' is clicked on

2024-07-17 09:51:04 - [TEST_STEP][PASSED] - takeFullPageScreenshot(): Taking screenshot successfully

2024-07-17 09:51:04 - [MESSAGE][INFO] - 0 hidden object(s)

2024-07-17 09:51:04 - [MESSAGE][PASSED] - Taking screenshot successfully
[[ATTACHMENT|C:\\Users\\PTI\\Katalon Studio\\Testing-2-master\\Reports\\20240717_093915\\Test Kontrak Harga Satuan\\20240717_093915\\1721184664443.png]]

2024-07-17 09:51:04 - [TEST_STEP][PASSED] - click(findTestObject("Object Repository/Test Tambah Daftar Dokumen Post Kontrak (Kontrak Harga Satuan)/Page_FinUP (Financial Integrated Applicatio_e626e9/button_Keluar")): Object: 'Object Repository/Test Tambah Daftar Dokumen Post Kontrak (Kontrak Harga Satuan)/Page_FinUP (Financial Integrated Applicatio_e626e9/button_Keluar' is clicked on

2024-07-17 09:51:05 - [MESSAGE][PASSED] - Object: 'Object Repository/Test Tambah Daftar Dokumen Post Kontrak (Kontrak Harga Satuan)/Page_FinUP (Financial Integrated Applicatio_e626e9/button_Keluar' is clicked on

2024-07-17 09:51:05 - [TEST_STEP][PASSED] - takeFullPageScreenshot(): Taking screenshot successfully

2024-07-17 09:51:05 - [MESSAGE][INFO] - 0 hidden object(s)

2024-07-17 09:51:05 - [MESSAGE][PASSED] - Taking screenshot successfully
[[ATTACHMENT|C:\\Users\\PTI\\Katalon Studio\\Testing-2-master\\Reports\\20240717_093915\\Test Kontrak Harga Satuan\\20240717_093915\\1721184665464.png]]

2024-07-17 09:51:05 - [TEST_STEP][PASSED] - click(findTestObject("Object Repository/Test Tambah Daftar Dokumen Post Kontrak (Kontrak Harga Satuan)/Page_FinUP (Financial Integrated Applicatio_e626e9/button_Simpan")): Object: 'Object Repository/Test Tambah Daftar Dokumen Post Kontrak (Kontrak Harga Satuan)/Page_FinUP (Financial Integrated Applicatio_e626e9/button_Simpan' is clicked on

2024-07-17 09:51:06 - [MESSAGE][PASSED] - Object: 'Object Repository/Test Tambah Daftar Dokumen Post Kontrak (Kontrak Harga Satuan)/Page_FinUP (Financial Integrated Applicatio_e626e9/button_Simpan' is clicked on

2024-07-17 09:51:06 - [TEST_STEP][PASSED] - takeFullPageScreenshot(): Taking screenshot successfully

2024-07-17 09:51:06 - [MESSAGE][INFO] - 0 hidden object(s)

2024-07-17 09:51:06 - [MESSAGE][PASSED] - Taking screenshot successfully
[[ATTACHMENT|C:\\Users\\PTI\\Katalon Studio\\Testing-2-master\\Reports\\20240717_093915\\Test Kontrak Harga Satuan\\20240717_093915\\1721184666374.png]]]]></system-out>
         <system-err><![CDATA[]]></system-err>
      </testcase>
      <testcase name="Test Cases/Form Daftar Dokumen Post Kontrak/Test Tambah Upload Dokumen Post Kontrak" time="66.637" classname="Test Cases/Form Daftar Dokumen Post Kontrak/Test Tambah Upload Dokumen Post Kontrak" status="PASSED">
         <system-out><![CDATA[2024-07-17 09:51:06 - [TEST_CASE][PASSED] - Test Cases/Form Daftar Dokumen Post Kontrak/Test Tambah Upload Dokumen Post Kontrak: Test Cases/Form Daftar Dokumen Post Kontrak/Test Tambah Upload Dokumen Post Kontrak

2024-07-17 09:51:07 - [TEST_STEP][PASSED] - openBrowser(""): Browser is opened with url: ''

2024-07-17 09:51:07 - [MESSAGE][WARNING] - A browser is already opened. Closing browser and opening a new one

2024-07-17 09:51:08 - [MESSAGE][INFO] - Starting 'Chrome' driver

2024-07-17 09:51:08 - [MESSAGE][INFO] - Action delay is set to 0 milliseconds

2024-07-17 09:51:10 - [MESSAGE][PASSED] - Browser is opened with url: ''

2024-07-17 09:51:10 - [TEST_STEP][PASSED] - navigateToUrl("http://10.7.1.169/"): Navigate to 'http://10.7.1.169/' successfully

2024-07-17 09:51:13 - [MESSAGE][PASSED] - Navigate to 'http://10.7.1.169/' successfully

2024-07-17 09:51:13 - [TEST_STEP][PASSED] - setText(findTestObject("Object Repository/Test Tambah Upload Dokumen Post Kontrak/Page_FinUP (Financial Integrated Applicatio_e626e9/input_Financial Integrated Applications - N_61d5e8"), "admin"): Text 'admin' is set on object 'Object Repository/Test Tambah Upload Dokumen Post Kontrak/Page_FinUP (Financial Integrated Applicatio_e626e9/input_Financial Integrated Applications - N_61d5e8'

2024-07-17 09:51:14 - [MESSAGE][PASSED] - Text 'admin' is set on object 'Object Repository/Test Tambah Upload Dokumen Post Kontrak/Page_FinUP (Financial Integrated Applicatio_e626e9/input_Financial Integrated Applications - N_61d5e8'

2024-07-17 09:51:14 - [TEST_STEP][PASSED] - takeFullPageScreenshot(): Taking screenshot successfully

2024-07-17 09:51:15 - [MESSAGE][INFO] - 0 hidden object(s)

2024-07-17 09:51:15 - [MESSAGE][PASSED] - Taking screenshot successfully
[[ATTACHMENT|C:\\Users\\PTI\\Katalon Studio\\Testing-2-master\\Reports\\20240717_093915\\Test Kontrak Harga Satuan\\20240717_093915\\1721184674891.png]]

2024-07-17 09:51:15 - [TEST_STEP][PASSED] - setEncryptedText(findTestObject("Object Repository/Test Tambah Upload Dokumen Post Kontrak/Page_FinUP (Financial Integrated Applicatio_e626e9/input_Financial Integrated Applications - N_61d5e8_1"), "RAIVpflpDOg="): Text ****** has been set on object 'Object Repository/Test Tambah Upload Dokumen Post Kontrak/Page_FinUP (Financial Integrated Applicatio_e626e9/input_Financial Integrated Applications - N_61d5e8_1'

2024-07-17 09:51:17 - [MESSAGE][PASSED] - Text ****** has been set on object 'Object Repository/Test Tambah Upload Dokumen Post Kontrak/Page_FinUP (Financial Integrated Applicatio_e626e9/input_Financial Integrated Applications - N_61d5e8_1'

2024-07-17 09:51:17 - [TEST_STEP][PASSED] - takeFullPageScreenshot(): Taking screenshot successfully

2024-07-17 09:51:17 - [MESSAGE][INFO] - 0 hidden object(s)

2024-07-17 09:51:17 - [MESSAGE][PASSED] - Taking screenshot successfully
[[ATTACHMENT|C:\\Users\\PTI\\Katalon Studio\\Testing-2-master\\Reports\\20240717_093915\\Test Kontrak Harga Satuan\\20240717_093915\\1721184677007.png]]

2024-07-17 09:51:17 - [TEST_STEP][PASSED] - enhancedClick(findTestObject("Object Repository/Test Tambah Upload Dokumen Post Kontrak/Page_FinUP (Financial Integrated Applicatio_e626e9/span_Sign In_p-ink p-ink-active")): Object: 'Object Repository/Test Tambah Upload Dokumen Post Kontrak/Page_FinUP (Financial Integrated Applicatio_e626e9/span_Sign In_p-ink p-ink-active' is clicked on

2024-07-17 09:51:48 - [MESSAGE][PASSED] - Object: 'Object Repository/Test Tambah Upload Dokumen Post Kontrak/Page_FinUP (Financial Integrated Applicatio_e626e9/span_Sign In_p-ink p-ink-active' is clicked on

2024-07-17 09:51:48 - [TEST_STEP][PASSED] - delay(10): Delayed 10 second(s)

2024-07-17 09:51:58 - [MESSAGE][PASSED] - Delayed 10 second(s)

2024-07-17 09:51:58 - [TEST_STEP][PASSED] - takeFullPageScreenshot(): Taking screenshot successfully

2024-07-17 09:51:59 - [MESSAGE][INFO] - 0 hidden object(s)

2024-07-17 09:51:59 - [MESSAGE][PASSED] - Taking screenshot successfully
[[ATTACHMENT|C:\\Users\\PTI\\Katalon Studio\\Testing-2-master\\Reports\\20240717_093915\\Test Kontrak Harga Satuan\\20240717_093915\\1721184718771.png]]

2024-07-17 09:51:59 - [TEST_STEP][PASSED] - click(findTestObject("Object Repository/Test Tambah Upload Dokumen Post Kontrak/Page_FinUP (Financial Integrated Applicatio_e626e9/div_Contract Management")): Object: 'Object Repository/Test Tambah Upload Dokumen Post Kontrak/Page_FinUP (Financial Integrated Applicatio_e626e9/div_Contract Management' is clicked on

2024-07-17 09:52:00 - [MESSAGE][PASSED] - Object: 'Object Repository/Test Tambah Upload Dokumen Post Kontrak/Page_FinUP (Financial Integrated Applicatio_e626e9/div_Contract Management' is clicked on

2024-07-17 09:52:00 - [TEST_STEP][PASSED] - takeFullPageScreenshot(): Taking screenshot successfully

2024-07-17 09:52:00 - [MESSAGE][INFO] - 0 hidden object(s)

2024-07-17 09:52:01 - [MESSAGE][PASSED] - Taking screenshot successfully
[[ATTACHMENT|C:\\Users\\PTI\\Katalon Studio\\Testing-2-master\\Reports\\20240717_093915\\Test Kontrak Harga Satuan\\20240717_093915\\1721184720098.png]]

2024-07-17 09:52:01 - [TEST_STEP][PASSED] - enhancedClick(findTestObject("Object Repository/Test Tambah Upload Dokumen Post Kontrak/Page_FinUP (Financial Integrated Applicatio_e626e9/a_Kontrak Harga Satuan")): Object: 'Object Repository/Test Tambah Upload Dokumen Post Kontrak/Page_FinUP (Financial Integrated Applicatio_e626e9/a_Kontrak Harga Satuan' is clicked on

2024-07-17 09:52:01 - [MESSAGE][PASSED] - Object: 'Object Repository/Test Tambah Upload Dokumen Post Kontrak/Page_FinUP (Financial Integrated Applicatio_e626e9/a_Kontrak Harga Satuan' is clicked on

2024-07-17 09:52:01 - [TEST_STEP][PASSED] - takeFullPageScreenshot(): Taking screenshot successfully

2024-07-17 09:52:02 - [MESSAGE][INFO] - 0 hidden object(s)

2024-07-17 09:52:02 - [MESSAGE][PASSED] - Taking screenshot successfully
[[ATTACHMENT|C:\\Users\\PTI\\Katalon Studio\\Testing-2-master\\Reports\\20240717_093915\\Test Kontrak Harga Satuan\\20240717_093915\\1721184721651.png]]

2024-07-17 09:52:02 - [TEST_STEP][PASSED] - enhancedClick(findTestObject("Object Repository/Test Tambah Upload Dokumen Post Kontrak/Page_FinUP (Financial Integrated Applicatio_e626e9/td")): Object: 'Object Repository/Test Tambah Upload Dokumen Post Kontrak/Page_FinUP (Financial Integrated Applicatio_e626e9/td' is clicked on

2024-07-17 09:52:02 - [MESSAGE][PASSED] - Object: 'Object Repository/Test Tambah Upload Dokumen Post Kontrak/Page_FinUP (Financial Integrated Applicatio_e626e9/td' is clicked on

2024-07-17 09:52:02 - [TEST_STEP][PASSED] - takeFullPageScreenshot(): Taking screenshot successfully

2024-07-17 09:52:03 - [MESSAGE][INFO] - 0 hidden object(s)

2024-07-17 09:52:03 - [MESSAGE][PASSED] - Taking screenshot successfully
[[ATTACHMENT|C:\\Users\\PTI\\Katalon Studio\\Testing-2-master\\Reports\\20240717_093915\\Test Kontrak Harga Satuan\\20240717_093915\\1721184722870.png]]

2024-07-17 09:52:03 - [TEST_STEP][PASSED] - click(findTestObject("Object Repository/Test Tambah Upload Dokumen Post Kontrak/Page_FinUP (Financial Integrated Applicatio_e626e9/button_Edit")): Object: 'Object Repository/Test Tambah Upload Dokumen Post Kontrak/Page_FinUP (Financial Integrated Applicatio_e626e9/button_Edit' is clicked on

2024-07-17 09:52:03 - [MESSAGE][PASSED] - Object: 'Object Repository/Test Tambah Upload Dokumen Post Kontrak/Page_FinUP (Financial Integrated Applicatio_e626e9/button_Edit' is clicked on

2024-07-17 09:52:03 - [TEST_STEP][PASSED] - takeFullPageScreenshot(): Taking screenshot successfully

2024-07-17 09:52:04 - [MESSAGE][INFO] - 0 hidden object(s)

2024-07-17 09:52:04 - [MESSAGE][PASSED] - Taking screenshot successfully
[[ATTACHMENT|C:\\Users\\PTI\\Katalon Studio\\Testing-2-master\\Reports\\20240717_093915\\Test Kontrak Harga Satuan\\20240717_093915\\1721184723798.png]]

2024-07-17 09:52:04 - [TEST_STEP][PASSED] - enhancedClick(findTestObject("Object Repository/Test Tambah Upload Dokumen Post Kontrak/Page_FinUP (Financial Integrated Applicatio_e626e9/a_Daftar Dokumen Post Kontrak")): Object: 'Object Repository/Test Tambah Upload Dokumen Post Kontrak/Page_FinUP (Financial Integrated Applicatio_e626e9/a_Daftar Dokumen Post Kontrak' is clicked on

2024-07-17 09:52:05 - [MESSAGE][PASSED] - Object: 'Object Repository/Test Tambah Upload Dokumen Post Kontrak/Page_FinUP (Financial Integrated Applicatio_e626e9/a_Daftar Dokumen Post Kontrak' is clicked on

2024-07-17 09:52:05 - [TEST_STEP][PASSED] - takeFullPageScreenshot(): Taking screenshot successfully

2024-07-17 09:52:05 - [MESSAGE][INFO] - 0 hidden object(s)

2024-07-17 09:52:05 - [MESSAGE][PASSED] - Taking screenshot successfully
[[ATTACHMENT|C:\\Users\\PTI\\Katalon Studio\\Testing-2-master\\Reports\\20240717_093915\\Test Kontrak Harga Satuan\\20240717_093915\\1721184725018.png]]

2024-07-17 09:52:05 - [TEST_STEP][PASSED] - enhancedClick(findTestObject("Object Repository/Test Tambah Upload Dokumen Post Kontrak/Page_FinUP (Financial Integrated Applicatio_e626e9/td_test")): Object: 'Object Repository/Test Tambah Upload Dokumen Post Kontrak/Page_FinUP (Financial Integrated Applicatio_e626e9/td_test' is clicked on

2024-07-17 09:52:05 - [MESSAGE][PASSED] - Object: 'Object Repository/Test Tambah Upload Dokumen Post Kontrak/Page_FinUP (Financial Integrated Applicatio_e626e9/td_test' is clicked on

2024-07-17 09:52:05 - [TEST_STEP][PASSED] - takeFullPageScreenshot(): Taking screenshot successfully

2024-07-17 09:52:06 - [MESSAGE][INFO] - 0 hidden object(s)

2024-07-17 09:52:06 - [MESSAGE][PASSED] - Taking screenshot successfully
[[ATTACHMENT|C:\\Users\\PTI\\Katalon Studio\\Testing-2-master\\Reports\\20240717_093915\\Test Kontrak Harga Satuan\\20240717_093915\\1721184725951.png]]

2024-07-17 09:52:06 - [TEST_STEP][PASSED] - click(findTestObject("Object Repository/Test Tambah Upload Dokumen Post Kontrak/Page_FinUP (Financial Integrated Applicatio_e626e9/button_Edit_1")): Object: 'Object Repository/Test Tambah Upload Dokumen Post Kontrak/Page_FinUP (Financial Integrated Applicatio_e626e9/button_Edit_1' is clicked on

2024-07-17 09:52:06 - [MESSAGE][PASSED] - Object: 'Object Repository/Test Tambah Upload Dokumen Post Kontrak/Page_FinUP (Financial Integrated Applicatio_e626e9/button_Edit_1' is clicked on

2024-07-17 09:52:06 - [TEST_STEP][PASSED] - takeFullPageScreenshot(): Taking screenshot successfully

2024-07-17 09:52:07 - [MESSAGE][INFO] - 0 hidden object(s)

2024-07-17 09:52:07 - [MESSAGE][PASSED] - Taking screenshot successfully
[[ATTACHMENT|C:\\Users\\PTI\\Katalon Studio\\Testing-2-master\\Reports\\20240717_093915\\Test Kontrak Harga Satuan\\20240717_093915\\1721184726976.png]]

2024-07-17 09:52:07 - [TEST_STEP][PASSED] - click(findTestObject("Object Repository/Test Tambah Upload Dokumen Post Kontrak/Page_FinUP (Financial Integrated Applicatio_e626e9/button_Baru")): Object: 'Object Repository/Test Tambah Upload Dokumen Post Kontrak/Page_FinUP (Financial Integrated Applicatio_e626e9/button_Baru' is clicked on

2024-07-17 09:52:07 - [MESSAGE][PASSED] - Object: 'Object Repository/Test Tambah Upload Dokumen Post Kontrak/Page_FinUP (Financial Integrated Applicatio_e626e9/button_Baru' is clicked on

2024-07-17 09:52:07 - [TEST_STEP][PASSED] - takeFullPageScreenshot(): Taking screenshot successfully

2024-07-17 09:52:08 - [MESSAGE][INFO] - 0 hidden object(s)

2024-07-17 09:52:08 - [MESSAGE][PASSED] - Taking screenshot successfully
[[ATTACHMENT|C:\\Users\\PTI\\Katalon Studio\\Testing-2-master\\Reports\\20240717_093915\\Test Kontrak Harga Satuan\\20240717_093915\\1721184727913.png]]

2024-07-17 09:52:08 - [TEST_STEP][PASSED] - click(findTestObject("Object Repository/Test Tambah Upload Dokumen Post Kontrak/Page_FinUP (Financial Integrated Applicatio_e626e9/div_Pilih Akses_ng-tns-c117-65 p-multiselec_fed869")): Object: 'Object Repository/Test Tambah Upload Dokumen Post Kontrak/Page_FinUP (Financial Integrated Applicatio_e626e9/div_Pilih Akses_ng-tns-c117-65 p-multiselec_fed869' is clicked on

2024-07-17 09:52:08 - [MESSAGE][PASSED] - Object: 'Object Repository/Test Tambah Upload Dokumen Post Kontrak/Page_FinUP (Financial Integrated Applicatio_e626e9/div_Pilih Akses_ng-tns-c117-65 p-multiselec_fed869' is clicked on

2024-07-17 09:52:08 - [TEST_STEP][PASSED] - takeFullPageScreenshot(): Taking screenshot successfully

2024-07-17 09:52:09 - [MESSAGE][INFO] - 0 hidden object(s)

2024-07-17 09:52:09 - [MESSAGE][PASSED] - Taking screenshot successfully
[[ATTACHMENT|C:\\Users\\PTI\\Katalon Studio\\Testing-2-master\\Reports\\20240717_093915\\Test Kontrak Harga Satuan\\20240717_093915\\1721184728907.png]]

2024-07-17 09:52:09 - [TEST_STEP][PASSED] - enhancedClick(findTestObject("Object Repository/Test Tambah Upload Dokumen Post Kontrak/Page_FinUP (Financial Integrated Applicatio_e626e9/li_SCMAP")): Object: 'Object Repository/Test Tambah Upload Dokumen Post Kontrak/Page_FinUP (Financial Integrated Applicatio_e626e9/li_SCMAP' is clicked on

2024-07-17 09:52:10 - [MESSAGE][PASSED] - Object: 'Object Repository/Test Tambah Upload Dokumen Post Kontrak/Page_FinUP (Financial Integrated Applicatio_e626e9/li_SCMAP' is clicked on

2024-07-17 09:52:10 - [TEST_STEP][PASSED] - takeFullPageScreenshot(): Taking screenshot successfully

2024-07-17 09:52:10 - [MESSAGE][INFO] - 0 hidden object(s)

2024-07-17 09:52:10 - [MESSAGE][PASSED] - Taking screenshot successfully
[[ATTACHMENT|C:\\Users\\PTI\\Katalon Studio\\Testing-2-master\\Reports\\20240717_093915\\Test Kontrak Harga Satuan\\20240717_093915\\1721184730283.png]]

2024-07-17 09:52:10 - [TEST_STEP][PASSED] - click(findTestObject("Object Repository/Test Tambah Upload Dokumen Post Kontrak/Page_FinUP (Financial Integrated Applicatio_e626e9/span_Choose")): Object: 'Object Repository/Test Tambah Upload Dokumen Post Kontrak/Page_FinUP (Financial Integrated Applicatio_e626e9/span_Choose' is clicked on

2024-07-17 09:52:11 - [MESSAGE][PASSED] - Object: 'Object Repository/Test Tambah Upload Dokumen Post Kontrak/Page_FinUP (Financial Integrated Applicatio_e626e9/span_Choose' is clicked on

2024-07-17 09:52:11 - [TEST_STEP][PASSED] - takeFullPageScreenshot(): Taking screenshot successfully

2024-07-17 09:52:11 - [MESSAGE][INFO] - 0 hidden object(s)

2024-07-17 09:52:12 - [MESSAGE][PASSED] - Taking screenshot successfully
[[ATTACHMENT|C:\\Users\\PTI\\Katalon Studio\\Testing-2-master\\Reports\\20240717_093915\\Test Kontrak Harga Satuan\\20240717_093915\\1721184731334.png]]

2024-07-17 09:52:12 - [TEST_STEP][PASSED] - click(findTestObject("Object Repository/Test Tambah Upload Dokumen Post Kontrak/Page_FinUP (Financial Integrated Applicatio_e626e9/button_Simpan")): Object: 'Object Repository/Test Tambah Upload Dokumen Post Kontrak/Page_FinUP (Financial Integrated Applicatio_e626e9/button_Simpan' is clicked on

2024-07-17 09:52:12 - [MESSAGE][PASSED] - Object: 'Object Repository/Test Tambah Upload Dokumen Post Kontrak/Page_FinUP (Financial Integrated Applicatio_e626e9/button_Simpan' is clicked on

2024-07-17 09:52:12 - [TEST_STEP][PASSED] - takeFullPageScreenshot(): Taking screenshot successfully

2024-07-17 09:52:13 - [MESSAGE][INFO] - 0 hidden object(s)

2024-07-17 09:52:13 - [MESSAGE][PASSED] - Taking screenshot successfully
[[ATTACHMENT|C:\\Users\\PTI\\Katalon Studio\\Testing-2-master\\Reports\\20240717_093915\\Test Kontrak Harga Satuan\\20240717_093915\\1721184732994.png]]]]></system-out>
         <system-err><![CDATA[]]></system-err>
      </testcase>
      <testcase name="Test Cases/Form Daftar Dokumen Post Kontrak/Test Edit Daftar Dokumen Post Kontrak (Form Kontrak Harga Satuan)" time="64.541" classname="Test Cases/Form Daftar Dokumen Post Kontrak/Test Edit Daftar Dokumen Post Kontrak (Form Kontrak Harga Satuan)" status="PASSED">
         <system-out><![CDATA[2024-07-17 09:52:13 - [TEST_CASE][PASSED] - Test Cases/Form Daftar Dokumen Post Kontrak/Test Edit Daftar Dokumen Post Kontrak (Form Kontrak Harga Satuan): Test Cases/Form Daftar Dokumen Post Kontrak/Test Edit Daftar Dokumen Post Kontrak (Form Kontrak Harga Satuan)

2024-07-17 09:52:14 - [TEST_STEP][PASSED] - openBrowser(""): Browser is opened with url: ''

2024-07-17 09:52:14 - [MESSAGE][WARNING] - A browser is already opened. Closing browser and opening a new one

2024-07-17 09:52:15 - [MESSAGE][INFO] - Starting 'Chrome' driver

2024-07-17 09:52:15 - [MESSAGE][INFO] - Action delay is set to 0 milliseconds

2024-07-17 09:52:17 - [MESSAGE][PASSED] - Browser is opened with url: ''

2024-07-17 09:52:17 - [TEST_STEP][PASSED] - navigateToUrl("http://10.7.1.169/"): Navigate to 'http://10.7.1.169/' successfully

2024-07-17 09:52:18 - [MESSAGE][PASSED] - Navigate to 'http://10.7.1.169/' successfully

2024-07-17 09:52:18 - [TEST_STEP][PASSED] - setText(findTestObject("Object Repository/cokkkk/Page_FinUP (Financial Integrated Applicatio_e626e9/input_Financial Integrated Applications - N_61d5e8"), "admin"): Text 'admin' is set on object 'Object Repository/cokkkk/Page_FinUP (Financial Integrated Applicatio_e626e9/input_Financial Integrated Applications - N_61d5e8'

2024-07-17 09:52:19 - [MESSAGE][PASSED] - Text 'admin' is set on object 'Object Repository/cokkkk/Page_FinUP (Financial Integrated Applicatio_e626e9/input_Financial Integrated Applications - N_61d5e8'

2024-07-17 09:52:19 - [TEST_STEP][PASSED] - takeFullPageScreenshot(): Taking screenshot successfully

2024-07-17 09:52:20 - [MESSAGE][INFO] - 0 hidden object(s)

2024-07-17 09:52:20 - [MESSAGE][PASSED] - Taking screenshot successfully
[[ATTACHMENT|C:\\Users\\PTI\\Katalon Studio\\Testing-2-master\\Reports\\20240717_093915\\Test Kontrak Harga Satuan\\20240717_093915\\1721184739877.png]]

2024-07-17 09:52:20 - [TEST_STEP][PASSED] - setEncryptedText(findTestObject("Object Repository/cokkkk/Page_FinUP (Financial Integrated Applicatio_e626e9/input_Financial Integrated Applications - N_61d5e8_1"), "RAIVpflpDOg="): Text ****** has been set on object 'Object Repository/cokkkk/Page_FinUP (Financial Integrated Applicatio_e626e9/input_Financial Integrated Applications - N_61d5e8_1'

2024-07-17 09:52:20 - [MESSAGE][PASSED] - Text ****** has been set on object 'Object Repository/cokkkk/Page_FinUP (Financial Integrated Applicatio_e626e9/input_Financial Integrated Applications - N_61d5e8_1'

2024-07-17 09:52:20 - [TEST_STEP][PASSED] - takeFullPageScreenshot(): Taking screenshot successfully

2024-07-17 09:52:21 - [MESSAGE][INFO] - 0 hidden object(s)

2024-07-17 09:52:21 - [MESSAGE][PASSED] - Taking screenshot successfully
[[ATTACHMENT|C:\\Users\\PTI\\Katalon Studio\\Testing-2-master\\Reports\\20240717_093915\\Test Kontrak Harga Satuan\\20240717_093915\\1721184740862.png]]

2024-07-17 09:52:21 - [TEST_STEP][PASSED] - enhancedClick(findTestObject("Object Repository/cokkkk/Page_FinUP (Financial Integrated Applicatio_e626e9/span_Sign In_p-ink p-ink-active")): Object: 'Object Repository/cokkkk/Page_FinUP (Financial Integrated Applicatio_e626e9/span_Sign In_p-ink p-ink-active' is clicked on

2024-07-17 09:52:52 - [MESSAGE][PASSED] - Object: 'Object Repository/cokkkk/Page_FinUP (Financial Integrated Applicatio_e626e9/span_Sign In_p-ink p-ink-active' is clicked on

2024-07-17 09:52:52 - [TEST_STEP][PASSED] - delay(10): Delayed 10 second(s)

2024-07-17 09:53:02 - [MESSAGE][PASSED] - Delayed 10 second(s)

2024-07-17 09:53:02 - [TEST_STEP][PASSED] - takeFullPageScreenshot(): Taking screenshot successfully

2024-07-17 09:53:03 - [MESSAGE][INFO] - 0 hidden object(s)

2024-07-17 09:53:04 - [MESSAGE][PASSED] - Taking screenshot successfully
[[ATTACHMENT|C:\\Users\\PTI\\Katalon Studio\\Testing-2-master\\Reports\\20240717_093915\\Test Kontrak Harga Satuan\\20240717_093915\\1721184782122.png]]

2024-07-17 09:53:04 - [TEST_STEP][PASSED] - click(findTestObject("Object Repository/cokkkk/Page_FinUP (Financial Integrated Applicatio_e626e9/div_Contract Management")): Object: 'Object Repository/cokkkk/Page_FinUP (Financial Integrated Applicatio_e626e9/div_Contract Management' is clicked on

2024-07-17 09:53:04 - [MESSAGE][PASSED] - Object: 'Object Repository/cokkkk/Page_FinUP (Financial Integrated Applicatio_e626e9/div_Contract Management' is clicked on

2024-07-17 09:53:04 - [TEST_STEP][PASSED] - takeFullPageScreenshot(): Taking screenshot successfully

2024-07-17 09:53:06 - [MESSAGE][INFO] - 0 hidden object(s)

2024-07-17 09:53:06 - [MESSAGE][PASSED] - Taking screenshot successfully
[[ATTACHMENT|C:\\Users\\PTI\\Katalon Studio\\Testing-2-master\\Reports\\20240717_093915\\Test Kontrak Harga Satuan\\20240717_093915\\1721184784849.png]]

2024-07-17 09:53:06 - [TEST_STEP][PASSED] - enhancedClick(findTestObject("Object Repository/cokkkk/Page_FinUP (Financial Integrated Applicatio_e626e9/a_Kontrak Harga Satuan")): Object: 'Object Repository/cokkkk/Page_FinUP (Financial Integrated Applicatio_e626e9/a_Kontrak Harga Satuan' is clicked on

2024-07-17 09:53:06 - [MESSAGE][PASSED] - Object: 'Object Repository/cokkkk/Page_FinUP (Financial Integrated Applicatio_e626e9/a_Kontrak Harga Satuan' is clicked on

2024-07-17 09:53:06 - [TEST_STEP][PASSED] - takeFullPageScreenshot(): Taking screenshot successfully

2024-07-17 09:53:07 - [MESSAGE][INFO] - 0 hidden object(s)

2024-07-17 09:53:07 - [MESSAGE][PASSED] - Taking screenshot successfully
[[ATTACHMENT|C:\\Users\\PTI\\Katalon Studio\\Testing-2-master\\Reports\\20240717_093915\\Test Kontrak Harga Satuan\\20240717_093915\\1721184786800.png]]

2024-07-17 09:53:07 - [TEST_STEP][PASSED] - enhancedClick(findTestObject("Object Repository/cokkkk/Page_FinUP (Financial Integrated Applicatio_e626e9/td_Test")): Object: 'Object Repository/cokkkk/Page_FinUP (Financial Integrated Applicatio_e626e9/td_Test' is clicked on

2024-07-17 09:53:08 - [MESSAGE][PASSED] - Object: 'Object Repository/cokkkk/Page_FinUP (Financial Integrated Applicatio_e626e9/td_Test' is clicked on

2024-07-17 09:53:08 - [TEST_STEP][PASSED] - takeFullPageScreenshot(): Taking screenshot successfully

2024-07-17 09:53:08 - [MESSAGE][INFO] - 0 hidden object(s)

2024-07-17 09:53:08 - [MESSAGE][PASSED] - Taking screenshot successfully
[[ATTACHMENT|C:\\Users\\PTI\\Katalon Studio\\Testing-2-master\\Reports\\20240717_093915\\Test Kontrak Harga Satuan\\20240717_093915\\1721184788372.png]]

2024-07-17 09:53:08 - [TEST_STEP][PASSED] - click(findTestObject("Object Repository/cokkkk/Page_FinUP (Financial Integrated Applicatio_e626e9/button_Edit")): Object: 'Object Repository/cokkkk/Page_FinUP (Financial Integrated Applicatio_e626e9/button_Edit' is clicked on

2024-07-17 09:53:09 - [MESSAGE][PASSED] - Object: 'Object Repository/cokkkk/Page_FinUP (Financial Integrated Applicatio_e626e9/button_Edit' is clicked on

2024-07-17 09:53:09 - [TEST_STEP][PASSED] - takeFullPageScreenshot(): Taking screenshot successfully

2024-07-17 09:53:09 - [MESSAGE][INFO] - 0 hidden object(s)

2024-07-17 09:53:10 - [MESSAGE][PASSED] - Taking screenshot successfully
[[ATTACHMENT|C:\\Users\\PTI\\Katalon Studio\\Testing-2-master\\Reports\\20240717_093915\\Test Kontrak Harga Satuan\\20240717_093915\\1721184789302.png]]

2024-07-17 09:53:10 - [TEST_STEP][PASSED] - enhancedClick(findTestObject("Object Repository/cokkkk/Page_FinUP (Financial Integrated Applicatio_e626e9/a_Daftar Dokumen Post Kontrak")): Object: 'Object Repository/cokkkk/Page_FinUP (Financial Integrated Applicatio_e626e9/a_Daftar Dokumen Post Kontrak' is clicked on

2024-07-17 09:53:10 - [MESSAGE][PASSED] - Object: 'Object Repository/cokkkk/Page_FinUP (Financial Integrated Applicatio_e626e9/a_Daftar Dokumen Post Kontrak' is clicked on

2024-07-17 09:53:10 - [TEST_STEP][PASSED] - takeFullPageScreenshot(): Taking screenshot successfully

2024-07-17 09:53:11 - [MESSAGE][INFO] - 0 hidden object(s)

2024-07-17 09:53:11 - [MESSAGE][PASSED] - Taking screenshot successfully
[[ATTACHMENT|C:\\Users\\PTI\\Katalon Studio\\Testing-2-master\\Reports\\20240717_093915\\Test Kontrak Harga Satuan\\20240717_093915\\1721184790630.png]]

2024-07-17 09:53:11 - [TEST_STEP][PASSED] - enhancedClick(findTestObject("Object Repository/cokkkk/Page_FinUP (Financial Integrated Applicatio_e626e9/td_testing")): Object: 'Object Repository/cokkkk/Page_FinUP (Financial Integrated Applicatio_e626e9/td_testing' is clicked on

2024-07-17 09:53:11 - [MESSAGE][PASSED] - Object: 'Object Repository/cokkkk/Page_FinUP (Financial Integrated Applicatio_e626e9/td_testing' is clicked on

2024-07-17 09:53:11 - [TEST_STEP][PASSED] - takeFullPageScreenshot(): Taking screenshot successfully

2024-07-17 09:53:12 - [MESSAGE][INFO] - 0 hidden object(s)

2024-07-17 09:53:12 - [MESSAGE][PASSED] - Taking screenshot successfully
[[ATTACHMENT|C:\\Users\\PTI\\Katalon Studio\\Testing-2-master\\Reports\\20240717_093915\\Test Kontrak Harga Satuan\\20240717_093915\\1721184791752.png]]

2024-07-17 09:53:12 - [TEST_STEP][PASSED] - click(findTestObject("Object Repository/cokkkk/Page_FinUP (Financial Integrated Applicatio_e626e9/button_Edit_1")): Object: 'Object Repository/cokkkk/Page_FinUP (Financial Integrated Applicatio_e626e9/button_Edit_1' is clicked on

2024-07-17 09:53:12 - [MESSAGE][PASSED] - Object: 'Object Repository/cokkkk/Page_FinUP (Financial Integrated Applicatio_e626e9/button_Edit_1' is clicked on

2024-07-17 09:53:12 - [TEST_STEP][PASSED] - takeFullPageScreenshot(): Taking screenshot successfully

2024-07-17 09:53:13 - [MESSAGE][INFO] - 0 hidden object(s)

2024-07-17 09:53:13 - [MESSAGE][PASSED] - Taking screenshot successfully
[[ATTACHMENT|C:\\Users\\PTI\\Katalon Studio\\Testing-2-master\\Reports\\20240717_093915\\Test Kontrak Harga Satuan\\20240717_093915\\1721184792690.png]]

2024-07-17 09:53:13 - [TEST_STEP][PASSED] - setText(findTestObject("Object Repository/cokkkk/Page_FinUP (Financial Integrated Applicatio_e626e9/input_Nama_namaDok"), "tester"): Text 'tester' is set on object 'Object Repository/cokkkk/Page_FinUP (Financial Integrated Applicatio_e626e9/input_Nama_namaDok'

2024-07-17 09:53:14 - [MESSAGE][PASSED] - Text 'tester' is set on object 'Object Repository/cokkkk/Page_FinUP (Financial Integrated Applicatio_e626e9/input_Nama_namaDok'

2024-07-17 09:53:14 - [TEST_STEP][PASSED] - takeFullPageScreenshot(): Taking screenshot successfully

2024-07-17 09:53:14 - [MESSAGE][INFO] - 0 hidden object(s)

2024-07-17 09:53:14 - [MESSAGE][PASSED] - Taking screenshot successfully
[[ATTACHMENT|C:\\Users\\PTI\\Katalon Studio\\Testing-2-master\\Reports\\20240717_093915\\Test Kontrak Harga Satuan\\20240717_093915\\1721184794079.png]]

2024-07-17 09:53:14 - [TEST_STEP][PASSED] - setText(findTestObject("Object Repository/cokkkk/Page_FinUP (Financial Integrated Applicatio_e626e9/textarea_Keterangan_keterangan"), "testing"): Text 'testing' is set on object 'Object Repository/cokkkk/Page_FinUP (Financial Integrated Applicatio_e626e9/textarea_Keterangan_keterangan'

2024-07-17 09:53:15 - [MESSAGE][PASSED] - Text 'testing' is set on object 'Object Repository/cokkkk/Page_FinUP (Financial Integrated Applicatio_e626e9/textarea_Keterangan_keterangan'

2024-07-17 09:53:15 - [TEST_STEP][PASSED] - takeFullPageScreenshot(): Taking screenshot successfully

2024-07-17 09:53:15 - [MESSAGE][INFO] - 0 hidden object(s)

2024-07-17 09:53:15 - [MESSAGE][PASSED] - Taking screenshot successfully
[[ATTACHMENT|C:\\Users\\PTI\\Katalon Studio\\Testing-2-master\\Reports\\20240717_093915\\Test Kontrak Harga Satuan\\20240717_093915\\1721184795350.png]]

2024-07-17 09:53:15 - [TEST_STEP][PASSED] - click(findTestObject("Object Repository/cokkkk/Page_FinUP (Financial Integrated Applicatio_e626e9/button_Simpan")): Object: 'Object Repository/cokkkk/Page_FinUP (Financial Integrated Applicatio_e626e9/button_Simpan' is clicked on

2024-07-17 09:53:16 - [MESSAGE][PASSED] - Object: 'Object Repository/cokkkk/Page_FinUP (Financial Integrated Applicatio_e626e9/button_Simpan' is clicked on

2024-07-17 09:53:16 - [TEST_STEP][PASSED] - takeFullPageScreenshot(): Taking screenshot successfully

2024-07-17 09:53:16 - [MESSAGE][INFO] - 0 hidden object(s)

2024-07-17 09:53:16 - [MESSAGE][PASSED] - Taking screenshot successfully
[[ATTACHMENT|C:\\Users\\PTI\\Katalon Studio\\Testing-2-master\\Reports\\20240717_093915\\Test Kontrak Harga Satuan\\20240717_093915\\1721184796250.png]]

2024-07-17 09:53:16 - [TEST_STEP][PASSED] - click(findTestObject("Object Repository/cokkkk/Page_FinUP (Financial Integrated Applicatio_e626e9/button_Keluar")): Object: 'Object Repository/cokkkk/Page_FinUP (Financial Integrated Applicatio_e626e9/button_Keluar' is clicked on

2024-07-17 09:53:17 - [MESSAGE][PASSED] - Object: 'Object Repository/cokkkk/Page_FinUP (Financial Integrated Applicatio_e626e9/button_Keluar' is clicked on

2024-07-17 09:53:17 - [TEST_STEP][PASSED] - takeFullPageScreenshot(): Taking screenshot successfully

2024-07-17 09:53:17 - [MESSAGE][INFO] - 0 hidden object(s)

2024-07-17 09:53:18 - [MESSAGE][PASSED] - Taking screenshot successfully
[[ATTACHMENT|C:\\Users\\PTI\\Katalon Studio\\Testing-2-master\\Reports\\20240717_093915\\Test Kontrak Harga Satuan\\20240717_093915\\1721184797576.png]]]]></system-out>
         <system-err><![CDATA[]]></system-err>
      </testcase>
      <testcase name="Test Cases/Form Daftar Dokumen Post Kontrak/Test Edit Upload Dokumen Post Kontrak" time="64.592" classname="Test Cases/Form Daftar Dokumen Post Kontrak/Test Edit Upload Dokumen Post Kontrak" status="PASSED">
         <system-out><![CDATA[2024-07-17 09:53:18 - [TEST_CASE][PASSED] - Test Cases/Form Daftar Dokumen Post Kontrak/Test Edit Upload Dokumen Post Kontrak: Test Cases/Form Daftar Dokumen Post Kontrak/Test Edit Upload Dokumen Post Kontrak

2024-07-17 09:53:18 - [TEST_STEP][PASSED] - openBrowser(""): Browser is opened with url: ''

2024-07-17 09:53:18 - [MESSAGE][WARNING] - A browser is already opened. Closing browser and opening a new one

2024-07-17 09:53:19 - [MESSAGE][INFO] - Starting 'Chrome' driver

2024-07-17 09:53:19 - [MESSAGE][INFO] - Action delay is set to 0 milliseconds

2024-07-17 09:53:22 - [MESSAGE][PASSED] - Browser is opened with url: ''

2024-07-17 09:53:22 - [TEST_STEP][PASSED] - navigateToUrl("http://10.7.1.169/"): Navigate to 'http://10.7.1.169/' successfully

2024-07-17 09:53:24 - [MESSAGE][PASSED] - Navigate to 'http://10.7.1.169/' successfully

2024-07-17 09:53:24 - [TEST_STEP][PASSED] - setText(findTestObject("Object Repository/Test Edit Upload Dokumen Post Kontrak (Form Kontrak Harga Satuan)/Page_FinUP (Financial Integrated Applicatio_e626e9/input_Financial Integrated Applications - N_61d5e8"), "admin"): Text 'admin' is set on object 'Object Repository/Test Edit Upload Dokumen Post Kontrak (Form Kontrak Harga Satuan)/Page_FinUP (Financial Integrated Applicatio_e626e9/input_Financial Integrated Applications - N_61d5e8'

2024-07-17 09:53:26 - [MESSAGE][PASSED] - Text 'admin' is set on object 'Object Repository/Test Edit Upload Dokumen Post Kontrak (Form Kontrak Harga Satuan)/Page_FinUP (Financial Integrated Applicatio_e626e9/input_Financial Integrated Applications - N_61d5e8'

2024-07-17 09:53:26 - [TEST_STEP][PASSED] - takeFullPageScreenshot(): Taking screenshot successfully

2024-07-17 09:53:26 - [MESSAGE][INFO] - 0 hidden object(s)

2024-07-17 09:53:26 - [MESSAGE][PASSED] - Taking screenshot successfully
[[ATTACHMENT|C:\\Users\\PTI\\Katalon Studio\\Testing-2-master\\Reports\\20240717_093915\\Test Kontrak Harga Satuan\\20240717_093915\\1721184806018.png]]

2024-07-17 09:53:26 - [TEST_STEP][PASSED] - setEncryptedText(findTestObject("Object Repository/Test Edit Upload Dokumen Post Kontrak (Form Kontrak Harga Satuan)/Page_FinUP (Financial Integrated Applicatio_e626e9/input_Financial Integrated Applications - N_61d5e8_1"), "RAIVpflpDOg="): Text ****** has been set on object 'Object Repository/Test Edit Upload Dokumen Post Kontrak (Form Kontrak Harga Satuan)/Page_FinUP (Financial Integrated Applicatio_e626e9/input_Financial Integrated Applications - N_61d5e8_1'

2024-07-17 09:53:27 - [MESSAGE][PASSED] - Text ****** has been set on object 'Object Repository/Test Edit Upload Dokumen Post Kontrak (Form Kontrak Harga Satuan)/Page_FinUP (Financial Integrated Applicatio_e626e9/input_Financial Integrated Applications - N_61d5e8_1'

2024-07-17 09:53:27 - [TEST_STEP][PASSED] - takeFullPageScreenshot(): Taking screenshot successfully

2024-07-17 09:53:27 - [MESSAGE][INFO] - 0 hidden object(s)

2024-07-17 09:53:27 - [MESSAGE][PASSED] - Taking screenshot successfully
[[ATTACHMENT|C:\\Users\\PTI\\Katalon Studio\\Testing-2-master\\Reports\\20240717_093915\\Test Kontrak Harga Satuan\\20240717_093915\\1721184807029.png]]

2024-07-17 09:53:27 - [TEST_STEP][PASSED] - enhancedClick(findTestObject("Object Repository/Test Edit Upload Dokumen Post Kontrak (Form Kontrak Harga Satuan)/Page_FinUP (Financial Integrated Applicatio_e626e9/span_Sign In_p-ink p-ink-active")): Object: 'Object Repository/Test Edit Upload Dokumen Post Kontrak (Form Kontrak Harga Satuan)/Page_FinUP (Financial Integrated Applicatio_e626e9/span_Sign In_p-ink p-ink-active' is clicked on

2024-07-17 09:53:58 - [MESSAGE][PASSED] - Object: 'Object Repository/Test Edit Upload Dokumen Post Kontrak (Form Kontrak Harga Satuan)/Page_FinUP (Financial Integrated Applicatio_e626e9/span_Sign In_p-ink p-ink-active' is clicked on

2024-07-17 09:53:58 - [TEST_STEP][PASSED] - delay(10): Delayed 10 second(s)

2024-07-17 09:54:08 - [MESSAGE][PASSED] - Delayed 10 second(s)

2024-07-17 09:54:08 - [TEST_STEP][PASSED] - takeFullPageScreenshot(): Taking screenshot successfully

2024-07-17 09:54:08 - [MESSAGE][INFO] - 0 hidden object(s)

2024-07-17 09:54:09 - [MESSAGE][PASSED] - Taking screenshot successfully
[[ATTACHMENT|C:\\Users\\PTI\\Katalon Studio\\Testing-2-master\\Reports\\20240717_093915\\Test Kontrak Harga Satuan\\20240717_093915\\1721184848371.png]]

2024-07-17 09:54:09 - [TEST_STEP][PASSED] - click(findTestObject("Object Repository/Test Edit Upload Dokumen Post Kontrak (Form Kontrak Harga Satuan)/Page_FinUP (Financial Integrated Applicatio_e626e9/div_Contract Management")): Object: 'Object Repository/Test Edit Upload Dokumen Post Kontrak (Form Kontrak Harga Satuan)/Page_FinUP (Financial Integrated Applicatio_e626e9/div_Contract Management' is clicked on

2024-07-17 09:54:09 - [MESSAGE][PASSED] - Object: 'Object Repository/Test Edit Upload Dokumen Post Kontrak (Form Kontrak Harga Satuan)/Page_FinUP (Financial Integrated Applicatio_e626e9/div_Contract Management' is clicked on

2024-07-17 09:54:09 - [TEST_STEP][PASSED] - takeFullPageScreenshot(): Taking screenshot successfully

2024-07-17 09:54:10 - [MESSAGE][INFO] - 0 hidden object(s)

2024-07-17 09:54:10 - [MESSAGE][PASSED] - Taking screenshot successfully
[[ATTACHMENT|C:\\Users\\PTI\\Katalon Studio\\Testing-2-master\\Reports\\20240717_093915\\Test Kontrak Harga Satuan\\20240717_093915\\1721184849636.png]]

2024-07-17 09:54:10 - [TEST_STEP][PASSED] - enhancedClick(findTestObject("Object Repository/Test Edit Upload Dokumen Post Kontrak (Form Kontrak Harga Satuan)/Page_FinUP (Financial Integrated Applicatio_e626e9/a_Kontrak Harga Satuan")): Object: 'Object Repository/Test Edit Upload Dokumen Post Kontrak (Form Kontrak Harga Satuan)/Page_FinUP (Financial Integrated Applicatio_e626e9/a_Kontrak Harga Satuan' is clicked on

2024-07-17 09:54:11 - [MESSAGE][PASSED] - Object: 'Object Repository/Test Edit Upload Dokumen Post Kontrak (Form Kontrak Harga Satuan)/Page_FinUP (Financial Integrated Applicatio_e626e9/a_Kontrak Harga Satuan' is clicked on

2024-07-17 09:54:11 - [TEST_STEP][PASSED] - takeFullPageScreenshot(): Taking screenshot successfully

2024-07-17 09:54:11 - [MESSAGE][INFO] - 0 hidden object(s)

2024-07-17 09:54:11 - [MESSAGE][PASSED] - Taking screenshot successfully
[[ATTACHMENT|C:\\Users\\PTI\\Katalon Studio\\Testing-2-master\\Reports\\20240717_093915\\Test Kontrak Harga Satuan\\20240717_093915\\1721184851236.png]]

2024-07-17 09:54:11 - [TEST_STEP][PASSED] - enhancedClick(findTestObject("Object Repository/Test Edit Upload Dokumen Post Kontrak (Form Kontrak Harga Satuan)/Page_FinUP (Financial Integrated Applicatio_e626e9/td_Test")): Object: 'Object Repository/Test Edit Upload Dokumen Post Kontrak (Form Kontrak Harga Satuan)/Page_FinUP (Financial Integrated Applicatio_e626e9/td_Test' is clicked on

2024-07-17 09:54:12 - [MESSAGE][PASSED] - Object: 'Object Repository/Test Edit Upload Dokumen Post Kontrak (Form Kontrak Harga Satuan)/Page_FinUP (Financial Integrated Applicatio_e626e9/td_Test' is clicked on

2024-07-17 09:54:12 - [TEST_STEP][PASSED] - takeFullPageScreenshot(): Taking screenshot successfully

2024-07-17 09:54:13 - [MESSAGE][INFO] - 0 hidden object(s)

2024-07-17 09:54:13 - [MESSAGE][PASSED] - Taking screenshot successfully
[[ATTACHMENT|C:\\Users\\PTI\\Katalon Studio\\Testing-2-master\\Reports\\20240717_093915\\Test Kontrak Harga Satuan\\20240717_093915\\1721184852658.png]]

2024-07-17 09:54:13 - [TEST_STEP][PASSED] - click(findTestObject("Object Repository/Test Edit Upload Dokumen Post Kontrak (Form Kontrak Harga Satuan)/Page_FinUP (Financial Integrated Applicatio_e626e9/button_Edit")): Object: 'Object Repository/Test Edit Upload Dokumen Post Kontrak (Form Kontrak Harga Satuan)/Page_FinUP (Financial Integrated Applicatio_e626e9/button_Edit' is clicked on

2024-07-17 09:54:13 - [MESSAGE][PASSED] - Object: 'Object Repository/Test Edit Upload Dokumen Post Kontrak (Form Kontrak Harga Satuan)/Page_FinUP (Financial Integrated Applicatio_e626e9/button_Edit' is clicked on

2024-07-17 09:54:13 - [TEST_STEP][PASSED] - takeFullPageScreenshot(): Taking screenshot successfully

2024-07-17 09:54:14 - [MESSAGE][INFO] - 0 hidden object(s)

2024-07-17 09:54:14 - [MESSAGE][PASSED] - Taking screenshot successfully
[[ATTACHMENT|C:\\Users\\PTI\\Katalon Studio\\Testing-2-master\\Reports\\20240717_093915\\Test Kontrak Harga Satuan\\20240717_093915\\1721184853549.png]]

2024-07-17 09:54:14 - [TEST_STEP][PASSED] - enhancedClick(findTestObject("Object Repository/Test Edit Upload Dokumen Post Kontrak (Form Kontrak Harga Satuan)/Page_FinUP (Financial Integrated Applicatio_e626e9/a_Daftar Dokumen Post Kontrak")): Object: 'Object Repository/Test Edit Upload Dokumen Post Kontrak (Form Kontrak Harga Satuan)/Page_FinUP (Financial Integrated Applicatio_e626e9/a_Daftar Dokumen Post Kontrak' is clicked on

2024-07-17 09:54:15 - [MESSAGE][PASSED] - Object: 'Object Repository/Test Edit Upload Dokumen Post Kontrak (Form Kontrak Harga Satuan)/Page_FinUP (Financial Integrated Applicatio_e626e9/a_Daftar Dokumen Post Kontrak' is clicked on

2024-07-17 09:54:15 - [TEST_STEP][PASSED] - takeFullPageScreenshot(): Taking screenshot successfully

2024-07-17 09:54:15 - [MESSAGE][INFO] - 0 hidden object(s)

2024-07-17 09:54:15 - [MESSAGE][PASSED] - Taking screenshot successfully
[[ATTACHMENT|C:\\Users\\PTI\\Katalon Studio\\Testing-2-master\\Reports\\20240717_093915\\Test Kontrak Harga Satuan\\20240717_093915\\1721184855145.png]]

2024-07-17 09:54:15 - [TEST_STEP][PASSED] - enhancedClick(findTestObject("Object Repository/Test Edit Upload Dokumen Post Kontrak (Form Kontrak Harga Satuan)/Page_FinUP (Financial Integrated Applicatio_e626e9/td_testing baru")): Object: 'Object Repository/Test Edit Upload Dokumen Post Kontrak (Form Kontrak Harga Satuan)/Page_FinUP (Financial Integrated Applicatio_e626e9/td_testing baru' is clicked on

2024-07-17 09:54:16 - [MESSAGE][PASSED] - Object: 'Object Repository/Test Edit Upload Dokumen Post Kontrak (Form Kontrak Harga Satuan)/Page_FinUP (Financial Integrated Applicatio_e626e9/td_testing baru' is clicked on

2024-07-17 09:54:16 - [TEST_STEP][PASSED] - takeFullPageScreenshot(): Taking screenshot successfully

2024-07-17 09:54:16 - [MESSAGE][INFO] - 0 hidden object(s)

2024-07-17 09:54:16 - [MESSAGE][PASSED] - Taking screenshot successfully
[[ATTACHMENT|C:\\Users\\PTI\\Katalon Studio\\Testing-2-master\\Reports\\20240717_093915\\Test Kontrak Harga Satuan\\20240717_093915\\1721184856076.png]]

2024-07-17 09:54:16 - [TEST_STEP][PASSED] - click(findTestObject("Object Repository/Test Edit Upload Dokumen Post Kontrak (Form Kontrak Harga Satuan)/Page_FinUP (Financial Integrated Applicatio_e626e9/button_Edit_1")): Object: 'Object Repository/Test Edit Upload Dokumen Post Kontrak (Form Kontrak Harga Satuan)/Page_FinUP (Financial Integrated Applicatio_e626e9/button_Edit_1' is clicked on

2024-07-17 09:54:17 - [MESSAGE][PASSED] - Object: 'Object Repository/Test Edit Upload Dokumen Post Kontrak (Form Kontrak Harga Satuan)/Page_FinUP (Financial Integrated Applicatio_e626e9/button_Edit_1' is clicked on

2024-07-17 09:54:17 - [TEST_STEP][PASSED] - takeFullPageScreenshot(): Taking screenshot successfully

2024-07-17 09:54:17 - [MESSAGE][INFO] - 0 hidden object(s)

2024-07-17 09:54:17 - [MESSAGE][PASSED] - Taking screenshot successfully
[[ATTACHMENT|C:\\Users\\PTI\\Katalon Studio\\Testing-2-master\\Reports\\20240717_093915\\Test Kontrak Harga Satuan\\20240717_093915\\1721184857069.png]]

2024-07-17 09:54:17 - [TEST_STEP][PASSED] - click(findTestObject("Object Repository/Test Edit Upload Dokumen Post Kontrak (Form Kontrak Harga Satuan)/Page_FinUP (Financial Integrated Applicatio_e626e9/button_")): Object: 'Object Repository/Test Edit Upload Dokumen Post Kontrak (Form Kontrak Harga Satuan)/Page_FinUP (Financial Integrated Applicatio_e626e9/button_' is clicked on

2024-07-17 09:54:18 - [MESSAGE][PASSED] - Object: 'Object Repository/Test Edit Upload Dokumen Post Kontrak (Form Kontrak Harga Satuan)/Page_FinUP (Financial Integrated Applicatio_e626e9/button_' is clicked on

2024-07-17 09:54:18 - [TEST_STEP][PASSED] - takeFullPageScreenshot(): Taking screenshot successfully

2024-07-17 09:54:18 - [MESSAGE][INFO] - 0 hidden object(s)

2024-07-17 09:54:18 - [MESSAGE][PASSED] - Taking screenshot successfully
[[ATTACHMENT|C:\\Users\\PTI\\Katalon Studio\\Testing-2-master\\Reports\\20240717_093915\\Test Kontrak Harga Satuan\\20240717_093915\\1721184858066.png]]

2024-07-17 09:54:18 - [TEST_STEP][PASSED] - setText(findTestObject("Object Repository/Test Edit Upload Dokumen Post Kontrak (Form Kontrak Harga Satuan)/Page_FinUP (Financial Integrated Applicatio_e626e9/textarea_Uraian_text-base text-color surfac_90fa31"), "test upload baru"): Text 'test upload baru' is set on object 'Object Repository/Test Edit Upload Dokumen Post Kontrak (Form Kontrak Harga Satuan)/Page_FinUP (Financial Integrated Applicatio_e626e9/textarea_Uraian_text-base text-color surfac_90fa31'

2024-07-17 09:54:19 - [MESSAGE][PASSED] - Text 'test upload baru' is set on object 'Object Repository/Test Edit Upload Dokumen Post Kontrak (Form Kontrak Harga Satuan)/Page_FinUP (Financial Integrated Applicatio_e626e9/textarea_Uraian_text-base text-color surfac_90fa31'

2024-07-17 09:54:19 - [TEST_STEP][PASSED] - takeFullPageScreenshot(): Taking screenshot successfully

2024-07-17 09:54:19 - [MESSAGE][INFO] - 0 hidden object(s)

2024-07-17 09:54:19 - [MESSAGE][PASSED] - Taking screenshot successfully
[[ATTACHMENT|C:\\Users\\PTI\\Katalon Studio\\Testing-2-master\\Reports\\20240717_093915\\Test Kontrak Harga Satuan\\20240717_093915\\1721184859403.png]]

2024-07-17 09:54:19 - [TEST_STEP][PASSED] - click(findTestObject("Object Repository/Test Edit Upload Dokumen Post Kontrak (Form Kontrak Harga Satuan)/Page_FinUP (Financial Integrated Applicatio_e626e9/span_Choose")): Object: 'Object Repository/Test Edit Upload Dokumen Post Kontrak (Form Kontrak Harga Satuan)/Page_FinUP (Financial Integrated Applicatio_e626e9/span_Choose' is clicked on

2024-07-17 09:54:20 - [MESSAGE][PASSED] - Object: 'Object Repository/Test Edit Upload Dokumen Post Kontrak (Form Kontrak Harga Satuan)/Page_FinUP (Financial Integrated Applicatio_e626e9/span_Choose' is clicked on

2024-07-17 09:54:20 - [TEST_STEP][PASSED] - takeFullPageScreenshot(): Taking screenshot successfully

2024-07-17 09:54:20 - [MESSAGE][INFO] - 0 hidden object(s)

2024-07-17 09:54:20 - [MESSAGE][PASSED] - Taking screenshot successfully
[[ATTACHMENT|C:\\Users\\PTI\\Katalon Studio\\Testing-2-master\\Reports\\20240717_093915\\Test Kontrak Harga Satuan\\20240717_093915\\1721184860339.png]]

2024-07-17 09:54:20 - [TEST_STEP][PASSED] - click(findTestObject("Object Repository/Test Edit Upload Dokumen Post Kontrak (Form Kontrak Harga Satuan)/Page_FinUP (Financial Integrated Applicatio_e626e9/button_Simpan")): Object: 'Object Repository/Test Edit Upload Dokumen Post Kontrak (Form Kontrak Harga Satuan)/Page_FinUP (Financial Integrated Applicatio_e626e9/button_Simpan' is clicked on

2024-07-17 09:54:21 - [MESSAGE][PASSED] - Object: 'Object Repository/Test Edit Upload Dokumen Post Kontrak (Form Kontrak Harga Satuan)/Page_FinUP (Financial Integrated Applicatio_e626e9/button_Simpan' is clicked on

2024-07-17 09:54:21 - [TEST_STEP][PASSED] - takeFullPageScreenshot(): Taking screenshot successfully

2024-07-17 09:54:22 - [MESSAGE][INFO] - 0 hidden object(s)

2024-07-17 09:54:22 - [MESSAGE][PASSED] - Taking screenshot successfully
[[ATTACHMENT|C:\\Users\\PTI\\Katalon Studio\\Testing-2-master\\Reports\\20240717_093915\\Test Kontrak Harga Satuan\\20240717_093915\\1721184862000.png]]]]></system-out>
         <system-err><![CDATA[]]></system-err>
      </testcase>
      <testcase name="Test Cases/Form Daftar Dokumen Post Kontrak/Test Hapus Daftar Dokumen Post Kontrak (Form Kontrak Harga Satuan)" time="75.021" classname="Test Cases/Form Daftar Dokumen Post Kontrak/Test Hapus Daftar Dokumen Post Kontrak (Form Kontrak Harga Satuan)" status="PASSED">
         <system-out><![CDATA[2024-07-17 09:54:22 - [TEST_CASE][PASSED] - Test Cases/Form Daftar Dokumen Post Kontrak/Test Hapus Daftar Dokumen Post Kontrak (Form Kontrak Harga Satuan): Test Cases/Form Daftar Dokumen Post Kontrak/Test Hapus Daftar Dokumen Post Kontrak (Form Kontrak Harga Satuan)

2024-07-17 09:54:23 - [TEST_STEP][PASSED] - openBrowser(""): Browser is opened with url: ''

2024-07-17 09:54:23 - [MESSAGE][WARNING] - A browser is already opened. Closing browser and opening a new one

2024-07-17 09:54:24 - [MESSAGE][INFO] - Starting 'Chrome' driver

2024-07-17 09:54:24 - [MESSAGE][INFO] - Action delay is set to 0 milliseconds

2024-07-17 09:54:27 - [MESSAGE][PASSED] - Browser is opened with url: ''

2024-07-17 09:54:27 - [TEST_STEP][PASSED] - navigateToUrl("http://10.7.1.169/"): Navigate to 'http://10.7.1.169/' successfully

2024-07-17 09:54:30 - [MESSAGE][PASSED] - Navigate to 'http://10.7.1.169/' successfully

2024-07-17 09:54:30 - [TEST_STEP][PASSED] - setText(findTestObject("Object Repository/Test Hapus Daftar Dokumen Post Kontrak (Form Kontrak Harga Satuan)/Page_FinUP (Financial Integrated Applicatio_e626e9/input_Financial Integrated Applications - N_61d5e8"), "admin"): Text 'admin' is set on object 'Object Repository/Test Hapus Daftar Dokumen Post Kontrak (Form Kontrak Harga Satuan)/Page_FinUP (Financial Integrated Applicatio_e626e9/input_Financial Integrated Applications - N_61d5e8'

2024-07-17 09:54:31 - [MESSAGE][PASSED] - Text 'admin' is set on object 'Object Repository/Test Hapus Daftar Dokumen Post Kontrak (Form Kontrak Harga Satuan)/Page_FinUP (Financial Integrated Applicatio_e626e9/input_Financial Integrated Applications - N_61d5e8'

2024-07-17 09:54:31 - [TEST_STEP][PASSED] - takeFullPageScreenshot(): Taking screenshot successfully

2024-07-17 09:54:32 - [MESSAGE][INFO] - 0 hidden object(s)

2024-07-17 09:54:32 - [MESSAGE][PASSED] - Taking screenshot successfully
[[ATTACHMENT|C:\\Users\\PTI\\Katalon Studio\\Testing-2-master\\Reports\\20240717_093915\\Test Kontrak Harga Satuan\\20240717_093915\\1721184871720.png]]

2024-07-17 09:54:32 - [TEST_STEP][PASSED] - setEncryptedText(findTestObject("Object Repository/Test Hapus Daftar Dokumen Post Kontrak (Form Kontrak Harga Satuan)/Page_FinUP (Financial Integrated Applicatio_e626e9/input_Financial Integrated Applications - N_61d5e8_1"), "RAIVpflpDOg="): Text ****** has been set on object 'Object Repository/Test Hapus Daftar Dokumen Post Kontrak (Form Kontrak Harga Satuan)/Page_FinUP (Financial Integrated Applicatio_e626e9/input_Financial Integrated Applications - N_61d5e8_1'

2024-07-17 09:54:33 - [MESSAGE][PASSED] - Text ****** has been set on object 'Object Repository/Test Hapus Daftar Dokumen Post Kontrak (Form Kontrak Harga Satuan)/Page_FinUP (Financial Integrated Applicatio_e626e9/input_Financial Integrated Applications - N_61d5e8_1'

2024-07-17 09:54:33 - [TEST_STEP][PASSED] - takeFullPageScreenshot(): Taking screenshot successfully

2024-07-17 09:54:33 - [MESSAGE][INFO] - 0 hidden object(s)

2024-07-17 09:54:33 - [MESSAGE][PASSED] - Taking screenshot successfully
[[ATTACHMENT|C:\\Users\\PTI\\Katalon Studio\\Testing-2-master\\Reports\\20240717_093915\\Test Kontrak Harga Satuan\\20240717_093915\\1721184873095.png]]

2024-07-17 09:54:33 - [TEST_STEP][PASSED] - enhancedClick(findTestObject("Object Repository/Test Hapus Daftar Dokumen Post Kontrak (Form Kontrak Harga Satuan)/Page_FinUP (Financial Integrated Applicatio_e626e9/span_Sign In_p-ink p-ink-active")): Object: 'Object Repository/Test Hapus Daftar Dokumen Post Kontrak (Form Kontrak Harga Satuan)/Page_FinUP (Financial Integrated Applicatio_e626e9/span_Sign In_p-ink p-ink-active' is clicked on

2024-07-17 09:55:04 - [MESSAGE][PASSED] - Object: 'Object Repository/Test Hapus Daftar Dokumen Post Kontrak (Form Kontrak Harga Satuan)/Page_FinUP (Financial Integrated Applicatio_e626e9/span_Sign In_p-ink p-ink-active' is clicked on

2024-07-17 09:55:04 - [TEST_STEP][PASSED] - delay(10): Delayed 10 second(s)

2024-07-17 09:55:14 - [MESSAGE][PASSED] - Delayed 10 second(s)

2024-07-17 09:55:14 - [TEST_STEP][PASSED] - takeFullPageScreenshot(): Taking screenshot successfully

2024-07-17 09:55:15 - [MESSAGE][INFO] - 0 hidden object(s)

2024-07-17 09:55:15 - [MESSAGE][PASSED] - Taking screenshot successfully
[[ATTACHMENT|C:\\Users\\PTI\\Katalon Studio\\Testing-2-master\\Reports\\20240717_093915\\Test Kontrak Harga Satuan\\20240717_093915\\1721184914909.png]]

2024-07-17 09:55:15 - [TEST_STEP][PASSED] - click(findTestObject("Object Repository/Test Hapus Daftar Dokumen Post Kontrak (Form Kontrak Harga Satuan)/Page_FinUP (Financial Integrated Applicatio_e626e9/div_Contract Management")): Object: 'Object Repository/Test Hapus Daftar Dokumen Post Kontrak (Form Kontrak Harga Satuan)/Page_FinUP (Financial Integrated Applicatio_e626e9/div_Contract Management' is clicked on

2024-07-17 09:55:16 - [MESSAGE][PASSED] - Object: 'Object Repository/Test Hapus Daftar Dokumen Post Kontrak (Form Kontrak Harga Satuan)/Page_FinUP (Financial Integrated Applicatio_e626e9/div_Contract Management' is clicked on

2024-07-17 09:55:16 - [TEST_STEP][PASSED] - takeFullPageScreenshot(): Taking screenshot successfully

2024-07-17 09:55:17 - [MESSAGE][INFO] - 0 hidden object(s)

2024-07-17 09:55:18 - [MESSAGE][PASSED] - Taking screenshot successfully
[[ATTACHMENT|C:\\Users\\PTI\\Katalon Studio\\Testing-2-master\\Reports\\20240717_093915\\Test Kontrak Harga Satuan\\20240717_093915\\1721184916459.png]]

2024-07-17 09:55:18 - [TEST_STEP][PASSED] - enhancedClick(findTestObject("Object Repository/Test Hapus Daftar Dokumen Post Kontrak (Form Kontrak Harga Satuan)/Page_FinUP (Financial Integrated Applicatio_e626e9/a_Kontrak Harga Satuan")): Object: 'Object Repository/Test Hapus Daftar Dokumen Post Kontrak (Form Kontrak Harga Satuan)/Page_FinUP (Financial Integrated Applicatio_e626e9/a_Kontrak Harga Satuan' is clicked on

2024-07-17 09:55:18 - [MESSAGE][PASSED] - Object: 'Object Repository/Test Hapus Daftar Dokumen Post Kontrak (Form Kontrak Harga Satuan)/Page_FinUP (Financial Integrated Applicatio_e626e9/a_Kontrak Harga Satuan' is clicked on

2024-07-17 09:55:18 - [TEST_STEP][PASSED] - takeFullPageScreenshot(): Taking screenshot successfully

2024-07-17 09:55:19 - [MESSAGE][INFO] - 0 hidden object(s)

2024-07-17 09:55:19 - [MESSAGE][PASSED] - Taking screenshot successfully
[[ATTACHMENT|C:\\Users\\PTI\\Katalon Studio\\Testing-2-master\\Reports\\20240717_093915\\Test Kontrak Harga Satuan\\20240717_093915\\1721184918885.png]]

2024-07-17 09:55:19 - [TEST_STEP][PASSED] - enhancedClick(findTestObject("Object Repository/Test Hapus Daftar Dokumen Post Kontrak (Form Kontrak Harga Satuan)/Page_FinUP (Financial Integrated Applicatio_e626e9/td_Test")): Object: 'Object Repository/Test Hapus Daftar Dokumen Post Kontrak (Form Kontrak Harga Satuan)/Page_FinUP (Financial Integrated Applicatio_e626e9/td_Test' is clicked on

2024-07-17 09:55:19 - [MESSAGE][PASSED] - Object: 'Object Repository/Test Hapus Daftar Dokumen Post Kontrak (Form Kontrak Harga Satuan)/Page_FinUP (Financial Integrated Applicatio_e626e9/td_Test' is clicked on

2024-07-17 09:55:19 - [TEST_STEP][PASSED] - takeFullPageScreenshot(): Taking screenshot successfully

2024-07-17 09:55:20 - [MESSAGE][INFO] - 0 hidden object(s)

2024-07-17 09:55:20 - [MESSAGE][PASSED] - Taking screenshot successfully
[[ATTACHMENT|C:\\Users\\PTI\\Katalon Studio\\Testing-2-master\\Reports\\20240717_093915\\Test Kontrak Harga Satuan\\20240717_093915\\1721184919979.png]]

2024-07-17 09:55:20 - [TEST_STEP][PASSED] - click(findTestObject("Object Repository/Test Hapus Daftar Dokumen Post Kontrak (Form Kontrak Harga Satuan)/Page_FinUP (Financial Integrated Applicatio_e626e9/button_Edit")): Object: 'Object Repository/Test Hapus Daftar Dokumen Post Kontrak (Form Kontrak Harga Satuan)/Page_FinUP (Financial Integrated Applicatio_e626e9/button_Edit' is clicked on

2024-07-17 09:55:20 - [MESSAGE][PASSED] - Object: 'Object Repository/Test Hapus Daftar Dokumen Post Kontrak (Form Kontrak Harga Satuan)/Page_FinUP (Financial Integrated Applicatio_e626e9/button_Edit' is clicked on

2024-07-17 09:55:20 - [TEST_STEP][PASSED] - takeFullPageScreenshot(): Taking screenshot successfully

2024-07-17 09:55:21 - [MESSAGE][INFO] - 0 hidden object(s)

2024-07-17 09:55:21 - [MESSAGE][PASSED] - Taking screenshot successfully
[[ATTACHMENT|C:\\Users\\PTI\\Katalon Studio\\Testing-2-master\\Reports\\20240717_093915\\Test Kontrak Harga Satuan\\20240717_093915\\1721184920913.png]]

2024-07-17 09:55:21 - [TEST_STEP][PASSED] - enhancedClick(findTestObject("Object Repository/Test Hapus Daftar Dokumen Post Kontrak (Form Kontrak Harga Satuan)/Page_FinUP (Financial Integrated Applicatio_e626e9/a_Daftar Dokumen Post Kontrak")): Object: 'Object Repository/Test Hapus Daftar Dokumen Post Kontrak (Form Kontrak Harga Satuan)/Page_FinUP (Financial Integrated Applicatio_e626e9/a_Daftar Dokumen Post Kontrak' is clicked on

2024-07-17 09:55:22 - [MESSAGE][PASSED] - Object: 'Object Repository/Test Hapus Daftar Dokumen Post Kontrak (Form Kontrak Harga Satuan)/Page_FinUP (Financial Integrated Applicatio_e626e9/a_Daftar Dokumen Post Kontrak' is clicked on

2024-07-17 09:55:22 - [TEST_STEP][PASSED] - takeFullPageScreenshot(): Taking screenshot successfully

2024-07-17 09:55:22 - [MESSAGE][INFO] - 0 hidden object(s)

2024-07-17 09:55:22 - [MESSAGE][PASSED] - Taking screenshot successfully
[[ATTACHMENT|C:\\Users\\PTI\\Katalon Studio\\Testing-2-master\\Reports\\20240717_093915\\Test Kontrak Harga Satuan\\20240717_093915\\1721184922222.png]]

2024-07-17 09:55:22 - [TEST_STEP][PASSED] - delay(10): Delayed 10 second(s)

2024-07-17 09:55:32 - [MESSAGE][PASSED] - Delayed 10 second(s)

2024-07-17 09:55:32 - [TEST_STEP][PASSED] - takeFullPageScreenshot(): Taking screenshot successfully

2024-07-17 09:55:33 - [MESSAGE][INFO] - 0 hidden object(s)

2024-07-17 09:55:33 - [MESSAGE][PASSED] - Taking screenshot successfully
[[ATTACHMENT|C:\\Users\\PTI\\Katalon Studio\\Testing-2-master\\Reports\\20240717_093915\\Test Kontrak Harga Satuan\\20240717_093915\\1721184932826.png]]

2024-07-17 09:55:33 - [TEST_STEP][PASSED] - click(findTestObject("Object Repository/Test Hapus Daftar Dokumen Post Kontrak (Form Kontrak Harga Satuan)/Page_FinUP (Financial Integrated Applicatio_e626e9/button_Hapus")): Object: 'Object Repository/Test Hapus Daftar Dokumen Post Kontrak (Form Kontrak Harga Satuan)/Page_FinUP (Financial Integrated Applicatio_e626e9/button_Hapus' is clicked on

2024-07-17 09:55:34 - [MESSAGE][PASSED] - Object: 'Object Repository/Test Hapus Daftar Dokumen Post Kontrak (Form Kontrak Harga Satuan)/Page_FinUP (Financial Integrated Applicatio_e626e9/button_Hapus' is clicked on

2024-07-17 09:55:34 - [TEST_STEP][PASSED] - takeFullPageScreenshot(): Taking screenshot successfully

2024-07-17 09:55:34 - [MESSAGE][INFO] - 0 hidden object(s)

2024-07-17 09:55:34 - [MESSAGE][PASSED] - Taking screenshot successfully
[[ATTACHMENT|C:\\Users\\PTI\\Katalon Studio\\Testing-2-master\\Reports\\20240717_093915\\Test Kontrak Harga Satuan\\20240717_093915\\1721184934122.png]]

2024-07-17 09:55:34 - [TEST_STEP][PASSED] - click(findTestObject("Object Repository/Test Hapus Daftar Dokumen Post Kontrak (Form Kontrak Harga Satuan)/Page_FinUP (Financial Integrated Applicatio_e626e9/button_Yes")): Object: 'Object Repository/Test Hapus Daftar Dokumen Post Kontrak (Form Kontrak Harga Satuan)/Page_FinUP (Financial Integrated Applicatio_e626e9/button_Yes' is clicked on

2024-07-17 09:55:35 - [MESSAGE][PASSED] - Object: 'Object Repository/Test Hapus Daftar Dokumen Post Kontrak (Form Kontrak Harga Satuan)/Page_FinUP (Financial Integrated Applicatio_e626e9/button_Yes' is clicked on

2024-07-17 09:55:35 - [TEST_STEP][PASSED] - takeFullPageScreenshot(): Taking screenshot successfully

2024-07-17 09:55:36 - [MESSAGE][INFO] - 0 hidden object(s)

2024-07-17 09:55:36 - [MESSAGE][PASSED] - Taking screenshot successfully
[[ATTACHMENT|C:\\Users\\PTI\\Katalon Studio\\Testing-2-master\\Reports\\20240717_093915\\Test Kontrak Harga Satuan\\20240717_093915\\1721184935735.png]]

2024-07-17 09:55:36 - [TEST_STEP][PASSED] - click(findTestObject("Object Repository/Test Hapus Daftar Dokumen Post Kontrak (Form Kontrak Harga Satuan)/Page_FinUP (Financial Integrated Applicatio_e626e9/button_Simpan")): Object: 'Object Repository/Test Hapus Daftar Dokumen Post Kontrak (Form Kontrak Harga Satuan)/Page_FinUP (Financial Integrated Applicatio_e626e9/button_Simpan' is clicked on

2024-07-17 09:55:37 - [MESSAGE][PASSED] - Object: 'Object Repository/Test Hapus Daftar Dokumen Post Kontrak (Form Kontrak Harga Satuan)/Page_FinUP (Financial Integrated Applicatio_e626e9/button_Simpan' is clicked on

2024-07-17 09:55:37 - [TEST_STEP][PASSED] - takeFullPageScreenshot(): Taking screenshot successfully

2024-07-17 09:55:37 - [MESSAGE][INFO] - 0 hidden object(s)

2024-07-17 09:55:37 - [MESSAGE][PASSED] - Taking screenshot successfully
[[ATTACHMENT|C:\\Users\\PTI\\Katalon Studio\\Testing-2-master\\Reports\\20240717_093915\\Test Kontrak Harga Satuan\\20240717_093915\\1721184937064.png]]]]></system-out>
         <system-err><![CDATA[]]></system-err>
      </testcase>
      <testcase name="Test Cases/Form Daftar Dokumen Post Kontrak/Test Hapus Upload Dokumen Post Kontrak" time="86.815" classname="Test Cases/Form Daftar Dokumen Post Kontrak/Test Hapus Upload Dokumen Post Kontrak" status="PASSED">
         <system-out><![CDATA[2024-07-17 09:55:37 - [TEST_CASE][PASSED] - Test Cases/Form Daftar Dokumen Post Kontrak/Test Hapus Upload Dokumen Post Kontrak: Test Cases/Form Daftar Dokumen Post Kontrak/Test Hapus Upload Dokumen Post Kontrak

2024-07-17 09:55:38 - [TEST_STEP][PASSED] - openBrowser(""): Browser is opened with url: ''

2024-07-17 09:55:38 - [MESSAGE][WARNING] - A browser is already opened. Closing browser and opening a new one

2024-07-17 09:55:39 - [MESSAGE][INFO] - Starting 'Chrome' driver

2024-07-17 09:55:39 - [MESSAGE][INFO] - Action delay is set to 0 milliseconds

2024-07-17 09:55:41 - [MESSAGE][PASSED] - Browser is opened with url: ''

2024-07-17 09:55:41 - [TEST_STEP][PASSED] - navigateToUrl("http://10.7.1.169/"): Navigate to 'http://10.7.1.169/' successfully

2024-07-17 09:55:43 - [MESSAGE][PASSED] - Navigate to 'http://10.7.1.169/' successfully

2024-07-17 09:55:43 - [TEST_STEP][PASSED] - setText(findTestObject("Object Repository/Test Hapus Upload Dokumen Post Kontrak (Form Kontrak Harga Satuan)/Page_FinUP (Financial Integrated Applicatio_e626e9/input_Financial Integrated Applications - N_61d5e8"), "admin"): Text 'admin' is set on object 'Object Repository/Test Hapus Upload Dokumen Post Kontrak (Form Kontrak Harga Satuan)/Page_FinUP (Financial Integrated Applicatio_e626e9/input_Financial Integrated Applications - N_61d5e8'

2024-07-17 09:55:45 - [MESSAGE][PASSED] - Text 'admin' is set on object 'Object Repository/Test Hapus Upload Dokumen Post Kontrak (Form Kontrak Harga Satuan)/Page_FinUP (Financial Integrated Applicatio_e626e9/input_Financial Integrated Applications - N_61d5e8'

2024-07-17 09:55:45 - [TEST_STEP][PASSED] - takeFullPageScreenshot(): Taking screenshot successfully

2024-07-17 09:55:45 - [MESSAGE][INFO] - 0 hidden object(s)

2024-07-17 09:55:45 - [MESSAGE][PASSED] - Taking screenshot successfully
[[ATTACHMENT|C:\\Users\\PTI\\Katalon Studio\\Testing-2-master\\Reports\\20240717_093915\\Test Kontrak Harga Satuan\\20240717_093915\\1721184945292.png]]

2024-07-17 09:55:45 - [TEST_STEP][PASSED] - setEncryptedText(findTestObject("Object Repository/Test Hapus Upload Dokumen Post Kontrak (Form Kontrak Harga Satuan)/Page_FinUP (Financial Integrated Applicatio_e626e9/input_Financial Integrated Applications - N_61d5e8_1"), "RAIVpflpDOg="): Text ****** has been set on object 'Object Repository/Test Hapus Upload Dokumen Post Kontrak (Form Kontrak Harga Satuan)/Page_FinUP (Financial Integrated Applicatio_e626e9/input_Financial Integrated Applications - N_61d5e8_1'

2024-07-17 09:55:46 - [MESSAGE][PASSED] - Text ****** has been set on object 'Object Repository/Test Hapus Upload Dokumen Post Kontrak (Form Kontrak Harga Satuan)/Page_FinUP (Financial Integrated Applicatio_e626e9/input_Financial Integrated Applications - N_61d5e8_1'

2024-07-17 09:55:46 - [TEST_STEP][PASSED] - takeFullPageScreenshot(): Taking screenshot successfully

2024-07-17 09:55:47 - [MESSAGE][INFO] - 0 hidden object(s)

2024-07-17 09:55:47 - [MESSAGE][PASSED] - Taking screenshot successfully
[[ATTACHMENT|C:\\Users\\PTI\\Katalon Studio\\Testing-2-master\\Reports\\20240717_093915\\Test Kontrak Harga Satuan\\20240717_093915\\1721184946456.png]]

2024-07-17 09:55:47 - [TEST_STEP][PASSED] - enhancedClick(findTestObject("Object Repository/Test Hapus Upload Dokumen Post Kontrak (Form Kontrak Harga Satuan)/Page_FinUP (Financial Integrated Applicatio_e626e9/span_Sign In_p-ink p-ink-active")): Object: 'Object Repository/Test Hapus Upload Dokumen Post Kontrak (Form Kontrak Harga Satuan)/Page_FinUP (Financial Integrated Applicatio_e626e9/span_Sign In_p-ink p-ink-active' is clicked on

2024-07-17 09:56:18 - [MESSAGE][PASSED] - Object: 'Object Repository/Test Hapus Upload Dokumen Post Kontrak (Form Kontrak Harga Satuan)/Page_FinUP (Financial Integrated Applicatio_e626e9/span_Sign In_p-ink p-ink-active' is clicked on

2024-07-17 09:56:18 - [TEST_STEP][PASSED] - delay(10): Delayed 10 second(s)

2024-07-17 09:56:28 - [MESSAGE][PASSED] - Delayed 10 second(s)

2024-07-17 09:56:28 - [TEST_STEP][PASSED] - takeFullPageScreenshot(): Taking screenshot successfully

2024-07-17 09:56:28 - [MESSAGE][INFO] - 0 hidden object(s)

2024-07-17 09:56:29 - [MESSAGE][PASSED] - Taking screenshot successfully
[[ATTACHMENT|C:\\Users\\PTI\\Katalon Studio\\Testing-2-master\\Reports\\20240717_093915\\Test Kontrak Harga Satuan\\20240717_093915\\1721184988121.png]]

2024-07-17 09:56:29 - [TEST_STEP][PASSED] - click(findTestObject("Object Repository/Test Hapus Upload Dokumen Post Kontrak (Form Kontrak Harga Satuan)/Page_FinUP (Financial Integrated Applicatio_e626e9/div_Contract Management")): Object: 'Object Repository/Test Hapus Upload Dokumen Post Kontrak (Form Kontrak Harga Satuan)/Page_FinUP (Financial Integrated Applicatio_e626e9/div_Contract Management' is clicked on

2024-07-17 09:56:29 - [MESSAGE][PASSED] - Object: 'Object Repository/Test Hapus Upload Dokumen Post Kontrak (Form Kontrak Harga Satuan)/Page_FinUP (Financial Integrated Applicatio_e626e9/div_Contract Management' is clicked on

2024-07-17 09:56:29 - [TEST_STEP][PASSED] - takeFullPageScreenshot(): Taking screenshot successfully

2024-07-17 09:56:30 - [MESSAGE][INFO] - 0 hidden object(s)

2024-07-17 09:56:31 - [MESSAGE][PASSED] - Taking screenshot successfully
[[ATTACHMENT|C:\\Users\\PTI\\Katalon Studio\\Testing-2-master\\Reports\\20240717_093915\\Test Kontrak Harga Satuan\\20240717_093915\\1721184989700.png]]

2024-07-17 09:56:31 - [TEST_STEP][PASSED] - enhancedClick(findTestObject("Object Repository/Test Hapus Upload Dokumen Post Kontrak (Form Kontrak Harga Satuan)/Page_FinUP (Financial Integrated Applicatio_e626e9/a_Kontrak Harga Satuan")): Object: 'Object Repository/Test Hapus Upload Dokumen Post Kontrak (Form Kontrak Harga Satuan)/Page_FinUP (Financial Integrated Applicatio_e626e9/a_Kontrak Harga Satuan' is clicked on

2024-07-17 09:56:31 - [MESSAGE][PASSED] - Object: 'Object Repository/Test Hapus Upload Dokumen Post Kontrak (Form Kontrak Harga Satuan)/Page_FinUP (Financial Integrated Applicatio_e626e9/a_Kontrak Harga Satuan' is clicked on

2024-07-17 09:56:31 - [TEST_STEP][PASSED] - takeFullPageScreenshot(): Taking screenshot successfully

2024-07-17 09:56:32 - [MESSAGE][INFO] - 0 hidden object(s)

2024-07-17 09:56:32 - [MESSAGE][PASSED] - Taking screenshot successfully
[[ATTACHMENT|C:\\Users\\PTI\\Katalon Studio\\Testing-2-master\\Reports\\20240717_093915\\Test Kontrak Harga Satuan\\20240717_093915\\1721184991644.png]]

2024-07-17 09:56:32 - [TEST_STEP][PASSED] - enhancedClick(findTestObject("Test Tambah Daftar Syarat Pembayaran/Page_FinUP (Financial Integrated Applicatio_e626e9/td_Test")): Object: 'Object Repository/Test Tambah Daftar Syarat Pembayaran/Page_FinUP (Financial Integrated Applicatio_e626e9/td_Test' is clicked on

2024-07-17 09:56:32 - [MESSAGE][PASSED] - Object: 'Object Repository/Test Tambah Daftar Syarat Pembayaran/Page_FinUP (Financial Integrated Applicatio_e626e9/td_Test' is clicked on

2024-07-17 09:56:32 - [TEST_STEP][PASSED] - takeFullPageScreenshot(): Taking screenshot successfully

2024-07-17 09:56:33 - [MESSAGE][INFO] - 0 hidden object(s)

2024-07-17 09:56:33 - [MESSAGE][PASSED] - Taking screenshot successfully
[[ATTACHMENT|C:\\Users\\PTI\\Katalon Studio\\Testing-2-master\\Reports\\20240717_093915\\Test Kontrak Harga Satuan\\20240717_093915\\1721184992874.png]]

2024-07-17 09:56:33 - [TEST_STEP][PASSED] - doubleClick(findTestObject("Object Repository/Test Hapus Upload Dokumen Post Kontrak (Form Kontrak Harga Satuan)/Page_FinUP (Financial Integrated Applicatio_e626e9/button_Edit")): Object: 'Object Repository/Test Hapus Upload Dokumen Post Kontrak (Form Kontrak Harga Satuan)/Page_FinUP (Financial Integrated Applicatio_e626e9/button_Edit' is double clicked on

2024-07-17 09:56:34 - [MESSAGE][PASSED] - Object: 'Object Repository/Test Hapus Upload Dokumen Post Kontrak (Form Kontrak Harga Satuan)/Page_FinUP (Financial Integrated Applicatio_e626e9/button_Edit' is double clicked on

2024-07-17 09:56:34 - [TEST_STEP][PASSED] - takeFullPageScreenshot(): Taking screenshot successfully

2024-07-17 09:56:34 - [MESSAGE][INFO] - 0 hidden object(s)

2024-07-17 09:56:35 - [MESSAGE][PASSED] - Taking screenshot successfully
[[ATTACHMENT|C:\\Users\\PTI\\Katalon Studio\\Testing-2-master\\Reports\\20240717_093915\\Test Kontrak Harga Satuan\\20240717_093915\\1721184994136.png]]

2024-07-17 09:56:35 - [TEST_STEP][PASSED] - enhancedClick(findTestObject("Object Repository/Test Hapus Upload Dokumen Post Kontrak (Form Kontrak Harga Satuan)/Page_FinUP (Financial Integrated Applicatio_e626e9/a_Daftar Dokumen Post Kontrak")): Object: 'Object Repository/Test Hapus Upload Dokumen Post Kontrak (Form Kontrak Harga Satuan)/Page_FinUP (Financial Integrated Applicatio_e626e9/a_Daftar Dokumen Post Kontrak' is clicked on

2024-07-17 09:56:35 - [MESSAGE][PASSED] - Object: 'Object Repository/Test Hapus Upload Dokumen Post Kontrak (Form Kontrak Harga Satuan)/Page_FinUP (Financial Integrated Applicatio_e626e9/a_Daftar Dokumen Post Kontrak' is clicked on

2024-07-17 09:56:35 - [TEST_STEP][PASSED] - takeFullPageScreenshot(): Taking screenshot successfully

2024-07-17 09:56:36 - [MESSAGE][INFO] - 0 hidden object(s)

2024-07-17 09:56:36 - [MESSAGE][PASSED] - Taking screenshot successfully
[[ATTACHMENT|C:\\Users\\PTI\\Katalon Studio\\Testing-2-master\\Reports\\20240717_093915\\Test Kontrak Harga Satuan\\20240717_093915\\1721184995757.png]]

2024-07-17 09:56:36 - [TEST_STEP][PASSED] - enhancedClick(findTestObject("Object Repository/Test Hapus Upload Dokumen Post Kontrak (Form Kontrak Harga Satuan)/Page_FinUP (Financial Integrated Applicatio_e626e9/td_tester")): Object: 'Object Repository/Test Hapus Upload Dokumen Post Kontrak (Form Kontrak Harga Satuan)/Page_FinUP (Financial Integrated Applicatio_e626e9/td_tester' is clicked on

2024-07-17 09:56:36 - [MESSAGE][PASSED] - Object: 'Object Repository/Test Hapus Upload Dokumen Post Kontrak (Form Kontrak Harga Satuan)/Page_FinUP (Financial Integrated Applicatio_e626e9/td_tester' is clicked on

2024-07-17 09:56:36 - [TEST_STEP][PASSED] - takeFullPageScreenshot(): Taking screenshot successfully

2024-07-17 09:56:37 - [MESSAGE][INFO] - 0 hidden object(s)

2024-07-17 09:56:37 - [MESSAGE][PASSED] - Taking screenshot successfully
[[ATTACHMENT|C:\\Users\\PTI\\Katalon Studio\\Testing-2-master\\Reports\\20240717_093915\\Test Kontrak Harga Satuan\\20240717_093915\\1721184996759.png]]

2024-07-17 09:56:37 - [TEST_STEP][PASSED] - click(findTestObject("Object Repository/Test Hapus Upload Dokumen Post Kontrak (Form Kontrak Harga Satuan)/Page_FinUP (Financial Integrated Applicatio_e626e9/button_Edit_1")): Object: 'Object Repository/Test Hapus Upload Dokumen Post Kontrak (Form Kontrak Harga Satuan)/Page_FinUP (Financial Integrated Applicatio_e626e9/button_Edit_1' is clicked on

2024-07-17 09:56:37 - [MESSAGE][PASSED] - Object: 'Object Repository/Test Hapus Upload Dokumen Post Kontrak (Form Kontrak Harga Satuan)/Page_FinUP (Financial Integrated Applicatio_e626e9/button_Edit_1' is clicked on

2024-07-17 09:56:37 - [TEST_STEP][PASSED] - takeFullPageScreenshot(): Taking screenshot successfully

2024-07-17 09:56:38 - [MESSAGE][INFO] - 0 hidden object(s)

2024-07-17 09:56:38 - [MESSAGE][PASSED] - Taking screenshot successfully
[[ATTACHMENT|C:\\Users\\PTI\\Katalon Studio\\Testing-2-master\\Reports\\20240717_093915\\Test Kontrak Harga Satuan\\20240717_093915\\1721184997825.png]]

2024-07-17 09:56:38 - [TEST_STEP][PASSED] - delay(15): Delayed 15 second(s)

2024-07-17 09:56:53 - [MESSAGE][PASSED] - Delayed 15 second(s)

2024-07-17 09:56:53 - [TEST_STEP][PASSED] - takeFullPageScreenshot(): Taking screenshot successfully

2024-07-17 09:56:53 - [MESSAGE][INFO] - 0 hidden object(s)

2024-07-17 09:56:54 - [MESSAGE][PASSED] - Taking screenshot successfully
[[ATTACHMENT|C:\\Users\\PTI\\Katalon Studio\\Testing-2-master\\Reports\\20240717_093915\\Test Kontrak Harga Satuan\\20240717_093915\\1721185013495.png]]

2024-07-17 09:56:54 - [TEST_STEP][PASSED] - delay(10): Delayed 10 second(s)

2024-07-17 09:57:04 - [MESSAGE][PASSED] - Delayed 10 second(s)

2024-07-17 09:57:04 - [TEST_STEP][PASSED] - takeFullPageScreenshot(): Taking screenshot successfully

2024-07-17 09:57:04 - [MESSAGE][INFO] - 0 hidden object(s)

2024-07-17 09:57:04 - [MESSAGE][PASSED] - Taking screenshot successfully
[[ATTACHMENT|C:\\Users\\PTI\\Katalon Studio\\Testing-2-master\\Reports\\20240717_093915\\Test Kontrak Harga Satuan\\20240717_093915\\1721185024029.png]]]]></system-out>
         <system-err><![CDATA[]]></system-err>
      </testcase>
      <testcase name="Test Cases/Test Tambah Daftar Delivery Order" time="93.123" classname="Test Cases/Test Tambah Daftar Delivery Order" status="PASSED">
         <system-out><![CDATA[2024-07-17 09:57:04 - [TEST_CASE][PASSED] - Test Cases/Test Tambah Daftar Delivery Order: Test Cases/Test Tambah Daftar Delivery Order

2024-07-17 09:57:05 - [TEST_STEP][PASSED] - openBrowser(""): Browser is opened with url: ''

2024-07-17 09:57:05 - [MESSAGE][WARNING] - A browser is already opened. Closing browser and opening a new one

2024-07-17 09:57:06 - [MESSAGE][INFO] - Starting 'Chrome' driver

2024-07-17 09:57:06 - [MESSAGE][INFO] - Action delay is set to 0 milliseconds

2024-07-17 09:57:08 - [MESSAGE][PASSED] - Browser is opened with url: ''

2024-07-17 09:57:08 - [TEST_STEP][PASSED] - navigateToUrl("http://10.7.1.169/"): Navigate to 'http://10.7.1.169/' successfully

2024-07-17 09:57:10 - [MESSAGE][PASSED] - Navigate to 'http://10.7.1.169/' successfully

2024-07-17 09:57:10 - [TEST_STEP][PASSED] - setText(findTestObject("Object Repository/Test Tambah Delivery Order/Page_FinUP (Financial Integrated Applicatio_e626e9/input_Financial Integrated Applications - N_61d5e8"), "admin"): Text 'admin' is set on object 'Object Repository/Test Tambah Delivery Order/Page_FinUP (Financial Integrated Applicatio_e626e9/input_Financial Integrated Applications - N_61d5e8'

2024-07-17 09:57:12 - [MESSAGE][PASSED] - Text 'admin' is set on object 'Object Repository/Test Tambah Delivery Order/Page_FinUP (Financial Integrated Applicatio_e626e9/input_Financial Integrated Applications - N_61d5e8'

2024-07-17 09:57:12 - [TEST_STEP][PASSED] - takeFullPageScreenshot(): Taking screenshot successfully

2024-07-17 09:57:13 - [MESSAGE][INFO] - 0 hidden object(s)

2024-07-17 09:57:13 - [MESSAGE][PASSED] - Taking screenshot successfully
[[ATTACHMENT|C:\\Users\\PTI\\Katalon Studio\\Testing-2-master\\Reports\\20240717_093915\\Test Kontrak Harga Satuan\\20240717_093915\\1721185032637.png]]

2024-07-17 09:57:13 - [TEST_STEP][PASSED] - setEncryptedText(findTestObject("Object Repository/Test Tambah Delivery Order/Page_FinUP (Financial Integrated Applicatio_e626e9/input_Financial Integrated Applications - N_61d5e8_1"), "RAIVpflpDOg="): Text ****** has been set on object 'Object Repository/Test Tambah Delivery Order/Page_FinUP (Financial Integrated Applicatio_e626e9/input_Financial Integrated Applications - N_61d5e8_1'

2024-07-17 09:57:14 - [MESSAGE][PASSED] - Text ****** has been set on object 'Object Repository/Test Tambah Delivery Order/Page_FinUP (Financial Integrated Applicatio_e626e9/input_Financial Integrated Applications - N_61d5e8_1'

2024-07-17 09:57:14 - [TEST_STEP][PASSED] - takeFullPageScreenshot(): Taking screenshot successfully

2024-07-17 09:57:14 - [MESSAGE][INFO] - 0 hidden object(s)

2024-07-17 09:57:14 - [MESSAGE][PASSED] - Taking screenshot successfully
[[ATTACHMENT|C:\\Users\\PTI\\Katalon Studio\\Testing-2-master\\Reports\\20240717_093915\\Test Kontrak Harga Satuan\\20240717_093915\\1721185034133.png]]

2024-07-17 09:57:14 - [TEST_STEP][PASSED] - enhancedClick(findTestObject("Object Repository/Test Tambah Delivery Order/Page_FinUP (Financial Integrated Applicatio_e626e9/span_Sign In_p-ink p-ink-active")): Object: 'Object Repository/Test Tambah Delivery Order/Page_FinUP (Financial Integrated Applicatio_e626e9/span_Sign In_p-ink p-ink-active' is clicked on

2024-07-17 09:57:45 - [MESSAGE][PASSED] - Object: 'Object Repository/Test Tambah Delivery Order/Page_FinUP (Financial Integrated Applicatio_e626e9/span_Sign In_p-ink p-ink-active' is clicked on

2024-07-17 09:57:45 - [TEST_STEP][PASSED] - delay(10): Delayed 10 second(s)

2024-07-17 09:57:55 - [MESSAGE][PASSED] - Delayed 10 second(s)

2024-07-17 09:57:55 - [TEST_STEP][PASSED] - takeFullPageScreenshot(): Taking screenshot successfully

2024-07-17 09:57:56 - [MESSAGE][INFO] - 0 hidden object(s)

2024-07-17 09:57:56 - [MESSAGE][PASSED] - Taking screenshot successfully
[[ATTACHMENT|C:\\Users\\PTI\\Katalon Studio\\Testing-2-master\\Reports\\20240717_093915\\Test Kontrak Harga Satuan\\20240717_093915\\1721185075990.png]]

2024-07-17 09:57:56 - [TEST_STEP][PASSED] - click(findTestObject("Object Repository/Test Tambah Delivery Order/Page_FinUP (Financial Integrated Applicatio_e626e9/div_Contract Management")): Object: 'Object Repository/Test Tambah Delivery Order/Page_FinUP (Financial Integrated Applicatio_e626e9/div_Contract Management' is clicked on

2024-07-17 09:57:57 - [MESSAGE][PASSED] - Object: 'Object Repository/Test Tambah Delivery Order/Page_FinUP (Financial Integrated Applicatio_e626e9/div_Contract Management' is clicked on

2024-07-17 09:57:57 - [TEST_STEP][PASSED] - takeFullPageScreenshot(): Taking screenshot successfully

2024-07-17 09:57:57 - [MESSAGE][INFO] - 0 hidden object(s)

2024-07-17 09:57:57 - [MESSAGE][PASSED] - Taking screenshot successfully
[[ATTACHMENT|C:\\Users\\PTI\\Katalon Studio\\Testing-2-master\\Reports\\20240717_093915\\Test Kontrak Harga Satuan\\20240717_093915\\1721185077171.png]]

2024-07-17 09:57:57 - [TEST_STEP][PASSED] - enhancedClick(findTestObject("Object Repository/Test Tambah Delivery Order/Page_FinUP (Financial Integrated Applicatio_e626e9/a_Kontrak Harga Satuan")): Object: 'Object Repository/Test Tambah Delivery Order/Page_FinUP (Financial Integrated Applicatio_e626e9/a_Kontrak Harga Satuan' is clicked on

2024-07-17 09:57:58 - [MESSAGE][PASSED] - Object: 'Object Repository/Test Tambah Delivery Order/Page_FinUP (Financial Integrated Applicatio_e626e9/a_Kontrak Harga Satuan' is clicked on

2024-07-17 09:57:58 - [TEST_STEP][PASSED] - takeFullPageScreenshot(): Taking screenshot successfully

2024-07-17 09:57:59 - [MESSAGE][INFO] - 0 hidden object(s)

2024-07-17 09:57:59 - [MESSAGE][PASSED] - Taking screenshot successfully
[[ATTACHMENT|C:\\Users\\PTI\\Katalon Studio\\Testing-2-master\\Reports\\20240717_093915\\Test Kontrak Harga Satuan\\20240717_093915\\1721185078935.png]]

2024-07-17 09:57:59 - [TEST_STEP][PASSED] - enhancedClick(findTestObject("Object Repository/Test Tambah Delivery Order/Page_FinUP (Financial Integrated Applicatio_e626e9/td_Test")): Object: 'Object Repository/Test Tambah Delivery Order/Page_FinUP (Financial Integrated Applicatio_e626e9/td_Test' is clicked on

2024-07-17 09:58:00 - [MESSAGE][PASSED] - Object: 'Object Repository/Test Tambah Delivery Order/Page_FinUP (Financial Integrated Applicatio_e626e9/td_Test' is clicked on

2024-07-17 09:58:00 - [TEST_STEP][PASSED] - takeFullPageScreenshot(): Taking screenshot successfully

2024-07-17 09:58:01 - [MESSAGE][INFO] - 0 hidden object(s)

2024-07-17 09:58:01 - [MESSAGE][PASSED] - Taking screenshot successfully
[[ATTACHMENT|C:\\Users\\PTI\\Katalon Studio\\Testing-2-master\\Reports\\20240717_093915\\Test Kontrak Harga Satuan\\20240717_093915\\1721185080455.png]]

2024-07-17 09:58:01 - [TEST_STEP][PASSED] - click(findTestObject("Object Repository/Test Tambah Delivery Order/Page_FinUP (Financial Integrated Applicatio_e626e9/button_Edit")): Object: 'Object Repository/Test Tambah Delivery Order/Page_FinUP (Financial Integrated Applicatio_e626e9/button_Edit' is clicked on

2024-07-17 09:58:01 - [MESSAGE][PASSED] - Object: 'Object Repository/Test Tambah Delivery Order/Page_FinUP (Financial Integrated Applicatio_e626e9/button_Edit' is clicked on

2024-07-17 09:58:01 - [TEST_STEP][PASSED] - takeFullPageScreenshot(): Taking screenshot successfully

2024-07-17 09:58:02 - [MESSAGE][INFO] - 0 hidden object(s)

2024-07-17 09:58:02 - [MESSAGE][PASSED] - Taking screenshot successfully
[[ATTACHMENT|C:\\Users\\PTI\\Katalon Studio\\Testing-2-master\\Reports\\20240717_093915\\Test Kontrak Harga Satuan\\20240717_093915\\1721185081927.png]]

2024-07-17 09:58:02 - [TEST_STEP][PASSED] - click(findTestObject("Object Repository/Test Tambah Delivery Order/Page_FinUP (Financial Integrated Applicatio_e626e9/button_Baru")): Object: 'Object Repository/Test Tambah Delivery Order/Page_FinUP (Financial Integrated Applicatio_e626e9/button_Baru' is clicked on

2024-07-17 09:58:03 - [MESSAGE][PASSED] - Object: 'Object Repository/Test Tambah Delivery Order/Page_FinUP (Financial Integrated Applicatio_e626e9/button_Baru' is clicked on

2024-07-17 09:58:03 - [TEST_STEP][PASSED] - takeFullPageScreenshot(): Taking screenshot successfully

2024-07-17 09:58:03 - [MESSAGE][INFO] - 0 hidden object(s)

2024-07-17 09:58:03 - [MESSAGE][PASSED] - Taking screenshot successfully
[[ATTACHMENT|C:\\Users\\PTI\\Katalon Studio\\Testing-2-master\\Reports\\20240717_093915\\Test Kontrak Harga Satuan\\20240717_093915\\1721185083369.png]]

2024-07-17 09:58:03 - [TEST_STEP][PASSED] - setText(findTestObject("Object Repository/Test Tambah Delivery Order/Page_FinUP (Financial Integrated Applicatio_e626e9/textarea_Judul Kontrak_judulKontrak"), "do lima"): Text 'do lima' is set on object 'Object Repository/Test Tambah Delivery Order/Page_FinUP (Financial Integrated Applicatio_e626e9/textarea_Judul Kontrak_judulKontrak'

2024-07-17 09:58:06 - [MESSAGE][PASSED] - Text 'do lima' is set on object 'Object Repository/Test Tambah Delivery Order/Page_FinUP (Financial Integrated Applicatio_e626e9/textarea_Judul Kontrak_judulKontrak'

2024-07-17 09:58:06 - [TEST_STEP][PASSED] - takeFullPageScreenshot(): Taking screenshot successfully

2024-07-17 09:58:06 - [MESSAGE][INFO] - 0 hidden object(s)

2024-07-17 09:58:07 - [MESSAGE][PASSED] - Taking screenshot successfully
[[ATTACHMENT|C:\\Users\\PTI\\Katalon Studio\\Testing-2-master\\Reports\\20240717_093915\\Test Kontrak Harga Satuan\\20240717_093915\\1721185086512.png]]

2024-07-17 09:58:07 - [TEST_STEP][PASSED] - setText(findTestObject("Object Repository/Test Tambah Delivery Order/Page_FinUP (Financial Integrated Applicatio_e626e9/input_No DO_text-sm text-color p-2 border-1_80433f"), "do0005"): Text 'do0005' is set on object 'Object Repository/Test Tambah Delivery Order/Page_FinUP (Financial Integrated Applicatio_e626e9/input_No DO_text-sm text-color p-2 border-1_80433f'

2024-07-17 09:58:07 - [MESSAGE][PASSED] - Text 'do0005' is set on object 'Object Repository/Test Tambah Delivery Order/Page_FinUP (Financial Integrated Applicatio_e626e9/input_No DO_text-sm text-color p-2 border-1_80433f'

2024-07-17 09:58:07 - [TEST_STEP][PASSED] - takeFullPageScreenshot(): Taking screenshot successfully

2024-07-17 09:58:08 - [MESSAGE][INFO] - 0 hidden object(s)

2024-07-17 09:58:08 - [MESSAGE][PASSED] - Taking screenshot successfully
[[ATTACHMENT|C:\\Users\\PTI\\Katalon Studio\\Testing-2-master\\Reports\\20240717_093915\\Test Kontrak Harga Satuan\\20240717_093915\\1721185087839.png]]

2024-07-17 09:58:08 - [TEST_STEP][PASSED] - click(findTestObject("Object Repository/Test Tambah Delivery Order/Page_FinUP (Financial Integrated Applicatio_e626e9/button_")): Object: 'Object Repository/Test Tambah Delivery Order/Page_FinUP (Financial Integrated Applicatio_e626e9/button_' is clicked on

2024-07-17 09:58:08 - [MESSAGE][PASSED] - Object: 'Object Repository/Test Tambah Delivery Order/Page_FinUP (Financial Integrated Applicatio_e626e9/button_' is clicked on

2024-07-17 09:58:08 - [TEST_STEP][PASSED] - takeFullPageScreenshot(): Taking screenshot successfully

2024-07-17 09:58:09 - [MESSAGE][INFO] - 0 hidden object(s)

2024-07-17 09:58:09 - [MESSAGE][PASSED] - Taking screenshot successfully
[[ATTACHMENT|C:\\Users\\PTI\\Katalon Studio\\Testing-2-master\\Reports\\20240717_093915\\Test Kontrak Harga Satuan\\20240717_093915\\1721185088800.png]]

2024-07-17 09:58:09 - [TEST_STEP][PASSED] - click(findTestObject("Object Repository/Test Tambah Delivery Order/Page_FinUP (Financial Integrated Applicatio_e626e9/span_9")): Object: 'Object Repository/Test Tambah Delivery Order/Page_FinUP (Financial Integrated Applicatio_e626e9/span_9' is clicked on

2024-07-17 09:58:27 - [MESSAGE][PASSED] - Object: 'Object Repository/Test Tambah Delivery Order/Page_FinUP (Financial Integrated Applicatio_e626e9/span_9' is clicked on

2024-07-17 09:58:27 - [TEST_STEP][PASSED] - takeFullPageScreenshot(): Taking screenshot successfully

2024-07-17 09:58:28 - [MESSAGE][INFO] - 0 hidden object(s)

2024-07-17 09:58:28 - [MESSAGE][PASSED] - Taking screenshot successfully
[[ATTACHMENT|C:\\Users\\PTI\\Katalon Studio\\Testing-2-master\\Reports\\20240717_093915\\Test Kontrak Harga Satuan\\20240717_093915\\1721185107780.png]]

2024-07-17 09:58:28 - [TEST_STEP][PASSED] - click(findTestObject("Object Repository/Test Tambah Delivery Order/Page_FinUP (Financial Integrated Applicatio_e626e9/input_Nilai DO (Rp)_integeronly")): Object: 'Object Repository/Test Tambah Delivery Order/Page_FinUP (Financial Integrated Applicatio_e626e9/input_Nilai DO (Rp)_integeronly' is clicked on

2024-07-17 09:58:28 - [MESSAGE][PASSED] - Object: 'Object Repository/Test Tambah Delivery Order/Page_FinUP (Financial Integrated Applicatio_e626e9/input_Nilai DO (Rp)_integeronly' is clicked on

2024-07-17 09:58:28 - [TEST_STEP][PASSED] - takeFullPageScreenshot(): Taking screenshot successfully

2024-07-17 09:58:29 - [MESSAGE][INFO] - 0 hidden object(s)

2024-07-17 09:58:29 - [MESSAGE][PASSED] - Taking screenshot successfully
[[ATTACHMENT|C:\\Users\\PTI\\Katalon Studio\\Testing-2-master\\Reports\\20240717_093915\\Test Kontrak Harga Satuan\\20240717_093915\\1721185108714.png]]

2024-07-17 09:58:29 - [TEST_STEP][PASSED] - setText(findTestObject("Object Repository/Test Tambah Delivery Order/Page_FinUP (Financial Integrated Applicatio_e626e9/input_No DO_text-sm text-color p-2 border-1_80433f"), "do005"): Text 'do005' is set on object 'Object Repository/Test Tambah Delivery Order/Page_FinUP (Financial Integrated Applicatio_e626e9/input_No DO_text-sm text-color p-2 border-1_80433f'

2024-07-17 09:58:30 - [MESSAGE][PASSED] - Text 'do005' is set on object 'Object Repository/Test Tambah Delivery Order/Page_FinUP (Financial Integrated Applicatio_e626e9/input_No DO_text-sm text-color p-2 border-1_80433f'

2024-07-17 09:58:30 - [TEST_STEP][PASSED] - takeFullPageScreenshot(): Taking screenshot successfully

2024-07-17 09:58:30 - [MESSAGE][INFO] - 0 hidden object(s)

2024-07-17 09:58:30 - [MESSAGE][PASSED] - Taking screenshot successfully
[[ATTACHMENT|C:\\Users\\PTI\\Katalon Studio\\Testing-2-master\\Reports\\20240717_093915\\Test Kontrak Harga Satuan\\20240717_093915\\1721185110294.png]]

2024-07-17 09:58:30 - [TEST_STEP][PASSED] - click(findTestObject("Object Repository/Test Tambah Delivery Order/Page_FinUP (Financial Integrated Applicatio_e626e9/div_-- Pilih --_p-dropdown-trigger ng-tns-c70-50")): Object: 'Object Repository/Test Tambah Delivery Order/Page_FinUP (Financial Integrated Applicatio_e626e9/div_-- Pilih --_p-dropdown-trigger ng-tns-c70-50' is clicked on

2024-07-17 09:58:31 - [MESSAGE][PASSED] - Object: 'Object Repository/Test Tambah Delivery Order/Page_FinUP (Financial Integrated Applicatio_e626e9/div_-- Pilih --_p-dropdown-trigger ng-tns-c70-50' is clicked on

2024-07-17 09:58:31 - [TEST_STEP][PASSED] - takeFullPageScreenshot(): Taking screenshot successfully

2024-07-17 09:58:31 - [MESSAGE][INFO] - 0 hidden object(s)

2024-07-17 09:58:31 - [MESSAGE][PASSED] - Taking screenshot successfully
[[ATTACHMENT|C:\\Users\\PTI\\Katalon Studio\\Testing-2-master\\Reports\\20240717_093915\\Test Kontrak Harga Satuan\\20240717_093915\\1721185111220.png]]

2024-07-17 09:58:31 - [TEST_STEP][PASSED] - clickOffset(findTestObject("Object Repository/Test Tambah Delivery Order/Page_FinUP (Financial Integrated Applicatio_e626e9/span_TIM TEST 2_p-ink p-ink-active"), 0, 0): Object: 'Object Repository/Test Tambah Delivery Order/Page_FinUP (Financial Integrated Applicatio_e626e9/span_TIM TEST 2_p-ink p-ink-active' is clicked on using offset x=0 and y=0

2024-07-17 09:58:32 - [MESSAGE][PASSED] - Object: 'Object Repository/Test Tambah Delivery Order/Page_FinUP (Financial Integrated Applicatio_e626e9/span_TIM TEST 2_p-ink p-ink-active' is clicked on using offset x=0 and y=0

2024-07-17 09:58:32 - [TEST_STEP][PASSED] - takeFullPageScreenshot(): Taking screenshot successfully

2024-07-17 09:58:32 - [MESSAGE][INFO] - 0 hidden object(s)

2024-07-17 09:58:32 - [MESSAGE][PASSED] - Taking screenshot successfully
[[ATTACHMENT|C:\\Users\\PTI\\Katalon Studio\\Testing-2-master\\Reports\\20240717_093915\\Test Kontrak Harga Satuan\\20240717_093915\\1721185112261.png]]

2024-07-17 09:58:32 - [TEST_STEP][PASSED] - click(findTestObject("Object Repository/Test Tambah Delivery Order/Page_FinUP (Financial Integrated Applicatio_e626e9/div_-- Pilih --_p-dropdown-trigger ng-tns-c70-51")): Object: 'Object Repository/Test Tambah Delivery Order/Page_FinUP (Financial Integrated Applicatio_e626e9/div_-- Pilih --_p-dropdown-trigger ng-tns-c70-51' is clicked on

2024-07-17 09:58:33 - [MESSAGE][PASSED] - Object: 'Object Repository/Test Tambah Delivery Order/Page_FinUP (Financial Integrated Applicatio_e626e9/div_-- Pilih --_p-dropdown-trigger ng-tns-c70-51' is clicked on

2024-07-17 09:58:33 - [TEST_STEP][PASSED] - takeFullPageScreenshot(): Taking screenshot successfully

2024-07-17 09:58:33 - [MESSAGE][INFO] - 0 hidden object(s)

2024-07-17 09:58:33 - [MESSAGE][PASSED] - Taking screenshot successfully
[[ATTACHMENT|C:\\Users\\PTI\\Katalon Studio\\Testing-2-master\\Reports\\20240717_093915\\Test Kontrak Harga Satuan\\20240717_093915\\1721185113284.png]]

2024-07-17 09:58:33 - [TEST_STEP][PASSED] - clickOffset(findTestObject("Object Repository/Test Tambah Delivery Order/Page_FinUP (Financial Integrated Applicatio_e626e9/span_Tim Pemeriksa Penyelesaian Pekerjaan_p_941fab"), 0, 0): Object: 'Object Repository/Test Tambah Delivery Order/Page_FinUP (Financial Integrated Applicatio_e626e9/span_Tim Pemeriksa Penyelesaian Pekerjaan_p_941fab' is clicked on using offset x=0 and y=0

2024-07-17 09:58:34 - [MESSAGE][PASSED] - Object: 'Object Repository/Test Tambah Delivery Order/Page_FinUP (Financial Integrated Applicatio_e626e9/span_Tim Pemeriksa Penyelesaian Pekerjaan_p_941fab' is clicked on using offset x=0 and y=0

2024-07-17 09:58:34 - [TEST_STEP][PASSED] - takeFullPageScreenshot(): Taking screenshot successfully

2024-07-17 09:58:34 - [MESSAGE][INFO] - 0 hidden object(s)

2024-07-17 09:58:34 - [MESSAGE][PASSED] - Taking screenshot successfully
[[ATTACHMENT|C:\\Users\\PTI\\Katalon Studio\\Testing-2-master\\Reports\\20240717_093915\\Test Kontrak Harga Satuan\\20240717_093915\\1721185114369.png]]

2024-07-17 09:58:34 - [TEST_STEP][PASSED] - click(findTestObject("Object Repository/Test Tambah Delivery Order/Page_FinUP (Financial Integrated Applicatio_e626e9/div_-- Pilih --_p-dropdown-trigger ng-tns-c70-52")): Object: 'Object Repository/Test Tambah Delivery Order/Page_FinUP (Financial Integrated Applicatio_e626e9/div_-- Pilih --_p-dropdown-trigger ng-tns-c70-52' is clicked on

2024-07-17 09:58:35 - [MESSAGE][PASSED] - Object: 'Object Repository/Test Tambah Delivery Order/Page_FinUP (Financial Integrated Applicatio_e626e9/div_-- Pilih --_p-dropdown-trigger ng-tns-c70-52' is clicked on

2024-07-17 09:58:35 - [TEST_STEP][PASSED] - takeFullPageScreenshot(): Taking screenshot successfully

2024-07-17 09:58:35 - [MESSAGE][INFO] - 0 hidden object(s)

2024-07-17 09:58:35 - [MESSAGE][PASSED] - Taking screenshot successfully
[[ATTACHMENT|C:\\Users\\PTI\\Katalon Studio\\Testing-2-master\\Reports\\20240717_093915\\Test Kontrak Harga Satuan\\20240717_093915\\1721185115279.png]]

2024-07-17 09:58:35 - [TEST_STEP][PASSED] - clickOffset(findTestObject("Object Repository/Test Tambah Delivery Order/Page_FinUP (Financial Integrated Applicatio_e626e9/span_BMUM_p-ink p-ink-active"), 0, 0): Object: 'Object Repository/Test Tambah Delivery Order/Page_FinUP (Financial Integrated Applicatio_e626e9/span_BMUM_p-ink p-ink-active' is clicked on using offset x=0 and y=0

2024-07-17 09:58:36 - [MESSAGE][PASSED] - Object: 'Object Repository/Test Tambah Delivery Order/Page_FinUP (Financial Integrated Applicatio_e626e9/span_BMUM_p-ink p-ink-active' is clicked on using offset x=0 and y=0

2024-07-17 09:58:36 - [TEST_STEP][PASSED] - takeFullPageScreenshot(): Taking screenshot successfully

2024-07-17 09:58:36 - [MESSAGE][INFO] - 0 hidden object(s)

2024-07-17 09:58:36 - [MESSAGE][PASSED] - Taking screenshot successfully
[[ATTACHMENT|C:\\Users\\PTI\\Katalon Studio\\Testing-2-master\\Reports\\20240717_093915\\Test Kontrak Harga Satuan\\20240717_093915\\1721185116271.png]]

2024-07-17 09:58:36 - [TEST_STEP][PASSED] - click(findTestObject("Object Repository/Test Tambah Delivery Order/Page_FinUP (Financial Integrated Applicatio_e626e9/button_Simpan")): Object: 'Object Repository/Test Tambah Delivery Order/Page_FinUP (Financial Integrated Applicatio_e626e9/button_Simpan' is clicked on

2024-07-17 09:58:37 - [MESSAGE][PASSED] - Object: 'Object Repository/Test Tambah Delivery Order/Page_FinUP (Financial Integrated Applicatio_e626e9/button_Simpan' is clicked on

2024-07-17 09:58:37 - [TEST_STEP][PASSED] - takeFullPageScreenshot(): Taking screenshot successfully

2024-07-17 09:58:37 - [MESSAGE][INFO] - 0 hidden object(s)

2024-07-17 09:58:37 - [MESSAGE][PASSED] - Taking screenshot successfully
[[ATTACHMENT|C:\\Users\\PTI\\Katalon Studio\\Testing-2-master\\Reports\\20240717_093915\\Test Kontrak Harga Satuan\\20240717_093915\\1721185117167.png]]]]></system-out>
         <system-err><![CDATA[]]></system-err>
      </testcase>
      <testcase name="Test Cases/Test Edit Daftar Delivery Order" time="84.261" classname="Test Cases/Test Edit Daftar Delivery Order" status="PASSED">
         <system-out><![CDATA[2024-07-17 09:58:37 - [TEST_CASE][PASSED] - Test Cases/Test Edit Daftar Delivery Order: Test Cases/Test Edit Daftar Delivery Order

2024-07-17 09:58:38 - [TEST_STEP][PASSED] - openBrowser(""): Browser is opened with url: ''

2024-07-17 09:58:38 - [MESSAGE][WARNING] - A browser is already opened. Closing browser and opening a new one

2024-07-17 09:58:39 - [MESSAGE][INFO] - Starting 'Chrome' driver

2024-07-17 09:58:39 - [MESSAGE][INFO] - Action delay is set to 0 milliseconds

2024-07-17 09:58:41 - [MESSAGE][PASSED] - Browser is opened with url: ''

2024-07-17 09:58:41 - [TEST_STEP][PASSED] - navigateToUrl("http://10.7.1.169/"): Navigate to 'http://10.7.1.169/' successfully

2024-07-17 09:58:44 - [MESSAGE][PASSED] - Navigate to 'http://10.7.1.169/' successfully

2024-07-17 09:58:44 - [TEST_STEP][PASSED] - setText(findTestObject("Object Repository/Test Edit Daftar Delivery Order/Page_FinUP (Financial Integrated Applicatio_e626e9/input_Financial Integrated Applications - N_61d5e8"), "admin"): Text 'admin' is set on object 'Object Repository/Test Edit Daftar Delivery Order/Page_FinUP (Financial Integrated Applicatio_e626e9/input_Financial Integrated Applications - N_61d5e8'

2024-07-17 09:58:45 - [MESSAGE][PASSED] - Text 'admin' is set on object 'Object Repository/Test Edit Daftar Delivery Order/Page_FinUP (Financial Integrated Applicatio_e626e9/input_Financial Integrated Applications - N_61d5e8'

2024-07-17 09:58:45 - [TEST_STEP][PASSED] - takeFullPageScreenshot(): Taking screenshot successfully

2024-07-17 09:58:46 - [MESSAGE][INFO] - 0 hidden object(s)

2024-07-17 09:58:46 - [MESSAGE][PASSED] - Taking screenshot successfully
[[ATTACHMENT|C:\\Users\\PTI\\Katalon Studio\\Testing-2-master\\Reports\\20240717_093915\\Test Kontrak Harga Satuan\\20240717_093915\\1721185125666.png]]

2024-07-17 09:58:46 - [TEST_STEP][PASSED] - setEncryptedText(findTestObject("Object Repository/Test Edit Daftar Delivery Order/Page_FinUP (Financial Integrated Applicatio_e626e9/input_Financial Integrated Applications - N_61d5e8_1"), "RAIVpflpDOg="): Text ****** has been set on object 'Object Repository/Test Edit Daftar Delivery Order/Page_FinUP (Financial Integrated Applicatio_e626e9/input_Financial Integrated Applications - N_61d5e8_1'

2024-07-17 09:58:48 - [MESSAGE][PASSED] - Text ****** has been set on object 'Object Repository/Test Edit Daftar Delivery Order/Page_FinUP (Financial Integrated Applicatio_e626e9/input_Financial Integrated Applications - N_61d5e8_1'

2024-07-17 09:58:48 - [TEST_STEP][PASSED] - takeFullPageScreenshot(): Taking screenshot successfully

2024-07-17 09:58:49 - [MESSAGE][INFO] - 0 hidden object(s)

2024-07-17 09:58:49 - [MESSAGE][PASSED] - Taking screenshot successfully
[[ATTACHMENT|C:\\Users\\PTI\\Katalon Studio\\Testing-2-master\\Reports\\20240717_093915\\Test Kontrak Harga Satuan\\20240717_093915\\1721185128580.png]]

2024-07-17 09:58:49 - [TEST_STEP][PASSED] - enhancedClick(findTestObject("Object Repository/Test Edit Daftar Delivery Order/Page_FinUP (Financial Integrated Applicatio_e626e9/span_Sign In_p-ink p-ink-active")): Object: 'Object Repository/Test Edit Daftar Delivery Order/Page_FinUP (Financial Integrated Applicatio_e626e9/span_Sign In_p-ink p-ink-active' is clicked on

2024-07-17 09:59:21 - [MESSAGE][PASSED] - Object: 'Object Repository/Test Edit Daftar Delivery Order/Page_FinUP (Financial Integrated Applicatio_e626e9/span_Sign In_p-ink p-ink-active' is clicked on

2024-07-17 09:59:21 - [TEST_STEP][PASSED] - delay(10): Delayed 10 second(s)

2024-07-17 09:59:31 - [MESSAGE][PASSED] - Delayed 10 second(s)

2024-07-17 09:59:31 - [TEST_STEP][PASSED] - takeFullPageScreenshot(): Taking screenshot successfully

2024-07-17 09:59:32 - [MESSAGE][INFO] - 0 hidden object(s)

2024-07-17 09:59:32 - [MESSAGE][PASSED] - Taking screenshot successfully
[[ATTACHMENT|C:\\Users\\PTI\\Katalon Studio\\Testing-2-master\\Reports\\20240717_093915\\Test Kontrak Harga Satuan\\20240717_093915\\1721185171375.png]]

2024-07-17 09:59:32 - [TEST_STEP][PASSED] - click(findTestObject("Object Repository/Test Edit Daftar Delivery Order/Page_FinUP (Financial Integrated Applicatio_e626e9/div_Contract Management")): Object: 'Object Repository/Test Edit Daftar Delivery Order/Page_FinUP (Financial Integrated Applicatio_e626e9/div_Contract Management' is clicked on

2024-07-17 09:59:33 - [MESSAGE][PASSED] - Object: 'Object Repository/Test Edit Daftar Delivery Order/Page_FinUP (Financial Integrated Applicatio_e626e9/div_Contract Management' is clicked on

2024-07-17 09:59:33 - [TEST_STEP][PASSED] - takeFullPageScreenshot(): Taking screenshot successfully

2024-07-17 09:59:34 - [MESSAGE][INFO] - 0 hidden object(s)

2024-07-17 09:59:34 - [MESSAGE][PASSED] - Taking screenshot successfully
[[ATTACHMENT|C:\\Users\\PTI\\Katalon Studio\\Testing-2-master\\Reports\\20240717_093915\\Test Kontrak Harga Satuan\\20240717_093915\\1721185173258.png]]

2024-07-17 09:59:34 - [TEST_STEP][PASSED] - enhancedClick(findTestObject("Object Repository/Test Edit Daftar Delivery Order/Page_FinUP (Financial Integrated Applicatio_e626e9/a_Kontrak Harga Satuan")): Object: 'Object Repository/Test Edit Daftar Delivery Order/Page_FinUP (Financial Integrated Applicatio_e626e9/a_Kontrak Harga Satuan' is clicked on

2024-07-17 09:59:35 - [MESSAGE][PASSED] - Object: 'Object Repository/Test Edit Daftar Delivery Order/Page_FinUP (Financial Integrated Applicatio_e626e9/a_Kontrak Harga Satuan' is clicked on

2024-07-17 09:59:35 - [TEST_STEP][PASSED] - takeFullPageScreenshot(): Taking screenshot successfully

2024-07-17 09:59:35 - [MESSAGE][INFO] - 0 hidden object(s)

2024-07-17 09:59:35 - [MESSAGE][PASSED] - Taking screenshot successfully
[[ATTACHMENT|C:\\Users\\PTI\\Katalon Studio\\Testing-2-master\\Reports\\20240717_093915\\Test Kontrak Harga Satuan\\20240717_093915\\1721185175098.png]]

2024-07-17 09:59:35 - [TEST_STEP][PASSED] - enhancedClick(findTestObject("Object Repository/Test Edit Daftar Delivery Order/Page_FinUP (Financial Integrated Applicatio_e626e9/td_Test")): Object: 'Object Repository/Test Edit Daftar Delivery Order/Page_FinUP (Financial Integrated Applicatio_e626e9/td_Test' is clicked on

2024-07-17 09:59:36 - [MESSAGE][PASSED] - Object: 'Object Repository/Test Edit Daftar Delivery Order/Page_FinUP (Financial Integrated Applicatio_e626e9/td_Test' is clicked on

2024-07-17 09:59:36 - [TEST_STEP][PASSED] - takeFullPageScreenshot(): Taking screenshot successfully

2024-07-17 09:59:36 - [MESSAGE][INFO] - 0 hidden object(s)

2024-07-17 09:59:36 - [MESSAGE][PASSED] - Taking screenshot successfully
[[ATTACHMENT|C:\\Users\\PTI\\Katalon Studio\\Testing-2-master\\Reports\\20240717_093915\\Test Kontrak Harga Satuan\\20240717_093915\\1721185176324.png]]

2024-07-17 09:59:36 - [TEST_STEP][PASSED] - click(findTestObject("Object Repository/Test Edit Daftar Delivery Order/Page_FinUP (Financial Integrated Applicatio_e626e9/button_Edit")): Object: 'Object Repository/Test Edit Daftar Delivery Order/Page_FinUP (Financial Integrated Applicatio_e626e9/button_Edit' is clicked on

2024-07-17 09:59:37 - [MESSAGE][PASSED] - Object: 'Object Repository/Test Edit Daftar Delivery Order/Page_FinUP (Financial Integrated Applicatio_e626e9/button_Edit' is clicked on

2024-07-17 09:59:37 - [TEST_STEP][PASSED] - takeFullPageScreenshot(): Taking screenshot successfully

2024-07-17 09:59:37 - [MESSAGE][INFO] - 0 hidden object(s)

2024-07-17 09:59:38 - [MESSAGE][PASSED] - Taking screenshot successfully
[[ATTACHMENT|C:\\Users\\PTI\\Katalon Studio\\Testing-2-master\\Reports\\20240717_093915\\Test Kontrak Harga Satuan\\20240717_093915\\1721185177248.png]]

2024-07-17 09:59:38 - [TEST_STEP][PASSED] - enhancedClick(findTestObject("Object Repository/Test Edit Daftar Delivery Order/Page_FinUP (Financial Integrated Applicatio_e626e9/td")): Object: 'Object Repository/Test Edit Daftar Delivery Order/Page_FinUP (Financial Integrated Applicatio_e626e9/td' is clicked on

2024-07-17 09:59:38 - [MESSAGE][PASSED] - Object: 'Object Repository/Test Edit Daftar Delivery Order/Page_FinUP (Financial Integrated Applicatio_e626e9/td' is clicked on

2024-07-17 09:59:38 - [TEST_STEP][PASSED] - takeFullPageScreenshot(): Taking screenshot successfully

2024-07-17 09:59:38 - [MESSAGE][INFO] - 0 hidden object(s)

2024-07-17 09:59:39 - [MESSAGE][PASSED] - Taking screenshot successfully
[[ATTACHMENT|C:\\Users\\PTI\\Katalon Studio\\Testing-2-master\\Reports\\20240717_093915\\Test Kontrak Harga Satuan\\20240717_093915\\1721185178591.png]]

2024-07-17 09:59:39 - [TEST_STEP][PASSED] - click(findTestObject("Object Repository/Test Edit Daftar Delivery Order/Page_FinUP (Financial Integrated Applicatio_e626e9/button_Edit_1")): Object: 'Object Repository/Test Edit Daftar Delivery Order/Page_FinUP (Financial Integrated Applicatio_e626e9/button_Edit_1' is clicked on

2024-07-17 09:59:39 - [MESSAGE][PASSED] - Object: 'Object Repository/Test Edit Daftar Delivery Order/Page_FinUP (Financial Integrated Applicatio_e626e9/button_Edit_1' is clicked on

2024-07-17 09:59:39 - [TEST_STEP][PASSED] - takeFullPageScreenshot(): Taking screenshot successfully

2024-07-17 09:59:39 - [MESSAGE][INFO] - 0 hidden object(s)

2024-07-17 09:59:39 - [MESSAGE][PASSED] - Taking screenshot successfully
[[ATTACHMENT|C:\\Users\\PTI\\Katalon Studio\\Testing-2-master\\Reports\\20240717_093915\\Test Kontrak Harga Satuan\\20240717_093915\\1721185179460.png]]

2024-07-17 09:59:39 - [TEST_STEP][PASSED] - setText(findTestObject("Object Repository/Test Edit Daftar Delivery Order/Page_FinUP (Financial Integrated Applicatio_e626e9/textarea_Judul Kontrak_judulKontrak"), "do satu"): Text 'do satu' is set on object 'Object Repository/Test Edit Daftar Delivery Order/Page_FinUP (Financial Integrated Applicatio_e626e9/textarea_Judul Kontrak_judulKontrak'

2024-07-17 09:59:47 - [MESSAGE][PASSED] - Text 'do satu' is set on object 'Object Repository/Test Edit Daftar Delivery Order/Page_FinUP (Financial Integrated Applicatio_e626e9/textarea_Judul Kontrak_judulKontrak'

2024-07-17 09:59:47 - [TEST_STEP][PASSED] - takeFullPageScreenshot(): Taking screenshot successfully

2024-07-17 09:59:47 - [MESSAGE][INFO] - 0 hidden object(s)

2024-07-17 09:59:47 - [MESSAGE][PASSED] - Taking screenshot successfully
[[ATTACHMENT|C:\\Users\\PTI\\Katalon Studio\\Testing-2-master\\Reports\\20240717_093915\\Test Kontrak Harga Satuan\\20240717_093915\\1721185187044.png]]

2024-07-17 09:59:47 - [TEST_STEP][PASSED] - setText(findTestObject("Object Repository/Test Edit Daftar Delivery Order/Page_FinUP (Financial Integrated Applicatio_e626e9/input_No DO_text-sm text-color p-2 border-1_f9ba00"), "do0001"): Text 'do0001' is set on object 'Object Repository/Test Edit Daftar Delivery Order/Page_FinUP (Financial Integrated Applicatio_e626e9/input_No DO_text-sm text-color p-2 border-1_f9ba00'

2024-07-17 09:59:48 - [MESSAGE][PASSED] - Text 'do0001' is set on object 'Object Repository/Test Edit Daftar Delivery Order/Page_FinUP (Financial Integrated Applicatio_e626e9/input_No DO_text-sm text-color p-2 border-1_f9ba00'

2024-07-17 09:59:48 - [TEST_STEP][PASSED] - takeFullPageScreenshot(): Taking screenshot successfully

2024-07-17 09:59:49 - [MESSAGE][INFO] - 0 hidden object(s)

2024-07-17 09:59:49 - [MESSAGE][PASSED] - Taking screenshot successfully
[[ATTACHMENT|C:\\Users\\PTI\\Katalon Studio\\Testing-2-master\\Reports\\20240717_093915\\Test Kontrak Harga Satuan\\20240717_093915\\1721185188765.png]]

2024-07-17 09:59:49 - [TEST_STEP][PASSED] - setText(findTestObject("Object Repository/Test Edit Daftar Delivery Order/Page_FinUP (Financial Integrated Applicatio_e626e9/input_Nilai DO (Rp)_integeronly"), "500"): Text '500' is set on object 'Object Repository/Test Edit Daftar Delivery Order/Page_FinUP (Financial Integrated Applicatio_e626e9/input_Nilai DO (Rp)_integeronly'

2024-07-17 09:59:50 - [MESSAGE][PASSED] - Text '500' is set on object 'Object Repository/Test Edit Daftar Delivery Order/Page_FinUP (Financial Integrated Applicatio_e626e9/input_Nilai DO (Rp)_integeronly'

2024-07-17 09:59:50 - [TEST_STEP][PASSED] - takeFullPageScreenshot(): Taking screenshot successfully

2024-07-17 09:59:51 - [MESSAGE][INFO] - 0 hidden object(s)

2024-07-17 09:59:51 - [MESSAGE][PASSED] - Taking screenshot successfully
[[ATTACHMENT|C:\\Users\\PTI\\Katalon Studio\\Testing-2-master\\Reports\\20240717_093915\\Test Kontrak Harga Satuan\\20240717_093915\\1721185190894.png]]

2024-07-17 09:59:51 - [TEST_STEP][PASSED] - click(findTestObject("Object Repository/Test Edit Daftar Delivery Order/Page_FinUP (Financial Integrated Applicatio_e626e9/input_Nilai DO (Rp)_integeronly")): Object: 'Object Repository/Test Edit Daftar Delivery Order/Page_FinUP (Financial Integrated Applicatio_e626e9/input_Nilai DO (Rp)_integeronly' is clicked on

2024-07-17 09:59:51 - [MESSAGE][PASSED] - Object: 'Object Repository/Test Edit Daftar Delivery Order/Page_FinUP (Financial Integrated Applicatio_e626e9/input_Nilai DO (Rp)_integeronly' is clicked on

2024-07-17 09:59:51 - [TEST_STEP][PASSED] - takeFullPageScreenshot(): Taking screenshot successfully

2024-07-17 09:59:52 - [MESSAGE][INFO] - 0 hidden object(s)

2024-07-17 09:59:52 - [MESSAGE][PASSED] - Taking screenshot successfully
[[ATTACHMENT|C:\\Users\\PTI\\Katalon Studio\\Testing-2-master\\Reports\\20240717_093915\\Test Kontrak Harga Satuan\\20240717_093915\\1721185191795.png]]

2024-07-17 09:59:52 - [TEST_STEP][PASSED] - setText(findTestObject("Object Repository/Test Edit Daftar Delivery Order/Page_FinUP (Financial Integrated Applicatio_e626e9/input_No DO_text-sm text-color p-2 border-1_f9ba00"), "po0001"): Text 'po0001' is set on object 'Object Repository/Test Edit Daftar Delivery Order/Page_FinUP (Financial Integrated Applicatio_e626e9/input_No DO_text-sm text-color p-2 border-1_f9ba00'

2024-07-17 09:59:53 - [MESSAGE][PASSED] - Text 'po0001' is set on object 'Object Repository/Test Edit Daftar Delivery Order/Page_FinUP (Financial Integrated Applicatio_e626e9/input_No DO_text-sm text-color p-2 border-1_f9ba00'

2024-07-17 09:59:53 - [TEST_STEP][PASSED] - takeFullPageScreenshot(): Taking screenshot successfully

2024-07-17 09:59:53 - [MESSAGE][INFO] - 0 hidden object(s)

2024-07-17 09:59:53 - [MESSAGE][PASSED] - Taking screenshot successfully
[[ATTACHMENT|C:\\Users\\PTI\\Katalon Studio\\Testing-2-master\\Reports\\20240717_093915\\Test Kontrak Harga Satuan\\20240717_093915\\1721185193184.png]]

2024-07-17 09:59:53 - [TEST_STEP][PASSED] - click(findTestObject("Object Repository/Test Edit Daftar Delivery Order/Page_FinUP (Financial Integrated Applicatio_e626e9/div_Tim Tes 1_p-dropdown-trigger ng-tns-c70-50")): Object: 'Object Repository/Test Edit Daftar Delivery Order/Page_FinUP (Financial Integrated Applicatio_e626e9/div_Tim Tes 1_p-dropdown-trigger ng-tns-c70-50' is clicked on

2024-07-17 09:59:54 - [MESSAGE][PASSED] - Object: 'Object Repository/Test Edit Daftar Delivery Order/Page_FinUP (Financial Integrated Applicatio_e626e9/div_Tim Tes 1_p-dropdown-trigger ng-tns-c70-50' is clicked on

2024-07-17 09:59:54 - [TEST_STEP][PASSED] - takeFullPageScreenshot(): Taking screenshot successfully

2024-07-17 09:59:55 - [MESSAGE][INFO] - 0 hidden object(s)

2024-07-17 09:59:55 - [MESSAGE][PASSED] - Taking screenshot successfully
[[ATTACHMENT|C:\\Users\\PTI\\Katalon Studio\\Testing-2-master\\Reports\\20240717_093915\\Test Kontrak Harga Satuan\\20240717_093915\\1721185194522.png]]

2024-07-17 09:59:55 - [TEST_STEP][PASSED] - clickOffset(findTestObject("Object Repository/Test Edit Daftar Delivery Order/Page_FinUP (Financial Integrated Applicatio_e626e9/span_TIM TEST 2_p-ink p-ink-active"), 0, 0): Object: 'Object Repository/Test Edit Daftar Delivery Order/Page_FinUP (Financial Integrated Applicatio_e626e9/span_TIM TEST 2_p-ink p-ink-active' is clicked on using offset x=0 and y=0

2024-07-17 09:59:55 - [MESSAGE][PASSED] - Object: 'Object Repository/Test Edit Daftar Delivery Order/Page_FinUP (Financial Integrated Applicatio_e626e9/span_TIM TEST 2_p-ink p-ink-active' is clicked on using offset x=0 and y=0

2024-07-17 09:59:55 - [TEST_STEP][PASSED] - takeFullPageScreenshot(): Taking screenshot successfully

2024-07-17 09:59:56 - [MESSAGE][INFO] - 0 hidden object(s)

2024-07-17 09:59:56 - [MESSAGE][PASSED] - Taking screenshot successfully
[[ATTACHMENT|C:\\Users\\PTI\\Katalon Studio\\Testing-2-master\\Reports\\20240717_093915\\Test Kontrak Harga Satuan\\20240717_093915\\1721185195855.png]]

2024-07-17 09:59:56 - [TEST_STEP][PASSED] - click(findTestObject("Object Repository/Test Edit Daftar Delivery Order/Page_FinUP (Financial Integrated Applicatio_e626e9/div_Tim Pemeriksa Pekerjaan PLTU Tembilahan_4fa025")): Object: 'Object Repository/Test Edit Daftar Delivery Order/Page_FinUP (Financial Integrated Applicatio_e626e9/div_Tim Pemeriksa Pekerjaan PLTU Tembilahan_4fa025' is clicked on

2024-07-17 09:59:56 - [MESSAGE][PASSED] - Object: 'Object Repository/Test Edit Daftar Delivery Order/Page_FinUP (Financial Integrated Applicatio_e626e9/div_Tim Pemeriksa Pekerjaan PLTU Tembilahan_4fa025' is clicked on

2024-07-17 09:59:56 - [TEST_STEP][PASSED] - takeFullPageScreenshot(): Taking screenshot successfully

2024-07-17 09:59:57 - [MESSAGE][INFO] - 0 hidden object(s)

2024-07-17 09:59:57 - [MESSAGE][PASSED] - Taking screenshot successfully
[[ATTACHMENT|C:\\Users\\PTI\\Katalon Studio\\Testing-2-master\\Reports\\20240717_093915\\Test Kontrak Harga Satuan\\20240717_093915\\1721185196997.png]]

2024-07-17 09:59:57 - [TEST_STEP][PASSED] - clickOffset(findTestObject("Object Repository/Test Edit Daftar Delivery Order/Page_FinUP (Financial Integrated Applicatio_e626e9/li_Tim Pemeriksa Penyelesaian Pekerjaan"), 0, 0): Object: 'Object Repository/Test Edit Daftar Delivery Order/Page_FinUP (Financial Integrated Applicatio_e626e9/li_Tim Pemeriksa Penyelesaian Pekerjaan' is clicked on using offset x=0 and y=0

2024-07-17 09:59:58 - [MESSAGE][PASSED] - Object: 'Object Repository/Test Edit Daftar Delivery Order/Page_FinUP (Financial Integrated Applicatio_e626e9/li_Tim Pemeriksa Penyelesaian Pekerjaan' is clicked on using offset x=0 and y=0

2024-07-17 09:59:58 - [TEST_STEP][PASSED] - takeFullPageScreenshot(): Taking screenshot successfully

2024-07-17 09:59:58 - [MESSAGE][INFO] - 0 hidden object(s)

2024-07-17 09:59:58 - [MESSAGE][PASSED] - Taking screenshot successfully
[[ATTACHMENT|C:\\Users\\PTI\\Katalon Studio\\Testing-2-master\\Reports\\20240717_093915\\Test Kontrak Harga Satuan\\20240717_093915\\1721185198312.png]]

2024-07-17 09:59:58 - [TEST_STEP][PASSED] - click(findTestObject("Object Repository/Test Edit Daftar Delivery Order/Page_FinUP (Financial Integrated Applicatio_e626e9/div_DIVBSS_p-dropdown-trigger ng-tns-c70-52")): Object: 'Object Repository/Test Edit Daftar Delivery Order/Page_FinUP (Financial Integrated Applicatio_e626e9/div_DIVBSS_p-dropdown-trigger ng-tns-c70-52' is clicked on

2024-07-17 09:59:59 - [MESSAGE][PASSED] - Object: 'Object Repository/Test Edit Daftar Delivery Order/Page_FinUP (Financial Integrated Applicatio_e626e9/div_DIVBSS_p-dropdown-trigger ng-tns-c70-52' is clicked on

2024-07-17 09:59:59 - [TEST_STEP][PASSED] - takeFullPageScreenshot(): Taking screenshot successfully

2024-07-17 09:59:59 - [MESSAGE][INFO] - 0 hidden object(s)

2024-07-17 09:59:59 - [MESSAGE][PASSED] - Taking screenshot successfully
[[ATTACHMENT|C:\\Users\\PTI\\Katalon Studio\\Testing-2-master\\Reports\\20240717_093915\\Test Kontrak Harga Satuan\\20240717_093915\\1721185199349.png]]

2024-07-17 09:59:59 - [TEST_STEP][PASSED] - clickOffset(findTestObject("Object Repository/Test Edit Daftar Delivery Order/Page_FinUP (Financial Integrated Applicatio_e626e9/span_BMUM_p-ink p-ink-active"), 0, 0): Object: 'Object Repository/Test Edit Daftar Delivery Order/Page_FinUP (Financial Integrated Applicatio_e626e9/span_BMUM_p-ink p-ink-active' is clicked on using offset x=0 and y=0

2024-07-17 10:00:00 - [MESSAGE][PASSED] - Object: 'Object Repository/Test Edit Daftar Delivery Order/Page_FinUP (Financial Integrated Applicatio_e626e9/span_BMUM_p-ink p-ink-active' is clicked on using offset x=0 and y=0

2024-07-17 10:00:00 - [TEST_STEP][PASSED] - takeFullPageScreenshot(): Taking screenshot successfully

2024-07-17 10:00:00 - [MESSAGE][INFO] - 0 hidden object(s)

2024-07-17 10:00:00 - [MESSAGE][PASSED] - Taking screenshot successfully
[[ATTACHMENT|C:\\Users\\PTI\\Katalon Studio\\Testing-2-master\\Reports\\20240717_093915\\Test Kontrak Harga Satuan\\20240717_093915\\1721185200363.png]]

2024-07-17 10:00:00 - [TEST_STEP][PASSED] - click(findTestObject("Object Repository/Test Edit Daftar Delivery Order/Page_FinUP (Financial Integrated Applicatio_e626e9/button_Simpan")): Object: 'Object Repository/Test Edit Daftar Delivery Order/Page_FinUP (Financial Integrated Applicatio_e626e9/button_Simpan' is clicked on

2024-07-17 10:00:01 - [MESSAGE][PASSED] - Object: 'Object Repository/Test Edit Daftar Delivery Order/Page_FinUP (Financial Integrated Applicatio_e626e9/button_Simpan' is clicked on

2024-07-17 10:00:01 - [TEST_STEP][PASSED] - takeFullPageScreenshot(): Taking screenshot successfully

2024-07-17 10:00:01 - [MESSAGE][INFO] - 0 hidden object(s)

2024-07-17 10:00:01 - [MESSAGE][PASSED] - Taking screenshot successfully
[[ATTACHMENT|C:\\Users\\PTI\\Katalon Studio\\Testing-2-master\\Reports\\20240717_093915\\Test Kontrak Harga Satuan\\20240717_093915\\1721185201377.png]]]]></system-out>
         <system-err><![CDATA[]]></system-err>
      </testcase>
      <testcase name="Test Cases/Test Tambah Daftar Termin (Kontrak Harga Satuan)" time="74.573" classname="Test Cases/Test Tambah Daftar Termin (Kontrak Harga Satuan)" status="PASSED">
         <system-out><![CDATA[2024-07-17 10:00:01 - [TEST_CASE][PASSED] - Test Cases/Test Tambah Daftar Termin (Kontrak Harga Satuan): Test Cases/Test Tambah Daftar Termin (Kontrak Harga Satuan)

2024-07-17 10:00:02 - [TEST_STEP][PASSED] - openBrowser(""): Browser is opened with url: ''

2024-07-17 10:00:02 - [MESSAGE][WARNING] - A browser is already opened. Closing browser and opening a new one

2024-07-17 10:00:03 - [MESSAGE][INFO] - Starting 'Chrome' driver

2024-07-17 10:00:03 - [MESSAGE][INFO] - Action delay is set to 0 milliseconds

2024-07-17 10:00:06 - [MESSAGE][PASSED] - Browser is opened with url: ''

2024-07-17 10:00:06 - [TEST_STEP][PASSED] - navigateToUrl("http://10.7.1.169/"): Navigate to 'http://10.7.1.169/' successfully

2024-07-17 10:00:07 - [MESSAGE][PASSED] - Navigate to 'http://10.7.1.169/' successfully

2024-07-17 10:00:07 - [TEST_STEP][PASSED] - setText(findTestObject("Object Repository/Test Tambah Daftar Termin (Form Kontrak Harga Satuan)/Page_FinUP (Financial Integrated Applicatio_e626e9/input_Financial Integrated Applications - N_61d5e8"), "admin"): Text 'admin' is set on object 'Object Repository/Test Tambah Daftar Termin (Form Kontrak Harga Satuan)/Page_FinUP (Financial Integrated Applicatio_e626e9/input_Financial Integrated Applications - N_61d5e8'

2024-07-17 10:00:08 - [MESSAGE][PASSED] - Text 'admin' is set on object 'Object Repository/Test Tambah Daftar Termin (Form Kontrak Harga Satuan)/Page_FinUP (Financial Integrated Applicatio_e626e9/input_Financial Integrated Applications - N_61d5e8'

2024-07-17 10:00:08 - [TEST_STEP][PASSED] - takeFullPageScreenshot(): Taking screenshot successfully

2024-07-17 10:00:09 - [MESSAGE][INFO] - 0 hidden object(s)

2024-07-17 10:00:09 - [MESSAGE][PASSED] - Taking screenshot successfully
[[ATTACHMENT|C:\\Users\\PTI\\Katalon Studio\\Testing-2-master\\Reports\\20240717_093915\\Test Kontrak Harga Satuan\\20240717_093915\\1721185208977.png]]

2024-07-17 10:00:09 - [TEST_STEP][PASSED] - setEncryptedText(findTestObject("Object Repository/Test Tambah Daftar Termin (Form Kontrak Harga Satuan)/Page_FinUP (Financial Integrated Applicatio_e626e9/input_Financial Integrated Applications - N_61d5e8_1"), "RAIVpflpDOg="): Text ****** has been set on object 'Object Repository/Test Tambah Daftar Termin (Form Kontrak Harga Satuan)/Page_FinUP (Financial Integrated Applicatio_e626e9/input_Financial Integrated Applications - N_61d5e8_1'

2024-07-17 10:00:10 - [MESSAGE][PASSED] - Text ****** has been set on object 'Object Repository/Test Tambah Daftar Termin (Form Kontrak Harga Satuan)/Page_FinUP (Financial Integrated Applicatio_e626e9/input_Financial Integrated Applications - N_61d5e8_1'

2024-07-17 10:00:10 - [TEST_STEP][PASSED] - takeFullPageScreenshot(): Taking screenshot successfully

2024-07-17 10:00:10 - [MESSAGE][INFO] - 0 hidden object(s)

2024-07-17 10:00:10 - [MESSAGE][PASSED] - Taking screenshot successfully
[[ATTACHMENT|C:\\Users\\PTI\\Katalon Studio\\Testing-2-master\\Reports\\20240717_093915\\Test Kontrak Harga Satuan\\20240717_093915\\1721185210089.png]]

2024-07-17 10:00:10 - [TEST_STEP][PASSED] - enhancedClick(findTestObject("Object Repository/Test Tambah Daftar Termin (Form Kontrak Harga Satuan)/Page_FinUP (Financial Integrated Applicatio_e626e9/span_Sign In_p-ink p-ink-active")): Object: 'Object Repository/Test Tambah Daftar Termin (Form Kontrak Harga Satuan)/Page_FinUP (Financial Integrated Applicatio_e626e9/span_Sign In_p-ink p-ink-active' is clicked on

2024-07-17 10:00:42 - [MESSAGE][PASSED] - Object: 'Object Repository/Test Tambah Daftar Termin (Form Kontrak Harga Satuan)/Page_FinUP (Financial Integrated Applicatio_e626e9/span_Sign In_p-ink p-ink-active' is clicked on

2024-07-17 10:00:42 - [TEST_STEP][PASSED] - delay(10): Delayed 10 second(s)

2024-07-17 10:00:52 - [MESSAGE][PASSED] - Delayed 10 second(s)

2024-07-17 10:00:52 - [TEST_STEP][PASSED] - takeFullPageScreenshot(): Taking screenshot successfully

2024-07-17 10:00:52 - [MESSAGE][INFO] - 0 hidden object(s)

2024-07-17 10:00:52 - [MESSAGE][PASSED] - Taking screenshot successfully
[[ATTACHMENT|C:\\Users\\PTI\\Katalon Studio\\Testing-2-master\\Reports\\20240717_093915\\Test Kontrak Harga Satuan\\20240717_093915\\1721185252106.png]]

2024-07-17 10:00:52 - [TEST_STEP][PASSED] - click(findTestObject("Object Repository/Test Tambah Daftar Termin (Form Kontrak Harga Satuan)/Page_FinUP (Financial Integrated Applicatio_e626e9/div_Contract Management")): Object: 'Object Repository/Test Tambah Daftar Termin (Form Kontrak Harga Satuan)/Page_FinUP (Financial Integrated Applicatio_e626e9/div_Contract Management' is clicked on

2024-07-17 10:00:53 - [MESSAGE][PASSED] - Object: 'Object Repository/Test Tambah Daftar Termin (Form Kontrak Harga Satuan)/Page_FinUP (Financial Integrated Applicatio_e626e9/div_Contract Management' is clicked on

2024-07-17 10:00:53 - [TEST_STEP][PASSED] - takeFullPageScreenshot(): Taking screenshot successfully

2024-07-17 10:00:54 - [MESSAGE][INFO] - 0 hidden object(s)

2024-07-17 10:00:54 - [MESSAGE][PASSED] - Taking screenshot successfully
[[ATTACHMENT|C:\\Users\\PTI\\Katalon Studio\\Testing-2-master\\Reports\\20240717_093915\\Test Kontrak Harga Satuan\\20240717_093915\\1721185253415.png]]

2024-07-17 10:00:54 - [TEST_STEP][PASSED] - enhancedClick(findTestObject("Object Repository/Test Tambah Daftar Termin (Form Kontrak Harga Satuan)/Page_FinUP (Financial Integrated Applicatio_e626e9/a_Kontrak Harga Satuan")): Object: 'Object Repository/Test Tambah Daftar Termin (Form Kontrak Harga Satuan)/Page_FinUP (Financial Integrated Applicatio_e626e9/a_Kontrak Harga Satuan' is clicked on

2024-07-17 10:00:55 - [MESSAGE][PASSED] - Object: 'Object Repository/Test Tambah Daftar Termin (Form Kontrak Harga Satuan)/Page_FinUP (Financial Integrated Applicatio_e626e9/a_Kontrak Harga Satuan' is clicked on

2024-07-17 10:00:55 - [TEST_STEP][PASSED] - takeFullPageScreenshot(): Taking screenshot successfully

2024-07-17 10:00:55 - [MESSAGE][INFO] - 0 hidden object(s)

2024-07-17 10:00:55 - [MESSAGE][PASSED] - Taking screenshot successfully
[[ATTACHMENT|C:\\Users\\PTI\\Katalon Studio\\Testing-2-master\\Reports\\20240717_093915\\Test Kontrak Harga Satuan\\20240717_093915\\1721185255069.png]]

2024-07-17 10:00:55 - [TEST_STEP][PASSED] - enhancedClick(findTestObject("Object Repository/Test Tambah Daftar Termin (Form Kontrak Harga Satuan)/Page_FinUP (Financial Integrated Applicatio_e626e9/td_Test")): Object: 'Object Repository/Test Tambah Daftar Termin (Form Kontrak Harga Satuan)/Page_FinUP (Financial Integrated Applicatio_e626e9/td_Test' is clicked on

2024-07-17 10:00:56 - [MESSAGE][PASSED] - Object: 'Object Repository/Test Tambah Daftar Termin (Form Kontrak Harga Satuan)/Page_FinUP (Financial Integrated Applicatio_e626e9/td_Test' is clicked on

2024-07-17 10:00:56 - [TEST_STEP][PASSED] - takeFullPageScreenshot(): Taking screenshot successfully

2024-07-17 10:00:57 - [MESSAGE][INFO] - 0 hidden object(s)

2024-07-17 10:00:57 - [MESSAGE][PASSED] - Taking screenshot successfully
[[ATTACHMENT|C:\\Users\\PTI\\Katalon Studio\\Testing-2-master\\Reports\\20240717_093915\\Test Kontrak Harga Satuan\\20240717_093915\\1721185256714.png]]

2024-07-17 10:00:57 - [TEST_STEP][PASSED] - click(findTestObject("Object Repository/Test Tambah Daftar Termin (Form Kontrak Harga Satuan)/Page_FinUP (Financial Integrated Applicatio_e626e9/button_Edit")): Object: 'Object Repository/Test Tambah Daftar Termin (Form Kontrak Harga Satuan)/Page_FinUP (Financial Integrated Applicatio_e626e9/button_Edit' is clicked on

2024-07-17 10:00:57 - [MESSAGE][PASSED] - Object: 'Object Repository/Test Tambah Daftar Termin (Form Kontrak Harga Satuan)/Page_FinUP (Financial Integrated Applicatio_e626e9/button_Edit' is clicked on

2024-07-17 10:00:57 - [TEST_STEP][PASSED] - takeFullPageScreenshot(): Taking screenshot successfully

2024-07-17 10:00:58 - [MESSAGE][INFO] - 0 hidden object(s)

2024-07-17 10:00:58 - [MESSAGE][PASSED] - Taking screenshot successfully
[[ATTACHMENT|C:\\Users\\PTI\\Katalon Studio\\Testing-2-master\\Reports\\20240717_093915\\Test Kontrak Harga Satuan\\20240717_093915\\1721185257672.png]]

2024-07-17 10:00:58 - [TEST_STEP][PASSED] - enhancedClick(findTestObject("Object Repository/Test Tambah Daftar Termin (Form Kontrak Harga Satuan)/Page_FinUP (Financial Integrated Applicatio_e626e9/td_Test_1")): Object: 'Object Repository/Test Tambah Daftar Termin (Form Kontrak Harga Satuan)/Page_FinUP (Financial Integrated Applicatio_e626e9/td_Test_1' is clicked on

2024-07-17 10:00:58 - [MESSAGE][PASSED] - Object: 'Object Repository/Test Tambah Daftar Termin (Form Kontrak Harga Satuan)/Page_FinUP (Financial Integrated Applicatio_e626e9/td_Test_1' is clicked on

2024-07-17 10:00:58 - [TEST_STEP][PASSED] - takeFullPageScreenshot(): Taking screenshot successfully

2024-07-17 10:00:59 - [MESSAGE][INFO] - 0 hidden object(s)

2024-07-17 10:00:59 - [MESSAGE][PASSED] - Taking screenshot successfully
[[ATTACHMENT|C:\\Users\\PTI\\Katalon Studio\\Testing-2-master\\Reports\\20240717_093915\\Test Kontrak Harga Satuan\\20240717_093915\\1721185258849.png]]

2024-07-17 10:00:59 - [TEST_STEP][PASSED] - click(findTestObject("Object Repository/Test Tambah Daftar Termin (Form Kontrak Harga Satuan)/Page_FinUP (Financial Integrated Applicatio_e626e9/button_Edit_1")): Object: 'Object Repository/Test Tambah Daftar Termin (Form Kontrak Harga Satuan)/Page_FinUP (Financial Integrated Applicatio_e626e9/button_Edit_1' is clicked on

2024-07-17 10:00:59 - [MESSAGE][PASSED] - Object: 'Object Repository/Test Tambah Daftar Termin (Form Kontrak Harga Satuan)/Page_FinUP (Financial Integrated Applicatio_e626e9/button_Edit_1' is clicked on

2024-07-17 10:00:59 - [TEST_STEP][PASSED] - takeFullPageScreenshot(): Taking screenshot successfully

2024-07-17 10:01:00 - [MESSAGE][INFO] - 0 hidden object(s)

2024-07-17 10:01:00 - [MESSAGE][PASSED] - Taking screenshot successfully
[[ATTACHMENT|C:\\Users\\PTI\\Katalon Studio\\Testing-2-master\\Reports\\20240717_093915\\Test Kontrak Harga Satuan\\20240717_093915\\1721185259849.png]]

2024-07-17 10:01:00 - [TEST_STEP][PASSED] - click(findTestObject("Object Repository/Test Tambah Daftar Termin (Form Kontrak Harga Satuan)/Page_FinUP (Financial Integrated Applicatio_e626e9/button_Baru")): Object: 'Object Repository/Test Tambah Daftar Termin (Form Kontrak Harga Satuan)/Page_FinUP (Financial Integrated Applicatio_e626e9/button_Baru' is clicked on

2024-07-17 10:01:00 - [MESSAGE][PASSED] - Object: 'Object Repository/Test Tambah Daftar Termin (Form Kontrak Harga Satuan)/Page_FinUP (Financial Integrated Applicatio_e626e9/button_Baru' is clicked on

2024-07-17 10:01:00 - [TEST_STEP][PASSED] - takeFullPageScreenshot(): Taking screenshot successfully

2024-07-17 10:01:01 - [MESSAGE][INFO] - 0 hidden object(s)

2024-07-17 10:01:01 - [MESSAGE][PASSED] - Taking screenshot successfully
[[ATTACHMENT|C:\\Users\\PTI\\Katalon Studio\\Testing-2-master\\Reports\\20240717_093915\\Test Kontrak Harga Satuan\\20240717_093915\\1721185260813.png]]

2024-07-17 10:01:01 - [TEST_STEP][PASSED] - setText(findTestObject("Object Repository/Test Tambah Daftar Termin (Form Kontrak Harga Satuan)/Page_FinUP (Financial Integrated Applicatio_e626e9/input_Nama_p-input-text-cstm ng-untouched n_c18f1c"), "Testing"): Text 'Testing' is set on object 'Object Repository/Test Tambah Daftar Termin (Form Kontrak Harga Satuan)/Page_FinUP (Financial Integrated Applicatio_e626e9/input_Nama_p-input-text-cstm ng-untouched n_c18f1c'

2024-07-17 10:01:02 - [MESSAGE][PASSED] - Text 'Testing' is set on object 'Object Repository/Test Tambah Daftar Termin (Form Kontrak Harga Satuan)/Page_FinUP (Financial Integrated Applicatio_e626e9/input_Nama_p-input-text-cstm ng-untouched n_c18f1c'

2024-07-17 10:01:02 - [TEST_STEP][PASSED] - takeFullPageScreenshot(): Taking screenshot successfully

2024-07-17 10:01:02 - [MESSAGE][INFO] - 0 hidden object(s)

2024-07-17 10:01:02 - [MESSAGE][PASSED] - Taking screenshot successfully
[[ATTACHMENT|C:\\Users\\PTI\\Katalon Studio\\Testing-2-master\\Reports\\20240717_093915\\Test Kontrak Harga Satuan\\20240717_093915\\1721185262136.png]]

2024-07-17 10:01:02 - [TEST_STEP][PASSED] - delay(10): Delayed 10 second(s)

2024-07-17 10:01:12 - [MESSAGE][PASSED] - Delayed 10 second(s)

2024-07-17 10:01:12 - [TEST_STEP][PASSED] - takeFullPageScreenshot(): Taking screenshot successfully

2024-07-17 10:01:13 - [MESSAGE][INFO] - 0 hidden object(s)

2024-07-17 10:01:13 - [MESSAGE][PASSED] - Taking screenshot successfully
[[ATTACHMENT|C:\\Users\\PTI\\Katalon Studio\\Testing-2-master\\Reports\\20240717_093915\\Test Kontrak Harga Satuan\\20240717_093915\\1721185272642.png]]

2024-07-17 10:01:13 - [TEST_STEP][PASSED] - setText(findTestObject("Object Repository/Test Tambah Daftar Termin (Form Kontrak Harga Satuan)/Page_FinUP (Financial Integrated Applicatio_e626e9/textarea_Keterangan_judulKontrak"), "Test"): Text 'Test' is set on object 'Object Repository/Test Tambah Daftar Termin (Form Kontrak Harga Satuan)/Page_FinUP (Financial Integrated Applicatio_e626e9/textarea_Keterangan_judulKontrak'

2024-07-17 10:01:14 - [MESSAGE][PASSED] - Text 'Test' is set on object 'Object Repository/Test Tambah Daftar Termin (Form Kontrak Harga Satuan)/Page_FinUP (Financial Integrated Applicatio_e626e9/textarea_Keterangan_judulKontrak'

2024-07-17 10:01:14 - [TEST_STEP][PASSED] - takeFullPageScreenshot(): Taking screenshot successfully

2024-07-17 10:01:14 - [MESSAGE][INFO] - 0 hidden object(s)

2024-07-17 10:01:14 - [MESSAGE][PASSED] - Taking screenshot successfully
[[ATTACHMENT|C:\\Users\\PTI\\Katalon Studio\\Testing-2-master\\Reports\\20240717_093915\\Test Kontrak Harga Satuan\\20240717_093915\\1721185274022.png]]

2024-07-17 10:01:14 - [TEST_STEP][PASSED] - click(findTestObject("Object Repository/Test Tambah Daftar Termin (Form Kontrak Harga Satuan)/Page_FinUP (Financial Integrated Applicatio_e626e9/span_Simpan dan Keluar")): Object: 'Object Repository/Test Tambah Daftar Termin (Form Kontrak Harga Satuan)/Page_FinUP (Financial Integrated Applicatio_e626e9/span_Simpan dan Keluar' is clicked on

2024-07-17 10:01:14 - [MESSAGE][PASSED] - Object: 'Object Repository/Test Tambah Daftar Termin (Form Kontrak Harga Satuan)/Page_FinUP (Financial Integrated Applicatio_e626e9/span_Simpan dan Keluar' is clicked on

2024-07-17 10:01:14 - [TEST_STEP][PASSED] - takeFullPageScreenshot(): Taking screenshot successfully

2024-07-17 10:01:15 - [MESSAGE][INFO] - 0 hidden object(s)

2024-07-17 10:01:15 - [MESSAGE][PASSED] - Taking screenshot successfully
[[ATTACHMENT|C:\\Users\\PTI\\Katalon Studio\\Testing-2-master\\Reports\\20240717_093915\\Test Kontrak Harga Satuan\\20240717_093915\\1721185274958.png]]

2024-07-17 10:01:15 - [TEST_STEP][PASSED] - click(findTestObject("Object Repository/Test Tambah Daftar Termin (Form Kontrak Harga Satuan)/Page_FinUP (Financial Integrated Applicatio_e626e9/button_Simpan")): Object: 'Object Repository/Test Tambah Daftar Termin (Form Kontrak Harga Satuan)/Page_FinUP (Financial Integrated Applicatio_e626e9/button_Simpan' is clicked on

2024-07-17 10:01:15 - [MESSAGE][PASSED] - Object: 'Object Repository/Test Tambah Daftar Termin (Form Kontrak Harga Satuan)/Page_FinUP (Financial Integrated Applicatio_e626e9/button_Simpan' is clicked on

2024-07-17 10:01:15 - [TEST_STEP][PASSED] - takeFullPageScreenshot(): Taking screenshot successfully

2024-07-17 10:01:16 - [MESSAGE][INFO] - 0 hidden object(s)

2024-07-17 10:01:16 - [MESSAGE][PASSED] - Taking screenshot successfully
[[ATTACHMENT|C:\\Users\\PTI\\Katalon Studio\\Testing-2-master\\Reports\\20240717_093915\\Test Kontrak Harga Satuan\\20240717_093915\\1721185276003.png]]]]></system-out>
         <system-err><![CDATA[]]></system-err>
      </testcase>
      <testcase name="Test Cases/Test Edit Daftar Termin (Kontrak Harga Satuan)" time="74.678" classname="Test Cases/Test Edit Daftar Termin (Kontrak Harga Satuan)" status="PASSED">
         <system-out><![CDATA[2024-07-17 10:01:16 - [TEST_CASE][PASSED] - Test Cases/Test Edit Daftar Termin (Kontrak Harga Satuan): Test Cases/Test Edit Daftar Termin (Kontrak Harga Satuan)

2024-07-17 10:01:17 - [TEST_STEP][PASSED] - openBrowser(""): Browser is opened with url: ''

2024-07-17 10:01:17 - [MESSAGE][WARNING] - A browser is already opened. Closing browser and opening a new one

2024-07-17 10:01:17 - [MESSAGE][INFO] - Starting 'Chrome' driver

2024-07-17 10:01:17 - [MESSAGE][INFO] - Action delay is set to 0 milliseconds

2024-07-17 10:01:19 - [MESSAGE][PASSED] - Browser is opened with url: ''

2024-07-17 10:01:20 - [TEST_STEP][PASSED] - navigateToUrl("http://10.7.1.169/"): Navigate to 'http://10.7.1.169/' successfully

2024-07-17 10:01:23 - [MESSAGE][PASSED] - Navigate to 'http://10.7.1.169/' successfully

2024-07-17 10:01:23 - [TEST_STEP][PASSED] - setText(findTestObject("Object Repository/Test Edit Daftar Termin (Form Kontrak Harga Satuan)/Page_FinUP (Financial Integrated Applicatio_e626e9/input_Financial Integrated Applications - N_61d5e8"), "admin"): Text 'admin' is set on object 'Object Repository/Test Edit Daftar Termin (Form Kontrak Harga Satuan)/Page_FinUP (Financial Integrated Applicatio_e626e9/input_Financial Integrated Applications - N_61d5e8'

2024-07-17 10:01:24 - [MESSAGE][PASSED] - Text 'admin' is set on object 'Object Repository/Test Edit Daftar Termin (Form Kontrak Harga Satuan)/Page_FinUP (Financial Integrated Applicatio_e626e9/input_Financial Integrated Applications - N_61d5e8'

2024-07-17 10:01:24 - [TEST_STEP][PASSED] - setEncryptedText(findTestObject("Object Repository/Test Edit Daftar Termin (Form Kontrak Harga Satuan)/Page_FinUP (Financial Integrated Applicatio_e626e9/input_Financial Integrated Applications - N_61d5e8_1"), "RAIVpflpDOg="): Text ****** has been set on object 'Object Repository/Test Edit Daftar Termin (Form Kontrak Harga Satuan)/Page_FinUP (Financial Integrated Applicatio_e626e9/input_Financial Integrated Applications - N_61d5e8_1'

2024-07-17 10:01:25 - [MESSAGE][PASSED] - Text ****** has been set on object 'Object Repository/Test Edit Daftar Termin (Form Kontrak Harga Satuan)/Page_FinUP (Financial Integrated Applicatio_e626e9/input_Financial Integrated Applications - N_61d5e8_1'

2024-07-17 10:01:25 - [TEST_STEP][PASSED] - enhancedClick(findTestObject("Object Repository/Test Edit Daftar Termin (Form Kontrak Harga Satuan)/Page_FinUP (Financial Integrated Applicatio_e626e9/span_Sign In_p-ink p-ink-active")): Object: 'Object Repository/Test Edit Daftar Termin (Form Kontrak Harga Satuan)/Page_FinUP (Financial Integrated Applicatio_e626e9/span_Sign In_p-ink p-ink-active' is clicked on

2024-07-17 10:01:56 - [MESSAGE][PASSED] - Object: 'Object Repository/Test Edit Daftar Termin (Form Kontrak Harga Satuan)/Page_FinUP (Financial Integrated Applicatio_e626e9/span_Sign In_p-ink p-ink-active' is clicked on

2024-07-17 10:01:56 - [TEST_STEP][PASSED] - click(findTestObject("Object Repository/Test Edit Daftar Termin (Form Kontrak Harga Satuan)/Page_FinUP (Financial Integrated Applicatio_e626e9/div_Contract Management")): Object: 'Object Repository/Test Edit Daftar Termin (Form Kontrak Harga Satuan)/Page_FinUP (Financial Integrated Applicatio_e626e9/div_Contract Management' is clicked on

2024-07-17 10:01:57 - [MESSAGE][PASSED] - Object: 'Object Repository/Test Edit Daftar Termin (Form Kontrak Harga Satuan)/Page_FinUP (Financial Integrated Applicatio_e626e9/div_Contract Management' is clicked on

2024-07-17 10:01:57 - [TEST_STEP][PASSED] - enhancedClick(findTestObject("Object Repository/Test Edit Daftar Termin (Form Kontrak Harga Satuan)/Page_FinUP (Financial Integrated Applicatio_e626e9/a_Kontrak Harga Satuan")): Object: 'Object Repository/Test Edit Daftar Termin (Form Kontrak Harga Satuan)/Page_FinUP (Financial Integrated Applicatio_e626e9/a_Kontrak Harga Satuan' is clicked on

2024-07-17 10:01:58 - [MESSAGE][PASSED] - Object: 'Object Repository/Test Edit Daftar Termin (Form Kontrak Harga Satuan)/Page_FinUP (Financial Integrated Applicatio_e626e9/a_Kontrak Harga Satuan' is clicked on

2024-07-17 10:01:58 - [TEST_STEP][PASSED] - enhancedClick(findTestObject("Object Repository/Test Edit Daftar Termin (Form Kontrak Harga Satuan)/Page_FinUP (Financial Integrated Applicatio_e626e9/td_Test")): Object: 'Object Repository/Test Edit Daftar Termin (Form Kontrak Harga Satuan)/Page_FinUP (Financial Integrated Applicatio_e626e9/td_Test' is clicked on

2024-07-17 10:02:00 - [MESSAGE][PASSED] - Object: 'Object Repository/Test Edit Daftar Termin (Form Kontrak Harga Satuan)/Page_FinUP (Financial Integrated Applicatio_e626e9/td_Test' is clicked on

2024-07-17 10:02:00 - [TEST_STEP][PASSED] - click(findTestObject("Object Repository/Test Edit Daftar Termin (Form Kontrak Harga Satuan)/Page_FinUP (Financial Integrated Applicatio_e626e9/button_Edit")): Object: 'Object Repository/Test Edit Daftar Termin (Form Kontrak Harga Satuan)/Page_FinUP (Financial Integrated Applicatio_e626e9/button_Edit' is clicked on

2024-07-17 10:02:00 - [MESSAGE][PASSED] - Object: 'Object Repository/Test Edit Daftar Termin (Form Kontrak Harga Satuan)/Page_FinUP (Financial Integrated Applicatio_e626e9/button_Edit' is clicked on

2024-07-17 10:02:00 - [TEST_STEP][PASSED] - enhancedClick(findTestObject("Object Repository/Test Edit Daftar Termin (Form Kontrak Harga Satuan)/Page_FinUP (Financial Integrated Applicatio_e626e9/td_Test_1")): Object: 'Object Repository/Test Edit Daftar Termin (Form Kontrak Harga Satuan)/Page_FinUP (Financial Integrated Applicatio_e626e9/td_Test_1' is clicked on

2024-07-17 10:02:01 - [MESSAGE][PASSED] - Object: 'Object Repository/Test Edit Daftar Termin (Form Kontrak Harga Satuan)/Page_FinUP (Financial Integrated Applicatio_e626e9/td_Test_1' is clicked on

2024-07-17 10:02:01 - [TEST_STEP][PASSED] - delay(5): Delayed 5 second(s)

2024-07-17 10:02:06 - [MESSAGE][PASSED] - Delayed 5 second(s)

2024-07-17 10:02:06 - [TEST_STEP][PASSED] - enhancedClick(findTestObject("Object Repository/Test Edit Daftar Termin (Form Kontrak Harga Satuan)/Page_FinUP (Financial Integrated Applicatio_e626e9/td_Testing")): Object: 'Object Repository/Test Edit Daftar Termin (Form Kontrak Harga Satuan)/Page_FinUP (Financial Integrated Applicatio_e626e9/td_Testing' is clicked on

2024-07-17 10:02:11 - [MESSAGE][PASSED] - Object: 'Object Repository/Test Edit Daftar Termin (Form Kontrak Harga Satuan)/Page_FinUP (Financial Integrated Applicatio_e626e9/td_Testing' is clicked on

2024-07-17 10:02:11 - [TEST_STEP][PASSED] - delay(5): Delayed 5 second(s)

2024-07-17 10:02:16 - [MESSAGE][PASSED] - Delayed 5 second(s)

2024-07-17 10:02:16 - [TEST_STEP][PASSED] - setText(findTestObject("Object Repository/Test Edit Daftar Termin (Form Kontrak Harga Satuan)/Page_FinUP (Financial Integrated Applicatio_e626e9/input_Nama_p-input-text-cstm ng-untouched n_c18f1c"), "Test"): Text 'Test' is set on object 'Object Repository/Test Edit Daftar Termin (Form Kontrak Harga Satuan)/Page_FinUP (Financial Integrated Applicatio_e626e9/input_Nama_p-input-text-cstm ng-untouched n_c18f1c'

2024-07-17 10:02:17 - [MESSAGE][PASSED] - Text 'Test' is set on object 'Object Repository/Test Edit Daftar Termin (Form Kontrak Harga Satuan)/Page_FinUP (Financial Integrated Applicatio_e626e9/input_Nama_p-input-text-cstm ng-untouched n_c18f1c'

2024-07-17 10:02:17 - [TEST_STEP][PASSED] - setText(findTestObject("Object Repository/Test Edit Daftar Termin (Form Kontrak Harga Satuan)/Page_FinUP (Financial Integrated Applicatio_e626e9/input_jumlah_integeronly"), "100,000"): Text '100,000' is set on object 'Object Repository/Test Edit Daftar Termin (Form Kontrak Harga Satuan)/Page_FinUP (Financial Integrated Applicatio_e626e9/input_jumlah_integeronly'

2024-07-17 10:02:18 - [MESSAGE][PASSED] - Text '100,000' is set on object 'Object Repository/Test Edit Daftar Termin (Form Kontrak Harga Satuan)/Page_FinUP (Financial Integrated Applicatio_e626e9/input_jumlah_integeronly'

2024-07-17 10:02:18 - [TEST_STEP][PASSED] - delay(10): Delayed 10 second(s)

2024-07-17 10:02:28 - [MESSAGE][PASSED] - Delayed 10 second(s)

2024-07-17 10:02:28 - [TEST_STEP][PASSED] - setText(findTestObject("Object Repository/Test Edit Daftar Termin (Form Kontrak Harga Satuan)/Page_FinUP (Financial Integrated Applicatio_e626e9/textarea_Keterangan_judulKontrak"), "Testing"): Text 'Testing' is set on object 'Object Repository/Test Edit Daftar Termin (Form Kontrak Harga Satuan)/Page_FinUP (Financial Integrated Applicatio_e626e9/textarea_Keterangan_judulKontrak'

2024-07-17 10:02:28 - [MESSAGE][PASSED] - Text 'Testing' is set on object 'Object Repository/Test Edit Daftar Termin (Form Kontrak Harga Satuan)/Page_FinUP (Financial Integrated Applicatio_e626e9/textarea_Keterangan_judulKontrak'

2024-07-17 10:02:28 - [TEST_STEP][PASSED] - click(findTestObject("Object Repository/Test Edit Daftar Termin (Form Kontrak Harga Satuan)/Page_FinUP (Financial Integrated Applicatio_e626e9/button_Simpan dan Keluar")): Object: 'Object Repository/Test Edit Daftar Termin (Form Kontrak Harga Satuan)/Page_FinUP (Financial Integrated Applicatio_e626e9/button_Simpan dan Keluar' is clicked on

2024-07-17 10:02:29 - [MESSAGE][PASSED] - Object: 'Object Repository/Test Edit Daftar Termin (Form Kontrak Harga Satuan)/Page_FinUP (Financial Integrated Applicatio_e626e9/button_Simpan dan Keluar' is clicked on

2024-07-17 10:02:29 - [TEST_STEP][PASSED] - click(findTestObject("Object Repository/Test Edit Daftar Termin (Form Kontrak Harga Satuan)/Page_FinUP (Financial Integrated Applicatio_e626e9/button_Simpan")): Object: 'Object Repository/Test Edit Daftar Termin (Form Kontrak Harga Satuan)/Page_FinUP (Financial Integrated Applicatio_e626e9/button_Simpan' is clicked on

2024-07-17 10:02:30 - [MESSAGE][PASSED] - Object: 'Object Repository/Test Edit Daftar Termin (Form Kontrak Harga Satuan)/Page_FinUP (Financial Integrated Applicatio_e626e9/button_Simpan' is clicked on

2024-07-17 10:02:30 - [TEST_STEP][PASSED] - closeBrowser(): Browser is closed

2024-07-17 10:02:31 - [MESSAGE][PASSED] - Browser is closed]]></system-out>
         <system-err><![CDATA[]]></system-err>
      </testcase>
      <testcase name="Test Cases/Test Hapus Daftar Termin (Kontrak Harga Satuan)" time="62.19" classname="Test Cases/Test Hapus Daftar Termin (Kontrak Harga Satuan)" status="PASSED">
         <system-out><![CDATA[2024-07-17 10:02:31 - [TEST_CASE][PASSED] - Test Cases/Test Hapus Daftar Termin (Kontrak Harga Satuan): Test Cases/Test Hapus Daftar Termin (Kontrak Harga Satuan)

2024-07-17 10:02:31 - [TEST_STEP][PASSED] - openBrowser(""): Browser is opened with url: ''

2024-07-17 10:02:31 - [MESSAGE][INFO] - Starting 'Chrome' driver

2024-07-17 10:02:31 - [MESSAGE][INFO] - Action delay is set to 0 milliseconds

2024-07-17 10:02:34 - [MESSAGE][PASSED] - Browser is opened with url: ''

2024-07-17 10:02:34 - [TEST_STEP][PASSED] - navigateToUrl("http://10.7.1.169/"): Navigate to 'http://10.7.1.169/' successfully

2024-07-17 10:02:35 - [MESSAGE][PASSED] - Navigate to 'http://10.7.1.169/' successfully

2024-07-17 10:02:35 - [TEST_STEP][PASSED] - setText(findTestObject("Object Repository/Test Hapus Daftar Termin (Form Kontrak Harga Satuan)/Page_FinUP (Financial Integrated Applicatio_e626e9/input_Financial Integrated Applications - N_61d5e8"), "admin"): Text 'admin' is set on object 'Object Repository/Test Hapus Daftar Termin (Form Kontrak Harga Satuan)/Page_FinUP (Financial Integrated Applicatio_e626e9/input_Financial Integrated Applications - N_61d5e8'

2024-07-17 10:02:37 - [MESSAGE][PASSED] - Text 'admin' is set on object 'Object Repository/Test Hapus Daftar Termin (Form Kontrak Harga Satuan)/Page_FinUP (Financial Integrated Applicatio_e626e9/input_Financial Integrated Applications - N_61d5e8'

2024-07-17 10:02:37 - [TEST_STEP][PASSED] - takeFullPageScreenshot(): Taking screenshot successfully

2024-07-17 10:02:38 - [MESSAGE][INFO] - 0 hidden object(s)

2024-07-17 10:02:38 - [MESSAGE][PASSED] - Taking screenshot successfully
[[ATTACHMENT|C:\\Users\\PTI\\Katalon Studio\\Testing-2-master\\Reports\\20240717_093915\\Test Kontrak Harga Satuan\\20240717_093915\\1721185357426.png]]

2024-07-17 10:02:38 - [TEST_STEP][PASSED] - setEncryptedText(findTestObject("Object Repository/Test Hapus Daftar Termin (Form Kontrak Harga Satuan)/Page_FinUP (Financial Integrated Applicatio_e626e9/input_Financial Integrated Applications - N_61d5e8_1"), "RAIVpflpDOg="): Text ****** has been set on object 'Object Repository/Test Hapus Daftar Termin (Form Kontrak Harga Satuan)/Page_FinUP (Financial Integrated Applicatio_e626e9/input_Financial Integrated Applications - N_61d5e8_1'

2024-07-17 10:02:39 - [MESSAGE][PASSED] - Text ****** has been set on object 'Object Repository/Test Hapus Daftar Termin (Form Kontrak Harga Satuan)/Page_FinUP (Financial Integrated Applicatio_e626e9/input_Financial Integrated Applications - N_61d5e8_1'

2024-07-17 10:02:39 - [TEST_STEP][PASSED] - takeFullPageScreenshot(): Taking screenshot successfully

2024-07-17 10:02:40 - [MESSAGE][INFO] - 0 hidden object(s)

2024-07-17 10:02:40 - [MESSAGE][PASSED] - Taking screenshot successfully
[[ATTACHMENT|C:\\Users\\PTI\\Katalon Studio\\Testing-2-master\\Reports\\20240717_093915\\Test Kontrak Harga Satuan\\20240717_093915\\1721185359905.png]]

2024-07-17 10:02:40 - [TEST_STEP][PASSED] - enhancedClick(findTestObject("Object Repository/Test Hapus Daftar Termin (Form Kontrak Harga Satuan)/Page_FinUP (Financial Integrated Applicatio_e626e9/span_Sign In_p-ink p-ink-active")): Object: 'Object Repository/Test Hapus Daftar Termin (Form Kontrak Harga Satuan)/Page_FinUP (Financial Integrated Applicatio_e626e9/span_Sign In_p-ink p-ink-active' is clicked on

2024-07-17 10:03:11 - [MESSAGE][PASSED] - Object: 'Object Repository/Test Hapus Daftar Termin (Form Kontrak Harga Satuan)/Page_FinUP (Financial Integrated Applicatio_e626e9/span_Sign In_p-ink p-ink-active' is clicked on

2024-07-17 10:03:11 - [TEST_STEP][PASSED] - delay(10): Delayed 10 second(s)

2024-07-17 10:03:21 - [MESSAGE][PASSED] - Delayed 10 second(s)

2024-07-17 10:03:21 - [TEST_STEP][PASSED] - takeFullPageScreenshot(): Taking screenshot successfully

2024-07-17 10:03:22 - [MESSAGE][INFO] - 0 hidden object(s)

2024-07-17 10:03:22 - [MESSAGE][PASSED] - Taking screenshot successfully
[[ATTACHMENT|C:\\Users\\PTI\\Katalon Studio\\Testing-2-master\\Reports\\20240717_093915\\Test Kontrak Harga Satuan\\20240717_093915\\1721185401370.png]]

2024-07-17 10:03:22 - [TEST_STEP][PASSED] - click(findTestObject("Object Repository/Test Hapus Daftar Termin (Form Kontrak Harga Satuan)/Page_FinUP (Financial Integrated Applicatio_e626e9/div_Contract Management")): Object: 'Object Repository/Test Hapus Daftar Termin (Form Kontrak Harga Satuan)/Page_FinUP (Financial Integrated Applicatio_e626e9/div_Contract Management' is clicked on

2024-07-17 10:03:22 - [MESSAGE][PASSED] - Object: 'Object Repository/Test Hapus Daftar Termin (Form Kontrak Harga Satuan)/Page_FinUP (Financial Integrated Applicatio_e626e9/div_Contract Management' is clicked on

2024-07-17 10:03:22 - [TEST_STEP][PASSED] - takeFullPageScreenshot(): Taking screenshot successfully

2024-07-17 10:03:23 - [MESSAGE][INFO] - 0 hidden object(s)

2024-07-17 10:03:23 - [MESSAGE][PASSED] - Taking screenshot successfully
[[ATTACHMENT|C:\\Users\\PTI\\Katalon Studio\\Testing-2-master\\Reports\\20240717_093915\\Test Kontrak Harga Satuan\\20240717_093915\\1721185402703.png]]

2024-07-17 10:03:23 - [TEST_STEP][PASSED] - enhancedClick(findTestObject("Object Repository/Test Hapus Daftar Termin (Form Kontrak Harga Satuan)/Page_FinUP (Financial Integrated Applicatio_e626e9/a_Kontrak Harga Satuan")): Object: 'Object Repository/Test Hapus Daftar Termin (Form Kontrak Harga Satuan)/Page_FinUP (Financial Integrated Applicatio_e626e9/a_Kontrak Harga Satuan' is clicked on

2024-07-17 10:03:24 - [MESSAGE][PASSED] - Object: 'Object Repository/Test Hapus Daftar Termin (Form Kontrak Harga Satuan)/Page_FinUP (Financial Integrated Applicatio_e626e9/a_Kontrak Harga Satuan' is clicked on

2024-07-17 10:03:24 - [TEST_STEP][PASSED] - takeFullPageScreenshot(): Taking screenshot successfully

2024-07-17 10:03:24 - [MESSAGE][INFO] - 0 hidden object(s)

2024-07-17 10:03:24 - [MESSAGE][PASSED] - Taking screenshot successfully
[[ATTACHMENT|C:\\Users\\PTI\\Katalon Studio\\Testing-2-master\\Reports\\20240717_093915\\Test Kontrak Harga Satuan\\20240717_093915\\1721185404215.png]]

2024-07-17 10:03:24 - [TEST_STEP][PASSED] - enhancedClick(findTestObject("Object Repository/Test Hapus Daftar Termin (Form Kontrak Harga Satuan)/Page_FinUP (Financial Integrated Applicatio_e626e9/td_Test")): Object: 'Object Repository/Test Hapus Daftar Termin (Form Kontrak Harga Satuan)/Page_FinUP (Financial Integrated Applicatio_e626e9/td_Test' is clicked on

2024-07-17 10:03:25 - [MESSAGE][PASSED] - Object: 'Object Repository/Test Hapus Daftar Termin (Form Kontrak Harga Satuan)/Page_FinUP (Financial Integrated Applicatio_e626e9/td_Test' is clicked on

2024-07-17 10:03:25 - [TEST_STEP][PASSED] - takeFullPageScreenshot(): Taking screenshot successfully

2024-07-17 10:03:25 - [MESSAGE][INFO] - 0 hidden object(s)

2024-07-17 10:03:26 - [MESSAGE][PASSED] - Taking screenshot successfully
[[ATTACHMENT|C:\\Users\\PTI\\Katalon Studio\\Testing-2-master\\Reports\\20240717_093915\\Test Kontrak Harga Satuan\\20240717_093915\\1721185405601.png]]

2024-07-17 10:03:26 - [TEST_STEP][PASSED] - click(findTestObject("Object Repository/Test Hapus Daftar Termin (Form Kontrak Harga Satuan)/Page_FinUP (Financial Integrated Applicatio_e626e9/button_Edit")): Object: 'Object Repository/Test Hapus Daftar Termin (Form Kontrak Harga Satuan)/Page_FinUP (Financial Integrated Applicatio_e626e9/button_Edit' is clicked on

2024-07-17 10:03:26 - [MESSAGE][PASSED] - Object: 'Object Repository/Test Hapus Daftar Termin (Form Kontrak Harga Satuan)/Page_FinUP (Financial Integrated Applicatio_e626e9/button_Edit' is clicked on

2024-07-17 10:03:26 - [TEST_STEP][PASSED] - takeFullPageScreenshot(): Taking screenshot successfully

2024-07-17 10:03:27 - [MESSAGE][INFO] - 0 hidden object(s)

2024-07-17 10:03:27 - [MESSAGE][PASSED] - Taking screenshot successfully
[[ATTACHMENT|C:\\Users\\PTI\\Katalon Studio\\Testing-2-master\\Reports\\20240717_093915\\Test Kontrak Harga Satuan\\20240717_093915\\1721185406509.png]]

2024-07-17 10:03:27 - [TEST_STEP][PASSED] - enhancedClick(findTestObject("Object Repository/Test Hapus Daftar Termin (Form Kontrak Harga Satuan)/Page_FinUP (Financial Integrated Applicatio_e626e9/td_Test_1")): Object: 'Object Repository/Test Hapus Daftar Termin (Form Kontrak Harga Satuan)/Page_FinUP (Financial Integrated Applicatio_e626e9/td_Test_1' is clicked on

2024-07-17 10:03:27 - [MESSAGE][PASSED] - Object: 'Object Repository/Test Hapus Daftar Termin (Form Kontrak Harga Satuan)/Page_FinUP (Financial Integrated Applicatio_e626e9/td_Test_1' is clicked on

2024-07-17 10:03:27 - [TEST_STEP][PASSED] - takeFullPageScreenshot(): Taking screenshot successfully

2024-07-17 10:03:28 - [MESSAGE][INFO] - 0 hidden object(s)

2024-07-17 10:03:28 - [MESSAGE][PASSED] - Taking screenshot successfully
[[ATTACHMENT|C:\\Users\\PTI\\Katalon Studio\\Testing-2-master\\Reports\\20240717_093915\\Test Kontrak Harga Satuan\\20240717_093915\\1721185407723.png]]

2024-07-17 10:03:28 - [TEST_STEP][PASSED] - click(findTestObject("Object Repository/Test Hapus Daftar Termin (Form Kontrak Harga Satuan)/Page_FinUP (Financial Integrated Applicatio_e626e9/button_Edit_1")): Object: 'Object Repository/Test Hapus Daftar Termin (Form Kontrak Harga Satuan)/Page_FinUP (Financial Integrated Applicatio_e626e9/button_Edit_1' is clicked on

2024-07-17 10:03:28 - [MESSAGE][PASSED] - Object: 'Object Repository/Test Hapus Daftar Termin (Form Kontrak Harga Satuan)/Page_FinUP (Financial Integrated Applicatio_e626e9/button_Edit_1' is clicked on

2024-07-17 10:03:28 - [TEST_STEP][PASSED] - takeFullPageScreenshot(): Taking screenshot successfully

2024-07-17 10:03:29 - [MESSAGE][INFO] - 0 hidden object(s)

2024-07-17 10:03:29 - [MESSAGE][PASSED] - Taking screenshot successfully
[[ATTACHMENT|C:\\Users\\PTI\\Katalon Studio\\Testing-2-master\\Reports\\20240717_093915\\Test Kontrak Harga Satuan\\20240717_093915\\1721185408697.png]]

2024-07-17 10:03:29 - [TEST_STEP][PASSED] - enhancedClick(findTestObject("Object Repository/Test Hapus Daftar Termin (Form Kontrak Harga Satuan)/Page_FinUP (Financial Integrated Applicatio_e626e9/td_Test_1_2")): Object: 'Object Repository/Test Hapus Daftar Termin (Form Kontrak Harga Satuan)/Page_FinUP (Financial Integrated Applicatio_e626e9/td_Test_1_2' is clicked on

2024-07-17 10:03:29 - [MESSAGE][PASSED] - Object: 'Object Repository/Test Hapus Daftar Termin (Form Kontrak Harga Satuan)/Page_FinUP (Financial Integrated Applicatio_e626e9/td_Test_1_2' is clicked on

2024-07-17 10:03:29 - [TEST_STEP][PASSED] - takeFullPageScreenshot(): Taking screenshot successfully

2024-07-17 10:03:30 - [MESSAGE][INFO] - 0 hidden object(s)

2024-07-17 10:03:30 - [MESSAGE][PASSED] - Taking screenshot successfully
[[ATTACHMENT|C:\\Users\\PTI\\Katalon Studio\\Testing-2-master\\Reports\\20240717_093915\\Test Kontrak Harga Satuan\\20240717_093915\\1721185409687.png]]

2024-07-17 10:03:30 - [TEST_STEP][PASSED] - click(findTestObject("Object Repository/Test Hapus Daftar Termin (Form Kontrak Harga Satuan)/Page_FinUP (Financial Integrated Applicatio_e626e9/button_Hapus")): Object: 'Object Repository/Test Hapus Daftar Termin (Form Kontrak Harga Satuan)/Page_FinUP (Financial Integrated Applicatio_e626e9/button_Hapus' is clicked on

2024-07-17 10:03:30 - [MESSAGE][PASSED] - Object: 'Object Repository/Test Hapus Daftar Termin (Form Kontrak Harga Satuan)/Page_FinUP (Financial Integrated Applicatio_e626e9/button_Hapus' is clicked on

2024-07-17 10:03:30 - [TEST_STEP][PASSED] - takeFullPageScreenshot(): Taking screenshot successfully

2024-07-17 10:03:31 - [MESSAGE][INFO] - 0 hidden object(s)

2024-07-17 10:03:31 - [MESSAGE][PASSED] - Taking screenshot successfully
[[ATTACHMENT|C:\\Users\\PTI\\Katalon Studio\\Testing-2-master\\Reports\\20240717_093915\\Test Kontrak Harga Satuan\\20240717_093915\\1721185410655.png]]

2024-07-17 10:03:31 - [TEST_STEP][PASSED] - click(findTestObject("Object Repository/Test Hapus Daftar Termin (Form Kontrak Harga Satuan)/Page_FinUP (Financial Integrated Applicatio_e626e9/button_Yes")): Object: 'Object Repository/Test Hapus Daftar Termin (Form Kontrak Harga Satuan)/Page_FinUP (Financial Integrated Applicatio_e626e9/button_Yes' is clicked on

2024-07-17 10:03:31 - [MESSAGE][PASSED] - Object: 'Object Repository/Test Hapus Daftar Termin (Form Kontrak Harga Satuan)/Page_FinUP (Financial Integrated Applicatio_e626e9/button_Yes' is clicked on

2024-07-17 10:03:31 - [TEST_STEP][PASSED] - takeFullPageScreenshot(): Taking screenshot successfully

2024-07-17 10:03:32 - [MESSAGE][INFO] - 0 hidden object(s)

2024-07-17 10:03:32 - [MESSAGE][PASSED] - Taking screenshot successfully
[[ATTACHMENT|C:\\Users\\PTI\\Katalon Studio\\Testing-2-master\\Reports\\20240717_093915\\Test Kontrak Harga Satuan\\20240717_093915\\1721185411526.png]]

2024-07-17 10:03:32 - [TEST_STEP][PASSED] - click(findTestObject("Object Repository/Test Hapus Daftar Termin (Form Kontrak Harga Satuan)/Page_FinUP (Financial Integrated Applicatio_e626e9/button_Simpan")): Object: 'Object Repository/Test Hapus Daftar Termin (Form Kontrak Harga Satuan)/Page_FinUP (Financial Integrated Applicatio_e626e9/button_Simpan' is clicked on

2024-07-17 10:03:32 - [MESSAGE][PASSED] - Object: 'Object Repository/Test Hapus Daftar Termin (Form Kontrak Harga Satuan)/Page_FinUP (Financial Integrated Applicatio_e626e9/button_Simpan' is clicked on

2024-07-17 10:03:32 - [TEST_STEP][PASSED] - takeFullPageScreenshot(): Taking screenshot successfully

2024-07-17 10:03:33 - [MESSAGE][INFO] - 0 hidden object(s)

2024-07-17 10:03:33 - [MESSAGE][PASSED] - Taking screenshot successfully
[[ATTACHMENT|C:\\Users\\PTI\\Katalon Studio\\Testing-2-master\\Reports\\20240717_093915\\Test Kontrak Harga Satuan\\20240717_093915\\1721185412922.png]]]]></system-out>
         <system-err><![CDATA[]]></system-err>
      </testcase>
      <testcase name="Test Cases/Test Tambah Upload Dokumen Post Kontrak PAYUNG DO" time="60.518" classname="Test Cases/Test Tambah Upload Dokumen Post Kontrak PAYUNG DO" status="PASSED">
         <system-out><![CDATA[2024-07-17 10:03:33 - [TEST_CASE][PASSED] - Test Cases/Test Tambah Upload Dokumen Post Kontrak PAYUNG DO: Test Cases/Test Tambah Upload Dokumen Post Kontrak PAYUNG DO

2024-07-17 10:03:33 - [TEST_STEP][PASSED] - openBrowser(""): Browser is opened with url: ''

2024-07-17 10:03:33 - [MESSAGE][WARNING] - A browser is already opened. Closing browser and opening a new one

2024-07-17 10:03:34 - [MESSAGE][INFO] - Starting 'Chrome' driver

2024-07-17 10:03:34 - [MESSAGE][INFO] - Action delay is set to 0 milliseconds

2024-07-17 10:03:36 - [MESSAGE][PASSED] - Browser is opened with url: ''

2024-07-17 10:03:36 - [TEST_STEP][PASSED] - navigateToUrl("http://10.7.1.169/"): Navigate to 'http://10.7.1.169/' successfully

2024-07-17 10:03:38 - [MESSAGE][PASSED] - Navigate to 'http://10.7.1.169/' successfully

2024-07-17 10:03:38 - [TEST_STEP][PASSED] - setText(findTestObject("Object Repository/anjayyy/Page_FinUP (Financial Integrated Applicatio_e626e9/input_Financial Integrated Applications - N_61d5e8"), "admin"): Text 'admin' is set on object 'Object Repository/anjayyy/Page_FinUP (Financial Integrated Applicatio_e626e9/input_Financial Integrated Applications - N_61d5e8'

2024-07-17 10:03:39 - [MESSAGE][PASSED] - Text 'admin' is set on object 'Object Repository/anjayyy/Page_FinUP (Financial Integrated Applicatio_e626e9/input_Financial Integrated Applications - N_61d5e8'

2024-07-17 10:03:39 - [TEST_STEP][PASSED] - takeFullPageScreenshot(): Taking screenshot successfully

2024-07-17 10:03:39 - [MESSAGE][INFO] - 0 hidden object(s)

2024-07-17 10:03:40 - [MESSAGE][PASSED] - Taking screenshot successfully
[[ATTACHMENT|C:\\Users\\PTI\\Katalon Studio\\Testing-2-master\\Reports\\20240717_093915\\Test Kontrak Harga Satuan\\20240717_093915\\1721185419600.png]]

2024-07-17 10:03:40 - [TEST_STEP][PASSED] - setEncryptedText(findTestObject("Object Repository/anjayyy/Page_FinUP (Financial Integrated Applicatio_e626e9/input_Financial Integrated Applications - N_61d5e8_1"), "RAIVpflpDOg="): Text ****** has been set on object 'Object Repository/anjayyy/Page_FinUP (Financial Integrated Applicatio_e626e9/input_Financial Integrated Applications - N_61d5e8_1'

2024-07-17 10:03:40 - [MESSAGE][PASSED] - Text ****** has been set on object 'Object Repository/anjayyy/Page_FinUP (Financial Integrated Applicatio_e626e9/input_Financial Integrated Applications - N_61d5e8_1'

2024-07-17 10:03:40 - [TEST_STEP][PASSED] - takeFullPageScreenshot(): Taking screenshot successfully

2024-07-17 10:03:40 - [MESSAGE][INFO] - 0 hidden object(s)

2024-07-17 10:03:41 - [MESSAGE][PASSED] - Taking screenshot successfully
[[ATTACHMENT|C:\\Users\\PTI\\Katalon Studio\\Testing-2-master\\Reports\\20240717_093915\\Test Kontrak Harga Satuan\\20240717_093915\\1721185420589.png]]

2024-07-17 10:03:41 - [TEST_STEP][PASSED] - enhancedClick(findTestObject("Object Repository/anjayyy/Page_FinUP (Financial Integrated Applicatio_e626e9/span_Sign In_p-ink p-ink-active")): Object: 'Object Repository/anjayyy/Page_FinUP (Financial Integrated Applicatio_e626e9/span_Sign In_p-ink p-ink-active' is clicked on

2024-07-17 10:04:12 - [MESSAGE][PASSED] - Object: 'Object Repository/anjayyy/Page_FinUP (Financial Integrated Applicatio_e626e9/span_Sign In_p-ink p-ink-active' is clicked on

2024-07-17 10:04:12 - [TEST_STEP][PASSED] - delay(10): Delayed 10 second(s)

2024-07-17 10:04:22 - [MESSAGE][PASSED] - Delayed 10 second(s)

2024-07-17 10:04:22 - [TEST_STEP][PASSED] - takeFullPageScreenshot(): Taking screenshot successfully

2024-07-17 10:04:22 - [MESSAGE][INFO] - 0 hidden object(s)

2024-07-17 10:04:22 - [MESSAGE][PASSED] - Taking screenshot successfully
[[ATTACHMENT|C:\\Users\\PTI\\Katalon Studio\\Testing-2-master\\Reports\\20240717_093915\\Test Kontrak Harga Satuan\\20240717_093915\\1721185462056.png]]

2024-07-17 10:04:22 - [TEST_STEP][PASSED] - click(findTestObject("Object Repository/anjayyy/Page_FinUP (Financial Integrated Applicatio_e626e9/div_Contract Management")): Object: 'Object Repository/anjayyy/Page_FinUP (Financial Integrated Applicatio_e626e9/div_Contract Management' is clicked on

2024-07-17 10:04:23 - [MESSAGE][PASSED] - Object: 'Object Repository/anjayyy/Page_FinUP (Financial Integrated Applicatio_e626e9/div_Contract Management' is clicked on

2024-07-17 10:04:23 - [TEST_STEP][PASSED] - takeFullPageScreenshot(): Taking screenshot successfully

2024-07-17 10:04:24 - [MESSAGE][INFO] - 0 hidden object(s)

2024-07-17 10:04:24 - [MESSAGE][PASSED] - Taking screenshot successfully
[[ATTACHMENT|C:\\Users\\PTI\\Katalon Studio\\Testing-2-master\\Reports\\20240717_093915\\Test Kontrak Harga Satuan\\20240717_093915\\1721185463360.png]]

2024-07-17 10:04:24 - [TEST_STEP][PASSED] - enhancedClick(findTestObject("Object Repository/anjayyy/Page_FinUP (Financial Integrated Applicatio_e626e9/a_Kontrak Harga Satuan")): Object: 'Object Repository/anjayyy/Page_FinUP (Financial Integrated Applicatio_e626e9/a_Kontrak Harga Satuan' is clicked on

2024-07-17 10:04:24 - [MESSAGE][PASSED] - Object: 'Object Repository/anjayyy/Page_FinUP (Financial Integrated Applicatio_e626e9/a_Kontrak Harga Satuan' is clicked on

2024-07-17 10:04:24 - [TEST_STEP][PASSED] - takeFullPageScreenshot(): Taking screenshot successfully

2024-07-17 10:04:25 - [MESSAGE][INFO] - 0 hidden object(s)

2024-07-17 10:04:25 - [MESSAGE][PASSED] - Taking screenshot successfully
[[ATTACHMENT|C:\\Users\\PTI\\Katalon Studio\\Testing-2-master\\Reports\\20240717_093915\\Test Kontrak Harga Satuan\\20240717_093915\\1721185464882.png]]

2024-07-17 10:04:25 - [TEST_STEP][PASSED] - enhancedClick(findTestObject("Object Repository/anjayyy/Page_FinUP (Financial Integrated Applicatio_e626e9/td_Test")): Object: 'Object Repository/anjayyy/Page_FinUP (Financial Integrated Applicatio_e626e9/td_Test' is clicked on

2024-07-17 10:04:25 - [MESSAGE][PASSED] - Object: 'Object Repository/anjayyy/Page_FinUP (Financial Integrated Applicatio_e626e9/td_Test' is clicked on

2024-07-17 10:04:25 - [TEST_STEP][PASSED] - takeFullPageScreenshot(): Taking screenshot successfully

2024-07-17 10:04:26 - [MESSAGE][INFO] - 0 hidden object(s)

2024-07-17 10:04:26 - [MESSAGE][PASSED] - Taking screenshot successfully
[[ATTACHMENT|C:\\Users\\PTI\\Katalon Studio\\Testing-2-master\\Reports\\20240717_093915\\Test Kontrak Harga Satuan\\20240717_093915\\1721185465992.png]]

2024-07-17 10:04:26 - [TEST_STEP][PASSED] - click(findTestObject("Object Repository/anjayyy/Page_FinUP (Financial Integrated Applicatio_e626e9/button_Edit")): Object: 'Object Repository/anjayyy/Page_FinUP (Financial Integrated Applicatio_e626e9/button_Edit' is clicked on

2024-07-17 10:04:26 - [MESSAGE][PASSED] - Object: 'Object Repository/anjayyy/Page_FinUP (Financial Integrated Applicatio_e626e9/button_Edit' is clicked on

2024-07-17 10:04:26 - [TEST_STEP][PASSED] - takeFullPageScreenshot(): Taking screenshot successfully

2024-07-17 10:04:27 - [MESSAGE][INFO] - 0 hidden object(s)

2024-07-17 10:04:27 - [MESSAGE][PASSED] - Taking screenshot successfully
[[ATTACHMENT|C:\\Users\\PTI\\Katalon Studio\\Testing-2-master\\Reports\\20240717_093915\\Test Kontrak Harga Satuan\\20240717_093915\\1721185466971.png]]

2024-07-17 10:04:27 - [TEST_STEP][PASSED] - enhancedClick(findTestObject("Object Repository/anjayyy/Page_FinUP (Financial Integrated Applicatio_e626e9/td_Test_1")): Object: 'Object Repository/anjayyy/Page_FinUP (Financial Integrated Applicatio_e626e9/td_Test_1' is clicked on

2024-07-17 10:04:28 - [MESSAGE][PASSED] - Object: 'Object Repository/anjayyy/Page_FinUP (Financial Integrated Applicatio_e626e9/td_Test_1' is clicked on

2024-07-17 10:04:28 - [TEST_STEP][PASSED] - takeFullPageScreenshot(): Taking screenshot successfully

2024-07-17 10:04:28 - [MESSAGE][INFO] - 0 hidden object(s)

2024-07-17 10:04:28 - [MESSAGE][PASSED] - Taking screenshot successfully
[[ATTACHMENT|C:\\Users\\PTI\\Katalon Studio\\Testing-2-master\\Reports\\20240717_093915\\Test Kontrak Harga Satuan\\20240717_093915\\1721185468207.png]]

2024-07-17 10:04:28 - [TEST_STEP][PASSED] - click(findTestObject("Object Repository/anjayyy/Page_FinUP (Financial Integrated Applicatio_e626e9/button_Edit_1")): Object: 'Object Repository/anjayyy/Page_FinUP (Financial Integrated Applicatio_e626e9/button_Edit_1' is clicked on

2024-07-17 10:04:29 - [MESSAGE][PASSED] - Object: 'Object Repository/anjayyy/Page_FinUP (Financial Integrated Applicatio_e626e9/button_Edit_1' is clicked on

2024-07-17 10:04:29 - [TEST_STEP][PASSED] - takeFullPageScreenshot(): Taking screenshot successfully

2024-07-17 10:04:29 - [MESSAGE][INFO] - 0 hidden object(s)

2024-07-17 10:04:29 - [MESSAGE][PASSED] - Taking screenshot successfully
[[ATTACHMENT|C:\\Users\\PTI\\Katalon Studio\\Testing-2-master\\Reports\\20240717_093915\\Test Kontrak Harga Satuan\\20240717_093915\\1721185469115.png]]

2024-07-17 10:04:29 - [TEST_STEP][PASSED] - click(findTestObject("Object Repository/anjayyy/Page_FinUP (Financial Integrated Applicatio_e626e9/button_Baru")): Object: 'Object Repository/anjayyy/Page_FinUP (Financial Integrated Applicatio_e626e9/button_Baru' is clicked on

2024-07-17 10:04:30 - [MESSAGE][PASSED] - Object: 'Object Repository/anjayyy/Page_FinUP (Financial Integrated Applicatio_e626e9/button_Baru' is clicked on

2024-07-17 10:04:30 - [TEST_STEP][PASSED] - takeFullPageScreenshot(): Taking screenshot successfully

2024-07-17 10:04:30 - [MESSAGE][INFO] - 0 hidden object(s)

2024-07-17 10:04:30 - [MESSAGE][PASSED] - Taking screenshot successfully
[[ATTACHMENT|C:\\Users\\PTI\\Katalon Studio\\Testing-2-master\\Reports\\20240717_093915\\Test Kontrak Harga Satuan\\20240717_093915\\1721185470104.png]]

2024-07-17 10:04:30 - [TEST_STEP][PASSED] - click(findTestObject("Object Repository/anjayyy/Page_FinUP (Financial Integrated Applicatio_e626e9/span_Choose")): Object: 'Object Repository/anjayyy/Page_FinUP (Financial Integrated Applicatio_e626e9/span_Choose' is clicked on

2024-07-17 10:04:30 - [MESSAGE][PASSED] - Object: 'Object Repository/anjayyy/Page_FinUP (Financial Integrated Applicatio_e626e9/span_Choose' is clicked on

2024-07-17 10:04:30 - [TEST_STEP][PASSED] - takeFullPageScreenshot(): Taking screenshot successfully

2024-07-17 10:04:31 - [MESSAGE][INFO] - 0 hidden object(s)

2024-07-17 10:04:31 - [MESSAGE][PASSED] - Taking screenshot successfully
[[ATTACHMENT|C:\\Users\\PTI\\Katalon Studio\\Testing-2-master\\Reports\\20240717_093915\\Test Kontrak Harga Satuan\\20240717_093915\\1721185470977.png]]

2024-07-17 10:04:31 - [TEST_STEP][PASSED] - click(findTestObject("Object Repository/anjayyy/Page_FinUP (Financial Integrated Applicatio_e626e9/button_Simpan")): Object: 'Object Repository/anjayyy/Page_FinUP (Financial Integrated Applicatio_e626e9/button_Simpan' is clicked on

2024-07-17 10:04:32 - [MESSAGE][PASSED] - Object: 'Object Repository/anjayyy/Page_FinUP (Financial Integrated Applicatio_e626e9/button_Simpan' is clicked on

2024-07-17 10:04:32 - [TEST_STEP][PASSED] - takeFullPageScreenshot(): Taking screenshot successfully

2024-07-17 10:04:32 - [MESSAGE][INFO] - 0 hidden object(s)

2024-07-17 10:04:32 - [MESSAGE][PASSED] - Taking screenshot successfully
[[ATTACHMENT|C:\\Users\\PTI\\Katalon Studio\\Testing-2-master\\Reports\\20240717_093915\\Test Kontrak Harga Satuan\\20240717_093915\\1721185472415.png]]

2024-07-17 10:04:32 - [TEST_STEP][PASSED] - click(findTestObject("Object Repository/anjayyy/Page_FinUP (Financial Integrated Applicatio_e626e9/button_Simpan_1")): Object: 'Object Repository/anjayyy/Page_FinUP (Financial Integrated Applicatio_e626e9/button_Simpan_1' is clicked on

2024-07-17 10:04:33 - [MESSAGE][PASSED] - Object: 'Object Repository/anjayyy/Page_FinUP (Financial Integrated Applicatio_e626e9/button_Simpan_1' is clicked on

2024-07-17 10:04:33 - [TEST_STEP][PASSED] - takeFullPageScreenshot(): Taking screenshot successfully

2024-07-17 10:04:33 - [MESSAGE][INFO] - 0 hidden object(s)

2024-07-17 10:04:33 - [MESSAGE][PASSED] - Taking screenshot successfully
[[ATTACHMENT|C:\\Users\\PTI\\Katalon Studio\\Testing-2-master\\Reports\\20240717_093915\\Test Kontrak Harga Satuan\\20240717_093915\\1721185473313.png]]]]></system-out>
         <system-err><![CDATA[]]></system-err>
      </testcase>
      <testcase name="Test Cases/Test Edit Upload Dokumen Post Kontrak PAYUNG DO" time="66.315" classname="Test Cases/Test Edit Upload Dokumen Post Kontrak PAYUNG DO" status="PASSED">
         <system-out><![CDATA[2024-07-17 10:04:33 - [TEST_CASE][PASSED] - Test Cases/Test Edit Upload Dokumen Post Kontrak PAYUNG DO: Test Cases/Test Edit Upload Dokumen Post Kontrak PAYUNG DO

2024-07-17 10:04:34 - [TEST_STEP][PASSED] - openBrowser(""): Browser is opened with url: ''

2024-07-17 10:04:34 - [MESSAGE][WARNING] - A browser is already opened. Closing browser and opening a new one

2024-07-17 10:04:35 - [MESSAGE][INFO] - Starting 'Chrome' driver

2024-07-17 10:04:35 - [MESSAGE][INFO] - Action delay is set to 0 milliseconds

2024-07-17 10:04:37 - [MESSAGE][PASSED] - Browser is opened with url: ''

2024-07-17 10:04:37 - [TEST_STEP][PASSED] - navigateToUrl("http://10.7.1.169/"): Navigate to 'http://10.7.1.169/' successfully

2024-07-17 10:04:40 - [MESSAGE][PASSED] - Navigate to 'http://10.7.1.169/' successfully

2024-07-17 10:04:40 - [TEST_STEP][PASSED] - setText(findTestObject("Object Repository/edit do payung/Page_FinUP (Financial Integrated Applicatio_e626e9/input_Financial Integrated Applications - N_61d5e8"), "admin"): Text 'admin' is set on object 'Object Repository/edit do payung/Page_FinUP (Financial Integrated Applicatio_e626e9/input_Financial Integrated Applications - N_61d5e8'

2024-07-17 10:04:41 - [MESSAGE][PASSED] - Text 'admin' is set on object 'Object Repository/edit do payung/Page_FinUP (Financial Integrated Applicatio_e626e9/input_Financial Integrated Applications - N_61d5e8'

2024-07-17 10:04:41 - [TEST_STEP][PASSED] - takeFullPageScreenshot(): Taking screenshot successfully

2024-07-17 10:04:42 - [MESSAGE][INFO] - 0 hidden object(s)

2024-07-17 10:04:42 - [MESSAGE][PASSED] - Taking screenshot successfully
[[ATTACHMENT|C:\\Users\\PTI\\Katalon Studio\\Testing-2-master\\Reports\\20240717_093915\\Test Kontrak Harga Satuan\\20240717_093915\\1721185481700.png]]

2024-07-17 10:04:42 - [TEST_STEP][PASSED] - setEncryptedText(findTestObject("Object Repository/edit do payung/Page_FinUP (Financial Integrated Applicatio_e626e9/input_Financial Integrated Applications - N_61d5e8_1"), "RAIVpflpDOg="): Text ****** has been set on object 'Object Repository/edit do payung/Page_FinUP (Financial Integrated Applicatio_e626e9/input_Financial Integrated Applications - N_61d5e8_1'

2024-07-17 10:04:42 - [MESSAGE][PASSED] - Text ****** has been set on object 'Object Repository/edit do payung/Page_FinUP (Financial Integrated Applicatio_e626e9/input_Financial Integrated Applications - N_61d5e8_1'

2024-07-17 10:04:42 - [TEST_STEP][PASSED] - takeFullPageScreenshot(): Taking screenshot successfully

2024-07-17 10:04:43 - [MESSAGE][INFO] - 0 hidden object(s)

2024-07-17 10:04:43 - [MESSAGE][PASSED] - Taking screenshot successfully
[[ATTACHMENT|C:\\Users\\PTI\\Katalon Studio\\Testing-2-master\\Reports\\20240717_093915\\Test Kontrak Harga Satuan\\20240717_093915\\1721185482745.png]]

2024-07-17 10:04:43 - [TEST_STEP][PASSED] - enhancedClick(findTestObject("Object Repository/edit do payung/Page_FinUP (Financial Integrated Applicatio_e626e9/span_Sign In_p-ink p-ink-active")): Object: 'Object Repository/edit do payung/Page_FinUP (Financial Integrated Applicatio_e626e9/span_Sign In_p-ink p-ink-active' is clicked on

2024-07-17 10:05:14 - [MESSAGE][PASSED] - Object: 'Object Repository/edit do payung/Page_FinUP (Financial Integrated Applicatio_e626e9/span_Sign In_p-ink p-ink-active' is clicked on

2024-07-17 10:05:14 - [TEST_STEP][PASSED] - delay(10): Delayed 10 second(s)

2024-07-17 10:05:24 - [MESSAGE][PASSED] - Delayed 10 second(s)

2024-07-17 10:05:24 - [TEST_STEP][PASSED] - takeFullPageScreenshot(): Taking screenshot successfully

2024-07-17 10:05:25 - [MESSAGE][INFO] - 0 hidden object(s)

2024-07-17 10:05:25 - [MESSAGE][PASSED] - Taking screenshot successfully
[[ATTACHMENT|C:\\Users\\PTI\\Katalon Studio\\Testing-2-master\\Reports\\20240717_093915\\Test Kontrak Harga Satuan\\20240717_093915\\1721185524855.png]]

2024-07-17 10:05:25 - [TEST_STEP][PASSED] - click(findTestObject("Object Repository/edit do payung/Page_FinUP (Financial Integrated Applicatio_e626e9/div_Contract Management")): Object: 'Object Repository/edit do payung/Page_FinUP (Financial Integrated Applicatio_e626e9/div_Contract Management' is clicked on

2024-07-17 10:05:26 - [MESSAGE][PASSED] - Object: 'Object Repository/edit do payung/Page_FinUP (Financial Integrated Applicatio_e626e9/div_Contract Management' is clicked on

2024-07-17 10:05:26 - [TEST_STEP][PASSED] - takeFullPageScreenshot(): Taking screenshot successfully

2024-07-17 10:05:27 - [MESSAGE][INFO] - 0 hidden object(s)

2024-07-17 10:05:27 - [MESSAGE][PASSED] - Taking screenshot successfully
[[ATTACHMENT|C:\\Users\\PTI\\Katalon Studio\\Testing-2-master\\Reports\\20240717_093915\\Test Kontrak Harga Satuan\\20240717_093915\\1721185526383.png]]

2024-07-17 10:05:27 - [TEST_STEP][PASSED] - enhancedClick(findTestObject("Object Repository/edit do payung/Page_FinUP (Financial Integrated Applicatio_e626e9/a_Kontrak Harga Satuan")): Object: 'Object Repository/edit do payung/Page_FinUP (Financial Integrated Applicatio_e626e9/a_Kontrak Harga Satuan' is clicked on

2024-07-17 10:05:28 - [MESSAGE][PASSED] - Object: 'Object Repository/edit do payung/Page_FinUP (Financial Integrated Applicatio_e626e9/a_Kontrak Harga Satuan' is clicked on

2024-07-17 10:05:28 - [TEST_STEP][PASSED] - takeFullPageScreenshot(): Taking screenshot successfully

2024-07-17 10:05:28 - [MESSAGE][INFO] - 0 hidden object(s)

2024-07-17 10:05:28 - [MESSAGE][PASSED] - Taking screenshot successfully
[[ATTACHMENT|C:\\Users\\PTI\\Katalon Studio\\Testing-2-master\\Reports\\20240717_093915\\Test Kontrak Harga Satuan\\20240717_093915\\1721185528025.png]]

2024-07-17 10:05:28 - [TEST_STEP][PASSED] - enhancedClick(findTestObject("Object Repository/edit do payung/Page_FinUP (Financial Integrated Applicatio_e626e9/td_Test")): Object: 'Object Repository/edit do payung/Page_FinUP (Financial Integrated Applicatio_e626e9/td_Test' is clicked on

2024-07-17 10:05:29 - [MESSAGE][PASSED] - Object: 'Object Repository/edit do payung/Page_FinUP (Financial Integrated Applicatio_e626e9/td_Test' is clicked on

2024-07-17 10:05:29 - [TEST_STEP][PASSED] - takeFullPageScreenshot(): Taking screenshot successfully

2024-07-17 10:05:29 - [MESSAGE][INFO] - 0 hidden object(s)

2024-07-17 10:05:29 - [MESSAGE][PASSED] - Taking screenshot successfully
[[ATTACHMENT|C:\\Users\\PTI\\Katalon Studio\\Testing-2-master\\Reports\\20240717_093915\\Test Kontrak Harga Satuan\\20240717_093915\\1721185529421.png]]

2024-07-17 10:05:29 - [TEST_STEP][PASSED] - click(findTestObject("Object Repository/edit do payung/Page_FinUP (Financial Integrated Applicatio_e626e9/button_Edit")): Object: 'Object Repository/edit do payung/Page_FinUP (Financial Integrated Applicatio_e626e9/button_Edit' is clicked on

2024-07-17 10:05:30 - [MESSAGE][PASSED] - Object: 'Object Repository/edit do payung/Page_FinUP (Financial Integrated Applicatio_e626e9/button_Edit' is clicked on

2024-07-17 10:05:30 - [TEST_STEP][PASSED] - takeFullPageScreenshot(): Taking screenshot successfully

2024-07-17 10:05:31 - [MESSAGE][INFO] - 0 hidden object(s)

2024-07-17 10:05:31 - [MESSAGE][PASSED] - Taking screenshot successfully
[[ATTACHMENT|C:\\Users\\PTI\\Katalon Studio\\Testing-2-master\\Reports\\20240717_093915\\Test Kontrak Harga Satuan\\20240717_093915\\1721185530392.png]]

2024-07-17 10:05:31 - [TEST_STEP][PASSED] - enhancedClick(findTestObject("Object Repository/edit do payung/Page_FinUP (Financial Integrated Applicatio_e626e9/td_Test_1")): Object: 'Object Repository/edit do payung/Page_FinUP (Financial Integrated Applicatio_e626e9/td_Test_1' is clicked on

2024-07-17 10:05:31 - [MESSAGE][PASSED] - Object: 'Object Repository/edit do payung/Page_FinUP (Financial Integrated Applicatio_e626e9/td_Test_1' is clicked on

2024-07-17 10:05:31 - [TEST_STEP][PASSED] - takeFullPageScreenshot(): Taking screenshot successfully

2024-07-17 10:05:32 - [MESSAGE][INFO] - 0 hidden object(s)

2024-07-17 10:05:32 - [MESSAGE][PASSED] - Taking screenshot successfully
[[ATTACHMENT|C:\\Users\\PTI\\Katalon Studio\\Testing-2-master\\Reports\\20240717_093915\\Test Kontrak Harga Satuan\\20240717_093915\\1721185531656.png]]

2024-07-17 10:05:32 - [TEST_STEP][PASSED] - click(findTestObject("Object Repository/edit do payung/Page_FinUP (Financial Integrated Applicatio_e626e9/button_Edit_1")): Object: 'Object Repository/edit do payung/Page_FinUP (Financial Integrated Applicatio_e626e9/button_Edit_1' is clicked on

2024-07-17 10:05:32 - [MESSAGE][PASSED] - Object: 'Object Repository/edit do payung/Page_FinUP (Financial Integrated Applicatio_e626e9/button_Edit_1' is clicked on

2024-07-17 10:05:32 - [TEST_STEP][PASSED] - takeFullPageScreenshot(): Taking screenshot successfully

2024-07-17 10:05:33 - [MESSAGE][INFO] - 0 hidden object(s)

2024-07-17 10:05:33 - [MESSAGE][PASSED] - Taking screenshot successfully
[[ATTACHMENT|C:\\Users\\PTI\\Katalon Studio\\Testing-2-master\\Reports\\20240717_093915\\Test Kontrak Harga Satuan\\20240717_093915\\1721185532677.png]]

2024-07-17 10:05:33 - [TEST_STEP][PASSED] - click(findTestObject("Object Repository/edit do payung/Page_FinUP (Financial Integrated Applicatio_e626e9/button_")): Object: 'Object Repository/edit do payung/Page_FinUP (Financial Integrated Applicatio_e626e9/button_' is clicked on

2024-07-17 10:05:33 - [MESSAGE][PASSED] - Object: 'Object Repository/edit do payung/Page_FinUP (Financial Integrated Applicatio_e626e9/button_' is clicked on

2024-07-17 10:05:33 - [TEST_STEP][PASSED] - takeFullPageScreenshot(): Taking screenshot successfully

2024-07-17 10:05:34 - [MESSAGE][INFO] - 0 hidden object(s)

2024-07-17 10:05:34 - [MESSAGE][PASSED] - Taking screenshot successfully
[[ATTACHMENT|C:\\Users\\PTI\\Katalon Studio\\Testing-2-master\\Reports\\20240717_093915\\Test Kontrak Harga Satuan\\20240717_093915\\1721185533815.png]]

2024-07-17 10:05:34 - [TEST_STEP][PASSED] - click(findTestObject("Object Repository/edit do payung/Page_FinUP (Financial Integrated Applicatio_e626e9/div_Pilih Akses_ng-tns-c117-65 p-multiselec_fed869")): Object: 'Object Repository/edit do payung/Page_FinUP (Financial Integrated Applicatio_e626e9/div_Pilih Akses_ng-tns-c117-65 p-multiselec_fed869' is clicked on

2024-07-17 10:05:34 - [MESSAGE][PASSED] - Object: 'Object Repository/edit do payung/Page_FinUP (Financial Integrated Applicatio_e626e9/div_Pilih Akses_ng-tns-c117-65 p-multiselec_fed869' is clicked on

2024-07-17 10:05:34 - [TEST_STEP][PASSED] - takeFullPageScreenshot(): Taking screenshot successfully

2024-07-17 10:05:35 - [MESSAGE][INFO] - 0 hidden object(s)

2024-07-17 10:05:35 - [MESSAGE][PASSED] - Taking screenshot successfully
[[ATTACHMENT|C:\\Users\\PTI\\Katalon Studio\\Testing-2-master\\Reports\\20240717_093915\\Test Kontrak Harga Satuan\\20240717_093915\\1721185534756.png]]

2024-07-17 10:05:35 - [TEST_STEP][PASSED] - click(findTestObject("Object Repository/edit do payung/Page_FinUP (Financial Integrated Applicatio_e626e9/div_SCMAP_p-checkbox-box")): Object: 'Object Repository/edit do payung/Page_FinUP (Financial Integrated Applicatio_e626e9/div_SCMAP_p-checkbox-box' is clicked on

2024-07-17 10:05:35 - [MESSAGE][PASSED] - Object: 'Object Repository/edit do payung/Page_FinUP (Financial Integrated Applicatio_e626e9/div_SCMAP_p-checkbox-box' is clicked on

2024-07-17 10:05:35 - [TEST_STEP][PASSED] - takeFullPageScreenshot(): Taking screenshot successfully

2024-07-17 10:05:36 - [MESSAGE][INFO] - 0 hidden object(s)

2024-07-17 10:05:36 - [MESSAGE][PASSED] - Taking screenshot successfully
[[ATTACHMENT|C:\\Users\\PTI\\Katalon Studio\\Testing-2-master\\Reports\\20240717_093915\\Test Kontrak Harga Satuan\\20240717_093915\\1721185535744.png]]

2024-07-17 10:05:36 - [TEST_STEP][PASSED] - click(findTestObject("Object Repository/edit do payung/Page_FinUP (Financial Integrated Applicatio_e626e9/span_Choose")): Object: 'Object Repository/edit do payung/Page_FinUP (Financial Integrated Applicatio_e626e9/span_Choose' is clicked on

2024-07-17 10:05:36 - [MESSAGE][PASSED] - Object: 'Object Repository/edit do payung/Page_FinUP (Financial Integrated Applicatio_e626e9/span_Choose' is clicked on

2024-07-17 10:05:36 - [TEST_STEP][PASSED] - takeFullPageScreenshot(): Taking screenshot successfully

2024-07-17 10:05:37 - [MESSAGE][INFO] - 0 hidden object(s)

2024-07-17 10:05:37 - [MESSAGE][PASSED] - Taking screenshot successfully
[[ATTACHMENT|C:\\Users\\PTI\\Katalon Studio\\Testing-2-master\\Reports\\20240717_093915\\Test Kontrak Harga Satuan\\20240717_093915\\1721185536721.png]]

2024-07-17 10:05:37 - [TEST_STEP][PASSED] - click(findTestObject("Object Repository/edit do payung/Page_FinUP (Financial Integrated Applicatio_e626e9/button_Simpan")): Object: 'Object Repository/edit do payung/Page_FinUP (Financial Integrated Applicatio_e626e9/button_Simpan' is clicked on

2024-07-17 10:05:38 - [MESSAGE][PASSED] - Object: 'Object Repository/edit do payung/Page_FinUP (Financial Integrated Applicatio_e626e9/button_Simpan' is clicked on

2024-07-17 10:05:38 - [TEST_STEP][PASSED] - takeFullPageScreenshot(): Taking screenshot successfully

2024-07-17 10:05:38 - [MESSAGE][INFO] - 0 hidden object(s)

2024-07-17 10:05:38 - [MESSAGE][PASSED] - Taking screenshot successfully
[[ATTACHMENT|C:\\Users\\PTI\\Katalon Studio\\Testing-2-master\\Reports\\20240717_093915\\Test Kontrak Harga Satuan\\20240717_093915\\1721185538293.png]]

2024-07-17 10:05:38 - [TEST_STEP][PASSED] - click(findTestObject("Object Repository/edit do payung/Page_FinUP (Financial Integrated Applicatio_e626e9/button_Simpan_1")): Object: 'Object Repository/edit do payung/Page_FinUP (Financial Integrated Applicatio_e626e9/button_Simpan_1' is clicked on

2024-07-17 10:05:39 - [MESSAGE][PASSED] - Object: 'Object Repository/edit do payung/Page_FinUP (Financial Integrated Applicatio_e626e9/button_Simpan_1' is clicked on

2024-07-17 10:05:39 - [TEST_STEP][PASSED] - takeFullPageScreenshot(): Taking screenshot successfully

2024-07-17 10:05:40 - [MESSAGE][INFO] - 0 hidden object(s)

2024-07-17 10:05:40 - [MESSAGE][PASSED] - Taking screenshot successfully
[[ATTACHMENT|C:\\Users\\PTI\\Katalon Studio\\Testing-2-master\\Reports\\20240717_093915\\Test Kontrak Harga Satuan\\20240717_093915\\1721185539591.png]]]]></system-out>
         <system-err><![CDATA[]]></system-err>
      </testcase>
      <testcase name="Test Cases/Test Hapus Upload Dokumen Post Kontrak PAYUNG DO" time="65.053" classname="Test Cases/Test Hapus Upload Dokumen Post Kontrak PAYUNG DO" status="PASSED">
         <system-out><![CDATA[2024-07-17 10:05:40 - [TEST_CASE][PASSED] - Test Cases/Test Hapus Upload Dokumen Post Kontrak PAYUNG DO: Test Cases/Test Hapus Upload Dokumen Post Kontrak PAYUNG DO

2024-07-17 10:05:41 - [TEST_STEP][PASSED] - openBrowser(""): Browser is opened with url: ''

2024-07-17 10:05:41 - [MESSAGE][WARNING] - A browser is already opened. Closing browser and opening a new one

2024-07-17 10:05:42 - [MESSAGE][INFO] - Starting 'Chrome' driver

2024-07-17 10:05:42 - [MESSAGE][INFO] - Action delay is set to 0 milliseconds

2024-07-17 10:05:44 - [MESSAGE][PASSED] - Browser is opened with url: ''

2024-07-17 10:05:44 - [TEST_STEP][PASSED] - navigateToUrl("http://10.7.1.169/"): Navigate to 'http://10.7.1.169/' successfully

2024-07-17 10:05:46 - [MESSAGE][PASSED] - Navigate to 'http://10.7.1.169/' successfully

2024-07-17 10:05:46 - [TEST_STEP][PASSED] - setText(findTestObject("Object Repository/hapus do payung/Page_FinUP (Financial Integrated Applicatio_e626e9/input_Financial Integrated Applications - N_61d5e8"), "admin"): Text 'admin' is set on object 'Object Repository/hapus do payung/Page_FinUP (Financial Integrated Applicatio_e626e9/input_Financial Integrated Applications - N_61d5e8'

2024-07-17 10:05:47 - [MESSAGE][PASSED] - Text 'admin' is set on object 'Object Repository/hapus do payung/Page_FinUP (Financial Integrated Applicatio_e626e9/input_Financial Integrated Applications - N_61d5e8'

2024-07-17 10:05:47 - [TEST_STEP][PASSED] - takeFullPageScreenshot(): Taking screenshot successfully

2024-07-17 10:05:47 - [MESSAGE][INFO] - 0 hidden object(s)

2024-07-17 10:05:47 - [MESSAGE][PASSED] - Taking screenshot successfully
[[ATTACHMENT|C:\\Users\\PTI\\Katalon Studio\\Testing-2-master\\Reports\\20240717_093915\\Test Kontrak Harga Satuan\\20240717_093915\\1721185547120.png]]

2024-07-17 10:05:47 - [TEST_STEP][PASSED] - setEncryptedText(findTestObject("Object Repository/hapus do payung/Page_FinUP (Financial Integrated Applicatio_e626e9/input_Financial Integrated Applications - N_61d5e8_1"), "RAIVpflpDOg="): Text ****** has been set on object 'Object Repository/hapus do payung/Page_FinUP (Financial Integrated Applicatio_e626e9/input_Financial Integrated Applications - N_61d5e8_1'

2024-07-17 10:05:48 - [MESSAGE][PASSED] - Text ****** has been set on object 'Object Repository/hapus do payung/Page_FinUP (Financial Integrated Applicatio_e626e9/input_Financial Integrated Applications - N_61d5e8_1'

2024-07-17 10:05:48 - [TEST_STEP][PASSED] - takeFullPageScreenshot(): Taking screenshot successfully

2024-07-17 10:05:48 - [MESSAGE][INFO] - 0 hidden object(s)

2024-07-17 10:05:48 - [MESSAGE][PASSED] - Taking screenshot successfully
[[ATTACHMENT|C:\\Users\\PTI\\Katalon Studio\\Testing-2-master\\Reports\\20240717_093915\\Test Kontrak Harga Satuan\\20240717_093915\\1721185548140.png]]

2024-07-17 10:05:48 - [TEST_STEP][PASSED] - enhancedClick(findTestObject("Object Repository/hapus do payung/Page_FinUP (Financial Integrated Applicatio_e626e9/span_Sign In_p-ink p-ink-active")): Object: 'Object Repository/hapus do payung/Page_FinUP (Financial Integrated Applicatio_e626e9/span_Sign In_p-ink p-ink-active' is clicked on

2024-07-17 10:06:19 - [MESSAGE][PASSED] - Object: 'Object Repository/hapus do payung/Page_FinUP (Financial Integrated Applicatio_e626e9/span_Sign In_p-ink p-ink-active' is clicked on

2024-07-17 10:06:19 - [TEST_STEP][PASSED] - delay(10): Delayed 10 second(s)

2024-07-17 10:06:29 - [MESSAGE][PASSED] - Delayed 10 second(s)

2024-07-17 10:06:29 - [TEST_STEP][PASSED] - takeFullPageScreenshot(): Taking screenshot successfully

2024-07-17 10:06:30 - [MESSAGE][INFO] - 0 hidden object(s)

2024-07-17 10:06:30 - [MESSAGE][PASSED] - Taking screenshot successfully
[[ATTACHMENT|C:\\Users\\PTI\\Katalon Studio\\Testing-2-master\\Reports\\20240717_093915\\Test Kontrak Harga Satuan\\20240717_093915\\1721185589841.png]]

2024-07-17 10:06:30 - [TEST_STEP][PASSED] - click(findTestObject("Object Repository/hapus do payung/Page_FinUP (Financial Integrated Applicatio_e626e9/div_Contract Management")): Object: 'Object Repository/hapus do payung/Page_FinUP (Financial Integrated Applicatio_e626e9/div_Contract Management' is clicked on

2024-07-17 10:06:31 - [MESSAGE][PASSED] - Object: 'Object Repository/hapus do payung/Page_FinUP (Financial Integrated Applicatio_e626e9/div_Contract Management' is clicked on

2024-07-17 10:06:31 - [TEST_STEP][PASSED] - takeFullPageScreenshot(): Taking screenshot successfully

2024-07-17 10:06:32 - [MESSAGE][INFO] - 0 hidden object(s)

2024-07-17 10:06:32 - [MESSAGE][PASSED] - Taking screenshot successfully
[[ATTACHMENT|C:\\Users\\PTI\\Katalon Studio\\Testing-2-master\\Reports\\20240717_093915\\Test Kontrak Harga Satuan\\20240717_093915\\1721185591104.png]]

2024-07-17 10:06:32 - [TEST_STEP][PASSED] - enhancedClick(findTestObject("Object Repository/hapus do payung/Page_FinUP (Financial Integrated Applicatio_e626e9/a_Kontrak Harga Satuan")): Object: 'Object Repository/hapus do payung/Page_FinUP (Financial Integrated Applicatio_e626e9/a_Kontrak Harga Satuan' is clicked on

2024-07-17 10:06:33 - [MESSAGE][PASSED] - Object: 'Object Repository/hapus do payung/Page_FinUP (Financial Integrated Applicatio_e626e9/a_Kontrak Harga Satuan' is clicked on

2024-07-17 10:06:33 - [TEST_STEP][PASSED] - takeFullPageScreenshot(): Taking screenshot successfully

2024-07-17 10:06:33 - [MESSAGE][INFO] - 0 hidden object(s)

2024-07-17 10:06:33 - [MESSAGE][PASSED] - Taking screenshot successfully
[[ATTACHMENT|C:\\Users\\PTI\\Katalon Studio\\Testing-2-master\\Reports\\20240717_093915\\Test Kontrak Harga Satuan\\20240717_093915\\1721185593123.png]]

2024-07-17 10:06:33 - [TEST_STEP][PASSED] - enhancedClick(findTestObject("Object Repository/hapus do payung/Page_FinUP (Financial Integrated Applicatio_e626e9/td_Test")): Object: 'Object Repository/hapus do payung/Page_FinUP (Financial Integrated Applicatio_e626e9/td_Test' is clicked on

2024-07-17 10:06:34 - [MESSAGE][PASSED] - Object: 'Object Repository/hapus do payung/Page_FinUP (Financial Integrated Applicatio_e626e9/td_Test' is clicked on

2024-07-17 10:06:34 - [TEST_STEP][PASSED] - takeFullPageScreenshot(): Taking screenshot successfully

2024-07-17 10:06:34 - [MESSAGE][INFO] - 0 hidden object(s)

2024-07-17 10:06:34 - [MESSAGE][PASSED] - Taking screenshot successfully
[[ATTACHMENT|C:\\Users\\PTI\\Katalon Studio\\Testing-2-master\\Reports\\20240717_093915\\Test Kontrak Harga Satuan\\20240717_093915\\1721185594358.png]]

2024-07-17 10:06:34 - [TEST_STEP][PASSED] - click(findTestObject("Object Repository/hapus do payung/Page_FinUP (Financial Integrated Applicatio_e626e9/button_Edit")): Object: 'Object Repository/hapus do payung/Page_FinUP (Financial Integrated Applicatio_e626e9/button_Edit' is clicked on

2024-07-17 10:06:35 - [MESSAGE][PASSED] - Object: 'Object Repository/hapus do payung/Page_FinUP (Financial Integrated Applicatio_e626e9/button_Edit' is clicked on

2024-07-17 10:06:35 - [TEST_STEP][PASSED] - takeFullPageScreenshot(): Taking screenshot successfully

2024-07-17 10:06:35 - [MESSAGE][INFO] - 0 hidden object(s)

2024-07-17 10:06:36 - [MESSAGE][PASSED] - Taking screenshot successfully
[[ATTACHMENT|C:\\Users\\PTI\\Katalon Studio\\Testing-2-master\\Reports\\20240717_093915\\Test Kontrak Harga Satuan\\20240717_093915\\1721185595282.png]]

2024-07-17 10:06:36 - [TEST_STEP][PASSED] - enhancedClick(findTestObject("Object Repository/hapus do payung/Page_FinUP (Financial Integrated Applicatio_e626e9/td_Test_1")): Object: 'Object Repository/hapus do payung/Page_FinUP (Financial Integrated Applicatio_e626e9/td_Test_1' is clicked on

2024-07-17 10:06:36 - [MESSAGE][PASSED] - Object: 'Object Repository/hapus do payung/Page_FinUP (Financial Integrated Applicatio_e626e9/td_Test_1' is clicked on

2024-07-17 10:06:36 - [TEST_STEP][PASSED] - takeFullPageScreenshot(): Taking screenshot successfully

2024-07-17 10:06:36 - [MESSAGE][INFO] - 0 hidden object(s)

2024-07-17 10:06:36 - [MESSAGE][PASSED] - Taking screenshot successfully
[[ATTACHMENT|C:\\Users\\PTI\\Katalon Studio\\Testing-2-master\\Reports\\20240717_093915\\Test Kontrak Harga Satuan\\20240717_093915\\1721185596504.png]]

2024-07-17 10:06:36 - [TEST_STEP][PASSED] - click(findTestObject("Object Repository/hapus do payung/Page_FinUP (Financial Integrated Applicatio_e626e9/button_Edit_1")): Object: 'Object Repository/hapus do payung/Page_FinUP (Financial Integrated Applicatio_e626e9/button_Edit_1' is clicked on

2024-07-17 10:06:37 - [MESSAGE][PASSED] - Object: 'Object Repository/hapus do payung/Page_FinUP (Financial Integrated Applicatio_e626e9/button_Edit_1' is clicked on

2024-07-17 10:06:37 - [TEST_STEP][PASSED] - takeFullPageScreenshot(): Taking screenshot successfully

2024-07-17 10:06:37 - [MESSAGE][INFO] - 0 hidden object(s)

2024-07-17 10:06:38 - [MESSAGE][PASSED] - Taking screenshot successfully
[[ATTACHMENT|C:\\Users\\PTI\\Katalon Studio\\Testing-2-master\\Reports\\20240717_093915\\Test Kontrak Harga Satuan\\20240717_093915\\1721185597441.png]]

2024-07-17 10:06:38 - [TEST_STEP][PASSED] - click(findTestObject("Object Repository/hapus do payung/Page_FinUP (Financial Integrated Applicatio_e626e9/button_")): Object: 'Object Repository/hapus do payung/Page_FinUP (Financial Integrated Applicatio_e626e9/button_' is clicked on

2024-07-17 10:06:38 - [MESSAGE][PASSED] - Object: 'Object Repository/hapus do payung/Page_FinUP (Financial Integrated Applicatio_e626e9/button_' is clicked on

2024-07-17 10:06:38 - [TEST_STEP][PASSED] - takeFullPageScreenshot(): Taking screenshot successfully

2024-07-17 10:06:38 - [MESSAGE][INFO] - 0 hidden object(s)

2024-07-17 10:06:38 - [MESSAGE][PASSED] - Taking screenshot successfully
[[ATTACHMENT|C:\\Users\\PTI\\Katalon Studio\\Testing-2-master\\Reports\\20240717_093915\\Test Kontrak Harga Satuan\\20240717_093915\\1721185598523.png]]

2024-07-17 10:06:38 - [TEST_STEP][PASSED] - delay(5): Delayed 5 second(s)

2024-07-17 10:06:43 - [MESSAGE][PASSED] - Delayed 5 second(s)

2024-07-17 10:06:43 - [TEST_STEP][PASSED] - takeFullPageScreenshot(): Taking screenshot successfully

2024-07-17 10:06:44 - [MESSAGE][INFO] - 0 hidden object(s)

2024-07-17 10:06:44 - [MESSAGE][PASSED] - Taking screenshot successfully
[[ATTACHMENT|C:\\Users\\PTI\\Katalon Studio\\Testing-2-master\\Reports\\20240717_093915\\Test Kontrak Harga Satuan\\20240717_093915\\1721185603956.png]]

2024-07-17 10:06:44 - [TEST_STEP][PASSED] - click(findTestObject("Object Repository/hapus do payung/Page_FinUP (Financial Integrated Applicatio_e626e9/button_Simpan")): Object: 'Object Repository/hapus do payung/Page_FinUP (Financial Integrated Applicatio_e626e9/button_Simpan' is clicked on

2024-07-17 10:06:44 - [MESSAGE][PASSED] - Object: 'Object Repository/hapus do payung/Page_FinUP (Financial Integrated Applicatio_e626e9/button_Simpan' is clicked on

2024-07-17 10:06:44 - [TEST_STEP][PASSED] - takeFullPageScreenshot(): Taking screenshot successfully

2024-07-17 10:06:45 - [MESSAGE][INFO] - 0 hidden object(s)

2024-07-17 10:06:45 - [MESSAGE][PASSED] - Taking screenshot successfully
[[ATTACHMENT|C:\\Users\\PTI\\Katalon Studio\\Testing-2-master\\Reports\\20240717_093915\\Test Kontrak Harga Satuan\\20240717_093915\\1721185604853.png]]]]></system-out>
         <system-err><![CDATA[]]></system-err>
      </testcase>
      <testcase name="Test Cases/Test Hapus Daftar Delivery Order" time="58.78" classname="Test Cases/Test Hapus Daftar Delivery Order" status="PASSED">
         <system-out><![CDATA[2024-07-17 10:06:45 - [TEST_CASE][PASSED] - Test Cases/Test Hapus Daftar Delivery Order: Test Cases/Test Hapus Daftar Delivery Order

2024-07-17 10:06:45 - [TEST_STEP][PASSED] - openBrowser(""): Browser is opened with url: ''

2024-07-17 10:06:45 - [MESSAGE][WARNING] - A browser is already opened. Closing browser and opening a new one

2024-07-17 10:06:46 - [MESSAGE][INFO] - Starting 'Chrome' driver

2024-07-17 10:06:46 - [MESSAGE][INFO] - Action delay is set to 0 milliseconds

2024-07-17 10:06:48 - [MESSAGE][PASSED] - Browser is opened with url: ''

2024-07-17 10:06:48 - [TEST_STEP][PASSED] - navigateToUrl("http://10.7.1.169/"): Navigate to 'http://10.7.1.169/' successfully

2024-07-17 10:06:50 - [MESSAGE][PASSED] - Navigate to 'http://10.7.1.169/' successfully

2024-07-17 10:06:50 - [TEST_STEP][PASSED] - setText(findTestObject("Object Repository/Test Hapus Delivery Order/Page_FinUP (Financial Integrated Applicatio_e626e9/input_Financial Integrated Applications - N_61d5e8"), "admin"): Text 'admin' is set on object 'Object Repository/Test Hapus Delivery Order/Page_FinUP (Financial Integrated Applicatio_e626e9/input_Financial Integrated Applications - N_61d5e8'

2024-07-17 10:06:51 - [MESSAGE][PASSED] - Text 'admin' is set on object 'Object Repository/Test Hapus Delivery Order/Page_FinUP (Financial Integrated Applicatio_e626e9/input_Financial Integrated Applications - N_61d5e8'

2024-07-17 10:06:51 - [TEST_STEP][PASSED] - takeFullPageScreenshot(): Taking screenshot successfully

2024-07-17 10:06:51 - [MESSAGE][INFO] - 0 hidden object(s)

2024-07-17 10:06:51 - [MESSAGE][PASSED] - Taking screenshot successfully
[[ATTACHMENT|C:\\Users\\PTI\\Katalon Studio\\Testing-2-master\\Reports\\20240717_093915\\Test Kontrak Harga Satuan\\20240717_093915\\1721185611334.png]]

2024-07-17 10:06:51 - [TEST_STEP][PASSED] - setEncryptedText(findTestObject("Object Repository/Test Hapus Delivery Order/Page_FinUP (Financial Integrated Applicatio_e626e9/input_Financial Integrated Applications - N_61d5e8_1"), "RAIVpflpDOg="): Text ****** has been set on object 'Object Repository/Test Hapus Delivery Order/Page_FinUP (Financial Integrated Applicatio_e626e9/input_Financial Integrated Applications - N_61d5e8_1'

2024-07-17 10:06:52 - [MESSAGE][PASSED] - Text ****** has been set on object 'Object Repository/Test Hapus Delivery Order/Page_FinUP (Financial Integrated Applicatio_e626e9/input_Financial Integrated Applications - N_61d5e8_1'

2024-07-17 10:06:52 - [TEST_STEP][PASSED] - takeFullPageScreenshot(): Taking screenshot successfully

2024-07-17 10:06:52 - [MESSAGE][INFO] - 0 hidden object(s)

2024-07-17 10:06:52 - [MESSAGE][PASSED] - Taking screenshot successfully
[[ATTACHMENT|C:\\Users\\PTI\\Katalon Studio\\Testing-2-master\\Reports\\20240717_093915\\Test Kontrak Harga Satuan\\20240717_093915\\1721185612248.png]]

2024-07-17 10:06:52 - [TEST_STEP][PASSED] - enhancedClick(findTestObject("Object Repository/Test Hapus Delivery Order/Page_FinUP (Financial Integrated Applicatio_e626e9/span_Sign In_p-ink p-ink-active")): Object: 'Object Repository/Test Hapus Delivery Order/Page_FinUP (Financial Integrated Applicatio_e626e9/span_Sign In_p-ink p-ink-active' is clicked on

2024-07-17 10:07:23 - [MESSAGE][PASSED] - Object: 'Object Repository/Test Hapus Delivery Order/Page_FinUP (Financial Integrated Applicatio_e626e9/span_Sign In_p-ink p-ink-active' is clicked on

2024-07-17 10:07:23 - [TEST_STEP][PASSED] - delay(10): Delayed 10 second(s)

2024-07-17 10:07:33 - [MESSAGE][PASSED] - Delayed 10 second(s)

2024-07-17 10:07:33 - [TEST_STEP][PASSED] - takeFullPageScreenshot(): Taking screenshot successfully

2024-07-17 10:07:35 - [MESSAGE][INFO] - 0 hidden object(s)

2024-07-17 10:07:35 - [MESSAGE][PASSED] - Taking screenshot successfully
[[ATTACHMENT|C:\\Users\\PTI\\Katalon Studio\\Testing-2-master\\Reports\\20240717_093915\\Test Kontrak Harga Satuan\\20240717_093915\\1721185653604.png]]

2024-07-17 10:07:35 - [TEST_STEP][PASSED] - click(findTestObject("Object Repository/Test Hapus Delivery Order/Page_FinUP (Financial Integrated Applicatio_e626e9/div_Contract Management")): Object: 'Object Repository/Test Hapus Delivery Order/Page_FinUP (Financial Integrated Applicatio_e626e9/div_Contract Management' is clicked on

2024-07-17 10:07:36 - [MESSAGE][PASSED] - Object: 'Object Repository/Test Hapus Delivery Order/Page_FinUP (Financial Integrated Applicatio_e626e9/div_Contract Management' is clicked on

2024-07-17 10:07:36 - [TEST_STEP][PASSED] - takeFullPageScreenshot(): Taking screenshot successfully

2024-07-17 10:07:37 - [MESSAGE][INFO] - 0 hidden object(s)

2024-07-17 10:07:37 - [MESSAGE][PASSED] - Taking screenshot successfully
[[ATTACHMENT|C:\\Users\\PTI\\Katalon Studio\\Testing-2-master\\Reports\\20240717_093915\\Test Kontrak Harga Satuan\\20240717_093915\\1721185656697.png]]

2024-07-17 10:07:37 - [TEST_STEP][PASSED] - enhancedClick(findTestObject("Object Repository/Test Hapus Delivery Order/Page_FinUP (Financial Integrated Applicatio_e626e9/a_Kontrak Harga Satuan")): Object: 'Object Repository/Test Hapus Delivery Order/Page_FinUP (Financial Integrated Applicatio_e626e9/a_Kontrak Harga Satuan' is clicked on

2024-07-17 10:07:38 - [MESSAGE][PASSED] - Object: 'Object Repository/Test Hapus Delivery Order/Page_FinUP (Financial Integrated Applicatio_e626e9/a_Kontrak Harga Satuan' is clicked on

2024-07-17 10:07:38 - [TEST_STEP][PASSED] - takeFullPageScreenshot(): Taking screenshot successfully

2024-07-17 10:07:38 - [MESSAGE][INFO] - 0 hidden object(s)

2024-07-17 10:07:38 - [MESSAGE][PASSED] - Taking screenshot successfully
[[ATTACHMENT|C:\\Users\\PTI\\Katalon Studio\\Testing-2-master\\Reports\\20240717_093915\\Test Kontrak Harga Satuan\\20240717_093915\\1721185658360.png]]

2024-07-17 10:07:38 - [TEST_STEP][PASSED] - enhancedClick(findTestObject("Object Repository/Test Hapus Delivery Order/Page_FinUP (Financial Integrated Applicatio_e626e9/td_Test")): Object: 'Object Repository/Test Hapus Delivery Order/Page_FinUP (Financial Integrated Applicatio_e626e9/td_Test' is clicked on

2024-07-17 10:07:39 - [MESSAGE][PASSED] - Object: 'Object Repository/Test Hapus Delivery Order/Page_FinUP (Financial Integrated Applicatio_e626e9/td_Test' is clicked on

2024-07-17 10:07:39 - [TEST_STEP][PASSED] - takeFullPageScreenshot(): Taking screenshot successfully

2024-07-17 10:07:39 - [MESSAGE][INFO] - 0 hidden object(s)

2024-07-17 10:07:40 - [MESSAGE][PASSED] - Taking screenshot successfully
[[ATTACHMENT|C:\\Users\\PTI\\Katalon Studio\\Testing-2-master\\Reports\\20240717_093915\\Test Kontrak Harga Satuan\\20240717_093915\\1721185659507.png]]

2024-07-17 10:07:40 - [TEST_STEP][PASSED] - click(findTestObject("Object Repository/Test Hapus Delivery Order/Page_FinUP (Financial Integrated Applicatio_e626e9/button_Edit")): Object: 'Object Repository/Test Hapus Delivery Order/Page_FinUP (Financial Integrated Applicatio_e626e9/button_Edit' is clicked on

2024-07-17 10:07:40 - [MESSAGE][PASSED] - Object: 'Object Repository/Test Hapus Delivery Order/Page_FinUP (Financial Integrated Applicatio_e626e9/button_Edit' is clicked on

2024-07-17 10:07:40 - [TEST_STEP][PASSED] - takeFullPageScreenshot(): Taking screenshot successfully

2024-07-17 10:07:41 - [MESSAGE][INFO] - 0 hidden object(s)

2024-07-17 10:07:41 - [MESSAGE][PASSED] - Taking screenshot successfully
[[ATTACHMENT|C:\\Users\\PTI\\Katalon Studio\\Testing-2-master\\Reports\\20240717_093915\\Test Kontrak Harga Satuan\\20240717_093915\\1721185660488.png]]

2024-07-17 10:07:41 - [TEST_STEP][PASSED] - enhancedClick(findTestObject("Object Repository/Test Hapus Delivery Order/Page_FinUP (Financial Integrated Applicatio_e626e9/td_Test_1")): Object: 'Object Repository/Test Hapus Delivery Order/Page_FinUP (Financial Integrated Applicatio_e626e9/td_Test_1' is clicked on

2024-07-17 10:07:41 - [MESSAGE][PASSED] - Object: 'Object Repository/Test Hapus Delivery Order/Page_FinUP (Financial Integrated Applicatio_e626e9/td_Test_1' is clicked on

2024-07-17 10:07:41 - [TEST_STEP][PASSED] - takeFullPageScreenshot(): Taking screenshot successfully

2024-07-17 10:07:42 - [MESSAGE][INFO] - 0 hidden object(s)

2024-07-17 10:07:42 - [MESSAGE][PASSED] - Taking screenshot successfully
[[ATTACHMENT|C:\\Users\\PTI\\Katalon Studio\\Testing-2-master\\Reports\\20240717_093915\\Test Kontrak Harga Satuan\\20240717_093915\\1721185661770.png]]

2024-07-17 10:07:42 - [TEST_STEP][PASSED] - click(findTestObject("Object Repository/Test Hapus Delivery Order/Page_FinUP (Financial Integrated Applicatio_e626e9/button_Hapus")): Object: 'Object Repository/Test Hapus Delivery Order/Page_FinUP (Financial Integrated Applicatio_e626e9/button_Hapus' is clicked on

2024-07-17 10:07:42 - [MESSAGE][PASSED] - Object: 'Object Repository/Test Hapus Delivery Order/Page_FinUP (Financial Integrated Applicatio_e626e9/button_Hapus' is clicked on

2024-07-17 10:07:42 - [TEST_STEP][PASSED] - takeFullPageScreenshot(): Taking screenshot successfully

2024-07-17 10:07:43 - [MESSAGE][INFO] - 0 hidden object(s)

2024-07-17 10:07:43 - [MESSAGE][PASSED] - Taking screenshot successfully
[[ATTACHMENT|C:\\Users\\PTI\\Katalon Studio\\Testing-2-master\\Reports\\20240717_093915\\Test Kontrak Harga Satuan\\20240717_093915\\1721185662678.png]]

2024-07-17 10:07:43 - [TEST_STEP][PASSED] - click(findTestObject("Object Repository/Test Hapus Delivery Order/Page_FinUP (Financial Integrated Applicatio_e626e9/button_Yes")): Object: 'Object Repository/Test Hapus Delivery Order/Page_FinUP (Financial Integrated Applicatio_e626e9/button_Yes' is clicked on

2024-07-17 10:07:43 - [MESSAGE][PASSED] - Object: 'Object Repository/Test Hapus Delivery Order/Page_FinUP (Financial Integrated Applicatio_e626e9/button_Yes' is clicked on

2024-07-17 10:07:43 - [TEST_STEP][PASSED] - takeFullPageScreenshot(): Taking screenshot successfully

2024-07-17 10:07:43 - [MESSAGE][INFO] - 0 hidden object(s)

2024-07-17 10:07:44 - [MESSAGE][PASSED] - Taking screenshot successfully
[[ATTACHMENT|C:\\Users\\PTI\\Katalon Studio\\Testing-2-master\\Reports\\20240717_093915\\Test Kontrak Harga Satuan\\20240717_093915\\1721185663620.png]]]]></system-out>
         <system-err><![CDATA[]]></system-err>
      </testcase>
      <system-out><![CDATA[2024-07-17 09:39:22 - [TEST_SUITE][PASSED] - Test Kontrak Harga Satuan: Test Cases/Test Hapus Daftar Delivery Order]]></system-out>
      <system-err><![CDATA[]]></system-err>
   </testsuite>
</testsuites>
